[0.025s] Invoking command in '/home/docker_user/ros2_ws_head/build/serial': CMAKE_PREFIX_PATH=/opt/ros/humble /usr/bin/cmake /home/docker_user/ros2_ws_head/src/ros2_driver/src/serial-ros2-master -DAMENT_CMAKE_SYMLINK_INSTALL=1 -DCMAKE_INSTALL_PREFIX=/home/docker_user/ros2_ws_head/install/serial
[0.254s] -- The C compiler identification is GNU 11.4.0
[0.255s] -- The CXX compiler identification is GNU 11.4.0
[0.255s] -- Detecting C compiler ABI info
[0.399s] -- Detecting C compiler ABI info - done
[0.399s] -- Check for working C compiler: /usr/bin/cc - skipped
[0.399s] -- Detecting C compile features
[0.399s] -- Detecting C compile features - done
[0.399s] -- Detecting CXX compiler ABI info
[0.399s] -- Detecting CXX compiler ABI info - done
[0.399s] -- Check for working CXX compiler: /usr/bin/c++ - skipped
[0.399s] -- Detecting CXX compile features
[0.399s] -- Detecting CXX compile features - done
[0.399s] -- Found ament_cmake: 1.3.12 (/opt/ros/humble/share/ament_cmake/cmake)
[0.493s] -- Found Python3: /usr/bin/python3 (found version "3.10.12") found components: Interpreter 
[0.547s] -- Override CMake install command with custom implementation using symlinks instead of copying resources
[0.567s] CMake Warning (dev) at CMakeLists.txt:26 (target_sources):
[0.567s]   Policy CMP0076 is not set: target_sources() command converts relative paths
[0.567s]   to absolute.  Run "cmake --help-policy CMP0076" for policy details.  Use
[0.567s]   the cmake_policy command to set the policy and suppress this warning.
[0.567s] 
[0.567s]   An interface source of target "serial" has a relative path.
[0.567s] This warning is for project developers.  Use -Wno-dev to suppress it.
[0.567s] 
[0.618s] -- Configuring done
[0.621s] -- Generating done
[0.623s] -- Build files have been written to: /home/docker_user/ros2_ws_head/build/serial
[0.626s] Invoked command in '/home/docker_user/ros2_ws_head/build/serial' returned '0': CMAKE_PREFIX_PATH=/opt/ros/humble /usr/bin/cmake /home/docker_user/ros2_ws_head/src/ros2_driver/src/serial-ros2-master -DAMENT_CMAKE_SYMLINK_INSTALL=1 -DCMAKE_INSTALL_PREFIX=/home/docker_user/ros2_ws_head/install/serial
[0.628s] Invoking command in '/home/docker_user/ros2_ws_head/build/serial': CMAKE_PREFIX_PATH=/opt/ros/humble /usr/bin/cmake --build /home/docker_user/ros2_ws_head/build/serial -- -j16 -l16
[0.675s] [ 25%] Building CXX object CMakeFiles/serial.dir/src/impl/unix.cc.o
[0.678s] [ 75%] Building CXX object CMakeFiles/serial.dir/src/impl/list_ports/list_ports_linux.cc.o
[0.678s] [ 75%] Building CXX object CMakeFiles/serial.dir/src/serial.cc.o
[1.257s] [100%] Linking CXX shared library libserial.so
[1.380s] [100%] Built target serial
[1.398s] Invoked command in '/home/docker_user/ros2_ws_head/build/serial' returned '0': CMAKE_PREFIX_PATH=/opt/ros/humble /usr/bin/cmake --build /home/docker_user/ros2_ws_head/build/serial -- -j16 -l16
[1.407s] Invoking command in '/home/docker_user/ros2_ws_head/build/serial': CMAKE_PREFIX_PATH=/opt/ros/humble /usr/bin/cmake --install /home/docker_user/ros2_ws_head/build/serial
[1.427s] -- Install configuration: ""
[1.427s] -- Execute custom install script
[1.427s] -- Symlinking: /home/docker_user/ros2_ws_head/install/serial/share/serial/environment/library_path.sh
[1.436s] -- Symlinking: /home/docker_user/ros2_ws_head/install/serial/share/serial/environment/library_path.dsv
[1.453s] -- Symlinking: /home/docker_user/ros2_ws_head/install/serial/lib/libserial.so
[1.464s] -- Symlinking: /home/docker_user/ros2_ws_head/install/serial/include/serial/serial.h
[1.471s] -- Symlinking: /home/docker_user/ros2_ws_head/install/serial/include/serial/v8stdint.h
[1.478s] -- Symlinking: /home/docker_user/ros2_ws_head/install/serial/share/ament_index/resource_index/package_run_dependencies/serial
[1.485s] -- Symlinking: /home/docker_user/ros2_ws_head/install/serial/share/ament_index/resource_index/parent_prefix_path/serial
[1.494s] -- Symlinking: /home/docker_user/ros2_ws_head/install/serial/share/serial/environment/ament_prefix_path.sh
[1.505s] -- Symlinking: /home/docker_user/ros2_ws_head/install/serial/share/serial/environment/ament_prefix_path.dsv
[1.517s] -- Symlinking: /home/docker_user/ros2_ws_head/install/serial/share/serial/environment/path.sh
[1.528s] -- Symlinking: /home/docker_user/ros2_ws_head/install/serial/share/serial/environment/path.dsv
[1.537s] -- Symlinking: /home/docker_user/ros2_ws_head/install/serial/share/serial/local_setup.bash
[1.545s] -- Symlinking: /home/docker_user/ros2_ws_head/install/serial/share/serial/local_setup.sh
[1.556s] -- Symlinking: /home/docker_user/ros2_ws_head/install/serial/share/serial/local_setup.zsh
[1.564s] -- Symlinking: /home/docker_user/ros2_ws_head/install/serial/share/serial/local_setup.dsv
[1.571s] -- Symlinking: /home/docker_user/ros2_ws_head/install/serial/share/serial/package.dsv
[1.579s] -- Symlinking: /home/docker_user/ros2_ws_head/install/serial/share/ament_index/resource_index/packages/serial
[1.586s] -- Symlinking: /home/docker_user/ros2_ws_head/install/serial/share/serial/cmake/ament_cmake_export_include_directories-extras.cmake
[1.598s] -- Symlinking: /home/docker_user/ros2_ws_head/install/serial/share/serial/cmake/ament_cmake_export_libraries-extras.cmake
[1.609s] -- Symlinking: /home/docker_user/ros2_ws_head/install/serial/share/serial/cmake/serialConfig.cmake
[1.620s] -- Symlinking: /home/docker_user/ros2_ws_head/install/serial/share/serial/cmake/serialConfig-version.cmake
[1.630s] -- Symlinking: /home/docker_user/ros2_ws_head/install/serial/share/serial/package.xml
[1.642s] Invoked command in '/home/docker_user/ros2_ws_head/build/serial' returned '0': CMAKE_PREFIX_PATH=/opt/ros/humble /usr/bin/cmake --install /home/docker_user/ros2_ws_head/build/serial
