running develop
Removing /home/docker_user/ros2_ws_head/install/face_tracker/lib/python3.10/site-packages/face-tracker.egg-link (link to .)
running egg_info
writing ../../build/face_tracker/face_tracker.egg-info/PKG-INFO
writing dependency_links to ../../build/face_tracker/face_tracker.egg-info/dependency_links.txt
writing entry points to ../../build/face_tracker/face_tracker.egg-info/entry_points.txt
writing requirements to ../../build/face_tracker/face_tracker.egg-info/requires.txt
writing top-level names to ../../build/face_tracker/face_tracker.egg-info/top_level.txt
reading manifest file '../../build/face_tracker/face_tracker.egg-info/SOURCES.txt'
adding license file 'LICENSE'
writing manifest file '../../build/face_tracker/face_tracker.egg-info/SOURCES.txt'
running build
running build_py
creating /home/docker_user/ros2_ws_head/build/face_tracker/build
creating /home/docker_user/ros2_ws_head/build/face_tracker/build/lib
creating /home/docker_user/ros2_ws_head/build/face_tracker/build/lib/face_tracker
copying face_tracker/face_tracker.py -> /home/docker_user/ros2_ws_head/build/face_tracker/build/lib/face_tracker
copying face_tracker/__init__.py -> /home/docker_user/ros2_ws_head/build/face_tracker/build/lib/face_tracker
running install
running install_lib
creating /home/docker_user/ros2_ws_head/install/face_tracker/lib/python3.10/site-packages/face_tracker
copying /home/docker_user/ros2_ws_head/build/face_tracker/build/lib/face_tracker/face_tracker.py -> /home/docker_user/ros2_ws_head/install/face_tracker/lib/python3.10/site-packages/face_tracker
copying /home/docker_user/ros2_ws_head/build/face_tracker/build/lib/face_tracker/__init__.py -> /home/docker_user/ros2_ws_head/install/face_tracker/lib/python3.10/site-packages/face_tracker
byte-compiling /home/docker_user/ros2_ws_head/install/face_tracker/lib/python3.10/site-packages/face_tracker/face_tracker.py to face_tracker.cpython-310.pyc
byte-compiling /home/docker_user/ros2_ws_head/install/face_tracker/lib/python3.10/site-packages/face_tracker/__init__.py to __init__.cpython-310.pyc
running install_data
copying resource/face_tracker -> /home/docker_user/ros2_ws_head/install/face_tracker/share/ament_index/resource_index/packages
copying package.xml -> /home/docker_user/ros2_ws_head/install/face_tracker/share/face_tracker
copying config/face_tracker_params.yaml -> /home/docker_user/ros2_ws_head/install/face_tracker/share/face_tracker/config
running install_egg_info
Copying ../../build/face_tracker/face_tracker.egg-info to /home/docker_user/ros2_ws_head/install/face_tracker/lib/python3.10/site-packages/face_tracker-0.0.0-py3.10.egg-info
running install_scripts
Installing face_tracker script to /home/docker_user/ros2_ws_head/install/face_tracker/lib/face_tracker
writing list of installed files to '/home/docker_user/ros2_ws_head/build/face_tracker/install.log'
