[0.318s] Invoking command in '/home/docker_user/ros2_ws_head/build/face_tracker': CMAKE_PREFIX_PATH=/home/docker_user/ros2_ws_head/install/posture_analysis_msgs:/home/docker_user/ros2_ws_head/install/ti_mmwave_rospkg:/home/docker_user/ros2_ws_head/install/ti_mmwave_rospkg_msgs:/home/docker_user/ros2_ws_head/install/serial LD_LIBRARY_PATH=/home/docker_user/ros2_ws_head/install/posture_analysis_msgs/lib:/home/docker_user/ros2_ws_head/install/ti_mmwave_rospkg/lib:/home/docker_user/ros2_ws_head/install/ti_mmwave_rospkg_msgs/lib:/home/docker_user/ros2_ws_head/install/serial/lib:/opt/ros/humble/lib/x86_64-linux-gnu:/opt/ros/humble/lib PYTHONPATH=/home/docker_user/ros2_ws_head/build/face_tracker/prefix_override:/usr/lib/python3/dist-packages/colcon_core/task/python/colcon_distutils_commands:/home/docker_user/ros2_ws_head/install/face_tracker/lib/python3.10/site-packages:${PYTHONPATH} /usr/bin/python3 -W ignore:setup.py install is deprecated -W ignore:easy_install command is deprecated setup.py develop --uninstall --editable --build-directory /home/docker_user/ros2_ws_head/build/face_tracker/build
[0.449s] running develop
[0.498s] Removing /home/docker_user/ros2_ws_head/install/face_tracker/lib/python3.10/site-packages/face-tracker.egg-link (link to .)
[0.514s] Invoked command in '/home/docker_user/ros2_ws_head/build/face_tracker' returned '0': CMAKE_PREFIX_PATH=/home/docker_user/ros2_ws_head/install/posture_analysis_msgs:/home/docker_user/ros2_ws_head/install/ti_mmwave_rospkg:/home/docker_user/ros2_ws_head/install/ti_mmwave_rospkg_msgs:/home/docker_user/ros2_ws_head/install/serial LD_LIBRARY_PATH=/home/docker_user/ros2_ws_head/install/posture_analysis_msgs/lib:/home/docker_user/ros2_ws_head/install/ti_mmwave_rospkg/lib:/home/docker_user/ros2_ws_head/install/ti_mmwave_rospkg_msgs/lib:/home/docker_user/ros2_ws_head/install/serial/lib:/opt/ros/humble/lib/x86_64-linux-gnu:/opt/ros/humble/lib PYTHONPATH=/home/docker_user/ros2_ws_head/build/face_tracker/prefix_override:/usr/lib/python3/dist-packages/colcon_core/task/python/colcon_distutils_commands:/home/docker_user/ros2_ws_head/install/face_tracker/lib/python3.10/site-packages:${PYTHONPATH} /usr/bin/python3 -W ignore:setup.py install is deprecated -W ignore:easy_install command is deprecated setup.py develop --uninstall --editable --build-directory /home/docker_user/ros2_ws_head/build/face_tracker/build
[0.516s] Invoking command in '/home/docker_user/ros2_ws_head/src/face_tracker': CMAKE_PREFIX_PATH=/home/docker_user/ros2_ws_head/install/posture_analysis_msgs:/home/docker_user/ros2_ws_head/install/ti_mmwave_rospkg:/home/docker_user/ros2_ws_head/install/ti_mmwave_rospkg_msgs:/home/docker_user/ros2_ws_head/install/serial LD_LIBRARY_PATH=/home/docker_user/ros2_ws_head/install/posture_analysis_msgs/lib:/home/docker_user/ros2_ws_head/install/ti_mmwave_rospkg/lib:/home/docker_user/ros2_ws_head/install/ti_mmwave_rospkg_msgs/lib:/home/docker_user/ros2_ws_head/install/serial/lib:/opt/ros/humble/lib/x86_64-linux-gnu:/opt/ros/humble/lib PYTHONPATH=/home/docker_user/ros2_ws_head/build/face_tracker/prefix_override:/usr/lib/python3/dist-packages/colcon_core/task/python/colcon_distutils_commands:/home/docker_user/ros2_ws_head/install/face_tracker/lib/python3.10/site-packages:${PYTHONPATH} /usr/bin/python3 -W ignore:setup.py install is deprecated -W ignore:easy_install command is deprecated setup.py egg_info --egg-base ../../build/face_tracker build --build-base /home/docker_user/ros2_ws_head/build/face_tracker/build install --record /home/docker_user/ros2_ws_head/build/face_tracker/install.log --single-version-externally-managed install_data --force
[0.639s] running egg_info
[0.639s] writing ../../build/face_tracker/face_tracker.egg-info/PKG-INFO
[0.639s] writing dependency_links to ../../build/face_tracker/face_tracker.egg-info/dependency_links.txt
[0.639s] writing entry points to ../../build/face_tracker/face_tracker.egg-info/entry_points.txt
[0.639s] writing requirements to ../../build/face_tracker/face_tracker.egg-info/requires.txt
[0.640s] writing top-level names to ../../build/face_tracker/face_tracker.egg-info/top_level.txt
[0.640s] reading manifest file '../../build/face_tracker/face_tracker.egg-info/SOURCES.txt'
[0.640s] adding license file 'LICENSE'
[0.641s] writing manifest file '../../build/face_tracker/face_tracker.egg-info/SOURCES.txt'
[0.641s] running build
[0.641s] running build_py
[0.641s] creating /home/docker_user/ros2_ws_head/build/face_tracker/build
[0.641s] creating /home/docker_user/ros2_ws_head/build/face_tracker/build/lib
[0.641s] creating /home/docker_user/ros2_ws_head/build/face_tracker/build/lib/face_tracker
[0.641s] copying face_tracker/face_tracker.py -> /home/docker_user/ros2_ws_head/build/face_tracker/build/lib/face_tracker
[0.641s] copying face_tracker/__init__.py -> /home/docker_user/ros2_ws_head/build/face_tracker/build/lib/face_tracker
[0.642s] running install
[0.642s] running install_lib
[0.642s] creating /home/docker_user/ros2_ws_head/install/face_tracker/lib/python3.10/site-packages/face_tracker
[0.642s] copying /home/docker_user/ros2_ws_head/build/face_tracker/build/lib/face_tracker/face_tracker.py -> /home/docker_user/ros2_ws_head/install/face_tracker/lib/python3.10/site-packages/face_tracker
[0.642s] copying /home/docker_user/ros2_ws_head/build/face_tracker/build/lib/face_tracker/__init__.py -> /home/docker_user/ros2_ws_head/install/face_tracker/lib/python3.10/site-packages/face_tracker
[0.642s] byte-compiling /home/docker_user/ros2_ws_head/install/face_tracker/lib/python3.10/site-packages/face_tracker/face_tracker.py to face_tracker.cpython-310.pyc
[0.643s] byte-compiling /home/docker_user/ros2_ws_head/install/face_tracker/lib/python3.10/site-packages/face_tracker/__init__.py to __init__.cpython-310.pyc
[0.643s] running install_data
[0.643s] copying resource/face_tracker -> /home/docker_user/ros2_ws_head/install/face_tracker/share/ament_index/resource_index/packages
[0.643s] copying package.xml -> /home/docker_user/ros2_ws_head/install/face_tracker/share/face_tracker
[0.643s] copying config/face_tracker_params.yaml -> /home/docker_user/ros2_ws_head/install/face_tracker/share/face_tracker/config
[0.643s] running install_egg_info
[0.644s] Copying ../../build/face_tracker/face_tracker.egg-info to /home/docker_user/ros2_ws_head/install/face_tracker/lib/python3.10/site-packages/face_tracker-0.0.0-py3.10.egg-info
[0.645s] running install_scripts
[0.658s] Installing face_tracker script to /home/docker_user/ros2_ws_head/install/face_tracker/lib/face_tracker
[0.658s] writing list of installed files to '/home/docker_user/ros2_ws_head/build/face_tracker/install.log'
[0.672s] Invoked command in '/home/docker_user/ros2_ws_head/src/face_tracker' returned '0': CMAKE_PREFIX_PATH=/home/docker_user/ros2_ws_head/install/posture_analysis_msgs:/home/docker_user/ros2_ws_head/install/ti_mmwave_rospkg:/home/docker_user/ros2_ws_head/install/ti_mmwave_rospkg_msgs:/home/docker_user/ros2_ws_head/install/serial LD_LIBRARY_PATH=/home/docker_user/ros2_ws_head/install/posture_analysis_msgs/lib:/home/docker_user/ros2_ws_head/install/ti_mmwave_rospkg/lib:/home/docker_user/ros2_ws_head/install/ti_mmwave_rospkg_msgs/lib:/home/docker_user/ros2_ws_head/install/serial/lib:/opt/ros/humble/lib/x86_64-linux-gnu:/opt/ros/humble/lib PYTHONPATH=/home/docker_user/ros2_ws_head/build/face_tracker/prefix_override:/usr/lib/python3/dist-packages/colcon_core/task/python/colcon_distutils_commands:/home/docker_user/ros2_ws_head/install/face_tracker/lib/python3.10/site-packages:${PYTHONPATH} /usr/bin/python3 -W ignore:setup.py install is deprecated -W ignore:easy_install command is deprecated setup.py egg_info --egg-base ../../build/face_tracker build --build-base /home/docker_user/ros2_ws_head/build/face_tracker/build install --record /home/docker_user/ros2_ws_head/build/face_tracker/install.log --single-version-externally-managed install_data --force
