-- Found ament_cmake: 1.3.12 (/opt/ros/humble/share/ament_cmake/cmake)
-- Override CMake install command with custom implementation using symlinks instead of copying resources
-- Found rclcpp: 16.0.15 (/opt/ros/humble/share/rclcpp/cmake)
-- Found rosidl_generator_c: 3.1.7 (/opt/ros/humble/share/rosidl_generator_c/cmake)
-- Found rosidl_adapter: 3.1.7 (/opt/ros/humble/share/rosidl_adapter/cmake)
-- Found rosidl_generator_cpp: 3.1.7 (/opt/ros/humble/share/rosidl_generator_cpp/cmake)
-- Using all available rosidl_typesupport_c: rosidl_typesupport_fastrtps_c;rosidl_typesupport_introspection_c
-- Using all available rosidl_typesupport_cpp: rosidl_typesupport_fastrtps_cpp;rosidl_typesupport_introspection_cpp
-- Found rmw_implementation_cmake: 6.1.2 (/opt/ros/humble/share/rmw_implementation_cmake/cmake)
-- Found rmw_cyclonedds_cpp: 1.3.4 (/opt/ros/humble/share/rmw_cyclonedds_cpp/cmake)
-- Using RMW implementation 'rmw_cyclonedds_cpp' as default
-- Found rclcpp_components: 16.0.15 (/opt/ros/humble/share/rclcpp_components/cmake)
-- Found sensor_msgs: 4.9.0 (/opt/ros/humble/share/sensor_msgs/cmake)
-- Found visualization_msgs: 4.9.0 (/opt/ros/humble/share/visualization_msgs/cmake)
-- Found tf2_geometry_msgs: 0.25.16 (/opt/ros/humble/share/tf2_geometry_msgs/cmake)
-- Found eigen3_cmake_module: 0.1.1 (/opt/ros/humble/share/eigen3_cmake_module/cmake)
-- Found Eigen3: TRUE (found version "3.4.0") 
-- Ensuring Eigen3 include directory is part of orocos-kdl CMake target
-- Found ti_mmwave_rospkg_msgs: 1.0.0 (/home/docker_user/ros2_ws_head/install/ti_mmwave_rospkg_msgs/share/ti_mmwave_rospkg_msgs/cmake)
-- Found serial: 1.2.1 (/home/docker_user/ros2_ws_head/install/serial/share/serial/cmake)
-- Found rosidl_default_generators: 1.2.0 (/opt/ros/humble/share/rosidl_default_generators/cmake)
-- Found pluginlib: 5.1.2 (/opt/ros/humble/share/pluginlib/cmake)
-- Found Boost: /usr/lib/x86_64-linux-gnu/cmake/Boost-1.74.0/BoostConfig.cmake (found version "1.74.0")  
-- Eigen found (include: /usr/include/eigen3, version: 3.4.0)
-- Found Boost: /usr/lib/x86_64-linux-gnu/cmake/Boost-1.74.0/BoostConfig.cmake (found suitable version "1.74.0", minimum required is "1.65.0") found components: system filesystem date_time iostreams serialization 
-- FLANN found (include: /usr/include, lib: /usr/lib/x86_64-linux-gnu/libflann_cpp.so)
-- Found Eigen3: /usr/include/eigen3 (found version "3.4.0") 
-- OpenNI found (version: 1.5.4.0, include: /usr/include/ni, lib: /usr/lib/libOpenNI.so;libusb::libusb)
-- OpenNI2 found (version: 2.2.0.33, include: /usr/include/openni2, lib: /usr/lib/x86_64-linux-gnu/libOpenNI2.so;libusb::libusb)
-- Eigen found (include: /usr/include/eigen3, version: 3.4.0)
-- OpenNI found (version: 1.5.4.0, include: /usr/include/ni, lib: /usr/lib/libOpenNI.so;libusb::libusb)
-- OpenNI2 found (version: 2.2.0.33, include: /usr/include/openni2, lib: /usr/lib/x86_64-linux-gnu/libOpenNI2.so;libusb::libusb)
-- Found Qhull version 8.0.2
-- OpenNI found (version: 1.5.4.0, include: /usr/include/ni, lib: /usr/lib/libOpenNI.so;libusb::libusb)
-- looking for PCL_COMMON
-- looking for PCL_KDTREE
-- looking for PCL_OCTREE
-- looking for PCL_SEARCH
-- looking for PCL_SAMPLE_CONSENSUS
-- looking for PCL_FILTERS
-- looking for PCL_2D
-- looking for PCL_GEOMETRY
-- looking for PCL_IO
-- looking for PCL_FEATURES
-- looking for PCL_ML
-- looking for PCL_SEGMENTATION
-- looking for PCL_VISUALIZATION
-- looking for PCL_SURFACE
-- looking for PCL_REGISTRATION
-- looking for PCL_KEYPOINTS
-- looking for PCL_TRACKING
-- looking for PCL_RECOGNITION
-- looking for PCL_STEREO
-- looking for PCL_APPS
-- looking for PCL_IN_HAND_SCANNER
-- looking for PCL_MODELER
-- looking for PCL_POINT_CLOUD_EDITOR
-- looking for PCL_OUTOFCORE
-- looking for PCL_PEOPLE
-- Found pcl_conversions: 2.4.5 (/opt/ros/humble/share/pcl_conversions/cmake)
-- Configuring done
-- Generating done
-- Build files have been written to: /home/docker_user/ros2_ws_head/build/ti_mmwave_rospkg
[35m[1mConsolidate compiler generated dependencies of target ConfigParameterServer[0m
[35m[1mConsolidate compiler generated dependencies of target mmwave[0m
[ 16%] Built target ConfigParameterServer
[ 33%] Built target mmwave
[35m[1mConsolidate compiler generated dependencies of target ParameterParser[0m
[35m[1mConsolidate compiler generated dependencies of target mmWaveQuickConfig[0m
[35m[1mConsolidate compiler generated dependencies of target mmWaveCommSrv[0m
[35m[1mConsolidate compiler generated dependencies of target DataHandlerClass[0m
[ 66%] Built target ParameterParser
[ 66%] Built target mmWaveQuickConfig
[ 83%] Built target mmWaveCommSrv
[100%] Built target DataHandlerClass
-- Install configuration: ""
-- Execute custom install script
-- Up-to-date symlink: /home/docker_user/ros2_ws_head/install/ti_mmwave_rospkg/share/ti_mmwave_rospkg/environment/library_path.sh
-- Up-to-date symlink: /home/docker_user/ros2_ws_head/install/ti_mmwave_rospkg/share/ti_mmwave_rospkg/environment/library_path.dsv
-- Up-to-date symlink: /home/docker_user/ros2_ws_head/install/ti_mmwave_rospkg/lib/libmmwave.so
-- Up-to-date symlink: /home/docker_user/ros2_ws_head/install/ti_mmwave_rospkg/lib/ti_mmwave_rospkg/ConfigParameterServer
-- Up-to-date symlink: /home/docker_user/ros2_ws_head/install/ti_mmwave_rospkg/share/ti_mmwave_rospkg/launch/1443_Standard.py
-- Up-to-date symlink: /home/docker_user/ros2_ws_head/install/ti_mmwave_rospkg/share/ti_mmwave_rospkg/launch/1642_Standard.py
-- Up-to-date symlink: /home/docker_user/ros2_ws_head/install/ti_mmwave_rospkg/share/ti_mmwave_rospkg/launch/1843_Standard.py
-- Up-to-date symlink: /home/docker_user/ros2_ws_head/install/ti_mmwave_rospkg/share/ti_mmwave_rospkg/launch/6432_Classification.py
-- Up-to-date symlink: /home/docker_user/ros2_ws_head/install/ti_mmwave_rospkg/share/ti_mmwave_rospkg/launch/6432_Standard.py
-- Up-to-date symlink: /home/docker_user/ros2_ws_head/install/ti_mmwave_rospkg/share/ti_mmwave_rospkg/launch/6843AOP_FineMotion.py
-- Up-to-date symlink: /home/docker_user/ros2_ws_head/install/ti_mmwave_rospkg/share/ti_mmwave_rospkg/launch/6843AOP_Standard.py
-- Up-to-date symlink: /home/docker_user/ros2_ws_head/install/ti_mmwave_rospkg/share/ti_mmwave_rospkg/launch/6843AOP_StaticTracking.py
-- Up-to-date symlink: /home/docker_user/ros2_ws_head/install/ti_mmwave_rospkg/share/ti_mmwave_rospkg/launch/6843AOP_Tracking.py
-- Up-to-date symlink: /home/docker_user/ros2_ws_head/install/ti_mmwave_rospkg/share/ti_mmwave_rospkg/launch/6843ISK_Occupancy.py
-- Up-to-date symlink: /home/docker_user/ros2_ws_head/install/ti_mmwave_rospkg/share/ti_mmwave_rospkg/launch/6843ISK_Standard.py
-- Up-to-date symlink: /home/docker_user/ros2_ws_head/install/ti_mmwave_rospkg/share/ti_mmwave_rospkg/launch/6843ISK_Tracking.py
-- Up-to-date symlink: /home/docker_user/ros2_ws_head/install/ti_mmwave_rospkg/share/ti_mmwave_rospkg/launch/IWR6843.py
-- Up-to-date symlink: /home/docker_user/ros2_ws_head/install/ti_mmwave_rospkg/share/ti_mmwave_rospkg/launch/rviz.rviz
-- Up-to-date symlink: /home/docker_user/ros2_ws_head/install/ti_mmwave_rospkg/share/ti_mmwave_rospkg/launch/rviz_launch.py
-- Up-to-date symlink: /home/docker_user/ros2_ws_head/install/ti_mmwave_rospkg/share/ti_mmwave_rospkg/launch/rviz_old.rviz
-- Up-to-date symlink: /home/docker_user/ros2_ws_head/install/ti_mmwave_rospkg/share/ti_mmwave_rospkg/config/global_params.yaml
-- Up-to-date symlink: /home/docker_user/ros2_ws_head/install/ti_mmwave_rospkg/share/ti_mmwave_rospkg/cfg/1443_Standard.cfg
-- Up-to-date symlink: /home/docker_user/ros2_ws_head/install/ti_mmwave_rospkg/share/ti_mmwave_rospkg/cfg/1642_Standard.cfg
-- Up-to-date symlink: /home/docker_user/ros2_ws_head/install/ti_mmwave_rospkg/share/ti_mmwave_rospkg/cfg/1843_3d_hw_trig.cfg
-- Up-to-date symlink: /home/docker_user/ros2_ws_head/install/ti_mmwave_rospkg/share/ti_mmwave_rospkg/cfg/1843_Standard.cfg
-- Up-to-date symlink: /home/docker_user/ros2_ws_head/install/ti_mmwave_rospkg/share/ti_mmwave_rospkg/cfg/6432_Classification.cfg
-- Up-to-date symlink: /home/docker_user/ros2_ws_head/install/ti_mmwave_rospkg/share/ti_mmwave_rospkg/cfg/6432_Standard_Uncompressed.cfg
-- Up-to-date symlink: /home/docker_user/ros2_ws_head/install/ti_mmwave_rospkg/share/ti_mmwave_rospkg/cfg/6843AOP_FineMotion.cfg
-- Up-to-date symlink: /home/docker_user/ros2_ws_head/install/ti_mmwave_rospkg/share/ti_mmwave_rospkg/cfg/6843AOP_Standard.cfg
-- Up-to-date symlink: /home/docker_user/ros2_ws_head/install/ti_mmwave_rospkg/share/ti_mmwave_rospkg/cfg/6843AOP_StaticTracking.cfg
-- Up-to-date symlink: /home/docker_user/ros2_ws_head/install/ti_mmwave_rospkg/share/ti_mmwave_rospkg/cfg/6843AOP_Tracking.cfg
-- Up-to-date symlink: /home/docker_user/ros2_ws_head/install/ti_mmwave_rospkg/share/ti_mmwave_rospkg/cfg/6843ISK_Occupancy.cfg
-- Up-to-date symlink: /home/docker_user/ros2_ws_head/install/ti_mmwave_rospkg/share/ti_mmwave_rospkg/cfg/6843ISK_Standard.cfg
-- Up-to-date symlink: /home/docker_user/ros2_ws_head/install/ti_mmwave_rospkg/share/ti_mmwave_rospkg/cfg/6843ISK_Tracking.cfg
-- Up-to-date symlink: /home/docker_user/ros2_ws_head/install/ti_mmwave_rospkg/lib/ti_mmwave_rospkg/mmWaveCommSrv
-- Up-to-date symlink: /home/docker_user/ros2_ws_head/install/ti_mmwave_rospkg/lib/ti_mmwave_rospkg/mmWaveQuickConfig
-- Up-to-date symlink: /home/docker_user/ros2_ws_head/install/ti_mmwave_rospkg/lib/ti_mmwave_rospkg/ParameterParser
-- Up-to-date symlink: /home/docker_user/ros2_ws_head/install/ti_mmwave_rospkg/lib/ti_mmwave_rospkg/DataHandlerClass
-- Up-to-date symlink: /home/docker_user/ros2_ws_head/install/ti_mmwave_rospkg/include//DataHandlerClass.h
-- Up-to-date symlink: /home/docker_user/ros2_ws_head/install/ti_mmwave_rospkg/include//mmWave.h
-- Up-to-date symlink: /home/docker_user/ros2_ws_head/install/ti_mmwave_rospkg/share/ament_index/resource_index/package_run_dependencies/ti_mmwave_rospkg
-- Up-to-date symlink: /home/docker_user/ros2_ws_head/install/ti_mmwave_rospkg/share/ament_index/resource_index/parent_prefix_path/ti_mmwave_rospkg
-- Up-to-date symlink: /home/docker_user/ros2_ws_head/install/ti_mmwave_rospkg/share/ti_mmwave_rospkg/environment/ament_prefix_path.sh
-- Up-to-date symlink: /home/docker_user/ros2_ws_head/install/ti_mmwave_rospkg/share/ti_mmwave_rospkg/environment/ament_prefix_path.dsv
-- Up-to-date symlink: /home/docker_user/ros2_ws_head/install/ti_mmwave_rospkg/share/ti_mmwave_rospkg/environment/path.sh
-- Up-to-date symlink: /home/docker_user/ros2_ws_head/install/ti_mmwave_rospkg/share/ti_mmwave_rospkg/environment/path.dsv
-- Up-to-date symlink: /home/docker_user/ros2_ws_head/install/ti_mmwave_rospkg/share/ti_mmwave_rospkg/local_setup.bash
-- Up-to-date symlink: /home/docker_user/ros2_ws_head/install/ti_mmwave_rospkg/share/ti_mmwave_rospkg/local_setup.sh
-- Up-to-date symlink: /home/docker_user/ros2_ws_head/install/ti_mmwave_rospkg/share/ti_mmwave_rospkg/local_setup.zsh
-- Up-to-date symlink: /home/docker_user/ros2_ws_head/install/ti_mmwave_rospkg/share/ti_mmwave_rospkg/local_setup.dsv
-- Symlinking: /home/docker_user/ros2_ws_head/install/ti_mmwave_rospkg/share/ti_mmwave_rospkg/package.dsv
-- Up-to-date symlink: /home/docker_user/ros2_ws_head/install/ti_mmwave_rospkg/share/ament_index/resource_index/packages/ti_mmwave_rospkg
-- Up-to-date symlink: /home/docker_user/ros2_ws_head/install/ti_mmwave_rospkg/share/ti_mmwave_rospkg/cmake/ament_cmake_export_dependencies-extras.cmake
-- Up-to-date symlink: /home/docker_user/ros2_ws_head/install/ti_mmwave_rospkg/share/ti_mmwave_rospkg/cmake/ament_cmake_export_include_directories-extras.cmake
-- Up-to-date symlink: /home/docker_user/ros2_ws_head/install/ti_mmwave_rospkg/share/ti_mmwave_rospkg/cmake/ament_cmake_export_libraries-extras.cmake
-- Up-to-date symlink: /home/docker_user/ros2_ws_head/install/ti_mmwave_rospkg/share/ti_mmwave_rospkg/cmake/ti_mmwave_rospkgConfig.cmake
-- Up-to-date symlink: /home/docker_user/ros2_ws_head/install/ti_mmwave_rospkg/share/ti_mmwave_rospkg/cmake/ti_mmwave_rospkgConfig-version.cmake
-- Up-to-date symlink: /home/docker_user/ros2_ws_head/install/ti_mmwave_rospkg/share/ti_mmwave_rospkg/package.xml
