[0.012s] Invoking command in '/home/docker_user/ros2_ws_head/build/ti_mmwave_rospkg': CMAKE_PREFIX_PATH=/home/docker_user/ros2_ws_head/install/ti_mmwave_rospkg_msgs:/home/docker_user/ros2_ws_head/install/serial:/home/docker_user/ros2_ws_head/install/ti_mmwave_rospkg:/home/docker_user/ros2_ws_head/install/posture_analysis_msgs:/home/docker_user/ros2_ws_head/install/face_tracker:/home/docker_user/ros2_ws_head/install/head_bringup:/home/docker_user/ros2_ws_head/install/actuators_bringup:/opt/ros/humble LD_LIBRARY_PATH=/home/docker_user/ros2_ws_head/install/ti_mmwave_rospkg_msgs/lib:/home/docker_user/ros2_ws_head/install/serial/lib:/home/docker_user/ros2_ws_head/install/ti_mmwave_rospkg/lib:/home/docker_user/ros2_ws_head/install/posture_analysis_msgs/lib:/opt/ros/humble/lib/x86_64-linux-gnu:/opt/ros/humble/lib /usr/bin/cmake /home/docker_user/ros2_ws_head/src/ros2_driver/src/ti_mmwave_rospkg -DCMAKE_INSTALL_PREFIX=/home/docker_user/ros2_ws_head/install/ti_mmwave_rospkg
[0.025s] -- Found ament_cmake: 1.3.12 (/opt/ros/humble/share/ament_cmake/cmake)
[0.112s] -- Override CMake install command with custom implementation using symlinks instead of copying resources
[0.118s] -- Found rclcpp: 16.0.15 (/opt/ros/humble/share/rclcpp/cmake)
[0.136s] -- Found rosidl_generator_c: 3.1.7 (/opt/ros/humble/share/rosidl_generator_c/cmake)
[0.138s] -- Found rosidl_adapter: 3.1.7 (/opt/ros/humble/share/rosidl_adapter/cmake)
[0.142s] -- Found rosidl_generator_cpp: 3.1.7 (/opt/ros/humble/share/rosidl_generator_cpp/cmake)
[0.148s] -- Using all available rosidl_typesupport_c: rosidl_typesupport_fastrtps_c;rosidl_typesupport_introspection_c
[0.156s] -- Using all available rosidl_typesupport_cpp: rosidl_typesupport_fastrtps_cpp;rosidl_typesupport_introspection_cpp
[0.177s] -- Found rmw_implementation_cmake: 6.1.2 (/opt/ros/humble/share/rmw_implementation_cmake/cmake)
[0.179s] -- Found rmw_cyclonedds_cpp: 1.3.4 (/opt/ros/humble/share/rmw_cyclonedds_cpp/cmake)
[0.192s] -- Using RMW implementation 'rmw_cyclonedds_cpp' as default
[0.224s] -- Found rclcpp_components: 16.0.15 (/opt/ros/humble/share/rclcpp_components/cmake)
[0.240s] -- Found sensor_msgs: 4.9.0 (/opt/ros/humble/share/sensor_msgs/cmake)
[0.260s] -- Found visualization_msgs: 4.9.0 (/opt/ros/humble/share/visualization_msgs/cmake)
[0.273s] -- Found tf2_geometry_msgs: 0.25.16 (/opt/ros/humble/share/tf2_geometry_msgs/cmake)
[0.277s] -- Found eigen3_cmake_module: 0.1.1 (/opt/ros/humble/share/eigen3_cmake_module/cmake)
[0.279s] -- Found Eigen3: TRUE (found version "3.4.0") 
[0.279s] -- Ensuring Eigen3 include directory is part of orocos-kdl CMake target
[0.330s] -- Found ti_mmwave_rospkg_msgs: 1.0.0 (/home/docker_user/ros2_ws_head/install/ti_mmwave_rospkg_msgs/share/ti_mmwave_rospkg_msgs/cmake)
[0.341s] -- Found serial: 1.2.1 (/home/docker_user/ros2_ws_head/install/serial/share/serial/cmake)
[0.342s] -- Found rosidl_default_generators: 1.2.0 (/opt/ros/humble/share/rosidl_default_generators/cmake)
[0.347s] -- Found pluginlib: 5.1.2 (/opt/ros/humble/share/pluginlib/cmake)
[0.360s] -- Found Boost: /usr/lib/x86_64-linux-gnu/cmake/Boost-1.74.0/BoostConfig.cmake (found version "1.74.0")  
[0.372s] -- Eigen found (include: /usr/include/eigen3, version: 3.4.0)
[0.378s] -- Found Boost: /usr/lib/x86_64-linux-gnu/cmake/Boost-1.74.0/BoostConfig.cmake (found suitable version "1.74.0", minimum required is "1.65.0") found components: system filesystem date_time iostreams serialization 
[0.397s] -- FLANN found (include: /usr/include, lib: /usr/lib/x86_64-linux-gnu/libflann_cpp.so)
[0.606s] -- Found Eigen3: /usr/include/eigen3 (found version "3.4.0") 
[0.700s] -- OpenNI found (version: 1.5.4.0, include: /usr/include/ni, lib: /usr/lib/libOpenNI.so;libusb::libusb)
[0.709s] -- OpenNI2 found (version: 2.2.0.33, include: /usr/include/openni2, lib: /usr/lib/x86_64-linux-gnu/libOpenNI2.so;libusb::libusb)
[0.709s] [0m** WARNING ** io features related to pcap will be disabled[0m
[0.823s] -- Eigen found (include: /usr/include/eigen3, version: 3.4.0)
[0.828s] -- OpenNI found (version: 1.5.4.0, include: /usr/include/ni, lib: /usr/lib/libOpenNI.so;libusb::libusb)
[0.833s] -- OpenNI2 found (version: 2.2.0.33, include: /usr/include/openni2, lib: /usr/lib/x86_64-linux-gnu/libOpenNI2.so;libusb::libusb)
[0.946s] -- Found Qhull version 8.0.2
[1.072s] -- OpenNI found (version: 1.5.4.0, include: /usr/include/ni, lib: /usr/lib/libOpenNI.so;libusb::libusb)
[1.198s] -- looking for PCL_COMMON
[1.199s] -- looking for PCL_KDTREE
[1.199s] -- looking for PCL_OCTREE
[1.199s] -- looking for PCL_SEARCH
[1.199s] -- looking for PCL_SAMPLE_CONSENSUS
[1.199s] -- looking for PCL_FILTERS
[1.200s] -- looking for PCL_2D
[1.200s] -- looking for PCL_GEOMETRY
[1.200s] -- looking for PCL_IO
[1.200s] -- looking for PCL_FEATURES
[1.200s] -- looking for PCL_ML
[1.200s] -- looking for PCL_SEGMENTATION
[1.201s] -- looking for PCL_VISUALIZATION
[1.201s] -- looking for PCL_SURFACE
[1.201s] -- looking for PCL_REGISTRATION
[1.202s] -- looking for PCL_KEYPOINTS
[1.202s] -- looking for PCL_TRACKING
[1.202s] -- looking for PCL_RECOGNITION
[1.202s] -- looking for PCL_STEREO
[1.203s] -- looking for PCL_APPS
[1.203s] -- looking for PCL_IN_HAND_SCANNER
[1.203s] -- looking for PCL_MODELER
[1.203s] -- looking for PCL_POINT_CLOUD_EDITOR
[1.204s] -- looking for PCL_OUTOFCORE
[1.204s] -- looking for PCL_PEOPLE
[1.205s] -- Found pcl_conversions: 2.4.5 (/opt/ros/humble/share/pcl_conversions/cmake)
[1.293s] -- Configuring done
[1.326s] -- Generating done
[1.336s] -- Build files have been written to: /home/docker_user/ros2_ws_head/build/ti_mmwave_rospkg
[1.347s] Invoked command in '/home/docker_user/ros2_ws_head/build/ti_mmwave_rospkg' returned '0': CMAKE_PREFIX_PATH=/home/docker_user/ros2_ws_head/install/ti_mmwave_rospkg_msgs:/home/docker_user/ros2_ws_head/install/serial:/home/docker_user/ros2_ws_head/install/ti_mmwave_rospkg:/home/docker_user/ros2_ws_head/install/posture_analysis_msgs:/home/docker_user/ros2_ws_head/install/face_tracker:/home/docker_user/ros2_ws_head/install/head_bringup:/home/docker_user/ros2_ws_head/install/actuators_bringup:/opt/ros/humble LD_LIBRARY_PATH=/home/docker_user/ros2_ws_head/install/ti_mmwave_rospkg_msgs/lib:/home/docker_user/ros2_ws_head/install/serial/lib:/home/docker_user/ros2_ws_head/install/ti_mmwave_rospkg/lib:/home/docker_user/ros2_ws_head/install/posture_analysis_msgs/lib:/opt/ros/humble/lib/x86_64-linux-gnu:/opt/ros/humble/lib /usr/bin/cmake /home/docker_user/ros2_ws_head/src/ros2_driver/src/ti_mmwave_rospkg -DCMAKE_INSTALL_PREFIX=/home/docker_user/ros2_ws_head/install/ti_mmwave_rospkg
[1.348s] Invoking command in '/home/docker_user/ros2_ws_head/build/ti_mmwave_rospkg': CMAKE_PREFIX_PATH=/home/docker_user/ros2_ws_head/install/ti_mmwave_rospkg_msgs:/home/docker_user/ros2_ws_head/install/serial:/home/docker_user/ros2_ws_head/install/ti_mmwave_rospkg:/home/docker_user/ros2_ws_head/install/posture_analysis_msgs:/home/docker_user/ros2_ws_head/install/face_tracker:/home/docker_user/ros2_ws_head/install/head_bringup:/home/docker_user/ros2_ws_head/install/actuators_bringup:/opt/ros/humble LD_LIBRARY_PATH=/home/docker_user/ros2_ws_head/install/ti_mmwave_rospkg_msgs/lib:/home/docker_user/ros2_ws_head/install/serial/lib:/home/docker_user/ros2_ws_head/install/ti_mmwave_rospkg/lib:/home/docker_user/ros2_ws_head/install/posture_analysis_msgs/lib:/opt/ros/humble/lib/x86_64-linux-gnu:/opt/ros/humble/lib /usr/bin/cmake --build /home/docker_user/ros2_ws_head/build/ti_mmwave_rospkg -- -j28 -l28
[1.398s] [35m[1mConsolidate compiler generated dependencies of target ConfigParameterServer[0m
[1.399s] [35m[1mConsolidate compiler generated dependencies of target mmwave[0m
[1.416s] [ 16%] Built target ConfigParameterServer
[1.416s] [ 33%] Built target mmwave
[1.427s] [35m[1mConsolidate compiler generated dependencies of target ParameterParser[0m
[1.427s] [35m[1mConsolidate compiler generated dependencies of target mmWaveQuickConfig[0m
[1.427s] [35m[1mConsolidate compiler generated dependencies of target mmWaveCommSrv[0m
[1.429s] [35m[1mConsolidate compiler generated dependencies of target DataHandlerClass[0m
[1.441s] [ 66%] Built target ParameterParser
[1.441s] [ 66%] Built target mmWaveQuickConfig
[1.444s] [ 83%] Built target mmWaveCommSrv
[1.462s] [100%] Built target DataHandlerClass
[1.471s] Invoked command in '/home/docker_user/ros2_ws_head/build/ti_mmwave_rospkg' returned '0': CMAKE_PREFIX_PATH=/home/docker_user/ros2_ws_head/install/ti_mmwave_rospkg_msgs:/home/docker_user/ros2_ws_head/install/serial:/home/docker_user/ros2_ws_head/install/ti_mmwave_rospkg:/home/docker_user/ros2_ws_head/install/posture_analysis_msgs:/home/docker_user/ros2_ws_head/install/face_tracker:/home/docker_user/ros2_ws_head/install/head_bringup:/home/docker_user/ros2_ws_head/install/actuators_bringup:/opt/ros/humble LD_LIBRARY_PATH=/home/docker_user/ros2_ws_head/install/ti_mmwave_rospkg_msgs/lib:/home/docker_user/ros2_ws_head/install/serial/lib:/home/docker_user/ros2_ws_head/install/ti_mmwave_rospkg/lib:/home/docker_user/ros2_ws_head/install/posture_analysis_msgs/lib:/opt/ros/humble/lib/x86_64-linux-gnu:/opt/ros/humble/lib /usr/bin/cmake --build /home/docker_user/ros2_ws_head/build/ti_mmwave_rospkg -- -j28 -l28
[1.472s] Invoking command in '/home/docker_user/ros2_ws_head/build/ti_mmwave_rospkg': CMAKE_PREFIX_PATH=/home/docker_user/ros2_ws_head/install/ti_mmwave_rospkg_msgs:/home/docker_user/ros2_ws_head/install/serial:/home/docker_user/ros2_ws_head/install/ti_mmwave_rospkg:/home/docker_user/ros2_ws_head/install/posture_analysis_msgs:/home/docker_user/ros2_ws_head/install/face_tracker:/home/docker_user/ros2_ws_head/install/head_bringup:/home/docker_user/ros2_ws_head/install/actuators_bringup:/opt/ros/humble LD_LIBRARY_PATH=/home/docker_user/ros2_ws_head/install/ti_mmwave_rospkg_msgs/lib:/home/docker_user/ros2_ws_head/install/serial/lib:/home/docker_user/ros2_ws_head/install/ti_mmwave_rospkg/lib:/home/docker_user/ros2_ws_head/install/posture_analysis_msgs/lib:/opt/ros/humble/lib/x86_64-linux-gnu:/opt/ros/humble/lib /usr/bin/cmake --install /home/docker_user/ros2_ws_head/build/ti_mmwave_rospkg
[1.478s] -- Install configuration: ""
[1.479s] -- Execute custom install script
[1.479s] -- Up-to-date symlink: /home/docker_user/ros2_ws_head/install/ti_mmwave_rospkg/share/ti_mmwave_rospkg/environment/library_path.sh
[1.479s] -- Up-to-date symlink: /home/docker_user/ros2_ws_head/install/ti_mmwave_rospkg/share/ti_mmwave_rospkg/environment/library_path.dsv
[1.479s] -- Up-to-date symlink: /home/docker_user/ros2_ws_head/install/ti_mmwave_rospkg/lib/libmmwave.so
[1.479s] -- Up-to-date symlink: /home/docker_user/ros2_ws_head/install/ti_mmwave_rospkg/lib/ti_mmwave_rospkg/ConfigParameterServer
[1.479s] -- Up-to-date symlink: /home/docker_user/ros2_ws_head/install/ti_mmwave_rospkg/share/ti_mmwave_rospkg/launch/1443_Standard.py
[1.480s] -- Up-to-date symlink: /home/docker_user/ros2_ws_head/install/ti_mmwave_rospkg/share/ti_mmwave_rospkg/launch/1642_Standard.py
[1.480s] -- Up-to-date symlink: /home/docker_user/ros2_ws_head/install/ti_mmwave_rospkg/share/ti_mmwave_rospkg/launch/1843_Standard.py
[1.480s] -- Up-to-date symlink: /home/docker_user/ros2_ws_head/install/ti_mmwave_rospkg/share/ti_mmwave_rospkg/launch/6432_Classification.py
[1.480s] -- Up-to-date symlink: /home/docker_user/ros2_ws_head/install/ti_mmwave_rospkg/share/ti_mmwave_rospkg/launch/6432_Standard.py
[1.480s] -- Up-to-date symlink: /home/docker_user/ros2_ws_head/install/ti_mmwave_rospkg/share/ti_mmwave_rospkg/launch/6843AOP_FineMotion.py
[1.480s] -- Up-to-date symlink: /home/docker_user/ros2_ws_head/install/ti_mmwave_rospkg/share/ti_mmwave_rospkg/launch/6843AOP_Standard.py
[1.480s] -- Up-to-date symlink: /home/docker_user/ros2_ws_head/install/ti_mmwave_rospkg/share/ti_mmwave_rospkg/launch/6843AOP_StaticTracking.py
[1.480s] -- Up-to-date symlink: /home/docker_user/ros2_ws_head/install/ti_mmwave_rospkg/share/ti_mmwave_rospkg/launch/6843AOP_Tracking.py
[1.480s] -- Up-to-date symlink: /home/docker_user/ros2_ws_head/install/ti_mmwave_rospkg/share/ti_mmwave_rospkg/launch/6843ISK_Occupancy.py
[1.480s] -- Up-to-date symlink: /home/docker_user/ros2_ws_head/install/ti_mmwave_rospkg/share/ti_mmwave_rospkg/launch/6843ISK_Standard.py
[1.480s] -- Up-to-date symlink: /home/docker_user/ros2_ws_head/install/ti_mmwave_rospkg/share/ti_mmwave_rospkg/launch/6843ISK_Tracking.py
[1.480s] -- Up-to-date symlink: /home/docker_user/ros2_ws_head/install/ti_mmwave_rospkg/share/ti_mmwave_rospkg/launch/IWR6843.py
[1.480s] -- Up-to-date symlink: /home/docker_user/ros2_ws_head/install/ti_mmwave_rospkg/share/ti_mmwave_rospkg/launch/rviz.rviz
[1.481s] -- Up-to-date symlink: /home/docker_user/ros2_ws_head/install/ti_mmwave_rospkg/share/ti_mmwave_rospkg/launch/rviz_launch.py
[1.481s] -- Up-to-date symlink: /home/docker_user/ros2_ws_head/install/ti_mmwave_rospkg/share/ti_mmwave_rospkg/launch/rviz_old.rviz
[1.481s] -- Up-to-date symlink: /home/docker_user/ros2_ws_head/install/ti_mmwave_rospkg/share/ti_mmwave_rospkg/config/global_params.yaml
[1.481s] -- Up-to-date symlink: /home/docker_user/ros2_ws_head/install/ti_mmwave_rospkg/share/ti_mmwave_rospkg/cfg/1443_Standard.cfg
[1.481s] -- Up-to-date symlink: /home/docker_user/ros2_ws_head/install/ti_mmwave_rospkg/share/ti_mmwave_rospkg/cfg/1642_Standard.cfg
[1.481s] -- Up-to-date symlink: /home/docker_user/ros2_ws_head/install/ti_mmwave_rospkg/share/ti_mmwave_rospkg/cfg/1843_3d_hw_trig.cfg
[1.481s] -- Up-to-date symlink: /home/docker_user/ros2_ws_head/install/ti_mmwave_rospkg/share/ti_mmwave_rospkg/cfg/1843_Standard.cfg
[1.481s] -- Up-to-date symlink: /home/docker_user/ros2_ws_head/install/ti_mmwave_rospkg/share/ti_mmwave_rospkg/cfg/6432_Classification.cfg
[1.481s] -- Up-to-date symlink: /home/docker_user/ros2_ws_head/install/ti_mmwave_rospkg/share/ti_mmwave_rospkg/cfg/6432_Standard_Uncompressed.cfg
[1.481s] -- Up-to-date symlink: /home/docker_user/ros2_ws_head/install/ti_mmwave_rospkg/share/ti_mmwave_rospkg/cfg/6843AOP_FineMotion.cfg
[1.481s] -- Up-to-date symlink: /home/docker_user/ros2_ws_head/install/ti_mmwave_rospkg/share/ti_mmwave_rospkg/cfg/6843AOP_Standard.cfg
[1.481s] -- Up-to-date symlink: /home/docker_user/ros2_ws_head/install/ti_mmwave_rospkg/share/ti_mmwave_rospkg/cfg/6843AOP_StaticTracking.cfg
[1.481s] -- Up-to-date symlink: /home/docker_user/ros2_ws_head/install/ti_mmwave_rospkg/share/ti_mmwave_rospkg/cfg/6843AOP_Tracking.cfg
[1.481s] -- Up-to-date symlink: /home/docker_user/ros2_ws_head/install/ti_mmwave_rospkg/share/ti_mmwave_rospkg/cfg/6843ISK_Occupancy.cfg
[1.481s] -- Up-to-date symlink: /home/docker_user/ros2_ws_head/install/ti_mmwave_rospkg/share/ti_mmwave_rospkg/cfg/6843ISK_Standard.cfg
[1.481s] -- Up-to-date symlink: /home/docker_user/ros2_ws_head/install/ti_mmwave_rospkg/share/ti_mmwave_rospkg/cfg/6843ISK_Tracking.cfg
[1.482s] -- Up-to-date symlink: /home/docker_user/ros2_ws_head/install/ti_mmwave_rospkg/lib/ti_mmwave_rospkg/mmWaveCommSrv
[1.482s] -- Up-to-date symlink: /home/docker_user/ros2_ws_head/install/ti_mmwave_rospkg/lib/ti_mmwave_rospkg/mmWaveQuickConfig
[1.482s] -- Up-to-date symlink: /home/docker_user/ros2_ws_head/install/ti_mmwave_rospkg/lib/ti_mmwave_rospkg/ParameterParser
[1.482s] -- Up-to-date symlink: /home/docker_user/ros2_ws_head/install/ti_mmwave_rospkg/lib/ti_mmwave_rospkg/DataHandlerClass
[1.482s] -- Up-to-date symlink: /home/docker_user/ros2_ws_head/install/ti_mmwave_rospkg/include//DataHandlerClass.h
[1.482s] -- Up-to-date symlink: /home/docker_user/ros2_ws_head/install/ti_mmwave_rospkg/include//mmWave.h
[1.482s] -- Up-to-date symlink: /home/docker_user/ros2_ws_head/install/ti_mmwave_rospkg/share/ament_index/resource_index/package_run_dependencies/ti_mmwave_rospkg
[1.482s] -- Up-to-date symlink: /home/docker_user/ros2_ws_head/install/ti_mmwave_rospkg/share/ament_index/resource_index/parent_prefix_path/ti_mmwave_rospkg
[1.482s] -- Up-to-date symlink: /home/docker_user/ros2_ws_head/install/ti_mmwave_rospkg/share/ti_mmwave_rospkg/environment/ament_prefix_path.sh
[1.482s] -- Up-to-date symlink: /home/docker_user/ros2_ws_head/install/ti_mmwave_rospkg/share/ti_mmwave_rospkg/environment/ament_prefix_path.dsv
[1.482s] -- Up-to-date symlink: /home/docker_user/ros2_ws_head/install/ti_mmwave_rospkg/share/ti_mmwave_rospkg/environment/path.sh
[1.482s] -- Up-to-date symlink: /home/docker_user/ros2_ws_head/install/ti_mmwave_rospkg/share/ti_mmwave_rospkg/environment/path.dsv
[1.482s] -- Up-to-date symlink: /home/docker_user/ros2_ws_head/install/ti_mmwave_rospkg/share/ti_mmwave_rospkg/local_setup.bash
[1.482s] -- Up-to-date symlink: /home/docker_user/ros2_ws_head/install/ti_mmwave_rospkg/share/ti_mmwave_rospkg/local_setup.sh
[1.482s] -- Up-to-date symlink: /home/docker_user/ros2_ws_head/install/ti_mmwave_rospkg/share/ti_mmwave_rospkg/local_setup.zsh
[1.483s] -- Up-to-date symlink: /home/docker_user/ros2_ws_head/install/ti_mmwave_rospkg/share/ti_mmwave_rospkg/local_setup.dsv
[1.483s] -- Symlinking: /home/docker_user/ros2_ws_head/install/ti_mmwave_rospkg/share/ti_mmwave_rospkg/package.dsv
[1.488s] -- Up-to-date symlink: /home/docker_user/ros2_ws_head/install/ti_mmwave_rospkg/share/ament_index/resource_index/packages/ti_mmwave_rospkg
[1.488s] -- Up-to-date symlink: /home/docker_user/ros2_ws_head/install/ti_mmwave_rospkg/share/ti_mmwave_rospkg/cmake/ament_cmake_export_dependencies-extras.cmake
[1.488s] -- Up-to-date symlink: /home/docker_user/ros2_ws_head/install/ti_mmwave_rospkg/share/ti_mmwave_rospkg/cmake/ament_cmake_export_include_directories-extras.cmake
[1.488s] -- Up-to-date symlink: /home/docker_user/ros2_ws_head/install/ti_mmwave_rospkg/share/ti_mmwave_rospkg/cmake/ament_cmake_export_libraries-extras.cmake
[1.488s] -- Up-to-date symlink: /home/docker_user/ros2_ws_head/install/ti_mmwave_rospkg/share/ti_mmwave_rospkg/cmake/ti_mmwave_rospkgConfig.cmake
[1.488s] -- Up-to-date symlink: /home/docker_user/ros2_ws_head/install/ti_mmwave_rospkg/share/ti_mmwave_rospkg/cmake/ti_mmwave_rospkgConfig-version.cmake
[1.488s] -- Up-to-date symlink: /home/docker_user/ros2_ws_head/install/ti_mmwave_rospkg/share/ti_mmwave_rospkg/package.xml
[1.490s] Invoked command in '/home/docker_user/ros2_ws_head/build/ti_mmwave_rospkg' returned '0': CMAKE_PREFIX_PATH=/home/docker_user/ros2_ws_head/install/ti_mmwave_rospkg_msgs:/home/docker_user/ros2_ws_head/install/serial:/home/docker_user/ros2_ws_head/install/ti_mmwave_rospkg:/home/docker_user/ros2_ws_head/install/posture_analysis_msgs:/home/docker_user/ros2_ws_head/install/face_tracker:/home/docker_user/ros2_ws_head/install/head_bringup:/home/docker_user/ros2_ws_head/install/actuators_bringup:/opt/ros/humble LD_LIBRARY_PATH=/home/docker_user/ros2_ws_head/install/ti_mmwave_rospkg_msgs/lib:/home/docker_user/ros2_ws_head/install/serial/lib:/home/docker_user/ros2_ws_head/install/ti_mmwave_rospkg/lib:/home/docker_user/ros2_ws_head/install/posture_analysis_msgs/lib:/opt/ros/humble/lib/x86_64-linux-gnu:/opt/ros/humble/lib /usr/bin/cmake --install /home/docker_user/ros2_ws_head/build/ti_mmwave_rospkg
