-- The C compiler identification is GNU 11.4.0
-- The CXX compiler identification is GNU 11.4.0
-- Detecting C compiler ABI info
-- Detecting C compiler ABI info - done
-- Check for working C compiler: /usr/bin/cc - skipped
-- Detecting C compile features
-- Detecting C compile features - done
-- Detecting CXX compiler ABI info
-- Detecting CXX compiler ABI info - done
-- Check for working CXX compiler: /usr/bin/c++ - skipped
-- Detecting CXX compile features
-- Detecting CXX compile features - done
-- Found ament_cmake: 1.3.12 (/opt/ros/humble/share/ament_cmake/cmake)
-- Found Python3: /usr/bin/python3 (found version "3.10.12") found components: Interpreter 
-- Override CMake install command with custom implementation using symlinks instead of copying resources
-- Found rosidl_default_generators: 1.2.0 (/opt/ros/humble/share/rosidl_default_generators/cmake)
-- Using all available rosidl_typesupport_c: rosidl_typesupport_fastrtps_c;rosidl_typesupport_introspection_c
-- Found rosidl_adapter: 3.1.7 (/opt/ros/humble/share/rosidl_adapter/cmake)
-- Using all available rosidl_typesupport_cpp: rosidl_typesupport_fastrtps_cpp;rosidl_typesupport_introspection_cpp
-- Found rclcpp: 16.0.15 (/opt/ros/humble/share/rclcpp/cmake)
-- Found rmw_implementation_cmake: 6.1.2 (/opt/ros/humble/share/rmw_implementation_cmake/cmake)
-- Found rmw_fastrtps_cpp: 6.2.9 (/opt/ros/humble/share/rmw_fastrtps_cpp/cmake)
-- Found OpenSSL: /usr/lib/x86_64-linux-gnu/libcrypto.so (found version "3.0.2")  
-- Found FastRTPS: /opt/ros/humble/include  
-- Using RMW implementation 'rmw_fastrtps_cpp' as default
-- Looking for pthread.h
-- Looking for pthread.h - found
-- Performing Test CMAKE_HAVE_LIBC_PTHREAD
-- Performing Test CMAKE_HAVE_LIBC_PTHREAD - Success
-- Found Threads: TRUE  
-- Found visualization_msgs: 4.9.0 (/opt/ros/humble/share/visualization_msgs/cmake)
-- Found ament_cmake_ros: 0.10.0 (/opt/ros/humble/share/ament_cmake_ros/cmake)
-- Using all available rosidl_typesupport_c: rosidl_typesupport_fastrtps_c;rosidl_typesupport_introspection_c
-- Using all available rosidl_typesupport_cpp: rosidl_typesupport_fastrtps_cpp;rosidl_typesupport_introspection_cpp
-- Found PythonInterp: /usr/bin/python3 (found suitable version "3.10.12", minimum required is "3.6") 
-- Found python_cmake_module: 0.10.0 (/opt/ros/humble/share/python_cmake_module/cmake)
-- Found PythonLibs: /usr/lib/x86_64-linux-gnu/libpython3.10.so (found suitable version "3.10.12", minimum required is "3.5") 
-- Using PYTHON_EXECUTABLE: /usr/bin/python3
-- Using PYTHON_INCLUDE_DIRS: /usr/include/python3.10
-- Using PYTHON_LIBRARIES: /usr/lib/x86_64-linux-gnu/libpython3.10.so
-- Found PythonExtra: .so  
-- Configuring done
-- Generating done
-- Build files have been written to: /home/docker_user/ros2_ws_head/build/ti_mmwave_rospkg_msgs
[  1%] Generating C code for ROS interfaces
[  1%] Generating C++ code for ROS interfaces
[  1%] Built target ament_cmake_python_symlink_ti_mmwave_rospkg_msgs
running egg_info
creating ti_mmwave_rospkg_msgs.egg-info
writing ti_mmwave_rospkg_msgs.egg-info/PKG-INFO
writing dependency_links to ti_mmwave_rospkg_msgs.egg-info/dependency_links.txt
writing top-level names to ti_mmwave_rospkg_msgs.egg-info/top_level.txt
writing manifest file 'ti_mmwave_rospkg_msgs.egg-info/SOURCES.txt'
reading manifest file 'ti_mmwave_rospkg_msgs.egg-info/SOURCES.txt'
writing manifest file 'ti_mmwave_rospkg_msgs.egg-info/SOURCES.txt'
[  1%] Built target ament_cmake_python_build_ti_mmwave_rospkg_msgs_egg
[  1%] Built target ti_mmwave_rospkg_msgs__cpp
[  1%] Generating C++ type support for eProsima Fast-RTPS
[  2%] Generating C++ type support dispatch for ROS interfaces
[  3%] Generating C++ introspection for ROS interfaces
[  6%] Building C object CMakeFiles/ti_mmwave_rospkg_msgs__rosidl_generator_c.dir/rosidl_generator_c/ti_mmwave_rospkg_msgs/msg/detail/radar_track_contents__functions.c.o
[  6%] Building C object CMakeFiles/ti_mmwave_rospkg_msgs__rosidl_generator_c.dir/rosidl_generator_c/ti_mmwave_rospkg_msgs/msg/detail/radar_classifier__functions.c.o
[  7%] Building C object CMakeFiles/ti_mmwave_rospkg_msgs__rosidl_generator_c.dir/rosidl_generator_c/ti_mmwave_rospkg_msgs/msg/detail/radar_point_track_id__functions.c.o
[  8%] Building C object CMakeFiles/ti_mmwave_rospkg_msgs__rosidl_generator_c.dir/rosidl_generator_c/ti_mmwave_rospkg_msgs/msg/detail/radar_micro_doppler_data_array__functions.c.o
[  9%] Building C object CMakeFiles/ti_mmwave_rospkg_msgs__rosidl_generator_c.dir/rosidl_generator_c/ti_mmwave_rospkg_msgs/msg/detail/radar_track_array__functions.c.o
[  9%] Building C object CMakeFiles/ti_mmwave_rospkg_msgs__rosidl_generator_c.dir/rosidl_generator_c/ti_mmwave_rospkg_msgs/msg/detail/radar_scan__functions.c.o
[ 10%] Building C object CMakeFiles/ti_mmwave_rospkg_msgs__rosidl_generator_c.dir/rosidl_generator_c/ti_mmwave_rospkg_msgs/msg/detail/radar_occupancy__functions.c.o
[ 10%] Building C object CMakeFiles/ti_mmwave_rospkg_msgs__rosidl_generator_c.dir/rosidl_generator_c/ti_mmwave_rospkg_msgs/msg/detail/radar_micro_doppler_data_contents__functions.c.o
[ 11%] Building C object CMakeFiles/ti_mmwave_rospkg_msgs__rosidl_generator_c.dir/rosidl_generator_c/ti_mmwave_rospkg_msgs/msg/detail/radar_micro_doppler_feature_contents__functions.c.o
[ 12%] Building C object CMakeFiles/ti_mmwave_rospkg_msgs__rosidl_generator_c.dir/rosidl_generator_c/ti_mmwave_rospkg_msgs/msg/detail/radar_micro_doppler_feature_array__functions.c.o
[ 13%] Building C object CMakeFiles/ti_mmwave_rospkg_msgs__rosidl_generator_c.dir/rosidl_generator_c/ti_mmwave_rospkg_msgs/srv/detail/mmwave_cli__functions.c.o
[ 14%] Linking C shared library libti_mmwave_rospkg_msgs__rosidl_generator_c.so
[ 14%] Built target ti_mmwave_rospkg_msgs__rosidl_generator_c
[ 15%] Generating C introspection for ROS interfaces
[ 16%] Generating C type support for eProsima Fast-RTPS
[ 17%] Generating C type support dispatch for ROS interfaces
[ 18%] Building CXX object CMakeFiles/ti_mmwave_rospkg_msgs__rosidl_typesupport_cpp.dir/rosidl_typesupport_cpp/ti_mmwave_rospkg_msgs/msg/radar_scan__type_support.cpp.o
[ 19%] Building CXX object CMakeFiles/ti_mmwave_rospkg_msgs__rosidl_typesupport_cpp.dir/rosidl_typesupport_cpp/ti_mmwave_rospkg_msgs/msg/radar_classifier__type_support.cpp.o
[ 20%] Building CXX object CMakeFiles/ti_mmwave_rospkg_msgs__rosidl_typesupport_cpp.dir/rosidl_typesupport_cpp/ti_mmwave_rospkg_msgs/msg/radar_micro_doppler_data_array__type_support.cpp.o
[ 21%] Building CXX object CMakeFiles/ti_mmwave_rospkg_msgs__rosidl_typesupport_cpp.dir/rosidl_typesupport_cpp/ti_mmwave_rospkg_msgs/msg/radar_point_track_id__type_support.cpp.o
[ 22%] Building CXX object CMakeFiles/ti_mmwave_rospkg_msgs__rosidl_typesupport_cpp.dir/rosidl_typesupport_cpp/ti_mmwave_rospkg_msgs/msg/radar_track_array__type_support.cpp.o
[ 23%] Building CXX object CMakeFiles/ti_mmwave_rospkg_msgs__rosidl_typesupport_cpp.dir/rosidl_typesupport_cpp/ti_mmwave_rospkg_msgs/msg/radar_micro_doppler_feature_array__type_support.cpp.o
[ 23%] Building CXX object CMakeFiles/ti_mmwave_rospkg_msgs__rosidl_typesupport_cpp.dir/rosidl_typesupport_cpp/ti_mmwave_rospkg_msgs/msg/radar_micro_doppler_data_contents__type_support.cpp.o
[ 24%] Building CXX object CMakeFiles/ti_mmwave_rospkg_msgs__rosidl_typesupport_cpp.dir/rosidl_typesupport_cpp/ti_mmwave_rospkg_msgs/msg/radar_micro_doppler_feature_contents__type_support.cpp.o
[ 25%] Building CXX object CMakeFiles/ti_mmwave_rospkg_msgs__rosidl_typesupport_cpp.dir/rosidl_typesupport_cpp/ti_mmwave_rospkg_msgs/msg/radar_occupancy__type_support.cpp.o
[ 26%] Building CXX object CMakeFiles/ti_mmwave_rospkg_msgs__rosidl_typesupport_cpp.dir/rosidl_typesupport_cpp/ti_mmwave_rospkg_msgs/msg/radar_track_contents__type_support.cpp.o
[ 27%] Building CXX object CMakeFiles/ti_mmwave_rospkg_msgs__rosidl_typesupport_cpp.dir/rosidl_typesupport_cpp/ti_mmwave_rospkg_msgs/srv/mmwave_cli__type_support.cpp.o
[ 28%] Building CXX object CMakeFiles/ti_mmwave_rospkg_msgs__rosidl_typesupport_c.dir/rosidl_typesupport_c/ti_mmwave_rospkg_msgs/msg/radar_scan__type_support.cpp.o
[ 29%] Building CXX object CMakeFiles/ti_mmwave_rospkg_msgs__rosidl_typesupport_fastrtps_cpp.dir/rosidl_typesupport_fastrtps_cpp/ti_mmwave_rospkg_msgs/msg/detail/dds_fastrtps/radar_scan__type_support.cpp.o
[ 30%] Building CXX object CMakeFiles/ti_mmwave_rospkg_msgs__rosidl_typesupport_fastrtps_cpp.dir/rosidl_typesupport_fastrtps_cpp/ti_mmwave_rospkg_msgs/msg/detail/dds_fastrtps/radar_occupancy__type_support.cpp.o
[ 31%] Building CXX object CMakeFiles/ti_mmwave_rospkg_msgs__rosidl_typesupport_fastrtps_cpp.dir/rosidl_typesupport_fastrtps_cpp/ti_mmwave_rospkg_msgs/msg/detail/dds_fastrtps/radar_classifier__type_support.cpp.o
[ 32%] Building CXX object CMakeFiles/ti_mmwave_rospkg_msgs__rosidl_typesupport_c.dir/rosidl_typesupport_c/ti_mmwave_rospkg_msgs/msg/radar_occupancy__type_support.cpp.o
[ 32%] Building CXX object CMakeFiles/ti_mmwave_rospkg_msgs__rosidl_typesupport_c.dir/rosidl_typesupport_c/ti_mmwave_rospkg_msgs/msg/radar_classifier__type_support.cpp.o
[ 33%] Building CXX object CMakeFiles/ti_mmwave_rospkg_msgs__rosidl_typesupport_c.dir/rosidl_typesupport_c/ti_mmwave_rospkg_msgs/msg/radar_track_array__type_support.cpp.o
[ 34%] Building CXX object CMakeFiles/ti_mmwave_rospkg_msgs__rosidl_typesupport_introspection_cpp.dir/rosidl_typesupport_introspection_cpp/ti_mmwave_rospkg_msgs/msg/detail/radar_scan__type_support.cpp.o
[ 35%] Building CXX object CMakeFiles/ti_mmwave_rospkg_msgs__rosidl_typesupport_fastrtps_cpp.dir/rosidl_typesupport_fastrtps_cpp/ti_mmwave_rospkg_msgs/msg/detail/dds_fastrtps/radar_track_array__type_support.cpp.o
[ 35%] Building CXX object CMakeFiles/ti_mmwave_rospkg_msgs__rosidl_typesupport_introspection_cpp.dir/rosidl_typesupport_introspection_cpp/ti_mmwave_rospkg_msgs/msg/detail/radar_occupancy__type_support.cpp.o
[ 37%] Building CXX object CMakeFiles/ti_mmwave_rospkg_msgs__rosidl_typesupport_c.dir/rosidl_typesupport_c/ti_mmwave_rospkg_msgs/msg/radar_track_contents__type_support.cpp.o
[ 37%] Building CXX object CMakeFiles/ti_mmwave_rospkg_msgs__rosidl_typesupport_c.dir/rosidl_typesupport_c/ti_mmwave_rospkg_msgs/msg/radar_point_track_id__type_support.cpp.o
[ 38%] Building CXX object CMakeFiles/ti_mmwave_rospkg_msgs__rosidl_typesupport_c.dir/rosidl_typesupport_c/ti_mmwave_rospkg_msgs/msg/radar_micro_doppler_feature_array__type_support.cpp.o
[ 39%] Building CXX object CMakeFiles/ti_mmwave_rospkg_msgs__rosidl_typesupport_c.dir/rosidl_typesupport_c/ti_mmwave_rospkg_msgs/msg/radar_micro_doppler_data_contents__type_support.cpp.o
[ 40%] Building CXX object CMakeFiles/ti_mmwave_rospkg_msgs__rosidl_typesupport_c.dir/rosidl_typesupport_c/ti_mmwave_rospkg_msgs/msg/radar_micro_doppler_data_array__type_support.cpp.o
[ 41%] Building CXX object CMakeFiles/ti_mmwave_rospkg_msgs__rosidl_typesupport_c.dir/rosidl_typesupport_c/ti_mmwave_rospkg_msgs/msg/radar_micro_doppler_feature_contents__type_support.cpp.o
[ 42%] Building C object CMakeFiles/ti_mmwave_rospkg_msgs__rosidl_typesupport_introspection_c.dir/rosidl_typesupport_introspection_c/ti_mmwave_rospkg_msgs/msg/detail/radar_scan__type_support.c.o
[ 44%] Building CXX object CMakeFiles/ti_mmwave_rospkg_msgs__rosidl_typesupport_introspection_cpp.dir/rosidl_typesupport_introspection_cpp/ti_mmwave_rospkg_msgs/msg/detail/radar_track_array__type_support.cpp.o
[ 44%] Building CXX object CMakeFiles/ti_mmwave_rospkg_msgs__rosidl_typesupport_introspection_cpp.dir/rosidl_typesupport_introspection_cpp/ti_mmwave_rospkg_msgs/msg/detail/radar_classifier__type_support.cpp.o
[ 45%] Building CXX object CMakeFiles/ti_mmwave_rospkg_msgs__rosidl_typesupport_c.dir/rosidl_typesupport_c/ti_mmwave_rospkg_msgs/srv/mmwave_cli__type_support.cpp.o
[ 46%] Building C object CMakeFiles/ti_mmwave_rospkg_msgs__rosidl_typesupport_introspection_c.dir/rosidl_typesupport_introspection_c/ti_mmwave_rospkg_msgs/msg/detail/radar_occupancy__type_support.c.o
[ 47%] Building CXX object CMakeFiles/ti_mmwave_rospkg_msgs__rosidl_typesupport_fastrtps_c.dir/rosidl_typesupport_fastrtps_c/ti_mmwave_rospkg_msgs/msg/detail/radar_scan__type_support_c.cpp.o
[ 48%] Linking CXX shared library libti_mmwave_rospkg_msgs__rosidl_typesupport_cpp.so
[ 49%] Building CXX object CMakeFiles/ti_mmwave_rospkg_msgs__rosidl_typesupport_introspection_cpp.dir/rosidl_typesupport_introspection_cpp/ti_mmwave_rospkg_msgs/msg/detail/radar_track_contents__type_support.cpp.o
[ 50%] Building CXX object CMakeFiles/ti_mmwave_rospkg_msgs__rosidl_typesupport_fastrtps_cpp.dir/rosidl_typesupport_fastrtps_cpp/ti_mmwave_rospkg_msgs/msg/detail/dds_fastrtps/radar_track_contents__type_support.cpp.o
[ 51%] Building CXX object CMakeFiles/ti_mmwave_rospkg_msgs__rosidl_typesupport_introspection_cpp.dir/rosidl_typesupport_introspection_cpp/ti_mmwave_rospkg_msgs/msg/detail/radar_point_track_id__type_support.cpp.o
[ 52%] Building C object CMakeFiles/ti_mmwave_rospkg_msgs__rosidl_typesupport_introspection_c.dir/rosidl_typesupport_introspection_c/ti_mmwave_rospkg_msgs/msg/detail/radar_classifier__type_support.c.o
[ 53%] Building C object CMakeFiles/ti_mmwave_rospkg_msgs__rosidl_typesupport_introspection_c.dir/rosidl_typesupport_introspection_c/ti_mmwave_rospkg_msgs/msg/detail/radar_track_array__type_support.c.o
[ 54%] Linking CXX shared library libti_mmwave_rospkg_msgs__rosidl_typesupport_c.so
[ 55%] Building CXX object CMakeFiles/ti_mmwave_rospkg_msgs__rosidl_typesupport_fastrtps_cpp.dir/rosidl_typesupport_fastrtps_cpp/ti_mmwave_rospkg_msgs/msg/detail/dds_fastrtps/radar_point_track_id__type_support.cpp.o
[ 55%] Built target ti_mmwave_rospkg_msgs__rosidl_typesupport_cpp
[ 56%] Building CXX object CMakeFiles/ti_mmwave_rospkg_msgs__rosidl_typesupport_fastrtps_cpp.dir/rosidl_typesupport_fastrtps_cpp/ti_mmwave_rospkg_msgs/msg/detail/dds_fastrtps/radar_micro_doppler_data_array__type_support.cpp.o
[ 57%] Building C object CMakeFiles/ti_mmwave_rospkg_msgs__rosidl_typesupport_introspection_c.dir/rosidl_typesupport_introspection_c/ti_mmwave_rospkg_msgs/msg/detail/radar_track_contents__type_support.c.o
[ 57%] Built target ti_mmwave_rospkg_msgs__rosidl_typesupport_c
[ 58%] Building CXX object CMakeFiles/ti_mmwave_rospkg_msgs__rosidl_typesupport_introspection_cpp.dir/rosidl_typesupport_introspection_cpp/ti_mmwave_rospkg_msgs/msg/detail/radar_micro_doppler_data_array__type_support.cpp.o
[ 59%] Building C object CMakeFiles/ti_mmwave_rospkg_msgs__rosidl_typesupport_introspection_c.dir/rosidl_typesupport_introspection_c/ti_mmwave_rospkg_msgs/msg/detail/radar_point_track_id__type_support.c.o
[ 59%] Building C object CMakeFiles/ti_mmwave_rospkg_msgs__rosidl_typesupport_introspection_c.dir/rosidl_typesupport_introspection_c/ti_mmwave_rospkg_msgs/msg/detail/radar_micro_doppler_data_array__type_support.c.o
[ 60%] Building C object CMakeFiles/ti_mmwave_rospkg_msgs__rosidl_typesupport_introspection_c.dir/rosidl_typesupport_introspection_c/ti_mmwave_rospkg_msgs/msg/detail/radar_micro_doppler_data_contents__type_support.c.o
[ 61%] Building C object CMakeFiles/ti_mmwave_rospkg_msgs__rosidl_typesupport_introspection_c.dir/rosidl_typesupport_introspection_c/ti_mmwave_rospkg_msgs/msg/detail/radar_micro_doppler_feature_array__type_support.c.o
[ 62%] Building CXX object CMakeFiles/ti_mmwave_rospkg_msgs__rosidl_typesupport_fastrtps_c.dir/rosidl_typesupport_fastrtps_c/ti_mmwave_rospkg_msgs/msg/detail/radar_occupancy__type_support_c.cpp.o
[ 63%] Building C object CMakeFiles/ti_mmwave_rospkg_msgs__rosidl_typesupport_introspection_c.dir/rosidl_typesupport_introspection_c/ti_mmwave_rospkg_msgs/msg/detail/radar_micro_doppler_feature_contents__type_support.c.o
[ 64%] Building C object CMakeFiles/ti_mmwave_rospkg_msgs__rosidl_typesupport_introspection_c.dir/rosidl_typesupport_introspection_c/ti_mmwave_rospkg_msgs/srv/detail/mmwave_cli__type_support.c.o
[ 65%] Building CXX object CMakeFiles/ti_mmwave_rospkg_msgs__rosidl_typesupport_introspection_cpp.dir/rosidl_typesupport_introspection_cpp/ti_mmwave_rospkg_msgs/msg/detail/radar_micro_doppler_data_contents__type_support.cpp.o
[ 66%] Building CXX object CMakeFiles/ti_mmwave_rospkg_msgs__rosidl_typesupport_fastrtps_cpp.dir/rosidl_typesupport_fastrtps_cpp/ti_mmwave_rospkg_msgs/msg/detail/dds_fastrtps/radar_micro_doppler_data_contents__type_support.cpp.o
[ 67%] Building CXX object CMakeFiles/ti_mmwave_rospkg_msgs__rosidl_typesupport_fastrtps_c.dir/rosidl_typesupport_fastrtps_c/ti_mmwave_rospkg_msgs/msg/detail/radar_classifier__type_support_c.cpp.o
[ 68%] Building CXX object CMakeFiles/ti_mmwave_rospkg_msgs__rosidl_typesupport_introspection_cpp.dir/rosidl_typesupport_introspection_cpp/ti_mmwave_rospkg_msgs/msg/detail/radar_micro_doppler_feature_array__type_support.cpp.o
[ 69%] Building CXX object CMakeFiles/ti_mmwave_rospkg_msgs__rosidl_typesupport_introspection_cpp.dir/rosidl_typesupport_introspection_cpp/ti_mmwave_rospkg_msgs/msg/detail/radar_micro_doppler_feature_contents__type_support.cpp.o
[ 70%] Building CXX object CMakeFiles/ti_mmwave_rospkg_msgs__rosidl_typesupport_introspection_cpp.dir/rosidl_typesupport_introspection_cpp/ti_mmwave_rospkg_msgs/srv/detail/mmwave_cli__type_support.cpp.o
[ 71%] Linking C shared library libti_mmwave_rospkg_msgs__rosidl_typesupport_introspection_c.so
[ 71%] Building CXX object CMakeFiles/ti_mmwave_rospkg_msgs__rosidl_typesupport_fastrtps_cpp.dir/rosidl_typesupport_fastrtps_cpp/ti_mmwave_rospkg_msgs/msg/detail/dds_fastrtps/radar_micro_doppler_feature_contents__type_support.cpp.o
[ 72%] Building CXX object CMakeFiles/ti_mmwave_rospkg_msgs__rosidl_typesupport_fastrtps_cpp.dir/rosidl_typesupport_fastrtps_cpp/ti_mmwave_rospkg_msgs/msg/detail/dds_fastrtps/radar_micro_doppler_feature_array__type_support.cpp.o
[ 72%] Built target ti_mmwave_rospkg_msgs__rosidl_typesupport_introspection_c
[ 73%] Building CXX object CMakeFiles/ti_mmwave_rospkg_msgs__rosidl_typesupport_fastrtps_c.dir/rosidl_typesupport_fastrtps_c/ti_mmwave_rospkg_msgs/msg/detail/radar_track_array__type_support_c.cpp.o
[ 73%] Building CXX object CMakeFiles/ti_mmwave_rospkg_msgs__rosidl_typesupport_fastrtps_c.dir/rosidl_typesupport_fastrtps_c/ti_mmwave_rospkg_msgs/msg/detail/radar_track_contents__type_support_c.cpp.o
[ 74%] Building CXX object CMakeFiles/ti_mmwave_rospkg_msgs__rosidl_typesupport_fastrtps_c.dir/rosidl_typesupport_fastrtps_c/ti_mmwave_rospkg_msgs/msg/detail/radar_point_track_id__type_support_c.cpp.o
[ 75%] Building CXX object CMakeFiles/ti_mmwave_rospkg_msgs__rosidl_typesupport_fastrtps_cpp.dir/rosidl_typesupport_fastrtps_cpp/ti_mmwave_rospkg_msgs/srv/detail/dds_fastrtps/mmwave_cli__type_support.cpp.o
[ 76%] Building CXX object CMakeFiles/ti_mmwave_rospkg_msgs__rosidl_typesupport_fastrtps_c.dir/rosidl_typesupport_fastrtps_c/ti_mmwave_rospkg_msgs/msg/detail/radar_micro_doppler_data_contents__type_support_c.cpp.o
[ 77%] Building CXX object CMakeFiles/ti_mmwave_rospkg_msgs__rosidl_typesupport_fastrtps_c.dir/rosidl_typesupport_fastrtps_c/ti_mmwave_rospkg_msgs/msg/detail/radar_micro_doppler_data_array__type_support_c.cpp.o
[ 78%] Building CXX object CMakeFiles/ti_mmwave_rospkg_msgs__rosidl_typesupport_fastrtps_c.dir/rosidl_typesupport_fastrtps_c/ti_mmwave_rospkg_msgs/msg/detail/radar_micro_doppler_feature_array__type_support_c.cpp.o
[ 79%] Building CXX object CMakeFiles/ti_mmwave_rospkg_msgs__rosidl_typesupport_fastrtps_c.dir/rosidl_typesupport_fastrtps_c/ti_mmwave_rospkg_msgs/msg/detail/radar_micro_doppler_feature_contents__type_support_c.cpp.o
[ 80%] Building CXX object CMakeFiles/ti_mmwave_rospkg_msgs__rosidl_typesupport_fastrtps_c.dir/rosidl_typesupport_fastrtps_c/ti_mmwave_rospkg_msgs/srv/detail/mmwave_cli__type_support_c.cpp.o
[ 81%] Linking CXX shared library libti_mmwave_rospkg_msgs__rosidl_typesupport_introspection_cpp.so
[ 81%] Built target ti_mmwave_rospkg_msgs__rosidl_typesupport_introspection_cpp
[ 82%] Linking CXX shared library libti_mmwave_rospkg_msgs__rosidl_typesupport_fastrtps_cpp.so
[ 83%] Linking CXX shared library libti_mmwave_rospkg_msgs__rosidl_typesupport_fastrtps_c.so
[ 83%] Built target ti_mmwave_rospkg_msgs__rosidl_typesupport_fastrtps_cpp
[ 83%] Built target ti_mmwave_rospkg_msgs__rosidl_typesupport_fastrtps_c
[ 83%] Built target ti_mmwave_rospkg_msgs
[ 84%] Generating Python code for ROS interfaces
[ 84%] Built target ti_mmwave_rospkg_msgs__py
[ 86%] Building C object CMakeFiles/ti_mmwave_rospkg_msgs__rosidl_generator_py.dir/rosidl_generator_py/ti_mmwave_rospkg_msgs/msg/_radar_occupancy_s.c.o
[ 86%] Building C object CMakeFiles/ti_mmwave_rospkg_msgs__rosidl_generator_py.dir/rosidl_generator_py/ti_mmwave_rospkg_msgs/msg/_radar_classifier_s.c.o
[ 87%] Building C object CMakeFiles/ti_mmwave_rospkg_msgs__rosidl_generator_py.dir/rosidl_generator_py/ti_mmwave_rospkg_msgs/msg/_radar_track_contents_s.c.o
[ 88%] Building C object CMakeFiles/ti_mmwave_rospkg_msgs__rosidl_generator_py.dir/rosidl_generator_py/ti_mmwave_rospkg_msgs/msg/_radar_scan_s.c.o
[ 89%] Building C object CMakeFiles/ti_mmwave_rospkg_msgs__rosidl_generator_py.dir/rosidl_generator_py/ti_mmwave_rospkg_msgs/msg/_radar_micro_doppler_data_contents_s.c.o
[ 90%] Building C object CMakeFiles/ti_mmwave_rospkg_msgs__rosidl_generator_py.dir/rosidl_generator_py/ti_mmwave_rospkg_msgs/msg/_radar_track_array_s.c.o
[ 91%] Building C object CMakeFiles/ti_mmwave_rospkg_msgs__rosidl_generator_py.dir/rosidl_generator_py/ti_mmwave_rospkg_msgs/msg/_radar_micro_doppler_feature_array_s.c.o
[ 91%] Building C object CMakeFiles/ti_mmwave_rospkg_msgs__rosidl_generator_py.dir/rosidl_generator_py/ti_mmwave_rospkg_msgs/msg/_radar_point_track_id_s.c.o
[ 92%] Building C object CMakeFiles/ti_mmwave_rospkg_msgs__rosidl_generator_py.dir/rosidl_generator_py/ti_mmwave_rospkg_msgs/msg/_radar_micro_doppler_feature_contents_s.c.o
[ 93%] Building C object CMakeFiles/ti_mmwave_rospkg_msgs__rosidl_generator_py.dir/rosidl_generator_py/ti_mmwave_rospkg_msgs/msg/_radar_micro_doppler_data_array_s.c.o
[ 94%] Building C object CMakeFiles/ti_mmwave_rospkg_msgs__rosidl_generator_py.dir/rosidl_generator_py/ti_mmwave_rospkg_msgs/srv/_mmwave_cli_s.c.o
[ 95%] Linking C shared library rosidl_generator_py/ti_mmwave_rospkg_msgs/libti_mmwave_rospkg_msgs__rosidl_generator_py.so
[ 95%] Built target ti_mmwave_rospkg_msgs__rosidl_generator_py
[ 96%] Building C object CMakeFiles/ti_mmwave_rospkg_msgs__rosidl_typesupport_fastrtps_c__pyext.dir/rosidl_generator_py/ti_mmwave_rospkg_msgs/_ti_mmwave_rospkg_msgs_s.ep.rosidl_typesupport_fastrtps_c.c.o
[ 96%] Building C object CMakeFiles/ti_mmwave_rospkg_msgs__rosidl_typesupport_c__pyext.dir/rosidl_generator_py/ti_mmwave_rospkg_msgs/_ti_mmwave_rospkg_msgs_s.ep.rosidl_typesupport_c.c.o
[ 97%] Building C object CMakeFiles/ti_mmwave_rospkg_msgs__rosidl_typesupport_introspection_c__pyext.dir/rosidl_generator_py/ti_mmwave_rospkg_msgs/_ti_mmwave_rospkg_msgs_s.ep.rosidl_typesupport_introspection_c.c.o
[ 98%] Linking C shared library rosidl_generator_py/ti_mmwave_rospkg_msgs/ti_mmwave_rospkg_msgs_s__rosidl_typesupport_c.cpython-310-x86_64-linux-gnu.so
[ 99%] Linking C shared library rosidl_generator_py/ti_mmwave_rospkg_msgs/ti_mmwave_rospkg_msgs_s__rosidl_typesupport_fastrtps_c.cpython-310-x86_64-linux-gnu.so
[ 99%] Built target ti_mmwave_rospkg_msgs__rosidl_typesupport_c__pyext
[100%] Linking C shared library rosidl_generator_py/ti_mmwave_rospkg_msgs/ti_mmwave_rospkg_msgs_s__rosidl_typesupport_introspection_c.cpython-310-x86_64-linux-gnu.so
[100%] Built target ti_mmwave_rospkg_msgs__rosidl_typesupport_fastrtps_c__pyext
[100%] Built target ti_mmwave_rospkg_msgs__rosidl_typesupport_introspection_c__pyext
-- Install configuration: ""
-- Execute custom install script
-- Symlinking: /home/docker_user/ros2_ws_head/install/ti_mmwave_rospkg_msgs/share/ament_index/resource_index/rosidl_interfaces/ti_mmwave_rospkg_msgs
-- Symlinking: /home/docker_user/ros2_ws_head/install/ti_mmwave_rospkg_msgs/include/ti_mmwave_rospkg_msgs/ti_mmwave_rospkg_msgs/msg/detail/radar_classifier__functions.h
-- Symlinking: /home/docker_user/ros2_ws_head/install/ti_mmwave_rospkg_msgs/include/ti_mmwave_rospkg_msgs/ti_mmwave_rospkg_msgs/msg/detail/radar_classifier__struct.h
-- Symlinking: /home/docker_user/ros2_ws_head/install/ti_mmwave_rospkg_msgs/include/ti_mmwave_rospkg_msgs/ti_mmwave_rospkg_msgs/msg/detail/radar_classifier__type_support.h
-- Symlinking: /home/docker_user/ros2_ws_head/install/ti_mmwave_rospkg_msgs/include/ti_mmwave_rospkg_msgs/ti_mmwave_rospkg_msgs/msg/detail/radar_micro_doppler_data_array__functions.h
-- Symlinking: /home/docker_user/ros2_ws_head/install/ti_mmwave_rospkg_msgs/include/ti_mmwave_rospkg_msgs/ti_mmwave_rospkg_msgs/msg/detail/radar_micro_doppler_data_array__struct.h
-- Symlinking: /home/docker_user/ros2_ws_head/install/ti_mmwave_rospkg_msgs/include/ti_mmwave_rospkg_msgs/ti_mmwave_rospkg_msgs/msg/detail/radar_micro_doppler_data_array__type_support.h
-- Symlinking: /home/docker_user/ros2_ws_head/install/ti_mmwave_rospkg_msgs/include/ti_mmwave_rospkg_msgs/ti_mmwave_rospkg_msgs/msg/detail/radar_micro_doppler_data_contents__functions.h
-- Symlinking: /home/docker_user/ros2_ws_head/install/ti_mmwave_rospkg_msgs/include/ti_mmwave_rospkg_msgs/ti_mmwave_rospkg_msgs/msg/detail/radar_micro_doppler_data_contents__struct.h
-- Symlinking: /home/docker_user/ros2_ws_head/install/ti_mmwave_rospkg_msgs/include/ti_mmwave_rospkg_msgs/ti_mmwave_rospkg_msgs/msg/detail/radar_micro_doppler_data_contents__type_support.h
-- Symlinking: /home/docker_user/ros2_ws_head/install/ti_mmwave_rospkg_msgs/include/ti_mmwave_rospkg_msgs/ti_mmwave_rospkg_msgs/msg/detail/radar_micro_doppler_feature_array__functions.h
-- Symlinking: /home/docker_user/ros2_ws_head/install/ti_mmwave_rospkg_msgs/include/ti_mmwave_rospkg_msgs/ti_mmwave_rospkg_msgs/msg/detail/radar_micro_doppler_feature_array__struct.h
-- Symlinking: /home/docker_user/ros2_ws_head/install/ti_mmwave_rospkg_msgs/include/ti_mmwave_rospkg_msgs/ti_mmwave_rospkg_msgs/msg/detail/radar_micro_doppler_feature_array__type_support.h
-- Symlinking: /home/docker_user/ros2_ws_head/install/ti_mmwave_rospkg_msgs/include/ti_mmwave_rospkg_msgs/ti_mmwave_rospkg_msgs/msg/detail/radar_micro_doppler_feature_contents__functions.h
-- Symlinking: /home/docker_user/ros2_ws_head/install/ti_mmwave_rospkg_msgs/include/ti_mmwave_rospkg_msgs/ti_mmwave_rospkg_msgs/msg/detail/radar_micro_doppler_feature_contents__struct.h
-- Symlinking: /home/docker_user/ros2_ws_head/install/ti_mmwave_rospkg_msgs/include/ti_mmwave_rospkg_msgs/ti_mmwave_rospkg_msgs/msg/detail/radar_micro_doppler_feature_contents__type_support.h
-- Symlinking: /home/docker_user/ros2_ws_head/install/ti_mmwave_rospkg_msgs/include/ti_mmwave_rospkg_msgs/ti_mmwave_rospkg_msgs/msg/detail/radar_occupancy__functions.h
-- Symlinking: /home/docker_user/ros2_ws_head/install/ti_mmwave_rospkg_msgs/include/ti_mmwave_rospkg_msgs/ti_mmwave_rospkg_msgs/msg/detail/radar_occupancy__struct.h
-- Symlinking: /home/docker_user/ros2_ws_head/install/ti_mmwave_rospkg_msgs/include/ti_mmwave_rospkg_msgs/ti_mmwave_rospkg_msgs/msg/detail/radar_occupancy__type_support.h
-- Symlinking: /home/docker_user/ros2_ws_head/install/ti_mmwave_rospkg_msgs/include/ti_mmwave_rospkg_msgs/ti_mmwave_rospkg_msgs/msg/detail/radar_point_track_id__functions.h
-- Symlinking: /home/docker_user/ros2_ws_head/install/ti_mmwave_rospkg_msgs/include/ti_mmwave_rospkg_msgs/ti_mmwave_rospkg_msgs/msg/detail/radar_point_track_id__struct.h
-- Symlinking: /home/docker_user/ros2_ws_head/install/ti_mmwave_rospkg_msgs/include/ti_mmwave_rospkg_msgs/ti_mmwave_rospkg_msgs/msg/detail/radar_point_track_id__type_support.h
-- Symlinking: /home/docker_user/ros2_ws_head/install/ti_mmwave_rospkg_msgs/include/ti_mmwave_rospkg_msgs/ti_mmwave_rospkg_msgs/msg/detail/radar_scan__functions.h
-- Symlinking: /home/docker_user/ros2_ws_head/install/ti_mmwave_rospkg_msgs/include/ti_mmwave_rospkg_msgs/ti_mmwave_rospkg_msgs/msg/detail/radar_scan__struct.h
-- Symlinking: /home/docker_user/ros2_ws_head/install/ti_mmwave_rospkg_msgs/include/ti_mmwave_rospkg_msgs/ti_mmwave_rospkg_msgs/msg/detail/radar_scan__type_support.h
-- Symlinking: /home/docker_user/ros2_ws_head/install/ti_mmwave_rospkg_msgs/include/ti_mmwave_rospkg_msgs/ti_mmwave_rospkg_msgs/msg/detail/radar_track_array__functions.h
-- Symlinking: /home/docker_user/ros2_ws_head/install/ti_mmwave_rospkg_msgs/include/ti_mmwave_rospkg_msgs/ti_mmwave_rospkg_msgs/msg/detail/radar_track_array__struct.h
-- Symlinking: /home/docker_user/ros2_ws_head/install/ti_mmwave_rospkg_msgs/include/ti_mmwave_rospkg_msgs/ti_mmwave_rospkg_msgs/msg/detail/radar_track_array__type_support.h
-- Symlinking: /home/docker_user/ros2_ws_head/install/ti_mmwave_rospkg_msgs/include/ti_mmwave_rospkg_msgs/ti_mmwave_rospkg_msgs/msg/detail/radar_track_contents__functions.h
-- Symlinking: /home/docker_user/ros2_ws_head/install/ti_mmwave_rospkg_msgs/include/ti_mmwave_rospkg_msgs/ti_mmwave_rospkg_msgs/msg/detail/radar_track_contents__struct.h
-- Symlinking: /home/docker_user/ros2_ws_head/install/ti_mmwave_rospkg_msgs/include/ti_mmwave_rospkg_msgs/ti_mmwave_rospkg_msgs/msg/detail/radar_track_contents__type_support.h
-- Symlinking: /home/docker_user/ros2_ws_head/install/ti_mmwave_rospkg_msgs/include/ti_mmwave_rospkg_msgs/ti_mmwave_rospkg_msgs/msg/radar_classifier.h
-- Symlinking: /home/docker_user/ros2_ws_head/install/ti_mmwave_rospkg_msgs/include/ti_mmwave_rospkg_msgs/ti_mmwave_rospkg_msgs/msg/radar_micro_doppler_data_array.h
-- Symlinking: /home/docker_user/ros2_ws_head/install/ti_mmwave_rospkg_msgs/include/ti_mmwave_rospkg_msgs/ti_mmwave_rospkg_msgs/msg/radar_micro_doppler_data_contents.h
-- Symlinking: /home/docker_user/ros2_ws_head/install/ti_mmwave_rospkg_msgs/include/ti_mmwave_rospkg_msgs/ti_mmwave_rospkg_msgs/msg/radar_micro_doppler_feature_array.h
-- Symlinking: /home/docker_user/ros2_ws_head/install/ti_mmwave_rospkg_msgs/include/ti_mmwave_rospkg_msgs/ti_mmwave_rospkg_msgs/msg/radar_micro_doppler_feature_contents.h
-- Symlinking: /home/docker_user/ros2_ws_head/install/ti_mmwave_rospkg_msgs/include/ti_mmwave_rospkg_msgs/ti_mmwave_rospkg_msgs/msg/radar_occupancy.h
-- Symlinking: /home/docker_user/ros2_ws_head/install/ti_mmwave_rospkg_msgs/include/ti_mmwave_rospkg_msgs/ti_mmwave_rospkg_msgs/msg/radar_point_track_id.h
-- Symlinking: /home/docker_user/ros2_ws_head/install/ti_mmwave_rospkg_msgs/include/ti_mmwave_rospkg_msgs/ti_mmwave_rospkg_msgs/msg/radar_scan.h
-- Symlinking: /home/docker_user/ros2_ws_head/install/ti_mmwave_rospkg_msgs/include/ti_mmwave_rospkg_msgs/ti_mmwave_rospkg_msgs/msg/radar_track_array.h
-- Symlinking: /home/docker_user/ros2_ws_head/install/ti_mmwave_rospkg_msgs/include/ti_mmwave_rospkg_msgs/ti_mmwave_rospkg_msgs/msg/radar_track_contents.h
-- Symlinking: /home/docker_user/ros2_ws_head/install/ti_mmwave_rospkg_msgs/include/ti_mmwave_rospkg_msgs/ti_mmwave_rospkg_msgs/msg/rosidl_generator_c__visibility_control.h
-- Symlinking: /home/docker_user/ros2_ws_head/install/ti_mmwave_rospkg_msgs/include/ti_mmwave_rospkg_msgs/ti_mmwave_rospkg_msgs/srv/detail/mmwave_cli__functions.h
-- Symlinking: /home/docker_user/ros2_ws_head/install/ti_mmwave_rospkg_msgs/include/ti_mmwave_rospkg_msgs/ti_mmwave_rospkg_msgs/srv/detail/mmwave_cli__struct.h
-- Symlinking: /home/docker_user/ros2_ws_head/install/ti_mmwave_rospkg_msgs/include/ti_mmwave_rospkg_msgs/ti_mmwave_rospkg_msgs/srv/detail/mmwave_cli__type_support.h
-- Symlinking: /home/docker_user/ros2_ws_head/install/ti_mmwave_rospkg_msgs/include/ti_mmwave_rospkg_msgs/ti_mmwave_rospkg_msgs/srv/mmwave_cli.h
-- Symlinking: /home/docker_user/ros2_ws_head/install/ti_mmwave_rospkg_msgs/share/ti_mmwave_rospkg_msgs/environment/library_path.sh
-- Symlinking: /home/docker_user/ros2_ws_head/install/ti_mmwave_rospkg_msgs/share/ti_mmwave_rospkg_msgs/environment/library_path.dsv
-- Symlinking: /home/docker_user/ros2_ws_head/install/ti_mmwave_rospkg_msgs/include/ti_mmwave_rospkg_msgs/ti_mmwave_rospkg_msgs/msg/detail/radar_classifier__rosidl_typesupport_fastrtps_c.h
-- Symlinking: /home/docker_user/ros2_ws_head/install/ti_mmwave_rospkg_msgs/include/ti_mmwave_rospkg_msgs/ti_mmwave_rospkg_msgs/msg/detail/radar_micro_doppler_data_array__rosidl_typesupport_fastrtps_c.h
-- Symlinking: /home/docker_user/ros2_ws_head/install/ti_mmwave_rospkg_msgs/include/ti_mmwave_rospkg_msgs/ti_mmwave_rospkg_msgs/msg/detail/radar_micro_doppler_data_contents__rosidl_typesupport_fastrtps_c.h
-- Symlinking: /home/docker_user/ros2_ws_head/install/ti_mmwave_rospkg_msgs/include/ti_mmwave_rospkg_msgs/ti_mmwave_rospkg_msgs/msg/detail/radar_micro_doppler_feature_array__rosidl_typesupport_fastrtps_c.h
-- Symlinking: /home/docker_user/ros2_ws_head/install/ti_mmwave_rospkg_msgs/include/ti_mmwave_rospkg_msgs/ti_mmwave_rospkg_msgs/msg/detail/radar_micro_doppler_feature_contents__rosidl_typesupport_fastrtps_c.h
-- Symlinking: /home/docker_user/ros2_ws_head/install/ti_mmwave_rospkg_msgs/include/ti_mmwave_rospkg_msgs/ti_mmwave_rospkg_msgs/msg/detail/radar_occupancy__rosidl_typesupport_fastrtps_c.h
-- Symlinking: /home/docker_user/ros2_ws_head/install/ti_mmwave_rospkg_msgs/include/ti_mmwave_rospkg_msgs/ti_mmwave_rospkg_msgs/msg/detail/radar_point_track_id__rosidl_typesupport_fastrtps_c.h
-- Symlinking: /home/docker_user/ros2_ws_head/install/ti_mmwave_rospkg_msgs/include/ti_mmwave_rospkg_msgs/ti_mmwave_rospkg_msgs/msg/detail/radar_scan__rosidl_typesupport_fastrtps_c.h
-- Symlinking: /home/docker_user/ros2_ws_head/install/ti_mmwave_rospkg_msgs/include/ti_mmwave_rospkg_msgs/ti_mmwave_rospkg_msgs/msg/detail/radar_track_array__rosidl_typesupport_fastrtps_c.h
-- Symlinking: /home/docker_user/ros2_ws_head/install/ti_mmwave_rospkg_msgs/include/ti_mmwave_rospkg_msgs/ti_mmwave_rospkg_msgs/msg/detail/radar_track_contents__rosidl_typesupport_fastrtps_c.h
-- Symlinking: /home/docker_user/ros2_ws_head/install/ti_mmwave_rospkg_msgs/include/ti_mmwave_rospkg_msgs/ti_mmwave_rospkg_msgs/msg/rosidl_typesupport_fastrtps_c__visibility_control.h
-- Symlinking: /home/docker_user/ros2_ws_head/install/ti_mmwave_rospkg_msgs/include/ti_mmwave_rospkg_msgs/ti_mmwave_rospkg_msgs/srv/detail/mmwave_cli__rosidl_typesupport_fastrtps_c.h
-- Symlinking: /home/docker_user/ros2_ws_head/install/ti_mmwave_rospkg_msgs/include/ti_mmwave_rospkg_msgs/ti_mmwave_rospkg_msgs/msg/detail/radar_classifier__rosidl_typesupport_introspection_c.h
-- Symlinking: /home/docker_user/ros2_ws_head/install/ti_mmwave_rospkg_msgs/include/ti_mmwave_rospkg_msgs/ti_mmwave_rospkg_msgs/msg/detail/radar_micro_doppler_data_array__rosidl_typesupport_introspection_c.h
-- Symlinking: /home/docker_user/ros2_ws_head/install/ti_mmwave_rospkg_msgs/include/ti_mmwave_rospkg_msgs/ti_mmwave_rospkg_msgs/msg/detail/radar_micro_doppler_data_contents__rosidl_typesupport_introspection_c.h
-- Symlinking: /home/docker_user/ros2_ws_head/install/ti_mmwave_rospkg_msgs/include/ti_mmwave_rospkg_msgs/ti_mmwave_rospkg_msgs/msg/detail/radar_micro_doppler_feature_array__rosidl_typesupport_introspection_c.h
-- Symlinking: /home/docker_user/ros2_ws_head/install/ti_mmwave_rospkg_msgs/include/ti_mmwave_rospkg_msgs/ti_mmwave_rospkg_msgs/msg/detail/radar_micro_doppler_feature_contents__rosidl_typesupport_introspection_c.h
-- Symlinking: /home/docker_user/ros2_ws_head/install/ti_mmwave_rospkg_msgs/include/ti_mmwave_rospkg_msgs/ti_mmwave_rospkg_msgs/msg/detail/radar_occupancy__rosidl_typesupport_introspection_c.h
-- Symlinking: /home/docker_user/ros2_ws_head/install/ti_mmwave_rospkg_msgs/include/ti_mmwave_rospkg_msgs/ti_mmwave_rospkg_msgs/msg/detail/radar_point_track_id__rosidl_typesupport_introspection_c.h
-- Symlinking: /home/docker_user/ros2_ws_head/install/ti_mmwave_rospkg_msgs/include/ti_mmwave_rospkg_msgs/ti_mmwave_rospkg_msgs/msg/detail/radar_scan__rosidl_typesupport_introspection_c.h
-- Symlinking: /home/docker_user/ros2_ws_head/install/ti_mmwave_rospkg_msgs/include/ti_mmwave_rospkg_msgs/ti_mmwave_rospkg_msgs/msg/detail/radar_track_array__rosidl_typesupport_introspection_c.h
-- Symlinking: /home/docker_user/ros2_ws_head/install/ti_mmwave_rospkg_msgs/include/ti_mmwave_rospkg_msgs/ti_mmwave_rospkg_msgs/msg/detail/radar_track_contents__rosidl_typesupport_introspection_c.h
-- Symlinking: /home/docker_user/ros2_ws_head/install/ti_mmwave_rospkg_msgs/include/ti_mmwave_rospkg_msgs/ti_mmwave_rospkg_msgs/msg/rosidl_typesupport_introspection_c__visibility_control.h
-- Symlinking: /home/docker_user/ros2_ws_head/install/ti_mmwave_rospkg_msgs/include/ti_mmwave_rospkg_msgs/ti_mmwave_rospkg_msgs/srv/detail/mmwave_cli__rosidl_typesupport_introspection_c.h
-- Symlinking: /home/docker_user/ros2_ws_head/install/ti_mmwave_rospkg_msgs/include/ti_mmwave_rospkg_msgs/ti_mmwave_rospkg_msgs/msg/detail/radar_classifier__builder.hpp
-- Symlinking: /home/docker_user/ros2_ws_head/install/ti_mmwave_rospkg_msgs/include/ti_mmwave_rospkg_msgs/ti_mmwave_rospkg_msgs/msg/detail/radar_classifier__struct.hpp
-- Symlinking: /home/docker_user/ros2_ws_head/install/ti_mmwave_rospkg_msgs/include/ti_mmwave_rospkg_msgs/ti_mmwave_rospkg_msgs/msg/detail/radar_classifier__traits.hpp
-- Symlinking: /home/docker_user/ros2_ws_head/install/ti_mmwave_rospkg_msgs/include/ti_mmwave_rospkg_msgs/ti_mmwave_rospkg_msgs/msg/detail/radar_classifier__type_support.hpp
-- Symlinking: /home/docker_user/ros2_ws_head/install/ti_mmwave_rospkg_msgs/include/ti_mmwave_rospkg_msgs/ti_mmwave_rospkg_msgs/msg/detail/radar_micro_doppler_data_array__builder.hpp
-- Symlinking: /home/docker_user/ros2_ws_head/install/ti_mmwave_rospkg_msgs/include/ti_mmwave_rospkg_msgs/ti_mmwave_rospkg_msgs/msg/detail/radar_micro_doppler_data_array__struct.hpp
-- Symlinking: /home/docker_user/ros2_ws_head/install/ti_mmwave_rospkg_msgs/include/ti_mmwave_rospkg_msgs/ti_mmwave_rospkg_msgs/msg/detail/radar_micro_doppler_data_array__traits.hpp
-- Symlinking: /home/docker_user/ros2_ws_head/install/ti_mmwave_rospkg_msgs/include/ti_mmwave_rospkg_msgs/ti_mmwave_rospkg_msgs/msg/detail/radar_micro_doppler_data_array__type_support.hpp
-- Symlinking: /home/docker_user/ros2_ws_head/install/ti_mmwave_rospkg_msgs/include/ti_mmwave_rospkg_msgs/ti_mmwave_rospkg_msgs/msg/detail/radar_micro_doppler_data_contents__builder.hpp
-- Symlinking: /home/docker_user/ros2_ws_head/install/ti_mmwave_rospkg_msgs/include/ti_mmwave_rospkg_msgs/ti_mmwave_rospkg_msgs/msg/detail/radar_micro_doppler_data_contents__struct.hpp
-- Symlinking: /home/docker_user/ros2_ws_head/install/ti_mmwave_rospkg_msgs/include/ti_mmwave_rospkg_msgs/ti_mmwave_rospkg_msgs/msg/detail/radar_micro_doppler_data_contents__traits.hpp
-- Symlinking: /home/docker_user/ros2_ws_head/install/ti_mmwave_rospkg_msgs/include/ti_mmwave_rospkg_msgs/ti_mmwave_rospkg_msgs/msg/detail/radar_micro_doppler_data_contents__type_support.hpp
-- Symlinking: /home/docker_user/ros2_ws_head/install/ti_mmwave_rospkg_msgs/include/ti_mmwave_rospkg_msgs/ti_mmwave_rospkg_msgs/msg/detail/radar_micro_doppler_feature_array__builder.hpp
-- Symlinking: /home/docker_user/ros2_ws_head/install/ti_mmwave_rospkg_msgs/include/ti_mmwave_rospkg_msgs/ti_mmwave_rospkg_msgs/msg/detail/radar_micro_doppler_feature_array__struct.hpp
-- Symlinking: /home/docker_user/ros2_ws_head/install/ti_mmwave_rospkg_msgs/include/ti_mmwave_rospkg_msgs/ti_mmwave_rospkg_msgs/msg/detail/radar_micro_doppler_feature_array__traits.hpp
-- Symlinking: /home/docker_user/ros2_ws_head/install/ti_mmwave_rospkg_msgs/include/ti_mmwave_rospkg_msgs/ti_mmwave_rospkg_msgs/msg/detail/radar_micro_doppler_feature_array__type_support.hpp
-- Symlinking: /home/docker_user/ros2_ws_head/install/ti_mmwave_rospkg_msgs/include/ti_mmwave_rospkg_msgs/ti_mmwave_rospkg_msgs/msg/detail/radar_micro_doppler_feature_contents__builder.hpp
-- Symlinking: /home/docker_user/ros2_ws_head/install/ti_mmwave_rospkg_msgs/include/ti_mmwave_rospkg_msgs/ti_mmwave_rospkg_msgs/msg/detail/radar_micro_doppler_feature_contents__struct.hpp
-- Symlinking: /home/docker_user/ros2_ws_head/install/ti_mmwave_rospkg_msgs/include/ti_mmwave_rospkg_msgs/ti_mmwave_rospkg_msgs/msg/detail/radar_micro_doppler_feature_contents__traits.hpp
-- Symlinking: /home/docker_user/ros2_ws_head/install/ti_mmwave_rospkg_msgs/include/ti_mmwave_rospkg_msgs/ti_mmwave_rospkg_msgs/msg/detail/radar_micro_doppler_feature_contents__type_support.hpp
-- Symlinking: /home/docker_user/ros2_ws_head/install/ti_mmwave_rospkg_msgs/include/ti_mmwave_rospkg_msgs/ti_mmwave_rospkg_msgs/msg/detail/radar_occupancy__builder.hpp
-- Symlinking: /home/docker_user/ros2_ws_head/install/ti_mmwave_rospkg_msgs/include/ti_mmwave_rospkg_msgs/ti_mmwave_rospkg_msgs/msg/detail/radar_occupancy__struct.hpp
-- Symlinking: /home/docker_user/ros2_ws_head/install/ti_mmwave_rospkg_msgs/include/ti_mmwave_rospkg_msgs/ti_mmwave_rospkg_msgs/msg/detail/radar_occupancy__traits.hpp
-- Symlinking: /home/docker_user/ros2_ws_head/install/ti_mmwave_rospkg_msgs/include/ti_mmwave_rospkg_msgs/ti_mmwave_rospkg_msgs/msg/detail/radar_occupancy__type_support.hpp
-- Symlinking: /home/docker_user/ros2_ws_head/install/ti_mmwave_rospkg_msgs/include/ti_mmwave_rospkg_msgs/ti_mmwave_rospkg_msgs/msg/detail/radar_point_track_id__builder.hpp
-- Symlinking: /home/docker_user/ros2_ws_head/install/ti_mmwave_rospkg_msgs/include/ti_mmwave_rospkg_msgs/ti_mmwave_rospkg_msgs/msg/detail/radar_point_track_id__struct.hpp
-- Symlinking: /home/docker_user/ros2_ws_head/install/ti_mmwave_rospkg_msgs/include/ti_mmwave_rospkg_msgs/ti_mmwave_rospkg_msgs/msg/detail/radar_point_track_id__traits.hpp
-- Symlinking: /home/docker_user/ros2_ws_head/install/ti_mmwave_rospkg_msgs/include/ti_mmwave_rospkg_msgs/ti_mmwave_rospkg_msgs/msg/detail/radar_point_track_id__type_support.hpp
-- Symlinking: /home/docker_user/ros2_ws_head/install/ti_mmwave_rospkg_msgs/include/ti_mmwave_rospkg_msgs/ti_mmwave_rospkg_msgs/msg/detail/radar_scan__builder.hpp
-- Symlinking: /home/docker_user/ros2_ws_head/install/ti_mmwave_rospkg_msgs/include/ti_mmwave_rospkg_msgs/ti_mmwave_rospkg_msgs/msg/detail/radar_scan__struct.hpp
-- Symlinking: /home/docker_user/ros2_ws_head/install/ti_mmwave_rospkg_msgs/include/ti_mmwave_rospkg_msgs/ti_mmwave_rospkg_msgs/msg/detail/radar_scan__traits.hpp
-- Symlinking: /home/docker_user/ros2_ws_head/install/ti_mmwave_rospkg_msgs/include/ti_mmwave_rospkg_msgs/ti_mmwave_rospkg_msgs/msg/detail/radar_scan__type_support.hpp
-- Symlinking: /home/docker_user/ros2_ws_head/install/ti_mmwave_rospkg_msgs/include/ti_mmwave_rospkg_msgs/ti_mmwave_rospkg_msgs/msg/detail/radar_track_array__builder.hpp
-- Symlinking: /home/docker_user/ros2_ws_head/install/ti_mmwave_rospkg_msgs/include/ti_mmwave_rospkg_msgs/ti_mmwave_rospkg_msgs/msg/detail/radar_track_array__struct.hpp
-- Symlinking: /home/docker_user/ros2_ws_head/install/ti_mmwave_rospkg_msgs/include/ti_mmwave_rospkg_msgs/ti_mmwave_rospkg_msgs/msg/detail/radar_track_array__traits.hpp
-- Symlinking: /home/docker_user/ros2_ws_head/install/ti_mmwave_rospkg_msgs/include/ti_mmwave_rospkg_msgs/ti_mmwave_rospkg_msgs/msg/detail/radar_track_array__type_support.hpp
-- Symlinking: /home/docker_user/ros2_ws_head/install/ti_mmwave_rospkg_msgs/include/ti_mmwave_rospkg_msgs/ti_mmwave_rospkg_msgs/msg/detail/radar_track_contents__builder.hpp
-- Symlinking: /home/docker_user/ros2_ws_head/install/ti_mmwave_rospkg_msgs/include/ti_mmwave_rospkg_msgs/ti_mmwave_rospkg_msgs/msg/detail/radar_track_contents__struct.hpp
-- Symlinking: /home/docker_user/ros2_ws_head/install/ti_mmwave_rospkg_msgs/include/ti_mmwave_rospkg_msgs/ti_mmwave_rospkg_msgs/msg/detail/radar_track_contents__traits.hpp
-- Symlinking: /home/docker_user/ros2_ws_head/install/ti_mmwave_rospkg_msgs/include/ti_mmwave_rospkg_msgs/ti_mmwave_rospkg_msgs/msg/detail/radar_track_contents__type_support.hpp
-- Symlinking: /home/docker_user/ros2_ws_head/install/ti_mmwave_rospkg_msgs/include/ti_mmwave_rospkg_msgs/ti_mmwave_rospkg_msgs/msg/radar_classifier.hpp
-- Symlinking: /home/docker_user/ros2_ws_head/install/ti_mmwave_rospkg_msgs/include/ti_mmwave_rospkg_msgs/ti_mmwave_rospkg_msgs/msg/radar_micro_doppler_data_array.hpp
-- Symlinking: /home/docker_user/ros2_ws_head/install/ti_mmwave_rospkg_msgs/include/ti_mmwave_rospkg_msgs/ti_mmwave_rospkg_msgs/msg/radar_micro_doppler_data_contents.hpp
-- Symlinking: /home/docker_user/ros2_ws_head/install/ti_mmwave_rospkg_msgs/include/ti_mmwave_rospkg_msgs/ti_mmwave_rospkg_msgs/msg/radar_micro_doppler_feature_array.hpp
-- Symlinking: /home/docker_user/ros2_ws_head/install/ti_mmwave_rospkg_msgs/include/ti_mmwave_rospkg_msgs/ti_mmwave_rospkg_msgs/msg/radar_micro_doppler_feature_contents.hpp
-- Symlinking: /home/docker_user/ros2_ws_head/install/ti_mmwave_rospkg_msgs/include/ti_mmwave_rospkg_msgs/ti_mmwave_rospkg_msgs/msg/radar_occupancy.hpp
-- Symlinking: /home/docker_user/ros2_ws_head/install/ti_mmwave_rospkg_msgs/include/ti_mmwave_rospkg_msgs/ti_mmwave_rospkg_msgs/msg/radar_point_track_id.hpp
-- Symlinking: /home/docker_user/ros2_ws_head/install/ti_mmwave_rospkg_msgs/include/ti_mmwave_rospkg_msgs/ti_mmwave_rospkg_msgs/msg/radar_scan.hpp
-- Symlinking: /home/docker_user/ros2_ws_head/install/ti_mmwave_rospkg_msgs/include/ti_mmwave_rospkg_msgs/ti_mmwave_rospkg_msgs/msg/radar_track_array.hpp
-- Symlinking: /home/docker_user/ros2_ws_head/install/ti_mmwave_rospkg_msgs/include/ti_mmwave_rospkg_msgs/ti_mmwave_rospkg_msgs/msg/radar_track_contents.hpp
-- Symlinking: /home/docker_user/ros2_ws_head/install/ti_mmwave_rospkg_msgs/include/ti_mmwave_rospkg_msgs/ti_mmwave_rospkg_msgs/msg/rosidl_generator_cpp__visibility_control.hpp
-- Symlinking: /home/docker_user/ros2_ws_head/install/ti_mmwave_rospkg_msgs/include/ti_mmwave_rospkg_msgs/ti_mmwave_rospkg_msgs/srv/detail/mmwave_cli__builder.hpp
-- Symlinking: /home/docker_user/ros2_ws_head/install/ti_mmwave_rospkg_msgs/include/ti_mmwave_rospkg_msgs/ti_mmwave_rospkg_msgs/srv/detail/mmwave_cli__struct.hpp
-- Symlinking: /home/docker_user/ros2_ws_head/install/ti_mmwave_rospkg_msgs/include/ti_mmwave_rospkg_msgs/ti_mmwave_rospkg_msgs/srv/detail/mmwave_cli__traits.hpp
-- Symlinking: /home/docker_user/ros2_ws_head/install/ti_mmwave_rospkg_msgs/include/ti_mmwave_rospkg_msgs/ti_mmwave_rospkg_msgs/srv/detail/mmwave_cli__type_support.hpp
-- Symlinking: /home/docker_user/ros2_ws_head/install/ti_mmwave_rospkg_msgs/include/ti_mmwave_rospkg_msgs/ti_mmwave_rospkg_msgs/srv/mmwave_cli.hpp
-- Symlinking: /home/docker_user/ros2_ws_head/install/ti_mmwave_rospkg_msgs/include/ti_mmwave_rospkg_msgs/ti_mmwave_rospkg_msgs/msg/detail/radar_classifier__rosidl_typesupport_fastrtps_cpp.hpp
-- Symlinking: /home/docker_user/ros2_ws_head/install/ti_mmwave_rospkg_msgs/include/ti_mmwave_rospkg_msgs/ti_mmwave_rospkg_msgs/msg/detail/radar_micro_doppler_data_array__rosidl_typesupport_fastrtps_cpp.hpp
-- Symlinking: /home/docker_user/ros2_ws_head/install/ti_mmwave_rospkg_msgs/include/ti_mmwave_rospkg_msgs/ti_mmwave_rospkg_msgs/msg/detail/radar_micro_doppler_data_contents__rosidl_typesupport_fastrtps_cpp.hpp
-- Symlinking: /home/docker_user/ros2_ws_head/install/ti_mmwave_rospkg_msgs/include/ti_mmwave_rospkg_msgs/ti_mmwave_rospkg_msgs/msg/detail/radar_micro_doppler_feature_array__rosidl_typesupport_fastrtps_cpp.hpp
-- Symlinking: /home/docker_user/ros2_ws_head/install/ti_mmwave_rospkg_msgs/include/ti_mmwave_rospkg_msgs/ti_mmwave_rospkg_msgs/msg/detail/radar_micro_doppler_feature_contents__rosidl_typesupport_fastrtps_cpp.hpp
-- Symlinking: /home/docker_user/ros2_ws_head/install/ti_mmwave_rospkg_msgs/include/ti_mmwave_rospkg_msgs/ti_mmwave_rospkg_msgs/msg/detail/radar_occupancy__rosidl_typesupport_fastrtps_cpp.hpp
-- Symlinking: /home/docker_user/ros2_ws_head/install/ti_mmwave_rospkg_msgs/include/ti_mmwave_rospkg_msgs/ti_mmwave_rospkg_msgs/msg/detail/radar_point_track_id__rosidl_typesupport_fastrtps_cpp.hpp
-- Symlinking: /home/docker_user/ros2_ws_head/install/ti_mmwave_rospkg_msgs/include/ti_mmwave_rospkg_msgs/ti_mmwave_rospkg_msgs/msg/detail/radar_scan__rosidl_typesupport_fastrtps_cpp.hpp
-- Symlinking: /home/docker_user/ros2_ws_head/install/ti_mmwave_rospkg_msgs/include/ti_mmwave_rospkg_msgs/ti_mmwave_rospkg_msgs/msg/detail/radar_track_array__rosidl_typesupport_fastrtps_cpp.hpp
-- Symlinking: /home/docker_user/ros2_ws_head/install/ti_mmwave_rospkg_msgs/include/ti_mmwave_rospkg_msgs/ti_mmwave_rospkg_msgs/msg/detail/radar_track_contents__rosidl_typesupport_fastrtps_cpp.hpp
-- Symlinking: /home/docker_user/ros2_ws_head/install/ti_mmwave_rospkg_msgs/include/ti_mmwave_rospkg_msgs/ti_mmwave_rospkg_msgs/msg/rosidl_typesupport_fastrtps_cpp__visibility_control.h
-- Symlinking: /home/docker_user/ros2_ws_head/install/ti_mmwave_rospkg_msgs/include/ti_mmwave_rospkg_msgs/ti_mmwave_rospkg_msgs/srv/detail/mmwave_cli__rosidl_typesupport_fastrtps_cpp.hpp
-- Symlinking: /home/docker_user/ros2_ws_head/install/ti_mmwave_rospkg_msgs/include/ti_mmwave_rospkg_msgs/ti_mmwave_rospkg_msgs/msg/detail/radar_classifier__rosidl_typesupport_introspection_cpp.hpp
-- Symlinking: /home/docker_user/ros2_ws_head/install/ti_mmwave_rospkg_msgs/include/ti_mmwave_rospkg_msgs/ti_mmwave_rospkg_msgs/msg/detail/radar_micro_doppler_data_array__rosidl_typesupport_introspection_cpp.hpp
-- Symlinking: /home/docker_user/ros2_ws_head/install/ti_mmwave_rospkg_msgs/include/ti_mmwave_rospkg_msgs/ti_mmwave_rospkg_msgs/msg/detail/radar_micro_doppler_data_contents__rosidl_typesupport_introspection_cpp.hpp
-- Symlinking: /home/docker_user/ros2_ws_head/install/ti_mmwave_rospkg_msgs/include/ti_mmwave_rospkg_msgs/ti_mmwave_rospkg_msgs/msg/detail/radar_micro_doppler_feature_array__rosidl_typesupport_introspection_cpp.hpp
-- Symlinking: /home/docker_user/ros2_ws_head/install/ti_mmwave_rospkg_msgs/include/ti_mmwave_rospkg_msgs/ti_mmwave_rospkg_msgs/msg/detail/radar_micro_doppler_feature_contents__rosidl_typesupport_introspection_cpp.hpp
-- Symlinking: /home/docker_user/ros2_ws_head/install/ti_mmwave_rospkg_msgs/include/ti_mmwave_rospkg_msgs/ti_mmwave_rospkg_msgs/msg/detail/radar_occupancy__rosidl_typesupport_introspection_cpp.hpp
-- Symlinking: /home/docker_user/ros2_ws_head/install/ti_mmwave_rospkg_msgs/include/ti_mmwave_rospkg_msgs/ti_mmwave_rospkg_msgs/msg/detail/radar_point_track_id__rosidl_typesupport_introspection_cpp.hpp
-- Symlinking: /home/docker_user/ros2_ws_head/install/ti_mmwave_rospkg_msgs/include/ti_mmwave_rospkg_msgs/ti_mmwave_rospkg_msgs/msg/detail/radar_scan__rosidl_typesupport_introspection_cpp.hpp
-- Symlinking: /home/docker_user/ros2_ws_head/install/ti_mmwave_rospkg_msgs/include/ti_mmwave_rospkg_msgs/ti_mmwave_rospkg_msgs/msg/detail/radar_track_array__rosidl_typesupport_introspection_cpp.hpp
-- Symlinking: /home/docker_user/ros2_ws_head/install/ti_mmwave_rospkg_msgs/include/ti_mmwave_rospkg_msgs/ti_mmwave_rospkg_msgs/msg/detail/radar_track_contents__rosidl_typesupport_introspection_cpp.hpp
-- Symlinking: /home/docker_user/ros2_ws_head/install/ti_mmwave_rospkg_msgs/include/ti_mmwave_rospkg_msgs/ti_mmwave_rospkg_msgs/srv/detail/mmwave_cli__rosidl_typesupport_introspection_cpp.hpp
-- Symlinking: /home/docker_user/ros2_ws_head/install/ti_mmwave_rospkg_msgs/share/ti_mmwave_rospkg_msgs/environment/pythonpath.sh
-- Symlinking: /home/docker_user/ros2_ws_head/install/ti_mmwave_rospkg_msgs/share/ti_mmwave_rospkg_msgs/environment/pythonpath.dsv
-- Symlinking: /home/docker_user/ros2_ws_head/install/ti_mmwave_rospkg_msgs/local/lib/python3.10/dist-packages/ti_mmwave_rospkg_msgs-1.0.0-py3.10.egg-info/PKG-INFO
-- Symlinking: /home/docker_user/ros2_ws_head/install/ti_mmwave_rospkg_msgs/local/lib/python3.10/dist-packages/ti_mmwave_rospkg_msgs-1.0.0-py3.10.egg-info/SOURCES.txt
-- Symlinking: /home/docker_user/ros2_ws_head/install/ti_mmwave_rospkg_msgs/local/lib/python3.10/dist-packages/ti_mmwave_rospkg_msgs-1.0.0-py3.10.egg-info/dependency_links.txt
-- Symlinking: /home/docker_user/ros2_ws_head/install/ti_mmwave_rospkg_msgs/local/lib/python3.10/dist-packages/ti_mmwave_rospkg_msgs-1.0.0-py3.10.egg-info/top_level.txt
-- Symlinking: /home/docker_user/ros2_ws_head/install/ti_mmwave_rospkg_msgs/local/lib/python3.10/dist-packages/ti_mmwave_rospkg_msgs/__init__.py
-- Symlinking: /home/docker_user/ros2_ws_head/install/ti_mmwave_rospkg_msgs/local/lib/python3.10/dist-packages/ti_mmwave_rospkg_msgs/_ti_mmwave_rospkg_msgs_s.ep.rosidl_typesupport_c.c
-- Symlinking: /home/docker_user/ros2_ws_head/install/ti_mmwave_rospkg_msgs/local/lib/python3.10/dist-packages/ti_mmwave_rospkg_msgs/_ti_mmwave_rospkg_msgs_s.ep.rosidl_typesupport_fastrtps_c.c
-- Symlinking: /home/docker_user/ros2_ws_head/install/ti_mmwave_rospkg_msgs/local/lib/python3.10/dist-packages/ti_mmwave_rospkg_msgs/_ti_mmwave_rospkg_msgs_s.ep.rosidl_typesupport_introspection_c.c
-- Symlinking: /home/docker_user/ros2_ws_head/install/ti_mmwave_rospkg_msgs/local/lib/python3.10/dist-packages/ti_mmwave_rospkg_msgs/libti_mmwave_rospkg_msgs__rosidl_generator_py.so
-- Symlinking: /home/docker_user/ros2_ws_head/install/ti_mmwave_rospkg_msgs/local/lib/python3.10/dist-packages/ti_mmwave_rospkg_msgs/msg/__init__.py
-- Symlinking: /home/docker_user/ros2_ws_head/install/ti_mmwave_rospkg_msgs/local/lib/python3.10/dist-packages/ti_mmwave_rospkg_msgs/msg/_radar_classifier.py
-- Symlinking: /home/docker_user/ros2_ws_head/install/ti_mmwave_rospkg_msgs/local/lib/python3.10/dist-packages/ti_mmwave_rospkg_msgs/msg/_radar_classifier_s.c
-- Symlinking: /home/docker_user/ros2_ws_head/install/ti_mmwave_rospkg_msgs/local/lib/python3.10/dist-packages/ti_mmwave_rospkg_msgs/msg/_radar_micro_doppler_data_array.py
-- Symlinking: /home/docker_user/ros2_ws_head/install/ti_mmwave_rospkg_msgs/local/lib/python3.10/dist-packages/ti_mmwave_rospkg_msgs/msg/_radar_micro_doppler_data_array_s.c
-- Symlinking: /home/docker_user/ros2_ws_head/install/ti_mmwave_rospkg_msgs/local/lib/python3.10/dist-packages/ti_mmwave_rospkg_msgs/msg/_radar_micro_doppler_data_contents.py
-- Symlinking: /home/docker_user/ros2_ws_head/install/ti_mmwave_rospkg_msgs/local/lib/python3.10/dist-packages/ti_mmwave_rospkg_msgs/msg/_radar_micro_doppler_data_contents_s.c
-- Symlinking: /home/docker_user/ros2_ws_head/install/ti_mmwave_rospkg_msgs/local/lib/python3.10/dist-packages/ti_mmwave_rospkg_msgs/msg/_radar_micro_doppler_feature_array.py
-- Symlinking: /home/docker_user/ros2_ws_head/install/ti_mmwave_rospkg_msgs/local/lib/python3.10/dist-packages/ti_mmwave_rospkg_msgs/msg/_radar_micro_doppler_feature_array_s.c
-- Symlinking: /home/docker_user/ros2_ws_head/install/ti_mmwave_rospkg_msgs/local/lib/python3.10/dist-packages/ti_mmwave_rospkg_msgs/msg/_radar_micro_doppler_feature_contents.py
-- Symlinking: /home/docker_user/ros2_ws_head/install/ti_mmwave_rospkg_msgs/local/lib/python3.10/dist-packages/ti_mmwave_rospkg_msgs/msg/_radar_micro_doppler_feature_contents_s.c
-- Symlinking: /home/docker_user/ros2_ws_head/install/ti_mmwave_rospkg_msgs/local/lib/python3.10/dist-packages/ti_mmwave_rospkg_msgs/msg/_radar_occupancy.py
-- Symlinking: /home/docker_user/ros2_ws_head/install/ti_mmwave_rospkg_msgs/local/lib/python3.10/dist-packages/ti_mmwave_rospkg_msgs/msg/_radar_occupancy_s.c
-- Symlinking: /home/docker_user/ros2_ws_head/install/ti_mmwave_rospkg_msgs/local/lib/python3.10/dist-packages/ti_mmwave_rospkg_msgs/msg/_radar_point_track_id.py
-- Symlinking: /home/docker_user/ros2_ws_head/install/ti_mmwave_rospkg_msgs/local/lib/python3.10/dist-packages/ti_mmwave_rospkg_msgs/msg/_radar_point_track_id_s.c
-- Symlinking: /home/docker_user/ros2_ws_head/install/ti_mmwave_rospkg_msgs/local/lib/python3.10/dist-packages/ti_mmwave_rospkg_msgs/msg/_radar_scan.py
-- Symlinking: /home/docker_user/ros2_ws_head/install/ti_mmwave_rospkg_msgs/local/lib/python3.10/dist-packages/ti_mmwave_rospkg_msgs/msg/_radar_scan_s.c
-- Symlinking: /home/docker_user/ros2_ws_head/install/ti_mmwave_rospkg_msgs/local/lib/python3.10/dist-packages/ti_mmwave_rospkg_msgs/msg/_radar_track_array.py
-- Symlinking: /home/docker_user/ros2_ws_head/install/ti_mmwave_rospkg_msgs/local/lib/python3.10/dist-packages/ti_mmwave_rospkg_msgs/msg/_radar_track_array_s.c
-- Symlinking: /home/docker_user/ros2_ws_head/install/ti_mmwave_rospkg_msgs/local/lib/python3.10/dist-packages/ti_mmwave_rospkg_msgs/msg/_radar_track_contents.py
-- Symlinking: /home/docker_user/ros2_ws_head/install/ti_mmwave_rospkg_msgs/local/lib/python3.10/dist-packages/ti_mmwave_rospkg_msgs/msg/_radar_track_contents_s.c
-- Symlinking: /home/docker_user/ros2_ws_head/install/ti_mmwave_rospkg_msgs/local/lib/python3.10/dist-packages/ti_mmwave_rospkg_msgs/srv/__init__.py
-- Symlinking: /home/docker_user/ros2_ws_head/install/ti_mmwave_rospkg_msgs/local/lib/python3.10/dist-packages/ti_mmwave_rospkg_msgs/srv/_mmwave_cli.py
-- Symlinking: /home/docker_user/ros2_ws_head/install/ti_mmwave_rospkg_msgs/local/lib/python3.10/dist-packages/ti_mmwave_rospkg_msgs/srv/_mmwave_cli_s.c
-- Symlinking: /home/docker_user/ros2_ws_head/install/ti_mmwave_rospkg_msgs/local/lib/python3.10/dist-packages/ti_mmwave_rospkg_msgs/ti_mmwave_rospkg_msgs_s__rosidl_typesupport_c.cpython-310-x86_64-linux-gnu.so
-- Symlinking: /home/docker_user/ros2_ws_head/install/ti_mmwave_rospkg_msgs/local/lib/python3.10/dist-packages/ti_mmwave_rospkg_msgs/ti_mmwave_rospkg_msgs_s__rosidl_typesupport_fastrtps_c.cpython-310-x86_64-linux-gnu.so
-- Symlinking: /home/docker_user/ros2_ws_head/install/ti_mmwave_rospkg_msgs/local/lib/python3.10/dist-packages/ti_mmwave_rospkg_msgs/ti_mmwave_rospkg_msgs_s__rosidl_typesupport_introspection_c.cpython-310-x86_64-linux-gnu.so
-- Up-to-date symlink: /home/docker_user/ros2_ws_head/install/ti_mmwave_rospkg_msgs/local/lib/python3.10/dist-packages/ti_mmwave_rospkg_msgs/ti_mmwave_rospkg_msgs_s__rosidl_typesupport_fastrtps_c.cpython-310-x86_64-linux-gnu.so
-- Up-to-date symlink: /home/docker_user/ros2_ws_head/install/ti_mmwave_rospkg_msgs/local/lib/python3.10/dist-packages/ti_mmwave_rospkg_msgs/ti_mmwave_rospkg_msgs_s__rosidl_typesupport_introspection_c.cpython-310-x86_64-linux-gnu.so
-- Up-to-date symlink: /home/docker_user/ros2_ws_head/install/ti_mmwave_rospkg_msgs/local/lib/python3.10/dist-packages/ti_mmwave_rospkg_msgs/ti_mmwave_rospkg_msgs_s__rosidl_typesupport_c.cpython-310-x86_64-linux-gnu.so
-- Symlinking: /home/docker_user/ros2_ws_head/install/ti_mmwave_rospkg_msgs/share/ti_mmwave_rospkg_msgs/msg/RadarScan.idl
-- Symlinking: /home/docker_user/ros2_ws_head/install/ti_mmwave_rospkg_msgs/share/ti_mmwave_rospkg_msgs/msg/RadarOccupancy.idl
-- Symlinking: /home/docker_user/ros2_ws_head/install/ti_mmwave_rospkg_msgs/share/ti_mmwave_rospkg_msgs/msg/RadarClassifier.idl
-- Symlinking: /home/docker_user/ros2_ws_head/install/ti_mmwave_rospkg_msgs/share/ti_mmwave_rospkg_msgs/msg/RadarTrackArray.idl
-- Symlinking: /home/docker_user/ros2_ws_head/install/ti_mmwave_rospkg_msgs/share/ti_mmwave_rospkg_msgs/msg/RadarTrackContents.idl
-- Symlinking: /home/docker_user/ros2_ws_head/install/ti_mmwave_rospkg_msgs/share/ti_mmwave_rospkg_msgs/msg/RadarPointTrackID.idl
-- Symlinking: /home/docker_user/ros2_ws_head/install/ti_mmwave_rospkg_msgs/share/ti_mmwave_rospkg_msgs/msg/RadarMicroDopplerDataArray.idl
-- Symlinking: /home/docker_user/ros2_ws_head/install/ti_mmwave_rospkg_msgs/share/ti_mmwave_rospkg_msgs/msg/RadarMicroDopplerDataContents.idl
-- Symlinking: /home/docker_user/ros2_ws_head/install/ti_mmwave_rospkg_msgs/share/ti_mmwave_rospkg_msgs/msg/RadarMicroDopplerFeatureArray.idl
-- Symlinking: /home/docker_user/ros2_ws_head/install/ti_mmwave_rospkg_msgs/share/ti_mmwave_rospkg_msgs/msg/RadarMicroDopplerFeatureContents.idl
-- Symlinking: /home/docker_user/ros2_ws_head/install/ti_mmwave_rospkg_msgs/share/ti_mmwave_rospkg_msgs/srv/MmwaveCli.idl
-- Symlinking: /home/docker_user/ros2_ws_head/install/ti_mmwave_rospkg_msgs/share/ti_mmwave_rospkg_msgs/msg/RadarScan.msg
-- Symlinking: /home/docker_user/ros2_ws_head/install/ti_mmwave_rospkg_msgs/share/ti_mmwave_rospkg_msgs/msg/RadarOccupancy.msg
-- Symlinking: /home/docker_user/ros2_ws_head/install/ti_mmwave_rospkg_msgs/share/ti_mmwave_rospkg_msgs/msg/RadarClassifier.msg
-- Symlinking: /home/docker_user/ros2_ws_head/install/ti_mmwave_rospkg_msgs/share/ti_mmwave_rospkg_msgs/msg/RadarTrackArray.msg
-- Symlinking: /home/docker_user/ros2_ws_head/install/ti_mmwave_rospkg_msgs/share/ti_mmwave_rospkg_msgs/msg/RadarTrackContents.msg
-- Symlinking: /home/docker_user/ros2_ws_head/install/ti_mmwave_rospkg_msgs/share/ti_mmwave_rospkg_msgs/msg/RadarPointTrackID.msg
-- Symlinking: /home/docker_user/ros2_ws_head/install/ti_mmwave_rospkg_msgs/share/ti_mmwave_rospkg_msgs/msg/RadarMicroDopplerDataArray.msg
-- Symlinking: /home/docker_user/ros2_ws_head/install/ti_mmwave_rospkg_msgs/share/ti_mmwave_rospkg_msgs/msg/RadarMicroDopplerDataContents.msg
-- Symlinking: /home/docker_user/ros2_ws_head/install/ti_mmwave_rospkg_msgs/share/ti_mmwave_rospkg_msgs/msg/RadarMicroDopplerFeatureArray.msg
-- Symlinking: /home/docker_user/ros2_ws_head/install/ti_mmwave_rospkg_msgs/share/ti_mmwave_rospkg_msgs/msg/RadarMicroDopplerFeatureContents.msg
-- Symlinking: /home/docker_user/ros2_ws_head/install/ti_mmwave_rospkg_msgs/share/ti_mmwave_rospkg_msgs/srv/MmwaveCli.srv
-- Symlinking: /home/docker_user/ros2_ws_head/install/ti_mmwave_rospkg_msgs/share/ti_mmwave_rospkg_msgs/srv/MmwaveCli_Request.msg
-- Symlinking: /home/docker_user/ros2_ws_head/install/ti_mmwave_rospkg_msgs/share/ti_mmwave_rospkg_msgs/srv/MmwaveCli_Response.msg
-- Symlinking: /home/docker_user/ros2_ws_head/install/ti_mmwave_rospkg_msgs/share/ament_index/resource_index/package_run_dependencies/ti_mmwave_rospkg_msgs
-- Symlinking: /home/docker_user/ros2_ws_head/install/ti_mmwave_rospkg_msgs/share/ament_index/resource_index/parent_prefix_path/ti_mmwave_rospkg_msgs
-- Symlinking: /home/docker_user/ros2_ws_head/install/ti_mmwave_rospkg_msgs/share/ti_mmwave_rospkg_msgs/environment/ament_prefix_path.sh
-- Symlinking: /home/docker_user/ros2_ws_head/install/ti_mmwave_rospkg_msgs/share/ti_mmwave_rospkg_msgs/environment/ament_prefix_path.dsv
-- Symlinking: /home/docker_user/ros2_ws_head/install/ti_mmwave_rospkg_msgs/share/ti_mmwave_rospkg_msgs/environment/path.sh
-- Symlinking: /home/docker_user/ros2_ws_head/install/ti_mmwave_rospkg_msgs/share/ti_mmwave_rospkg_msgs/environment/path.dsv
-- Symlinking: /home/docker_user/ros2_ws_head/install/ti_mmwave_rospkg_msgs/share/ti_mmwave_rospkg_msgs/local_setup.bash
-- Symlinking: /home/docker_user/ros2_ws_head/install/ti_mmwave_rospkg_msgs/share/ti_mmwave_rospkg_msgs/local_setup.sh
-- Symlinking: /home/docker_user/ros2_ws_head/install/ti_mmwave_rospkg_msgs/share/ti_mmwave_rospkg_msgs/local_setup.zsh
-- Symlinking: /home/docker_user/ros2_ws_head/install/ti_mmwave_rospkg_msgs/share/ti_mmwave_rospkg_msgs/local_setup.dsv
-- Symlinking: /home/docker_user/ros2_ws_head/install/ti_mmwave_rospkg_msgs/share/ti_mmwave_rospkg_msgs/package.dsv
-- Symlinking: /home/docker_user/ros2_ws_head/install/ti_mmwave_rospkg_msgs/share/ament_index/resource_index/packages/ti_mmwave_rospkg_msgs
-- Symlinking: /home/docker_user/ros2_ws_head/install/ti_mmwave_rospkg_msgs/share/ti_mmwave_rospkg_msgs/cmake/rosidl_cmake-extras.cmake
-- Symlinking: /home/docker_user/ros2_ws_head/install/ti_mmwave_rospkg_msgs/share/ti_mmwave_rospkg_msgs/cmake/ament_cmake_export_dependencies-extras.cmake
-- Symlinking: /home/docker_user/ros2_ws_head/install/ti_mmwave_rospkg_msgs/share/ti_mmwave_rospkg_msgs/cmake/ament_cmake_export_include_directories-extras.cmake
-- Symlinking: /home/docker_user/ros2_ws_head/install/ti_mmwave_rospkg_msgs/share/ti_mmwave_rospkg_msgs/cmake/ament_cmake_export_libraries-extras.cmake
-- Symlinking: /home/docker_user/ros2_ws_head/install/ti_mmwave_rospkg_msgs/share/ti_mmwave_rospkg_msgs/cmake/ament_cmake_export_targets-extras.cmake
-- Symlinking: /home/docker_user/ros2_ws_head/install/ti_mmwave_rospkg_msgs/share/ti_mmwave_rospkg_msgs/cmake/rosidl_cmake_export_typesupport_targets-extras.cmake
-- Symlinking: /home/docker_user/ros2_ws_head/install/ti_mmwave_rospkg_msgs/share/ti_mmwave_rospkg_msgs/cmake/rosidl_cmake_export_typesupport_libraries-extras.cmake
-- Symlinking: /home/docker_user/ros2_ws_head/install/ti_mmwave_rospkg_msgs/share/ti_mmwave_rospkg_msgs/cmake/ti_mmwave_rospkg_msgsConfig.cmake
-- Symlinking: /home/docker_user/ros2_ws_head/install/ti_mmwave_rospkg_msgs/share/ti_mmwave_rospkg_msgs/cmake/ti_mmwave_rospkg_msgsConfig-version.cmake
-- Symlinking: /home/docker_user/ros2_ws_head/install/ti_mmwave_rospkg_msgs/share/ti_mmwave_rospkg_msgs/package.xml
-- Installing: /home/docker_user/ros2_ws_head/install/ti_mmwave_rospkg_msgs/lib/libti_mmwave_rospkg_msgs__rosidl_generator_c.so
-- Set runtime path of "/home/docker_user/ros2_ws_head/install/ti_mmwave_rospkg_msgs/lib/libti_mmwave_rospkg_msgs__rosidl_generator_c.so" to ""
-- Installing: /home/docker_user/ros2_ws_head/install/ti_mmwave_rospkg_msgs/lib/libti_mmwave_rospkg_msgs__rosidl_typesupport_fastrtps_c.so
-- Set runtime path of "/home/docker_user/ros2_ws_head/install/ti_mmwave_rospkg_msgs/lib/libti_mmwave_rospkg_msgs__rosidl_typesupport_fastrtps_c.so" to ""
-- Installing: /home/docker_user/ros2_ws_head/install/ti_mmwave_rospkg_msgs/lib/libti_mmwave_rospkg_msgs__rosidl_typesupport_introspection_c.so
-- Set runtime path of "/home/docker_user/ros2_ws_head/install/ti_mmwave_rospkg_msgs/lib/libti_mmwave_rospkg_msgs__rosidl_typesupport_introspection_c.so" to ""
-- Installing: /home/docker_user/ros2_ws_head/install/ti_mmwave_rospkg_msgs/lib/libti_mmwave_rospkg_msgs__rosidl_typesupport_c.so
-- Set runtime path of "/home/docker_user/ros2_ws_head/install/ti_mmwave_rospkg_msgs/lib/libti_mmwave_rospkg_msgs__rosidl_typesupport_c.so" to ""
-- Installing: /home/docker_user/ros2_ws_head/install/ti_mmwave_rospkg_msgs/lib/libti_mmwave_rospkg_msgs__rosidl_typesupport_fastrtps_cpp.so
-- Set runtime path of "/home/docker_user/ros2_ws_head/install/ti_mmwave_rospkg_msgs/lib/libti_mmwave_rospkg_msgs__rosidl_typesupport_fastrtps_cpp.so" to ""
-- Installing: /home/docker_user/ros2_ws_head/install/ti_mmwave_rospkg_msgs/lib/libti_mmwave_rospkg_msgs__rosidl_typesupport_introspection_cpp.so
-- Set runtime path of "/home/docker_user/ros2_ws_head/install/ti_mmwave_rospkg_msgs/lib/libti_mmwave_rospkg_msgs__rosidl_typesupport_introspection_cpp.so" to ""
-- Installing: /home/docker_user/ros2_ws_head/install/ti_mmwave_rospkg_msgs/lib/libti_mmwave_rospkg_msgs__rosidl_typesupport_cpp.so
-- Set runtime path of "/home/docker_user/ros2_ws_head/install/ti_mmwave_rospkg_msgs/lib/libti_mmwave_rospkg_msgs__rosidl_typesupport_cpp.so" to ""
Listing '/home/docker_user/ros2_ws_head/install/ti_mmwave_rospkg_msgs/local/lib/python3.10/dist-packages/ti_mmwave_rospkg_msgs'...
Compiling '/home/docker_user/ros2_ws_head/install/ti_mmwave_rospkg_msgs/local/lib/python3.10/dist-packages/ti_mmwave_rospkg_msgs/__init__.py'...
Listing '/home/docker_user/ros2_ws_head/install/ti_mmwave_rospkg_msgs/local/lib/python3.10/dist-packages/ti_mmwave_rospkg_msgs/msg'...
Compiling '/home/docker_user/ros2_ws_head/install/ti_mmwave_rospkg_msgs/local/lib/python3.10/dist-packages/ti_mmwave_rospkg_msgs/msg/__init__.py'...
Compiling '/home/docker_user/ros2_ws_head/install/ti_mmwave_rospkg_msgs/local/lib/python3.10/dist-packages/ti_mmwave_rospkg_msgs/msg/_radar_classifier.py'...
Compiling '/home/docker_user/ros2_ws_head/install/ti_mmwave_rospkg_msgs/local/lib/python3.10/dist-packages/ti_mmwave_rospkg_msgs/msg/_radar_micro_doppler_data_array.py'...
Compiling '/home/docker_user/ros2_ws_head/install/ti_mmwave_rospkg_msgs/local/lib/python3.10/dist-packages/ti_mmwave_rospkg_msgs/msg/_radar_micro_doppler_data_contents.py'...
Compiling '/home/docker_user/ros2_ws_head/install/ti_mmwave_rospkg_msgs/local/lib/python3.10/dist-packages/ti_mmwave_rospkg_msgs/msg/_radar_micro_doppler_feature_array.py'...
Compiling '/home/docker_user/ros2_ws_head/install/ti_mmwave_rospkg_msgs/local/lib/python3.10/dist-packages/ti_mmwave_rospkg_msgs/msg/_radar_micro_doppler_feature_contents.py'...
Compiling '/home/docker_user/ros2_ws_head/install/ti_mmwave_rospkg_msgs/local/lib/python3.10/dist-packages/ti_mmwave_rospkg_msgs/msg/_radar_occupancy.py'...
Compiling '/home/docker_user/ros2_ws_head/install/ti_mmwave_rospkg_msgs/local/lib/python3.10/dist-packages/ti_mmwave_rospkg_msgs/msg/_radar_point_track_id.py'...
Compiling '/home/docker_user/ros2_ws_head/install/ti_mmwave_rospkg_msgs/local/lib/python3.10/dist-packages/ti_mmwave_rospkg_msgs/msg/_radar_scan.py'...
Compiling '/home/docker_user/ros2_ws_head/install/ti_mmwave_rospkg_msgs/local/lib/python3.10/dist-packages/ti_mmwave_rospkg_msgs/msg/_radar_track_array.py'...
Compiling '/home/docker_user/ros2_ws_head/install/ti_mmwave_rospkg_msgs/local/lib/python3.10/dist-packages/ti_mmwave_rospkg_msgs/msg/_radar_track_contents.py'...
Listing '/home/docker_user/ros2_ws_head/install/ti_mmwave_rospkg_msgs/local/lib/python3.10/dist-packages/ti_mmwave_rospkg_msgs/srv'...
Compiling '/home/docker_user/ros2_ws_head/install/ti_mmwave_rospkg_msgs/local/lib/python3.10/dist-packages/ti_mmwave_rospkg_msgs/srv/__init__.py'...
Compiling '/home/docker_user/ros2_ws_head/install/ti_mmwave_rospkg_msgs/local/lib/python3.10/dist-packages/ti_mmwave_rospkg_msgs/srv/_mmwave_cli.py'...
-- Installing: /home/docker_user/ros2_ws_head/install/ti_mmwave_rospkg_msgs/lib/libti_mmwave_rospkg_msgs__rosidl_generator_py.so
-- Set runtime path of "/home/docker_user/ros2_ws_head/install/ti_mmwave_rospkg_msgs/lib/libti_mmwave_rospkg_msgs__rosidl_generator_py.so" to ""
-- Installing: /home/docker_user/ros2_ws_head/install/ti_mmwave_rospkg_msgs/share/ti_mmwave_rospkg_msgs/cmake/export_ti_mmwave_rospkg_msgs__rosidl_generator_cExport.cmake
-- Installing: /home/docker_user/ros2_ws_head/install/ti_mmwave_rospkg_msgs/share/ti_mmwave_rospkg_msgs/cmake/export_ti_mmwave_rospkg_msgs__rosidl_generator_cExport-noconfig.cmake
-- Installing: /home/docker_user/ros2_ws_head/install/ti_mmwave_rospkg_msgs/share/ti_mmwave_rospkg_msgs/cmake/export_ti_mmwave_rospkg_msgs__rosidl_typesupport_fastrtps_cExport.cmake
-- Installing: /home/docker_user/ros2_ws_head/install/ti_mmwave_rospkg_msgs/share/ti_mmwave_rospkg_msgs/cmake/export_ti_mmwave_rospkg_msgs__rosidl_typesupport_fastrtps_cExport-noconfig.cmake
-- Installing: /home/docker_user/ros2_ws_head/install/ti_mmwave_rospkg_msgs/share/ti_mmwave_rospkg_msgs/cmake/ti_mmwave_rospkg_msgs__rosidl_typesupport_introspection_cExport.cmake
-- Installing: /home/docker_user/ros2_ws_head/install/ti_mmwave_rospkg_msgs/share/ti_mmwave_rospkg_msgs/cmake/ti_mmwave_rospkg_msgs__rosidl_typesupport_introspection_cExport-noconfig.cmake
-- Installing: /home/docker_user/ros2_ws_head/install/ti_mmwave_rospkg_msgs/share/ti_mmwave_rospkg_msgs/cmake/ti_mmwave_rospkg_msgs__rosidl_typesupport_cExport.cmake
-- Installing: /home/docker_user/ros2_ws_head/install/ti_mmwave_rospkg_msgs/share/ti_mmwave_rospkg_msgs/cmake/ti_mmwave_rospkg_msgs__rosidl_typesupport_cExport-noconfig.cmake
-- Installing: /home/docker_user/ros2_ws_head/install/ti_mmwave_rospkg_msgs/share/ti_mmwave_rospkg_msgs/cmake/export_ti_mmwave_rospkg_msgs__rosidl_generator_cppExport.cmake
-- Installing: /home/docker_user/ros2_ws_head/install/ti_mmwave_rospkg_msgs/share/ti_mmwave_rospkg_msgs/cmake/export_ti_mmwave_rospkg_msgs__rosidl_typesupport_fastrtps_cppExport.cmake
-- Installing: /home/docker_user/ros2_ws_head/install/ti_mmwave_rospkg_msgs/share/ti_mmwave_rospkg_msgs/cmake/export_ti_mmwave_rospkg_msgs__rosidl_typesupport_fastrtps_cppExport-noconfig.cmake
-- Installing: /home/docker_user/ros2_ws_head/install/ti_mmwave_rospkg_msgs/share/ti_mmwave_rospkg_msgs/cmake/ti_mmwave_rospkg_msgs__rosidl_typesupport_introspection_cppExport.cmake
-- Installing: /home/docker_user/ros2_ws_head/install/ti_mmwave_rospkg_msgs/share/ti_mmwave_rospkg_msgs/cmake/ti_mmwave_rospkg_msgs__rosidl_typesupport_introspection_cppExport-noconfig.cmake
-- Installing: /home/docker_user/ros2_ws_head/install/ti_mmwave_rospkg_msgs/share/ti_mmwave_rospkg_msgs/cmake/ti_mmwave_rospkg_msgs__rosidl_typesupport_cppExport.cmake
-- Installing: /home/docker_user/ros2_ws_head/install/ti_mmwave_rospkg_msgs/share/ti_mmwave_rospkg_msgs/cmake/ti_mmwave_rospkg_msgs__rosidl_typesupport_cppExport-noconfig.cmake
-- Installing: /home/docker_user/ros2_ws_head/install/ti_mmwave_rospkg_msgs/share/ti_mmwave_rospkg_msgs/cmake/export_ti_mmwave_rospkg_msgs__rosidl_generator_pyExport.cmake
-- Installing: /home/docker_user/ros2_ws_head/install/ti_mmwave_rospkg_msgs/share/ti_mmwave_rospkg_msgs/cmake/export_ti_mmwave_rospkg_msgs__rosidl_generator_pyExport-noconfig.cmake
