[0.025s] Invoking command in '/home/docker_user/ros2_ws_head/build/ti_mmwave_rospkg_msgs': CMAKE_PREFIX_PATH=/opt/ros/humble /usr/bin/cmake /home/docker_user/ros2_ws_head/src/ros2_driver/src/ti_mmwave_rospkg_msgs -DAMENT_CMAKE_SYMLINK_INSTALL=1 -DCMAKE_INSTALL_PREFIX=/home/docker_user/ros2_ws_head/install/ti_mmwave_rospkg_msgs
[0.252s] -- The C compiler identification is GNU 11.4.0
[0.252s] -- The CXX compiler identification is GNU 11.4.0
[0.252s] -- Detecting C compiler ABI info
[0.397s] -- Detecting C compiler ABI info - done
[0.397s] -- Check for working C compiler: /usr/bin/cc - skipped
[0.397s] -- Detecting C compile features
[0.397s] -- Detecting C compile features - done
[0.397s] -- Detecting CXX compiler ABI info
[0.397s] -- Detecting CXX compiler ABI info - done
[0.397s] -- Check for working CXX compiler: /usr/bin/c++ - skipped
[0.397s] -- Detecting CXX compile features
[0.397s] -- Detecting CXX compile features - done
[0.397s] -- Found ament_cmake: 1.3.12 (/opt/ros/humble/share/ament_cmake/cmake)
[0.462s] -- Found Python3: /usr/bin/python3 (found version "3.10.12") found components: Interpreter 
[0.519s] -- Override CMake install command with custom implementation using symlinks instead of copying resources
[0.537s] -- Found rosidl_default_generators: 1.2.0 (/opt/ros/humble/share/rosidl_default_generators/cmake)
[0.539s] -- Using all available rosidl_typesupport_c: rosidl_typesupport_fastrtps_c;rosidl_typesupport_introspection_c
[0.543s] -- Found rosidl_adapter: 3.1.7 (/opt/ros/humble/share/rosidl_adapter/cmake)
[0.572s] -- Using all available rosidl_typesupport_cpp: rosidl_typesupport_fastrtps_cpp;rosidl_typesupport_introspection_cpp
[0.596s] -- Found rclcpp: 16.0.15 (/opt/ros/humble/share/rclcpp/cmake)
[0.632s] -- Found rmw_implementation_cmake: 6.1.2 (/opt/ros/humble/share/rmw_implementation_cmake/cmake)
[0.634s] -- Found rmw_fastrtps_cpp: 6.2.9 (/opt/ros/humble/share/rmw_fastrtps_cpp/cmake)
[0.717s] -- Found OpenSSL: /usr/lib/x86_64-linux-gnu/libcrypto.so (found version "3.0.2")  
[0.740s] -- Found FastRTPS: /opt/ros/humble/include  
[0.779s] -- Using RMW implementation 'rmw_fastrtps_cpp' as default
[0.786s] -- Looking for pthread.h
[0.852s] -- Looking for pthread.h - found
[0.852s] -- Performing Test CMAKE_HAVE_LIBC_PTHREAD
[0.926s] -- Performing Test CMAKE_HAVE_LIBC_PTHREAD - Success
[0.928s] -- Found Threads: TRUE  
[0.972s] -- Found visualization_msgs: 4.9.0 (/opt/ros/humble/share/visualization_msgs/cmake)
[1.451s] -- Found ament_cmake_ros: 0.10.0 (/opt/ros/humble/share/ament_cmake_ros/cmake)
[1.815s] -- Using all available rosidl_typesupport_c: rosidl_typesupport_fastrtps_c;rosidl_typesupport_introspection_c
[2.217s] -- Using all available rosidl_typesupport_cpp: rosidl_typesupport_fastrtps_cpp;rosidl_typesupport_introspection_cpp
[2.236s] -- Found PythonInterp: /usr/bin/python3 (found suitable version "3.10.12", minimum required is "3.6") 
[2.238s] -- Found python_cmake_module: 0.10.0 (/opt/ros/humble/share/python_cmake_module/cmake)
[2.263s] -- Found PythonLibs: /usr/lib/x86_64-linux-gnu/libpython3.10.so (found suitable version "3.10.12", minimum required is "3.5") 
[2.263s] -- Using PYTHON_EXECUTABLE: /usr/bin/python3
[2.263s] -- Using PYTHON_INCLUDE_DIRS: /usr/include/python3.10
[2.263s] -- Using PYTHON_LIBRARIES: /usr/lib/x86_64-linux-gnu/libpython3.10.so
[2.282s] -- Found PythonExtra: .so  
[2.363s] -- Configuring done
[2.428s] -- Generating done
[2.446s] -- Build files have been written to: /home/docker_user/ros2_ws_head/build/ti_mmwave_rospkg_msgs
[2.459s] Invoked command in '/home/docker_user/ros2_ws_head/build/ti_mmwave_rospkg_msgs' returned '0': CMAKE_PREFIX_PATH=/opt/ros/humble /usr/bin/cmake /home/docker_user/ros2_ws_head/src/ros2_driver/src/ti_mmwave_rospkg_msgs -DAMENT_CMAKE_SYMLINK_INSTALL=1 -DCMAKE_INSTALL_PREFIX=/home/docker_user/ros2_ws_head/install/ti_mmwave_rospkg_msgs
[2.460s] Invoking command in '/home/docker_user/ros2_ws_head/build/ti_mmwave_rospkg_msgs': CMAKE_PREFIX_PATH=/opt/ros/humble /usr/bin/cmake --build /home/docker_user/ros2_ws_head/build/ti_mmwave_rospkg_msgs -- -j16 -l16
[2.525s] [  1%] Generating C code for ROS interfaces
[2.535s] [  1%] Generating C++ code for ROS interfaces
[2.545s] [  1%] Built target ament_cmake_python_symlink_ti_mmwave_rospkg_msgs
[2.712s] running egg_info
[2.712s] creating ti_mmwave_rospkg_msgs.egg-info
[2.713s] writing ti_mmwave_rospkg_msgs.egg-info/PKG-INFO
[2.713s] writing dependency_links to ti_mmwave_rospkg_msgs.egg-info/dependency_links.txt
[2.713s] writing top-level names to ti_mmwave_rospkg_msgs.egg-info/top_level.txt
[2.713s] writing manifest file 'ti_mmwave_rospkg_msgs.egg-info/SOURCES.txt'
[2.714s] reading manifest file 'ti_mmwave_rospkg_msgs.egg-info/SOURCES.txt'
[2.715s] writing manifest file 'ti_mmwave_rospkg_msgs.egg-info/SOURCES.txt'
[2.736s] [  1%] Built target ament_cmake_python_build_ti_mmwave_rospkg_msgs_egg
[3.227s] [  1%] Built target ti_mmwave_rospkg_msgs__cpp
[3.238s] [  1%] Generating C++ type support for eProsima Fast-RTPS
[3.239s] [  2%] Generating C++ type support dispatch for ROS interfaces
[3.241s] [  3%] Generating C++ introspection for ROS interfaces
[3.251s] [  6%] Building C object CMakeFiles/ti_mmwave_rospkg_msgs__rosidl_generator_c.dir/rosidl_generator_c/ti_mmwave_rospkg_msgs/msg/detail/radar_track_contents__functions.c.o
[3.251s] [  6%] Building C object CMakeFiles/ti_mmwave_rospkg_msgs__rosidl_generator_c.dir/rosidl_generator_c/ti_mmwave_rospkg_msgs/msg/detail/radar_classifier__functions.c.o
[3.252s] [  7%] Building C object CMakeFiles/ti_mmwave_rospkg_msgs__rosidl_generator_c.dir/rosidl_generator_c/ti_mmwave_rospkg_msgs/msg/detail/radar_point_track_id__functions.c.o
[3.252s] [  8%] Building C object CMakeFiles/ti_mmwave_rospkg_msgs__rosidl_generator_c.dir/rosidl_generator_c/ti_mmwave_rospkg_msgs/msg/detail/radar_micro_doppler_data_array__functions.c.o
[3.252s] [  9%] Building C object CMakeFiles/ti_mmwave_rospkg_msgs__rosidl_generator_c.dir/rosidl_generator_c/ti_mmwave_rospkg_msgs/msg/detail/radar_track_array__functions.c.o
[3.255s] [  9%] Building C object CMakeFiles/ti_mmwave_rospkg_msgs__rosidl_generator_c.dir/rosidl_generator_c/ti_mmwave_rospkg_msgs/msg/detail/radar_scan__functions.c.o
[3.255s] [ 10%] Building C object CMakeFiles/ti_mmwave_rospkg_msgs__rosidl_generator_c.dir/rosidl_generator_c/ti_mmwave_rospkg_msgs/msg/detail/radar_occupancy__functions.c.o
[3.261s] [ 10%] Building C object CMakeFiles/ti_mmwave_rospkg_msgs__rosidl_generator_c.dir/rosidl_generator_c/ti_mmwave_rospkg_msgs/msg/detail/radar_micro_doppler_data_contents__functions.c.o
[3.261s] [ 11%] Building C object CMakeFiles/ti_mmwave_rospkg_msgs__rosidl_generator_c.dir/rosidl_generator_c/ti_mmwave_rospkg_msgs/msg/detail/radar_micro_doppler_feature_contents__functions.c.o
[3.262s] [ 12%] Building C object CMakeFiles/ti_mmwave_rospkg_msgs__rosidl_generator_c.dir/rosidl_generator_c/ti_mmwave_rospkg_msgs/msg/detail/radar_micro_doppler_feature_array__functions.c.o
[3.295s] [ 13%] Building C object CMakeFiles/ti_mmwave_rospkg_msgs__rosidl_generator_c.dir/rosidl_generator_c/ti_mmwave_rospkg_msgs/srv/detail/mmwave_cli__functions.c.o
[3.376s] [ 14%] Linking C shared library libti_mmwave_rospkg_msgs__rosidl_generator_c.so
[3.408s] [ 14%] Built target ti_mmwave_rospkg_msgs__rosidl_generator_c
[3.418s] [ 15%] Generating C introspection for ROS interfaces
[3.418s] [ 16%] Generating C type support for eProsima Fast-RTPS
[3.419s] [ 17%] Generating C type support dispatch for ROS interfaces
[3.883s] [ 18%] Building CXX object CMakeFiles/ti_mmwave_rospkg_msgs__rosidl_typesupport_cpp.dir/rosidl_typesupport_cpp/ti_mmwave_rospkg_msgs/msg/radar_scan__type_support.cpp.o
[3.883s] [ 19%] Building CXX object CMakeFiles/ti_mmwave_rospkg_msgs__rosidl_typesupport_cpp.dir/rosidl_typesupport_cpp/ti_mmwave_rospkg_msgs/msg/radar_classifier__type_support.cpp.o
[3.883s] [ 20%] Building CXX object CMakeFiles/ti_mmwave_rospkg_msgs__rosidl_typesupport_cpp.dir/rosidl_typesupport_cpp/ti_mmwave_rospkg_msgs/msg/radar_micro_doppler_data_array__type_support.cpp.o
[3.885s] [ 21%] Building CXX object CMakeFiles/ti_mmwave_rospkg_msgs__rosidl_typesupport_cpp.dir/rosidl_typesupport_cpp/ti_mmwave_rospkg_msgs/msg/radar_point_track_id__type_support.cpp.o
[3.885s] [ 22%] Building CXX object CMakeFiles/ti_mmwave_rospkg_msgs__rosidl_typesupport_cpp.dir/rosidl_typesupport_cpp/ti_mmwave_rospkg_msgs/msg/radar_track_array__type_support.cpp.o
[3.885s] [ 23%] Building CXX object CMakeFiles/ti_mmwave_rospkg_msgs__rosidl_typesupport_cpp.dir/rosidl_typesupport_cpp/ti_mmwave_rospkg_msgs/msg/radar_micro_doppler_feature_array__type_support.cpp.o
[3.886s] [ 23%] Building CXX object CMakeFiles/ti_mmwave_rospkg_msgs__rosidl_typesupport_cpp.dir/rosidl_typesupport_cpp/ti_mmwave_rospkg_msgs/msg/radar_micro_doppler_data_contents__type_support.cpp.o
[3.888s] [ 24%] Building CXX object CMakeFiles/ti_mmwave_rospkg_msgs__rosidl_typesupport_cpp.dir/rosidl_typesupport_cpp/ti_mmwave_rospkg_msgs/msg/radar_micro_doppler_feature_contents__type_support.cpp.o
[3.892s] [ 25%] Building CXX object CMakeFiles/ti_mmwave_rospkg_msgs__rosidl_typesupport_cpp.dir/rosidl_typesupport_cpp/ti_mmwave_rospkg_msgs/msg/radar_occupancy__type_support.cpp.o
[3.896s] [ 26%] Building CXX object CMakeFiles/ti_mmwave_rospkg_msgs__rosidl_typesupport_cpp.dir/rosidl_typesupport_cpp/ti_mmwave_rospkg_msgs/msg/radar_track_contents__type_support.cpp.o
[3.896s] [ 27%] Building CXX object CMakeFiles/ti_mmwave_rospkg_msgs__rosidl_typesupport_cpp.dir/rosidl_typesupport_cpp/ti_mmwave_rospkg_msgs/srv/mmwave_cli__type_support.cpp.o
[4.959s] [ 28%] Building CXX object CMakeFiles/ti_mmwave_rospkg_msgs__rosidl_typesupport_c.dir/rosidl_typesupport_c/ti_mmwave_rospkg_msgs/msg/radar_scan__type_support.cpp.o
[4.960s] [ 29%] Building CXX object CMakeFiles/ti_mmwave_rospkg_msgs__rosidl_typesupport_fastrtps_cpp.dir/rosidl_typesupport_fastrtps_cpp/ti_mmwave_rospkg_msgs/msg/detail/dds_fastrtps/radar_scan__type_support.cpp.o
[4.960s] [ 30%] Building CXX object CMakeFiles/ti_mmwave_rospkg_msgs__rosidl_typesupport_fastrtps_cpp.dir/rosidl_typesupport_fastrtps_cpp/ti_mmwave_rospkg_msgs/msg/detail/dds_fastrtps/radar_occupancy__type_support.cpp.o
[4.960s] [ 31%] Building CXX object CMakeFiles/ti_mmwave_rospkg_msgs__rosidl_typesupport_fastrtps_cpp.dir/rosidl_typesupport_fastrtps_cpp/ti_mmwave_rospkg_msgs/msg/detail/dds_fastrtps/radar_classifier__type_support.cpp.o
[4.960s] [ 32%] Building CXX object CMakeFiles/ti_mmwave_rospkg_msgs__rosidl_typesupport_c.dir/rosidl_typesupport_c/ti_mmwave_rospkg_msgs/msg/radar_occupancy__type_support.cpp.o
[4.960s] [ 32%] Building CXX object CMakeFiles/ti_mmwave_rospkg_msgs__rosidl_typesupport_c.dir/rosidl_typesupport_c/ti_mmwave_rospkg_msgs/msg/radar_classifier__type_support.cpp.o
[4.960s] [ 33%] Building CXX object CMakeFiles/ti_mmwave_rospkg_msgs__rosidl_typesupport_c.dir/rosidl_typesupport_c/ti_mmwave_rospkg_msgs/msg/radar_track_array__type_support.cpp.o
[4.960s] [ 34%] Building CXX object CMakeFiles/ti_mmwave_rospkg_msgs__rosidl_typesupport_introspection_cpp.dir/rosidl_typesupport_introspection_cpp/ti_mmwave_rospkg_msgs/msg/detail/radar_scan__type_support.cpp.o
[4.961s] [ 35%] Building CXX object CMakeFiles/ti_mmwave_rospkg_msgs__rosidl_typesupport_fastrtps_cpp.dir/rosidl_typesupport_fastrtps_cpp/ti_mmwave_rospkg_msgs/msg/detail/dds_fastrtps/radar_track_array__type_support.cpp.o
[4.961s] [ 35%] Building CXX object CMakeFiles/ti_mmwave_rospkg_msgs__rosidl_typesupport_introspection_cpp.dir/rosidl_typesupport_introspection_cpp/ti_mmwave_rospkg_msgs/msg/detail/radar_occupancy__type_support.cpp.o
[4.961s] [ 37%] Building CXX object CMakeFiles/ti_mmwave_rospkg_msgs__rosidl_typesupport_c.dir/rosidl_typesupport_c/ti_mmwave_rospkg_msgs/msg/radar_track_contents__type_support.cpp.o
[4.961s] [ 37%] Building CXX object CMakeFiles/ti_mmwave_rospkg_msgs__rosidl_typesupport_c.dir/rosidl_typesupport_c/ti_mmwave_rospkg_msgs/msg/radar_point_track_id__type_support.cpp.o
[4.961s] [ 38%] Building CXX object CMakeFiles/ti_mmwave_rospkg_msgs__rosidl_typesupport_c.dir/rosidl_typesupport_c/ti_mmwave_rospkg_msgs/msg/radar_micro_doppler_feature_array__type_support.cpp.o
[4.961s] [ 39%] Building CXX object CMakeFiles/ti_mmwave_rospkg_msgs__rosidl_typesupport_c.dir/rosidl_typesupport_c/ti_mmwave_rospkg_msgs/msg/radar_micro_doppler_data_contents__type_support.cpp.o
[4.961s] [ 40%] Building CXX object CMakeFiles/ti_mmwave_rospkg_msgs__rosidl_typesupport_c.dir/rosidl_typesupport_c/ti_mmwave_rospkg_msgs/msg/radar_micro_doppler_data_array__type_support.cpp.o
[4.961s] [ 41%] Building CXX object CMakeFiles/ti_mmwave_rospkg_msgs__rosidl_typesupport_c.dir/rosidl_typesupport_c/ti_mmwave_rospkg_msgs/msg/radar_micro_doppler_feature_contents__type_support.cpp.o
[4.961s] [ 42%] Building C object CMakeFiles/ti_mmwave_rospkg_msgs__rosidl_typesupport_introspection_c.dir/rosidl_typesupport_introspection_c/ti_mmwave_rospkg_msgs/msg/detail/radar_scan__type_support.c.o
[4.962s] [ 44%] Building CXX object CMakeFiles/ti_mmwave_rospkg_msgs__rosidl_typesupport_introspection_cpp.dir/rosidl_typesupport_introspection_cpp/ti_mmwave_rospkg_msgs/msg/detail/radar_track_array__type_support.cpp.o
[4.962s] [ 44%] Building CXX object CMakeFiles/ti_mmwave_rospkg_msgs__rosidl_typesupport_introspection_cpp.dir/rosidl_typesupport_introspection_cpp/ti_mmwave_rospkg_msgs/msg/detail/radar_classifier__type_support.cpp.o
[4.962s] [ 45%] Building CXX object CMakeFiles/ti_mmwave_rospkg_msgs__rosidl_typesupport_c.dir/rosidl_typesupport_c/ti_mmwave_rospkg_msgs/srv/mmwave_cli__type_support.cpp.o
[4.962s] [ 46%] Building C object CMakeFiles/ti_mmwave_rospkg_msgs__rosidl_typesupport_introspection_c.dir/rosidl_typesupport_introspection_c/ti_mmwave_rospkg_msgs/msg/detail/radar_occupancy__type_support.c.o
[4.962s] [ 47%] Building CXX object CMakeFiles/ti_mmwave_rospkg_msgs__rosidl_typesupport_fastrtps_c.dir/rosidl_typesupport_fastrtps_c/ti_mmwave_rospkg_msgs/msg/detail/radar_scan__type_support_c.cpp.o
[4.962s] [ 48%] Linking CXX shared library libti_mmwave_rospkg_msgs__rosidl_typesupport_cpp.so
[4.962s] [ 49%] Building CXX object CMakeFiles/ti_mmwave_rospkg_msgs__rosidl_typesupport_introspection_cpp.dir/rosidl_typesupport_introspection_cpp/ti_mmwave_rospkg_msgs/msg/detail/radar_track_contents__type_support.cpp.o
[4.962s] [ 50%] Building CXX object CMakeFiles/ti_mmwave_rospkg_msgs__rosidl_typesupport_fastrtps_cpp.dir/rosidl_typesupport_fastrtps_cpp/ti_mmwave_rospkg_msgs/msg/detail/dds_fastrtps/radar_track_contents__type_support.cpp.o
[4.962s] [ 51%] Building CXX object CMakeFiles/ti_mmwave_rospkg_msgs__rosidl_typesupport_introspection_cpp.dir/rosidl_typesupport_introspection_cpp/ti_mmwave_rospkg_msgs/msg/detail/radar_point_track_id__type_support.cpp.o
[4.962s] [ 52%] Building C object CMakeFiles/ti_mmwave_rospkg_msgs__rosidl_typesupport_introspection_c.dir/rosidl_typesupport_introspection_c/ti_mmwave_rospkg_msgs/msg/detail/radar_classifier__type_support.c.o
[4.963s] [ 53%] Building C object CMakeFiles/ti_mmwave_rospkg_msgs__rosidl_typesupport_introspection_c.dir/rosidl_typesupport_introspection_c/ti_mmwave_rospkg_msgs/msg/detail/radar_track_array__type_support.c.o
[4.963s] [ 54%] Linking CXX shared library libti_mmwave_rospkg_msgs__rosidl_typesupport_c.so
[4.963s] [ 55%] Building CXX object CMakeFiles/ti_mmwave_rospkg_msgs__rosidl_typesupport_fastrtps_cpp.dir/rosidl_typesupport_fastrtps_cpp/ti_mmwave_rospkg_msgs/msg/detail/dds_fastrtps/radar_point_track_id__type_support.cpp.o
[4.963s] [ 55%] Built target ti_mmwave_rospkg_msgs__rosidl_typesupport_cpp
[4.963s] [ 56%] Building CXX object CMakeFiles/ti_mmwave_rospkg_msgs__rosidl_typesupport_fastrtps_cpp.dir/rosidl_typesupport_fastrtps_cpp/ti_mmwave_rospkg_msgs/msg/detail/dds_fastrtps/radar_micro_doppler_data_array__type_support.cpp.o
[4.963s] [ 57%] Building C object CMakeFiles/ti_mmwave_rospkg_msgs__rosidl_typesupport_introspection_c.dir/rosidl_typesupport_introspection_c/ti_mmwave_rospkg_msgs/msg/detail/radar_track_contents__type_support.c.o
[4.963s] [ 57%] Built target ti_mmwave_rospkg_msgs__rosidl_typesupport_c
[4.963s] [ 58%] Building CXX object CMakeFiles/ti_mmwave_rospkg_msgs__rosidl_typesupport_introspection_cpp.dir/rosidl_typesupport_introspection_cpp/ti_mmwave_rospkg_msgs/msg/detail/radar_micro_doppler_data_array__type_support.cpp.o
[4.973s] [ 59%] Building C object CMakeFiles/ti_mmwave_rospkg_msgs__rosidl_typesupport_introspection_c.dir/rosidl_typesupport_introspection_c/ti_mmwave_rospkg_msgs/msg/detail/radar_point_track_id__type_support.c.o
[5.068s] [ 59%] Building C object CMakeFiles/ti_mmwave_rospkg_msgs__rosidl_typesupport_introspection_c.dir/rosidl_typesupport_introspection_c/ti_mmwave_rospkg_msgs/msg/detail/radar_micro_doppler_data_array__type_support.c.o
[5.176s] [ 60%] Building C object CMakeFiles/ti_mmwave_rospkg_msgs__rosidl_typesupport_introspection_c.dir/rosidl_typesupport_introspection_c/ti_mmwave_rospkg_msgs/msg/detail/radar_micro_doppler_data_contents__type_support.c.o
[5.371s] [ 61%] Building C object CMakeFiles/ti_mmwave_rospkg_msgs__rosidl_typesupport_introspection_c.dir/rosidl_typesupport_introspection_c/ti_mmwave_rospkg_msgs/msg/detail/radar_micro_doppler_feature_array__type_support.c.o
[5.455s] [ 62%] Building CXX object CMakeFiles/ti_mmwave_rospkg_msgs__rosidl_typesupport_fastrtps_c.dir/rosidl_typesupport_fastrtps_c/ti_mmwave_rospkg_msgs/msg/detail/radar_occupancy__type_support_c.cpp.o
[5.458s] [ 63%] Building C object CMakeFiles/ti_mmwave_rospkg_msgs__rosidl_typesupport_introspection_c.dir/rosidl_typesupport_introspection_c/ti_mmwave_rospkg_msgs/msg/detail/radar_micro_doppler_feature_contents__type_support.c.o
[5.480s] [ 64%] Building C object CMakeFiles/ti_mmwave_rospkg_msgs__rosidl_typesupport_introspection_c.dir/rosidl_typesupport_introspection_c/ti_mmwave_rospkg_msgs/srv/detail/mmwave_cli__type_support.c.o
[5.501s] [ 65%] Building CXX object CMakeFiles/ti_mmwave_rospkg_msgs__rosidl_typesupport_introspection_cpp.dir/rosidl_typesupport_introspection_cpp/ti_mmwave_rospkg_msgs/msg/detail/radar_micro_doppler_data_contents__type_support.cpp.o
[5.504s] [ 66%] Building CXX object CMakeFiles/ti_mmwave_rospkg_msgs__rosidl_typesupport_fastrtps_cpp.dir/rosidl_typesupport_fastrtps_cpp/ti_mmwave_rospkg_msgs/msg/detail/dds_fastrtps/radar_micro_doppler_data_contents__type_support.cpp.o
[5.519s] [ 67%] Building CXX object CMakeFiles/ti_mmwave_rospkg_msgs__rosidl_typesupport_fastrtps_c.dir/rosidl_typesupport_fastrtps_c/ti_mmwave_rospkg_msgs/msg/detail/radar_classifier__type_support_c.cpp.o
[5.522s] [ 68%] Building CXX object CMakeFiles/ti_mmwave_rospkg_msgs__rosidl_typesupport_introspection_cpp.dir/rosidl_typesupport_introspection_cpp/ti_mmwave_rospkg_msgs/msg/detail/radar_micro_doppler_feature_array__type_support.cpp.o
[5.576s] [ 69%] Building CXX object CMakeFiles/ti_mmwave_rospkg_msgs__rosidl_typesupport_introspection_cpp.dir/rosidl_typesupport_introspection_cpp/ti_mmwave_rospkg_msgs/msg/detail/radar_micro_doppler_feature_contents__type_support.cpp.o
[5.687s] [ 70%] Building CXX object CMakeFiles/ti_mmwave_rospkg_msgs__rosidl_typesupport_introspection_cpp.dir/rosidl_typesupport_introspection_cpp/ti_mmwave_rospkg_msgs/srv/detail/mmwave_cli__type_support.cpp.o
[5.711s] [ 71%] Linking C shared library libti_mmwave_rospkg_msgs__rosidl_typesupport_introspection_c.so
[5.755s] [ 71%] Building CXX object CMakeFiles/ti_mmwave_rospkg_msgs__rosidl_typesupport_fastrtps_cpp.dir/rosidl_typesupport_fastrtps_cpp/ti_mmwave_rospkg_msgs/msg/detail/dds_fastrtps/radar_micro_doppler_feature_contents__type_support.cpp.o
[5.764s] [ 72%] Building CXX object CMakeFiles/ti_mmwave_rospkg_msgs__rosidl_typesupport_fastrtps_cpp.dir/rosidl_typesupport_fastrtps_cpp/ti_mmwave_rospkg_msgs/msg/detail/dds_fastrtps/radar_micro_doppler_feature_array__type_support.cpp.o
[5.898s] [ 72%] Built target ti_mmwave_rospkg_msgs__rosidl_typesupport_introspection_c
[5.923s] [ 73%] Building CXX object CMakeFiles/ti_mmwave_rospkg_msgs__rosidl_typesupport_fastrtps_c.dir/rosidl_typesupport_fastrtps_c/ti_mmwave_rospkg_msgs/msg/detail/radar_track_array__type_support_c.cpp.o
[5.949s] [ 73%] Building CXX object CMakeFiles/ti_mmwave_rospkg_msgs__rosidl_typesupport_fastrtps_c.dir/rosidl_typesupport_fastrtps_c/ti_mmwave_rospkg_msgs/msg/detail/radar_track_contents__type_support_c.cpp.o
[5.961s] [ 74%] Building CXX object CMakeFiles/ti_mmwave_rospkg_msgs__rosidl_typesupport_fastrtps_c.dir/rosidl_typesupport_fastrtps_c/ti_mmwave_rospkg_msgs/msg/detail/radar_point_track_id__type_support_c.cpp.o
[5.984s] [ 75%] Building CXX object CMakeFiles/ti_mmwave_rospkg_msgs__rosidl_typesupport_fastrtps_cpp.dir/rosidl_typesupport_fastrtps_cpp/ti_mmwave_rospkg_msgs/srv/detail/dds_fastrtps/mmwave_cli__type_support.cpp.o
[6.143s] [ 76%] Building CXX object CMakeFiles/ti_mmwave_rospkg_msgs__rosidl_typesupport_fastrtps_c.dir/rosidl_typesupport_fastrtps_c/ti_mmwave_rospkg_msgs/msg/detail/radar_micro_doppler_data_contents__type_support_c.cpp.o
[6.159s] [ 77%] Building CXX object CMakeFiles/ti_mmwave_rospkg_msgs__rosidl_typesupport_fastrtps_c.dir/rosidl_typesupport_fastrtps_c/ti_mmwave_rospkg_msgs/msg/detail/radar_micro_doppler_data_array__type_support_c.cpp.o
[6.201s] [ 78%] Building CXX object CMakeFiles/ti_mmwave_rospkg_msgs__rosidl_typesupport_fastrtps_c.dir/rosidl_typesupport_fastrtps_c/ti_mmwave_rospkg_msgs/msg/detail/radar_micro_doppler_feature_array__type_support_c.cpp.o
[6.361s] [ 79%] Building CXX object CMakeFiles/ti_mmwave_rospkg_msgs__rosidl_typesupport_fastrtps_c.dir/rosidl_typesupport_fastrtps_c/ti_mmwave_rospkg_msgs/msg/detail/radar_micro_doppler_feature_contents__type_support_c.cpp.o
[6.402s] [ 80%] Building CXX object CMakeFiles/ti_mmwave_rospkg_msgs__rosidl_typesupport_fastrtps_c.dir/rosidl_typesupport_fastrtps_c/ti_mmwave_rospkg_msgs/srv/detail/mmwave_cli__type_support_c.cpp.o
[6.759s] [ 81%] Linking CXX shared library libti_mmwave_rospkg_msgs__rosidl_typesupport_introspection_cpp.so
[6.955s] [ 81%] Built target ti_mmwave_rospkg_msgs__rosidl_typesupport_introspection_cpp
[7.070s] [ 82%] Linking CXX shared library libti_mmwave_rospkg_msgs__rosidl_typesupport_fastrtps_cpp.so
[7.166s] [ 83%] Linking CXX shared library libti_mmwave_rospkg_msgs__rosidl_typesupport_fastrtps_c.so
[7.198s] [ 83%] Built target ti_mmwave_rospkg_msgs__rosidl_typesupport_fastrtps_cpp
[7.277s] [ 83%] Built target ti_mmwave_rospkg_msgs__rosidl_typesupport_fastrtps_c
[7.293s] [ 83%] Built target ti_mmwave_rospkg_msgs
[7.311s] [ 84%] Generating Python code for ROS interfaces
[8.749s] [ 84%] Built target ti_mmwave_rospkg_msgs__py
[8.776s] [ 86%] Building C object CMakeFiles/ti_mmwave_rospkg_msgs__rosidl_generator_py.dir/rosidl_generator_py/ti_mmwave_rospkg_msgs/msg/_radar_occupancy_s.c.o
[8.776s] [ 86%] Building C object CMakeFiles/ti_mmwave_rospkg_msgs__rosidl_generator_py.dir/rosidl_generator_py/ti_mmwave_rospkg_msgs/msg/_radar_classifier_s.c.o
[8.776s] [ 87%] Building C object CMakeFiles/ti_mmwave_rospkg_msgs__rosidl_generator_py.dir/rosidl_generator_py/ti_mmwave_rospkg_msgs/msg/_radar_track_contents_s.c.o
[8.781s] [ 88%] Building C object CMakeFiles/ti_mmwave_rospkg_msgs__rosidl_generator_py.dir/rosidl_generator_py/ti_mmwave_rospkg_msgs/msg/_radar_scan_s.c.o
[8.781s] [ 89%] Building C object CMakeFiles/ti_mmwave_rospkg_msgs__rosidl_generator_py.dir/rosidl_generator_py/ti_mmwave_rospkg_msgs/msg/_radar_micro_doppler_data_contents_s.c.o
[8.781s] [ 90%] Building C object CMakeFiles/ti_mmwave_rospkg_msgs__rosidl_generator_py.dir/rosidl_generator_py/ti_mmwave_rospkg_msgs/msg/_radar_track_array_s.c.o
[8.785s] [ 91%] Building C object CMakeFiles/ti_mmwave_rospkg_msgs__rosidl_generator_py.dir/rosidl_generator_py/ti_mmwave_rospkg_msgs/msg/_radar_micro_doppler_feature_array_s.c.o
[8.787s] [ 91%] Building C object CMakeFiles/ti_mmwave_rospkg_msgs__rosidl_generator_py.dir/rosidl_generator_py/ti_mmwave_rospkg_msgs/msg/_radar_point_track_id_s.c.o
[8.787s] [ 92%] Building C object CMakeFiles/ti_mmwave_rospkg_msgs__rosidl_generator_py.dir/rosidl_generator_py/ti_mmwave_rospkg_msgs/msg/_radar_micro_doppler_feature_contents_s.c.o
[8.791s] [ 93%] Building C object CMakeFiles/ti_mmwave_rospkg_msgs__rosidl_generator_py.dir/rosidl_generator_py/ti_mmwave_rospkg_msgs/msg/_radar_micro_doppler_data_array_s.c.o
[8.848s] [ 94%] Building C object CMakeFiles/ti_mmwave_rospkg_msgs__rosidl_generator_py.dir/rosidl_generator_py/ti_mmwave_rospkg_msgs/srv/_mmwave_cli_s.c.o
[9.041s] [ 95%] Linking C shared library rosidl_generator_py/ti_mmwave_rospkg_msgs/libti_mmwave_rospkg_msgs__rosidl_generator_py.so
[9.082s] [ 95%] Built target ti_mmwave_rospkg_msgs__rosidl_generator_py
[9.100s] [ 96%] Building C object CMakeFiles/ti_mmwave_rospkg_msgs__rosidl_typesupport_fastrtps_c__pyext.dir/rosidl_generator_py/ti_mmwave_rospkg_msgs/_ti_mmwave_rospkg_msgs_s.ep.rosidl_typesupport_fastrtps_c.c.o
[9.106s] [ 96%] Building C object CMakeFiles/ti_mmwave_rospkg_msgs__rosidl_typesupport_c__pyext.dir/rosidl_generator_py/ti_mmwave_rospkg_msgs/_ti_mmwave_rospkg_msgs_s.ep.rosidl_typesupport_c.c.o
[9.108s] [ 97%] Building C object CMakeFiles/ti_mmwave_rospkg_msgs__rosidl_typesupport_introspection_c__pyext.dir/rosidl_generator_py/ti_mmwave_rospkg_msgs/_ti_mmwave_rospkg_msgs_s.ep.rosidl_typesupport_introspection_c.c.o
[9.259s] [ 98%] Linking C shared library rosidl_generator_py/ti_mmwave_rospkg_msgs/ti_mmwave_rospkg_msgs_s__rosidl_typesupport_c.cpython-310-x86_64-linux-gnu.so
[9.311s] [ 99%] Linking C shared library rosidl_generator_py/ti_mmwave_rospkg_msgs/ti_mmwave_rospkg_msgs_s__rosidl_typesupport_fastrtps_c.cpython-310-x86_64-linux-gnu.so
[9.333s] [ 99%] Built target ti_mmwave_rospkg_msgs__rosidl_typesupport_c__pyext
[9.366s] [100%] Linking C shared library rosidl_generator_py/ti_mmwave_rospkg_msgs/ti_mmwave_rospkg_msgs_s__rosidl_typesupport_introspection_c.cpython-310-x86_64-linux-gnu.so
[9.410s] [100%] Built target ti_mmwave_rospkg_msgs__rosidl_typesupport_fastrtps_c__pyext
[9.439s] [100%] Built target ti_mmwave_rospkg_msgs__rosidl_typesupport_introspection_c__pyext
[9.465s] Invoked command in '/home/docker_user/ros2_ws_head/build/ti_mmwave_rospkg_msgs' returned '0': CMAKE_PREFIX_PATH=/opt/ros/humble /usr/bin/cmake --build /home/docker_user/ros2_ws_head/build/ti_mmwave_rospkg_msgs -- -j16 -l16
[9.466s] Invoking command in '/home/docker_user/ros2_ws_head/build/ti_mmwave_rospkg_msgs': CMAKE_PREFIX_PATH=/opt/ros/humble /usr/bin/cmake --install /home/docker_user/ros2_ws_head/build/ti_mmwave_rospkg_msgs
[9.472s] -- Install configuration: ""
[9.474s] -- Execute custom install script
[9.474s] -- Symlinking: /home/docker_user/ros2_ws_head/install/ti_mmwave_rospkg_msgs/share/ament_index/resource_index/rosidl_interfaces/ti_mmwave_rospkg_msgs
[9.490s] -- Symlinking: /home/docker_user/ros2_ws_head/install/ti_mmwave_rospkg_msgs/include/ti_mmwave_rospkg_msgs/ti_mmwave_rospkg_msgs/msg/detail/radar_classifier__functions.h
[9.504s] -- Symlinking: /home/docker_user/ros2_ws_head/install/ti_mmwave_rospkg_msgs/include/ti_mmwave_rospkg_msgs/ti_mmwave_rospkg_msgs/msg/detail/radar_classifier__struct.h
[9.519s] -- Symlinking: /home/docker_user/ros2_ws_head/install/ti_mmwave_rospkg_msgs/include/ti_mmwave_rospkg_msgs/ti_mmwave_rospkg_msgs/msg/detail/radar_classifier__type_support.h
[9.531s] -- Symlinking: /home/docker_user/ros2_ws_head/install/ti_mmwave_rospkg_msgs/include/ti_mmwave_rospkg_msgs/ti_mmwave_rospkg_msgs/msg/detail/radar_micro_doppler_data_array__functions.h
[9.543s] -- Symlinking: /home/docker_user/ros2_ws_head/install/ti_mmwave_rospkg_msgs/include/ti_mmwave_rospkg_msgs/ti_mmwave_rospkg_msgs/msg/detail/radar_micro_doppler_data_array__struct.h
[9.555s] -- Symlinking: /home/docker_user/ros2_ws_head/install/ti_mmwave_rospkg_msgs/include/ti_mmwave_rospkg_msgs/ti_mmwave_rospkg_msgs/msg/detail/radar_micro_doppler_data_array__type_support.h
[9.567s] -- Symlinking: /home/docker_user/ros2_ws_head/install/ti_mmwave_rospkg_msgs/include/ti_mmwave_rospkg_msgs/ti_mmwave_rospkg_msgs/msg/detail/radar_micro_doppler_data_contents__functions.h
[9.578s] -- Symlinking: /home/docker_user/ros2_ws_head/install/ti_mmwave_rospkg_msgs/include/ti_mmwave_rospkg_msgs/ti_mmwave_rospkg_msgs/msg/detail/radar_micro_doppler_data_contents__struct.h
[9.607s] -- Symlinking: /home/docker_user/ros2_ws_head/install/ti_mmwave_rospkg_msgs/include/ti_mmwave_rospkg_msgs/ti_mmwave_rospkg_msgs/msg/detail/radar_micro_doppler_data_contents__type_support.h
[9.619s] -- Symlinking: /home/docker_user/ros2_ws_head/install/ti_mmwave_rospkg_msgs/include/ti_mmwave_rospkg_msgs/ti_mmwave_rospkg_msgs/msg/detail/radar_micro_doppler_feature_array__functions.h
[9.633s] -- Symlinking: /home/docker_user/ros2_ws_head/install/ti_mmwave_rospkg_msgs/include/ti_mmwave_rospkg_msgs/ti_mmwave_rospkg_msgs/msg/detail/radar_micro_doppler_feature_array__struct.h
[9.641s] -- Symlinking: /home/docker_user/ros2_ws_head/install/ti_mmwave_rospkg_msgs/include/ti_mmwave_rospkg_msgs/ti_mmwave_rospkg_msgs/msg/detail/radar_micro_doppler_feature_array__type_support.h
[9.651s] -- Symlinking: /home/docker_user/ros2_ws_head/install/ti_mmwave_rospkg_msgs/include/ti_mmwave_rospkg_msgs/ti_mmwave_rospkg_msgs/msg/detail/radar_micro_doppler_feature_contents__functions.h
[9.663s] -- Symlinking: /home/docker_user/ros2_ws_head/install/ti_mmwave_rospkg_msgs/include/ti_mmwave_rospkg_msgs/ti_mmwave_rospkg_msgs/msg/detail/radar_micro_doppler_feature_contents__struct.h
[9.675s] -- Symlinking: /home/docker_user/ros2_ws_head/install/ti_mmwave_rospkg_msgs/include/ti_mmwave_rospkg_msgs/ti_mmwave_rospkg_msgs/msg/detail/radar_micro_doppler_feature_contents__type_support.h
[9.689s] -- Symlinking: /home/docker_user/ros2_ws_head/install/ti_mmwave_rospkg_msgs/include/ti_mmwave_rospkg_msgs/ti_mmwave_rospkg_msgs/msg/detail/radar_occupancy__functions.h
[9.695s] -- Symlinking: /home/docker_user/ros2_ws_head/install/ti_mmwave_rospkg_msgs/include/ti_mmwave_rospkg_msgs/ti_mmwave_rospkg_msgs/msg/detail/radar_occupancy__struct.h
[9.705s] -- Symlinking: /home/docker_user/ros2_ws_head/install/ti_mmwave_rospkg_msgs/include/ti_mmwave_rospkg_msgs/ti_mmwave_rospkg_msgs/msg/detail/radar_occupancy__type_support.h
[9.718s] -- Symlinking: /home/docker_user/ros2_ws_head/install/ti_mmwave_rospkg_msgs/include/ti_mmwave_rospkg_msgs/ti_mmwave_rospkg_msgs/msg/detail/radar_point_track_id__functions.h
[9.728s] -- Symlinking: /home/docker_user/ros2_ws_head/install/ti_mmwave_rospkg_msgs/include/ti_mmwave_rospkg_msgs/ti_mmwave_rospkg_msgs/msg/detail/radar_point_track_id__struct.h
[9.739s] -- Symlinking: /home/docker_user/ros2_ws_head/install/ti_mmwave_rospkg_msgs/include/ti_mmwave_rospkg_msgs/ti_mmwave_rospkg_msgs/msg/detail/radar_point_track_id__type_support.h
[9.753s] -- Symlinking: /home/docker_user/ros2_ws_head/install/ti_mmwave_rospkg_msgs/include/ti_mmwave_rospkg_msgs/ti_mmwave_rospkg_msgs/msg/detail/radar_scan__functions.h
[9.764s] -- Symlinking: /home/docker_user/ros2_ws_head/install/ti_mmwave_rospkg_msgs/include/ti_mmwave_rospkg_msgs/ti_mmwave_rospkg_msgs/msg/detail/radar_scan__struct.h
[9.775s] -- Symlinking: /home/docker_user/ros2_ws_head/install/ti_mmwave_rospkg_msgs/include/ti_mmwave_rospkg_msgs/ti_mmwave_rospkg_msgs/msg/detail/radar_scan__type_support.h
[9.785s] -- Symlinking: /home/docker_user/ros2_ws_head/install/ti_mmwave_rospkg_msgs/include/ti_mmwave_rospkg_msgs/ti_mmwave_rospkg_msgs/msg/detail/radar_track_array__functions.h
[9.798s] -- Symlinking: /home/docker_user/ros2_ws_head/install/ti_mmwave_rospkg_msgs/include/ti_mmwave_rospkg_msgs/ti_mmwave_rospkg_msgs/msg/detail/radar_track_array__struct.h
[9.807s] -- Symlinking: /home/docker_user/ros2_ws_head/install/ti_mmwave_rospkg_msgs/include/ti_mmwave_rospkg_msgs/ti_mmwave_rospkg_msgs/msg/detail/radar_track_array__type_support.h
[9.822s] -- Symlinking: /home/docker_user/ros2_ws_head/install/ti_mmwave_rospkg_msgs/include/ti_mmwave_rospkg_msgs/ti_mmwave_rospkg_msgs/msg/detail/radar_track_contents__functions.h
[9.832s] -- Symlinking: /home/docker_user/ros2_ws_head/install/ti_mmwave_rospkg_msgs/include/ti_mmwave_rospkg_msgs/ti_mmwave_rospkg_msgs/msg/detail/radar_track_contents__struct.h
[9.842s] -- Symlinking: /home/docker_user/ros2_ws_head/install/ti_mmwave_rospkg_msgs/include/ti_mmwave_rospkg_msgs/ti_mmwave_rospkg_msgs/msg/detail/radar_track_contents__type_support.h
[9.853s] -- Symlinking: /home/docker_user/ros2_ws_head/install/ti_mmwave_rospkg_msgs/include/ti_mmwave_rospkg_msgs/ti_mmwave_rospkg_msgs/msg/radar_classifier.h
[9.863s] -- Symlinking: /home/docker_user/ros2_ws_head/install/ti_mmwave_rospkg_msgs/include/ti_mmwave_rospkg_msgs/ti_mmwave_rospkg_msgs/msg/radar_micro_doppler_data_array.h
[9.875s] -- Symlinking: /home/docker_user/ros2_ws_head/install/ti_mmwave_rospkg_msgs/include/ti_mmwave_rospkg_msgs/ti_mmwave_rospkg_msgs/msg/radar_micro_doppler_data_contents.h
[9.886s] -- Symlinking: /home/docker_user/ros2_ws_head/install/ti_mmwave_rospkg_msgs/include/ti_mmwave_rospkg_msgs/ti_mmwave_rospkg_msgs/msg/radar_micro_doppler_feature_array.h
[9.900s] -- Symlinking: /home/docker_user/ros2_ws_head/install/ti_mmwave_rospkg_msgs/include/ti_mmwave_rospkg_msgs/ti_mmwave_rospkg_msgs/msg/radar_micro_doppler_feature_contents.h
[9.913s] -- Symlinking: /home/docker_user/ros2_ws_head/install/ti_mmwave_rospkg_msgs/include/ti_mmwave_rospkg_msgs/ti_mmwave_rospkg_msgs/msg/radar_occupancy.h
[9.925s] -- Symlinking: /home/docker_user/ros2_ws_head/install/ti_mmwave_rospkg_msgs/include/ti_mmwave_rospkg_msgs/ti_mmwave_rospkg_msgs/msg/radar_point_track_id.h
[9.937s] -- Symlinking: /home/docker_user/ros2_ws_head/install/ti_mmwave_rospkg_msgs/include/ti_mmwave_rospkg_msgs/ti_mmwave_rospkg_msgs/msg/radar_scan.h
[9.949s] -- Symlinking: /home/docker_user/ros2_ws_head/install/ti_mmwave_rospkg_msgs/include/ti_mmwave_rospkg_msgs/ti_mmwave_rospkg_msgs/msg/radar_track_array.h
[9.961s] -- Symlinking: /home/docker_user/ros2_ws_head/install/ti_mmwave_rospkg_msgs/include/ti_mmwave_rospkg_msgs/ti_mmwave_rospkg_msgs/msg/radar_track_contents.h
[9.973s] -- Symlinking: /home/docker_user/ros2_ws_head/install/ti_mmwave_rospkg_msgs/include/ti_mmwave_rospkg_msgs/ti_mmwave_rospkg_msgs/msg/rosidl_generator_c__visibility_control.h
[9.984s] -- Symlinking: /home/docker_user/ros2_ws_head/install/ti_mmwave_rospkg_msgs/include/ti_mmwave_rospkg_msgs/ti_mmwave_rospkg_msgs/srv/detail/mmwave_cli__functions.h
[9.998s] -- Symlinking: /home/docker_user/ros2_ws_head/install/ti_mmwave_rospkg_msgs/include/ti_mmwave_rospkg_msgs/ti_mmwave_rospkg_msgs/srv/detail/mmwave_cli__struct.h
[10.009s] -- Symlinking: /home/docker_user/ros2_ws_head/install/ti_mmwave_rospkg_msgs/include/ti_mmwave_rospkg_msgs/ti_mmwave_rospkg_msgs/srv/detail/mmwave_cli__type_support.h
[10.025s] -- Symlinking: /home/docker_user/ros2_ws_head/install/ti_mmwave_rospkg_msgs/include/ti_mmwave_rospkg_msgs/ti_mmwave_rospkg_msgs/srv/mmwave_cli.h
[10.036s] -- Symlinking: /home/docker_user/ros2_ws_head/install/ti_mmwave_rospkg_msgs/share/ti_mmwave_rospkg_msgs/environment/library_path.sh
[10.050s] -- Symlinking: /home/docker_user/ros2_ws_head/install/ti_mmwave_rospkg_msgs/share/ti_mmwave_rospkg_msgs/environment/library_path.dsv
[10.063s] -- Symlinking: /home/docker_user/ros2_ws_head/install/ti_mmwave_rospkg_msgs/include/ti_mmwave_rospkg_msgs/ti_mmwave_rospkg_msgs/msg/detail/radar_classifier__rosidl_typesupport_fastrtps_c.h
[10.073s] -- Symlinking: /home/docker_user/ros2_ws_head/install/ti_mmwave_rospkg_msgs/include/ti_mmwave_rospkg_msgs/ti_mmwave_rospkg_msgs/msg/detail/radar_micro_doppler_data_array__rosidl_typesupport_fastrtps_c.h
[10.087s] -- Symlinking: /home/docker_user/ros2_ws_head/install/ti_mmwave_rospkg_msgs/include/ti_mmwave_rospkg_msgs/ti_mmwave_rospkg_msgs/msg/detail/radar_micro_doppler_data_contents__rosidl_typesupport_fastrtps_c.h
[10.102s] -- Symlinking: /home/docker_user/ros2_ws_head/install/ti_mmwave_rospkg_msgs/include/ti_mmwave_rospkg_msgs/ti_mmwave_rospkg_msgs/msg/detail/radar_micro_doppler_feature_array__rosidl_typesupport_fastrtps_c.h
[10.118s] -- Symlinking: /home/docker_user/ros2_ws_head/install/ti_mmwave_rospkg_msgs/include/ti_mmwave_rospkg_msgs/ti_mmwave_rospkg_msgs/msg/detail/radar_micro_doppler_feature_contents__rosidl_typesupport_fastrtps_c.h
[10.129s] -- Symlinking: /home/docker_user/ros2_ws_head/install/ti_mmwave_rospkg_msgs/include/ti_mmwave_rospkg_msgs/ti_mmwave_rospkg_msgs/msg/detail/radar_occupancy__rosidl_typesupport_fastrtps_c.h
[10.142s] -- Symlinking: /home/docker_user/ros2_ws_head/install/ti_mmwave_rospkg_msgs/include/ti_mmwave_rospkg_msgs/ti_mmwave_rospkg_msgs/msg/detail/radar_point_track_id__rosidl_typesupport_fastrtps_c.h
[10.155s] -- Symlinking: /home/docker_user/ros2_ws_head/install/ti_mmwave_rospkg_msgs/include/ti_mmwave_rospkg_msgs/ti_mmwave_rospkg_msgs/msg/detail/radar_scan__rosidl_typesupport_fastrtps_c.h
[10.167s] -- Symlinking: /home/docker_user/ros2_ws_head/install/ti_mmwave_rospkg_msgs/include/ti_mmwave_rospkg_msgs/ti_mmwave_rospkg_msgs/msg/detail/radar_track_array__rosidl_typesupport_fastrtps_c.h
[10.185s] -- Symlinking: /home/docker_user/ros2_ws_head/install/ti_mmwave_rospkg_msgs/include/ti_mmwave_rospkg_msgs/ti_mmwave_rospkg_msgs/msg/detail/radar_track_contents__rosidl_typesupport_fastrtps_c.h
[10.204s] -- Symlinking: /home/docker_user/ros2_ws_head/install/ti_mmwave_rospkg_msgs/include/ti_mmwave_rospkg_msgs/ti_mmwave_rospkg_msgs/msg/rosidl_typesupport_fastrtps_c__visibility_control.h
[10.214s] -- Symlinking: /home/docker_user/ros2_ws_head/install/ti_mmwave_rospkg_msgs/include/ti_mmwave_rospkg_msgs/ti_mmwave_rospkg_msgs/srv/detail/mmwave_cli__rosidl_typesupport_fastrtps_c.h
[10.225s] -- Symlinking: /home/docker_user/ros2_ws_head/install/ti_mmwave_rospkg_msgs/include/ti_mmwave_rospkg_msgs/ti_mmwave_rospkg_msgs/msg/detail/radar_classifier__rosidl_typesupport_introspection_c.h
[10.238s] -- Symlinking: /home/docker_user/ros2_ws_head/install/ti_mmwave_rospkg_msgs/include/ti_mmwave_rospkg_msgs/ti_mmwave_rospkg_msgs/msg/detail/radar_micro_doppler_data_array__rosidl_typesupport_introspection_c.h
[10.249s] -- Symlinking: /home/docker_user/ros2_ws_head/install/ti_mmwave_rospkg_msgs/include/ti_mmwave_rospkg_msgs/ti_mmwave_rospkg_msgs/msg/detail/radar_micro_doppler_data_contents__rosidl_typesupport_introspection_c.h
[10.265s] -- Symlinking: /home/docker_user/ros2_ws_head/install/ti_mmwave_rospkg_msgs/include/ti_mmwave_rospkg_msgs/ti_mmwave_rospkg_msgs/msg/detail/radar_micro_doppler_feature_array__rosidl_typesupport_introspection_c.h
[10.277s] -- Symlinking: /home/docker_user/ros2_ws_head/install/ti_mmwave_rospkg_msgs/include/ti_mmwave_rospkg_msgs/ti_mmwave_rospkg_msgs/msg/detail/radar_micro_doppler_feature_contents__rosidl_typesupport_introspection_c.h
[10.290s] -- Symlinking: /home/docker_user/ros2_ws_head/install/ti_mmwave_rospkg_msgs/include/ti_mmwave_rospkg_msgs/ti_mmwave_rospkg_msgs/msg/detail/radar_occupancy__rosidl_typesupport_introspection_c.h
[10.302s] -- Symlinking: /home/docker_user/ros2_ws_head/install/ti_mmwave_rospkg_msgs/include/ti_mmwave_rospkg_msgs/ti_mmwave_rospkg_msgs/msg/detail/radar_point_track_id__rosidl_typesupport_introspection_c.h
[10.314s] -- Symlinking: /home/docker_user/ros2_ws_head/install/ti_mmwave_rospkg_msgs/include/ti_mmwave_rospkg_msgs/ti_mmwave_rospkg_msgs/msg/detail/radar_scan__rosidl_typesupport_introspection_c.h
[10.327s] -- Symlinking: /home/docker_user/ros2_ws_head/install/ti_mmwave_rospkg_msgs/include/ti_mmwave_rospkg_msgs/ti_mmwave_rospkg_msgs/msg/detail/radar_track_array__rosidl_typesupport_introspection_c.h
[10.338s] -- Symlinking: /home/docker_user/ros2_ws_head/install/ti_mmwave_rospkg_msgs/include/ti_mmwave_rospkg_msgs/ti_mmwave_rospkg_msgs/msg/detail/radar_track_contents__rosidl_typesupport_introspection_c.h
[10.350s] -- Symlinking: /home/docker_user/ros2_ws_head/install/ti_mmwave_rospkg_msgs/include/ti_mmwave_rospkg_msgs/ti_mmwave_rospkg_msgs/msg/rosidl_typesupport_introspection_c__visibility_control.h
[10.361s] -- Symlinking: /home/docker_user/ros2_ws_head/install/ti_mmwave_rospkg_msgs/include/ti_mmwave_rospkg_msgs/ti_mmwave_rospkg_msgs/srv/detail/mmwave_cli__rosidl_typesupport_introspection_c.h
[10.377s] -- Symlinking: /home/docker_user/ros2_ws_head/install/ti_mmwave_rospkg_msgs/include/ti_mmwave_rospkg_msgs/ti_mmwave_rospkg_msgs/msg/detail/radar_classifier__builder.hpp
[10.390s] -- Symlinking: /home/docker_user/ros2_ws_head/install/ti_mmwave_rospkg_msgs/include/ti_mmwave_rospkg_msgs/ti_mmwave_rospkg_msgs/msg/detail/radar_classifier__struct.hpp
[10.401s] -- Symlinking: /home/docker_user/ros2_ws_head/install/ti_mmwave_rospkg_msgs/include/ti_mmwave_rospkg_msgs/ti_mmwave_rospkg_msgs/msg/detail/radar_classifier__traits.hpp
[10.412s] -- Symlinking: /home/docker_user/ros2_ws_head/install/ti_mmwave_rospkg_msgs/include/ti_mmwave_rospkg_msgs/ti_mmwave_rospkg_msgs/msg/detail/radar_classifier__type_support.hpp
[10.424s] -- Symlinking: /home/docker_user/ros2_ws_head/install/ti_mmwave_rospkg_msgs/include/ti_mmwave_rospkg_msgs/ti_mmwave_rospkg_msgs/msg/detail/radar_micro_doppler_data_array__builder.hpp
[10.436s] -- Symlinking: /home/docker_user/ros2_ws_head/install/ti_mmwave_rospkg_msgs/include/ti_mmwave_rospkg_msgs/ti_mmwave_rospkg_msgs/msg/detail/radar_micro_doppler_data_array__struct.hpp
[10.448s] -- Symlinking: /home/docker_user/ros2_ws_head/install/ti_mmwave_rospkg_msgs/include/ti_mmwave_rospkg_msgs/ti_mmwave_rospkg_msgs/msg/detail/radar_micro_doppler_data_array__traits.hpp
[10.460s] -- Symlinking: /home/docker_user/ros2_ws_head/install/ti_mmwave_rospkg_msgs/include/ti_mmwave_rospkg_msgs/ti_mmwave_rospkg_msgs/msg/detail/radar_micro_doppler_data_array__type_support.hpp
[10.471s] -- Symlinking: /home/docker_user/ros2_ws_head/install/ti_mmwave_rospkg_msgs/include/ti_mmwave_rospkg_msgs/ti_mmwave_rospkg_msgs/msg/detail/radar_micro_doppler_data_contents__builder.hpp
[10.483s] -- Symlinking: /home/docker_user/ros2_ws_head/install/ti_mmwave_rospkg_msgs/include/ti_mmwave_rospkg_msgs/ti_mmwave_rospkg_msgs/msg/detail/radar_micro_doppler_data_contents__struct.hpp
[10.498s] -- Symlinking: /home/docker_user/ros2_ws_head/install/ti_mmwave_rospkg_msgs/include/ti_mmwave_rospkg_msgs/ti_mmwave_rospkg_msgs/msg/detail/radar_micro_doppler_data_contents__traits.hpp
[10.508s] -- Symlinking: /home/docker_user/ros2_ws_head/install/ti_mmwave_rospkg_msgs/include/ti_mmwave_rospkg_msgs/ti_mmwave_rospkg_msgs/msg/detail/radar_micro_doppler_data_contents__type_support.hpp
[10.520s] -- Symlinking: /home/docker_user/ros2_ws_head/install/ti_mmwave_rospkg_msgs/include/ti_mmwave_rospkg_msgs/ti_mmwave_rospkg_msgs/msg/detail/radar_micro_doppler_feature_array__builder.hpp
[10.531s] -- Symlinking: /home/docker_user/ros2_ws_head/install/ti_mmwave_rospkg_msgs/include/ti_mmwave_rospkg_msgs/ti_mmwave_rospkg_msgs/msg/detail/radar_micro_doppler_feature_array__struct.hpp
[10.543s] -- Symlinking: /home/docker_user/ros2_ws_head/install/ti_mmwave_rospkg_msgs/include/ti_mmwave_rospkg_msgs/ti_mmwave_rospkg_msgs/msg/detail/radar_micro_doppler_feature_array__traits.hpp
[10.566s] -- Symlinking: /home/docker_user/ros2_ws_head/install/ti_mmwave_rospkg_msgs/include/ti_mmwave_rospkg_msgs/ti_mmwave_rospkg_msgs/msg/detail/radar_micro_doppler_feature_array__type_support.hpp
[10.571s] -- Symlinking: /home/docker_user/ros2_ws_head/install/ti_mmwave_rospkg_msgs/include/ti_mmwave_rospkg_msgs/ti_mmwave_rospkg_msgs/msg/detail/radar_micro_doppler_feature_contents__builder.hpp
[10.583s] -- Symlinking: /home/docker_user/ros2_ws_head/install/ti_mmwave_rospkg_msgs/include/ti_mmwave_rospkg_msgs/ti_mmwave_rospkg_msgs/msg/detail/radar_micro_doppler_feature_contents__struct.hpp
[10.597s] -- Symlinking: /home/docker_user/ros2_ws_head/install/ti_mmwave_rospkg_msgs/include/ti_mmwave_rospkg_msgs/ti_mmwave_rospkg_msgs/msg/detail/radar_micro_doppler_feature_contents__traits.hpp
[10.608s] -- Symlinking: /home/docker_user/ros2_ws_head/install/ti_mmwave_rospkg_msgs/include/ti_mmwave_rospkg_msgs/ti_mmwave_rospkg_msgs/msg/detail/radar_micro_doppler_feature_contents__type_support.hpp
[10.620s] -- Symlinking: /home/docker_user/ros2_ws_head/install/ti_mmwave_rospkg_msgs/include/ti_mmwave_rospkg_msgs/ti_mmwave_rospkg_msgs/msg/detail/radar_occupancy__builder.hpp
[10.636s] -- Symlinking: /home/docker_user/ros2_ws_head/install/ti_mmwave_rospkg_msgs/include/ti_mmwave_rospkg_msgs/ti_mmwave_rospkg_msgs/msg/detail/radar_occupancy__struct.hpp
[10.649s] -- Symlinking: /home/docker_user/ros2_ws_head/install/ti_mmwave_rospkg_msgs/include/ti_mmwave_rospkg_msgs/ti_mmwave_rospkg_msgs/msg/detail/radar_occupancy__traits.hpp
[10.661s] -- Symlinking: /home/docker_user/ros2_ws_head/install/ti_mmwave_rospkg_msgs/include/ti_mmwave_rospkg_msgs/ti_mmwave_rospkg_msgs/msg/detail/radar_occupancy__type_support.hpp
[10.673s] -- Symlinking: /home/docker_user/ros2_ws_head/install/ti_mmwave_rospkg_msgs/include/ti_mmwave_rospkg_msgs/ti_mmwave_rospkg_msgs/msg/detail/radar_point_track_id__builder.hpp
[10.690s] -- Symlinking: /home/docker_user/ros2_ws_head/install/ti_mmwave_rospkg_msgs/include/ti_mmwave_rospkg_msgs/ti_mmwave_rospkg_msgs/msg/detail/radar_point_track_id__struct.hpp
[10.700s] -- Symlinking: /home/docker_user/ros2_ws_head/install/ti_mmwave_rospkg_msgs/include/ti_mmwave_rospkg_msgs/ti_mmwave_rospkg_msgs/msg/detail/radar_point_track_id__traits.hpp
[10.713s] -- Symlinking: /home/docker_user/ros2_ws_head/install/ti_mmwave_rospkg_msgs/include/ti_mmwave_rospkg_msgs/ti_mmwave_rospkg_msgs/msg/detail/radar_point_track_id__type_support.hpp
[10.726s] -- Symlinking: /home/docker_user/ros2_ws_head/install/ti_mmwave_rospkg_msgs/include/ti_mmwave_rospkg_msgs/ti_mmwave_rospkg_msgs/msg/detail/radar_scan__builder.hpp
[10.738s] -- Symlinking: /home/docker_user/ros2_ws_head/install/ti_mmwave_rospkg_msgs/include/ti_mmwave_rospkg_msgs/ti_mmwave_rospkg_msgs/msg/detail/radar_scan__struct.hpp
[10.751s] -- Symlinking: /home/docker_user/ros2_ws_head/install/ti_mmwave_rospkg_msgs/include/ti_mmwave_rospkg_msgs/ti_mmwave_rospkg_msgs/msg/detail/radar_scan__traits.hpp
[10.765s] -- Symlinking: /home/docker_user/ros2_ws_head/install/ti_mmwave_rospkg_msgs/include/ti_mmwave_rospkg_msgs/ti_mmwave_rospkg_msgs/msg/detail/radar_scan__type_support.hpp
[10.776s] -- Symlinking: /home/docker_user/ros2_ws_head/install/ti_mmwave_rospkg_msgs/include/ti_mmwave_rospkg_msgs/ti_mmwave_rospkg_msgs/msg/detail/radar_track_array__builder.hpp
[10.797s] -- Symlinking: /home/docker_user/ros2_ws_head/install/ti_mmwave_rospkg_msgs/include/ti_mmwave_rospkg_msgs/ti_mmwave_rospkg_msgs/msg/detail/radar_track_array__struct.hpp
[10.807s] -- Symlinking: /home/docker_user/ros2_ws_head/install/ti_mmwave_rospkg_msgs/include/ti_mmwave_rospkg_msgs/ti_mmwave_rospkg_msgs/msg/detail/radar_track_array__traits.hpp
[10.819s] -- Symlinking: /home/docker_user/ros2_ws_head/install/ti_mmwave_rospkg_msgs/include/ti_mmwave_rospkg_msgs/ti_mmwave_rospkg_msgs/msg/detail/radar_track_array__type_support.hpp
[10.831s] -- Symlinking: /home/docker_user/ros2_ws_head/install/ti_mmwave_rospkg_msgs/include/ti_mmwave_rospkg_msgs/ti_mmwave_rospkg_msgs/msg/detail/radar_track_contents__builder.hpp
[10.844s] -- Symlinking: /home/docker_user/ros2_ws_head/install/ti_mmwave_rospkg_msgs/include/ti_mmwave_rospkg_msgs/ti_mmwave_rospkg_msgs/msg/detail/radar_track_contents__struct.hpp
[10.857s] -- Symlinking: /home/docker_user/ros2_ws_head/install/ti_mmwave_rospkg_msgs/include/ti_mmwave_rospkg_msgs/ti_mmwave_rospkg_msgs/msg/detail/radar_track_contents__traits.hpp
[10.869s] -- Symlinking: /home/docker_user/ros2_ws_head/install/ti_mmwave_rospkg_msgs/include/ti_mmwave_rospkg_msgs/ti_mmwave_rospkg_msgs/msg/detail/radar_track_contents__type_support.hpp
[10.882s] -- Symlinking: /home/docker_user/ros2_ws_head/install/ti_mmwave_rospkg_msgs/include/ti_mmwave_rospkg_msgs/ti_mmwave_rospkg_msgs/msg/radar_classifier.hpp
[10.895s] -- Symlinking: /home/docker_user/ros2_ws_head/install/ti_mmwave_rospkg_msgs/include/ti_mmwave_rospkg_msgs/ti_mmwave_rospkg_msgs/msg/radar_micro_doppler_data_array.hpp
[10.911s] -- Symlinking: /home/docker_user/ros2_ws_head/install/ti_mmwave_rospkg_msgs/include/ti_mmwave_rospkg_msgs/ti_mmwave_rospkg_msgs/msg/radar_micro_doppler_data_contents.hpp
[10.924s] -- Symlinking: /home/docker_user/ros2_ws_head/install/ti_mmwave_rospkg_msgs/include/ti_mmwave_rospkg_msgs/ti_mmwave_rospkg_msgs/msg/radar_micro_doppler_feature_array.hpp
[10.943s] -- Symlinking: /home/docker_user/ros2_ws_head/install/ti_mmwave_rospkg_msgs/include/ti_mmwave_rospkg_msgs/ti_mmwave_rospkg_msgs/msg/radar_micro_doppler_feature_contents.hpp
[10.952s] -- Symlinking: /home/docker_user/ros2_ws_head/install/ti_mmwave_rospkg_msgs/include/ti_mmwave_rospkg_msgs/ti_mmwave_rospkg_msgs/msg/radar_occupancy.hpp
[10.963s] -- Symlinking: /home/docker_user/ros2_ws_head/install/ti_mmwave_rospkg_msgs/include/ti_mmwave_rospkg_msgs/ti_mmwave_rospkg_msgs/msg/radar_point_track_id.hpp
[10.976s] -- Symlinking: /home/docker_user/ros2_ws_head/install/ti_mmwave_rospkg_msgs/include/ti_mmwave_rospkg_msgs/ti_mmwave_rospkg_msgs/msg/radar_scan.hpp
[10.988s] -- Symlinking: /home/docker_user/ros2_ws_head/install/ti_mmwave_rospkg_msgs/include/ti_mmwave_rospkg_msgs/ti_mmwave_rospkg_msgs/msg/radar_track_array.hpp
[10.999s] -- Symlinking: /home/docker_user/ros2_ws_head/install/ti_mmwave_rospkg_msgs/include/ti_mmwave_rospkg_msgs/ti_mmwave_rospkg_msgs/msg/radar_track_contents.hpp
[11.012s] -- Symlinking: /home/docker_user/ros2_ws_head/install/ti_mmwave_rospkg_msgs/include/ti_mmwave_rospkg_msgs/ti_mmwave_rospkg_msgs/msg/rosidl_generator_cpp__visibility_control.hpp
[11.025s] -- Symlinking: /home/docker_user/ros2_ws_head/install/ti_mmwave_rospkg_msgs/include/ti_mmwave_rospkg_msgs/ti_mmwave_rospkg_msgs/srv/detail/mmwave_cli__builder.hpp
[11.037s] -- Symlinking: /home/docker_user/ros2_ws_head/install/ti_mmwave_rospkg_msgs/include/ti_mmwave_rospkg_msgs/ti_mmwave_rospkg_msgs/srv/detail/mmwave_cli__struct.hpp
[11.050s] -- Symlinking: /home/docker_user/ros2_ws_head/install/ti_mmwave_rospkg_msgs/include/ti_mmwave_rospkg_msgs/ti_mmwave_rospkg_msgs/srv/detail/mmwave_cli__traits.hpp
[11.062s] -- Symlinking: /home/docker_user/ros2_ws_head/install/ti_mmwave_rospkg_msgs/include/ti_mmwave_rospkg_msgs/ti_mmwave_rospkg_msgs/srv/detail/mmwave_cli__type_support.hpp
[11.075s] -- Symlinking: /home/docker_user/ros2_ws_head/install/ti_mmwave_rospkg_msgs/include/ti_mmwave_rospkg_msgs/ti_mmwave_rospkg_msgs/srv/mmwave_cli.hpp
[11.089s] -- Symlinking: /home/docker_user/ros2_ws_head/install/ti_mmwave_rospkg_msgs/include/ti_mmwave_rospkg_msgs/ti_mmwave_rospkg_msgs/msg/detail/radar_classifier__rosidl_typesupport_fastrtps_cpp.hpp
[11.101s] -- Symlinking: /home/docker_user/ros2_ws_head/install/ti_mmwave_rospkg_msgs/include/ti_mmwave_rospkg_msgs/ti_mmwave_rospkg_msgs/msg/detail/radar_micro_doppler_data_array__rosidl_typesupport_fastrtps_cpp.hpp
[11.113s] -- Symlinking: /home/docker_user/ros2_ws_head/install/ti_mmwave_rospkg_msgs/include/ti_mmwave_rospkg_msgs/ti_mmwave_rospkg_msgs/msg/detail/radar_micro_doppler_data_contents__rosidl_typesupport_fastrtps_cpp.hpp
[11.128s] -- Symlinking: /home/docker_user/ros2_ws_head/install/ti_mmwave_rospkg_msgs/include/ti_mmwave_rospkg_msgs/ti_mmwave_rospkg_msgs/msg/detail/radar_micro_doppler_feature_array__rosidl_typesupport_fastrtps_cpp.hpp
[11.141s] -- Symlinking: /home/docker_user/ros2_ws_head/install/ti_mmwave_rospkg_msgs/include/ti_mmwave_rospkg_msgs/ti_mmwave_rospkg_msgs/msg/detail/radar_micro_doppler_feature_contents__rosidl_typesupport_fastrtps_cpp.hpp
[11.153s] -- Symlinking: /home/docker_user/ros2_ws_head/install/ti_mmwave_rospkg_msgs/include/ti_mmwave_rospkg_msgs/ti_mmwave_rospkg_msgs/msg/detail/radar_occupancy__rosidl_typesupport_fastrtps_cpp.hpp
[11.165s] -- Symlinking: /home/docker_user/ros2_ws_head/install/ti_mmwave_rospkg_msgs/include/ti_mmwave_rospkg_msgs/ti_mmwave_rospkg_msgs/msg/detail/radar_point_track_id__rosidl_typesupport_fastrtps_cpp.hpp
[11.178s] -- Symlinking: /home/docker_user/ros2_ws_head/install/ti_mmwave_rospkg_msgs/include/ti_mmwave_rospkg_msgs/ti_mmwave_rospkg_msgs/msg/detail/radar_scan__rosidl_typesupport_fastrtps_cpp.hpp
[11.191s] -- Symlinking: /home/docker_user/ros2_ws_head/install/ti_mmwave_rospkg_msgs/include/ti_mmwave_rospkg_msgs/ti_mmwave_rospkg_msgs/msg/detail/radar_track_array__rosidl_typesupport_fastrtps_cpp.hpp
[11.203s] -- Symlinking: /home/docker_user/ros2_ws_head/install/ti_mmwave_rospkg_msgs/include/ti_mmwave_rospkg_msgs/ti_mmwave_rospkg_msgs/msg/detail/radar_track_contents__rosidl_typesupport_fastrtps_cpp.hpp
[11.215s] -- Symlinking: /home/docker_user/ros2_ws_head/install/ti_mmwave_rospkg_msgs/include/ti_mmwave_rospkg_msgs/ti_mmwave_rospkg_msgs/msg/rosidl_typesupport_fastrtps_cpp__visibility_control.h
[11.227s] -- Symlinking: /home/docker_user/ros2_ws_head/install/ti_mmwave_rospkg_msgs/include/ti_mmwave_rospkg_msgs/ti_mmwave_rospkg_msgs/srv/detail/mmwave_cli__rosidl_typesupport_fastrtps_cpp.hpp
[11.239s] -- Symlinking: /home/docker_user/ros2_ws_head/install/ti_mmwave_rospkg_msgs/include/ti_mmwave_rospkg_msgs/ti_mmwave_rospkg_msgs/msg/detail/radar_classifier__rosidl_typesupport_introspection_cpp.hpp
[11.251s] -- Symlinking: /home/docker_user/ros2_ws_head/install/ti_mmwave_rospkg_msgs/include/ti_mmwave_rospkg_msgs/ti_mmwave_rospkg_msgs/msg/detail/radar_micro_doppler_data_array__rosidl_typesupport_introspection_cpp.hpp
[11.263s] -- Symlinking: /home/docker_user/ros2_ws_head/install/ti_mmwave_rospkg_msgs/include/ti_mmwave_rospkg_msgs/ti_mmwave_rospkg_msgs/msg/detail/radar_micro_doppler_data_contents__rosidl_typesupport_introspection_cpp.hpp
[11.275s] -- Symlinking: /home/docker_user/ros2_ws_head/install/ti_mmwave_rospkg_msgs/include/ti_mmwave_rospkg_msgs/ti_mmwave_rospkg_msgs/msg/detail/radar_micro_doppler_feature_array__rosidl_typesupport_introspection_cpp.hpp
[11.294s] -- Symlinking: /home/docker_user/ros2_ws_head/install/ti_mmwave_rospkg_msgs/include/ti_mmwave_rospkg_msgs/ti_mmwave_rospkg_msgs/msg/detail/radar_micro_doppler_feature_contents__rosidl_typesupport_introspection_cpp.hpp
[11.319s] -- Symlinking: /home/docker_user/ros2_ws_head/install/ti_mmwave_rospkg_msgs/include/ti_mmwave_rospkg_msgs/ti_mmwave_rospkg_msgs/msg/detail/radar_occupancy__rosidl_typesupport_introspection_cpp.hpp
[11.330s] -- Symlinking: /home/docker_user/ros2_ws_head/install/ti_mmwave_rospkg_msgs/include/ti_mmwave_rospkg_msgs/ti_mmwave_rospkg_msgs/msg/detail/radar_point_track_id__rosidl_typesupport_introspection_cpp.hpp
[11.341s] -- Symlinking: /home/docker_user/ros2_ws_head/install/ti_mmwave_rospkg_msgs/include/ti_mmwave_rospkg_msgs/ti_mmwave_rospkg_msgs/msg/detail/radar_scan__rosidl_typesupport_introspection_cpp.hpp
[11.353s] -- Symlinking: /home/docker_user/ros2_ws_head/install/ti_mmwave_rospkg_msgs/include/ti_mmwave_rospkg_msgs/ti_mmwave_rospkg_msgs/msg/detail/radar_track_array__rosidl_typesupport_introspection_cpp.hpp
[11.373s] -- Symlinking: /home/docker_user/ros2_ws_head/install/ti_mmwave_rospkg_msgs/include/ti_mmwave_rospkg_msgs/ti_mmwave_rospkg_msgs/msg/detail/radar_track_contents__rosidl_typesupport_introspection_cpp.hpp
[11.384s] -- Symlinking: /home/docker_user/ros2_ws_head/install/ti_mmwave_rospkg_msgs/include/ti_mmwave_rospkg_msgs/ti_mmwave_rospkg_msgs/srv/detail/mmwave_cli__rosidl_typesupport_introspection_cpp.hpp
[11.402s] -- Symlinking: /home/docker_user/ros2_ws_head/install/ti_mmwave_rospkg_msgs/share/ti_mmwave_rospkg_msgs/environment/pythonpath.sh
[11.419s] -- Symlinking: /home/docker_user/ros2_ws_head/install/ti_mmwave_rospkg_msgs/share/ti_mmwave_rospkg_msgs/environment/pythonpath.dsv
[11.431s] -- Symlinking: /home/docker_user/ros2_ws_head/install/ti_mmwave_rospkg_msgs/local/lib/python3.10/dist-packages/ti_mmwave_rospkg_msgs-1.0.0-py3.10.egg-info/PKG-INFO
[11.451s] -- Symlinking: /home/docker_user/ros2_ws_head/install/ti_mmwave_rospkg_msgs/local/lib/python3.10/dist-packages/ti_mmwave_rospkg_msgs-1.0.0-py3.10.egg-info/SOURCES.txt
[11.469s] -- Symlinking: /home/docker_user/ros2_ws_head/install/ti_mmwave_rospkg_msgs/local/lib/python3.10/dist-packages/ti_mmwave_rospkg_msgs-1.0.0-py3.10.egg-info/dependency_links.txt
[11.476s] -- Symlinking: /home/docker_user/ros2_ws_head/install/ti_mmwave_rospkg_msgs/local/lib/python3.10/dist-packages/ti_mmwave_rospkg_msgs-1.0.0-py3.10.egg-info/top_level.txt
[11.490s] -- Symlinking: /home/docker_user/ros2_ws_head/install/ti_mmwave_rospkg_msgs/local/lib/python3.10/dist-packages/ti_mmwave_rospkg_msgs/__init__.py
[11.502s] -- Symlinking: /home/docker_user/ros2_ws_head/install/ti_mmwave_rospkg_msgs/local/lib/python3.10/dist-packages/ti_mmwave_rospkg_msgs/_ti_mmwave_rospkg_msgs_s.ep.rosidl_typesupport_c.c
[11.518s] -- Symlinking: /home/docker_user/ros2_ws_head/install/ti_mmwave_rospkg_msgs/local/lib/python3.10/dist-packages/ti_mmwave_rospkg_msgs/_ti_mmwave_rospkg_msgs_s.ep.rosidl_typesupport_fastrtps_c.c
[11.530s] -- Symlinking: /home/docker_user/ros2_ws_head/install/ti_mmwave_rospkg_msgs/local/lib/python3.10/dist-packages/ti_mmwave_rospkg_msgs/_ti_mmwave_rospkg_msgs_s.ep.rosidl_typesupport_introspection_c.c
[11.550s] -- Symlinking: /home/docker_user/ros2_ws_head/install/ti_mmwave_rospkg_msgs/local/lib/python3.10/dist-packages/ti_mmwave_rospkg_msgs/libti_mmwave_rospkg_msgs__rosidl_generator_py.so
[11.569s] -- Symlinking: /home/docker_user/ros2_ws_head/install/ti_mmwave_rospkg_msgs/local/lib/python3.10/dist-packages/ti_mmwave_rospkg_msgs/msg/__init__.py
[11.581s] -- Symlinking: /home/docker_user/ros2_ws_head/install/ti_mmwave_rospkg_msgs/local/lib/python3.10/dist-packages/ti_mmwave_rospkg_msgs/msg/_radar_classifier.py
[11.593s] -- Symlinking: /home/docker_user/ros2_ws_head/install/ti_mmwave_rospkg_msgs/local/lib/python3.10/dist-packages/ti_mmwave_rospkg_msgs/msg/_radar_classifier_s.c
[11.605s] -- Symlinking: /home/docker_user/ros2_ws_head/install/ti_mmwave_rospkg_msgs/local/lib/python3.10/dist-packages/ti_mmwave_rospkg_msgs/msg/_radar_micro_doppler_data_array.py
[11.619s] -- Symlinking: /home/docker_user/ros2_ws_head/install/ti_mmwave_rospkg_msgs/local/lib/python3.10/dist-packages/ti_mmwave_rospkg_msgs/msg/_radar_micro_doppler_data_array_s.c
[11.631s] -- Symlinking: /home/docker_user/ros2_ws_head/install/ti_mmwave_rospkg_msgs/local/lib/python3.10/dist-packages/ti_mmwave_rospkg_msgs/msg/_radar_micro_doppler_data_contents.py
[11.643s] -- Symlinking: /home/docker_user/ros2_ws_head/install/ti_mmwave_rospkg_msgs/local/lib/python3.10/dist-packages/ti_mmwave_rospkg_msgs/msg/_radar_micro_doppler_data_contents_s.c
[11.651s] -- Symlinking: /home/docker_user/ros2_ws_head/install/ti_mmwave_rospkg_msgs/local/lib/python3.10/dist-packages/ti_mmwave_rospkg_msgs/msg/_radar_micro_doppler_feature_array.py
[11.660s] -- Symlinking: /home/docker_user/ros2_ws_head/install/ti_mmwave_rospkg_msgs/local/lib/python3.10/dist-packages/ti_mmwave_rospkg_msgs/msg/_radar_micro_doppler_feature_array_s.c
[11.670s] -- Symlinking: /home/docker_user/ros2_ws_head/install/ti_mmwave_rospkg_msgs/local/lib/python3.10/dist-packages/ti_mmwave_rospkg_msgs/msg/_radar_micro_doppler_feature_contents.py
[11.677s] -- Symlinking: /home/docker_user/ros2_ws_head/install/ti_mmwave_rospkg_msgs/local/lib/python3.10/dist-packages/ti_mmwave_rospkg_msgs/msg/_radar_micro_doppler_feature_contents_s.c
[11.687s] -- Symlinking: /home/docker_user/ros2_ws_head/install/ti_mmwave_rospkg_msgs/local/lib/python3.10/dist-packages/ti_mmwave_rospkg_msgs/msg/_radar_occupancy.py
[11.694s] -- Symlinking: /home/docker_user/ros2_ws_head/install/ti_mmwave_rospkg_msgs/local/lib/python3.10/dist-packages/ti_mmwave_rospkg_msgs/msg/_radar_occupancy_s.c
[11.702s] -- Symlinking: /home/docker_user/ros2_ws_head/install/ti_mmwave_rospkg_msgs/local/lib/python3.10/dist-packages/ti_mmwave_rospkg_msgs/msg/_radar_point_track_id.py
[11.710s] -- Symlinking: /home/docker_user/ros2_ws_head/install/ti_mmwave_rospkg_msgs/local/lib/python3.10/dist-packages/ti_mmwave_rospkg_msgs/msg/_radar_point_track_id_s.c
[11.717s] -- Symlinking: /home/docker_user/ros2_ws_head/install/ti_mmwave_rospkg_msgs/local/lib/python3.10/dist-packages/ti_mmwave_rospkg_msgs/msg/_radar_scan.py
[11.726s] -- Symlinking: /home/docker_user/ros2_ws_head/install/ti_mmwave_rospkg_msgs/local/lib/python3.10/dist-packages/ti_mmwave_rospkg_msgs/msg/_radar_scan_s.c
[11.733s] -- Symlinking: /home/docker_user/ros2_ws_head/install/ti_mmwave_rospkg_msgs/local/lib/python3.10/dist-packages/ti_mmwave_rospkg_msgs/msg/_radar_track_array.py
[11.742s] -- Symlinking: /home/docker_user/ros2_ws_head/install/ti_mmwave_rospkg_msgs/local/lib/python3.10/dist-packages/ti_mmwave_rospkg_msgs/msg/_radar_track_array_s.c
[11.750s] -- Symlinking: /home/docker_user/ros2_ws_head/install/ti_mmwave_rospkg_msgs/local/lib/python3.10/dist-packages/ti_mmwave_rospkg_msgs/msg/_radar_track_contents.py
[11.760s] -- Symlinking: /home/docker_user/ros2_ws_head/install/ti_mmwave_rospkg_msgs/local/lib/python3.10/dist-packages/ti_mmwave_rospkg_msgs/msg/_radar_track_contents_s.c
[11.766s] -- Symlinking: /home/docker_user/ros2_ws_head/install/ti_mmwave_rospkg_msgs/local/lib/python3.10/dist-packages/ti_mmwave_rospkg_msgs/srv/__init__.py
[11.775s] -- Symlinking: /home/docker_user/ros2_ws_head/install/ti_mmwave_rospkg_msgs/local/lib/python3.10/dist-packages/ti_mmwave_rospkg_msgs/srv/_mmwave_cli.py
[11.785s] -- Symlinking: /home/docker_user/ros2_ws_head/install/ti_mmwave_rospkg_msgs/local/lib/python3.10/dist-packages/ti_mmwave_rospkg_msgs/srv/_mmwave_cli_s.c
[11.792s] -- Symlinking: /home/docker_user/ros2_ws_head/install/ti_mmwave_rospkg_msgs/local/lib/python3.10/dist-packages/ti_mmwave_rospkg_msgs/ti_mmwave_rospkg_msgs_s__rosidl_typesupport_c.cpython-310-x86_64-linux-gnu.so
[11.798s] -- Symlinking: /home/docker_user/ros2_ws_head/install/ti_mmwave_rospkg_msgs/local/lib/python3.10/dist-packages/ti_mmwave_rospkg_msgs/ti_mmwave_rospkg_msgs_s__rosidl_typesupport_fastrtps_c.cpython-310-x86_64-linux-gnu.so
[11.808s] -- Symlinking: /home/docker_user/ros2_ws_head/install/ti_mmwave_rospkg_msgs/local/lib/python3.10/dist-packages/ti_mmwave_rospkg_msgs/ti_mmwave_rospkg_msgs_s__rosidl_typesupport_introspection_c.cpython-310-x86_64-linux-gnu.so
[11.815s] -- Up-to-date symlink: /home/docker_user/ros2_ws_head/install/ti_mmwave_rospkg_msgs/local/lib/python3.10/dist-packages/ti_mmwave_rospkg_msgs/ti_mmwave_rospkg_msgs_s__rosidl_typesupport_fastrtps_c.cpython-310-x86_64-linux-gnu.so
[11.815s] -- Up-to-date symlink: /home/docker_user/ros2_ws_head/install/ti_mmwave_rospkg_msgs/local/lib/python3.10/dist-packages/ti_mmwave_rospkg_msgs/ti_mmwave_rospkg_msgs_s__rosidl_typesupport_introspection_c.cpython-310-x86_64-linux-gnu.so
[11.815s] -- Up-to-date symlink: /home/docker_user/ros2_ws_head/install/ti_mmwave_rospkg_msgs/local/lib/python3.10/dist-packages/ti_mmwave_rospkg_msgs/ti_mmwave_rospkg_msgs_s__rosidl_typesupport_c.cpython-310-x86_64-linux-gnu.so
[11.815s] -- Symlinking: /home/docker_user/ros2_ws_head/install/ti_mmwave_rospkg_msgs/share/ti_mmwave_rospkg_msgs/msg/RadarScan.idl
[11.822s] -- Symlinking: /home/docker_user/ros2_ws_head/install/ti_mmwave_rospkg_msgs/share/ti_mmwave_rospkg_msgs/msg/RadarOccupancy.idl
[11.828s] -- Symlinking: /home/docker_user/ros2_ws_head/install/ti_mmwave_rospkg_msgs/share/ti_mmwave_rospkg_msgs/msg/RadarClassifier.idl
[11.835s] -- Symlinking: /home/docker_user/ros2_ws_head/install/ti_mmwave_rospkg_msgs/share/ti_mmwave_rospkg_msgs/msg/RadarTrackArray.idl
[11.842s] -- Symlinking: /home/docker_user/ros2_ws_head/install/ti_mmwave_rospkg_msgs/share/ti_mmwave_rospkg_msgs/msg/RadarTrackContents.idl
[11.849s] -- Symlinking: /home/docker_user/ros2_ws_head/install/ti_mmwave_rospkg_msgs/share/ti_mmwave_rospkg_msgs/msg/RadarPointTrackID.idl
[11.855s] -- Symlinking: /home/docker_user/ros2_ws_head/install/ti_mmwave_rospkg_msgs/share/ti_mmwave_rospkg_msgs/msg/RadarMicroDopplerDataArray.idl
[11.862s] -- Symlinking: /home/docker_user/ros2_ws_head/install/ti_mmwave_rospkg_msgs/share/ti_mmwave_rospkg_msgs/msg/RadarMicroDopplerDataContents.idl
[11.868s] -- Symlinking: /home/docker_user/ros2_ws_head/install/ti_mmwave_rospkg_msgs/share/ti_mmwave_rospkg_msgs/msg/RadarMicroDopplerFeatureArray.idl
[11.876s] -- Symlinking: /home/docker_user/ros2_ws_head/install/ti_mmwave_rospkg_msgs/share/ti_mmwave_rospkg_msgs/msg/RadarMicroDopplerFeatureContents.idl
[11.885s] -- Symlinking: /home/docker_user/ros2_ws_head/install/ti_mmwave_rospkg_msgs/share/ti_mmwave_rospkg_msgs/srv/MmwaveCli.idl
[11.893s] -- Symlinking: /home/docker_user/ros2_ws_head/install/ti_mmwave_rospkg_msgs/share/ti_mmwave_rospkg_msgs/msg/RadarScan.msg
[11.903s] -- Symlinking: /home/docker_user/ros2_ws_head/install/ti_mmwave_rospkg_msgs/share/ti_mmwave_rospkg_msgs/msg/RadarOccupancy.msg
[11.910s] -- Symlinking: /home/docker_user/ros2_ws_head/install/ti_mmwave_rospkg_msgs/share/ti_mmwave_rospkg_msgs/msg/RadarClassifier.msg
[11.920s] -- Symlinking: /home/docker_user/ros2_ws_head/install/ti_mmwave_rospkg_msgs/share/ti_mmwave_rospkg_msgs/msg/RadarTrackArray.msg
[11.930s] -- Symlinking: /home/docker_user/ros2_ws_head/install/ti_mmwave_rospkg_msgs/share/ti_mmwave_rospkg_msgs/msg/RadarTrackContents.msg
[11.942s] -- Symlinking: /home/docker_user/ros2_ws_head/install/ti_mmwave_rospkg_msgs/share/ti_mmwave_rospkg_msgs/msg/RadarPointTrackID.msg
[11.954s] -- Symlinking: /home/docker_user/ros2_ws_head/install/ti_mmwave_rospkg_msgs/share/ti_mmwave_rospkg_msgs/msg/RadarMicroDopplerDataArray.msg
[11.965s] -- Symlinking: /home/docker_user/ros2_ws_head/install/ti_mmwave_rospkg_msgs/share/ti_mmwave_rospkg_msgs/msg/RadarMicroDopplerDataContents.msg
[11.977s] -- Symlinking: /home/docker_user/ros2_ws_head/install/ti_mmwave_rospkg_msgs/share/ti_mmwave_rospkg_msgs/msg/RadarMicroDopplerFeatureArray.msg
[11.989s] -- Symlinking: /home/docker_user/ros2_ws_head/install/ti_mmwave_rospkg_msgs/share/ti_mmwave_rospkg_msgs/msg/RadarMicroDopplerFeatureContents.msg
[12.001s] -- Symlinking: /home/docker_user/ros2_ws_head/install/ti_mmwave_rospkg_msgs/share/ti_mmwave_rospkg_msgs/srv/MmwaveCli.srv
[12.009s] -- Symlinking: /home/docker_user/ros2_ws_head/install/ti_mmwave_rospkg_msgs/share/ti_mmwave_rospkg_msgs/srv/MmwaveCli_Request.msg
[12.016s] -- Symlinking: /home/docker_user/ros2_ws_head/install/ti_mmwave_rospkg_msgs/share/ti_mmwave_rospkg_msgs/srv/MmwaveCli_Response.msg
[12.027s] -- Symlinking: /home/docker_user/ros2_ws_head/install/ti_mmwave_rospkg_msgs/share/ament_index/resource_index/package_run_dependencies/ti_mmwave_rospkg_msgs
[12.035s] -- Symlinking: /home/docker_user/ros2_ws_head/install/ti_mmwave_rospkg_msgs/share/ament_index/resource_index/parent_prefix_path/ti_mmwave_rospkg_msgs
[12.044s] -- Symlinking: /home/docker_user/ros2_ws_head/install/ti_mmwave_rospkg_msgs/share/ti_mmwave_rospkg_msgs/environment/ament_prefix_path.sh
[12.054s] -- Symlinking: /home/docker_user/ros2_ws_head/install/ti_mmwave_rospkg_msgs/share/ti_mmwave_rospkg_msgs/environment/ament_prefix_path.dsv
[12.061s] -- Symlinking: /home/docker_user/ros2_ws_head/install/ti_mmwave_rospkg_msgs/share/ti_mmwave_rospkg_msgs/environment/path.sh
[12.068s] -- Symlinking: /home/docker_user/ros2_ws_head/install/ti_mmwave_rospkg_msgs/share/ti_mmwave_rospkg_msgs/environment/path.dsv
[12.077s] -- Symlinking: /home/docker_user/ros2_ws_head/install/ti_mmwave_rospkg_msgs/share/ti_mmwave_rospkg_msgs/local_setup.bash
[12.085s] -- Symlinking: /home/docker_user/ros2_ws_head/install/ti_mmwave_rospkg_msgs/share/ti_mmwave_rospkg_msgs/local_setup.sh
[12.095s] -- Symlinking: /home/docker_user/ros2_ws_head/install/ti_mmwave_rospkg_msgs/share/ti_mmwave_rospkg_msgs/local_setup.zsh
[12.104s] -- Symlinking: /home/docker_user/ros2_ws_head/install/ti_mmwave_rospkg_msgs/share/ti_mmwave_rospkg_msgs/local_setup.dsv
[12.112s] -- Symlinking: /home/docker_user/ros2_ws_head/install/ti_mmwave_rospkg_msgs/share/ti_mmwave_rospkg_msgs/package.dsv
[12.123s] -- Symlinking: /home/docker_user/ros2_ws_head/install/ti_mmwave_rospkg_msgs/share/ament_index/resource_index/packages/ti_mmwave_rospkg_msgs
[12.132s] -- Symlinking: /home/docker_user/ros2_ws_head/install/ti_mmwave_rospkg_msgs/share/ti_mmwave_rospkg_msgs/cmake/rosidl_cmake-extras.cmake
[12.142s] -- Symlinking: /home/docker_user/ros2_ws_head/install/ti_mmwave_rospkg_msgs/share/ti_mmwave_rospkg_msgs/cmake/ament_cmake_export_dependencies-extras.cmake
[12.151s] -- Symlinking: /home/docker_user/ros2_ws_head/install/ti_mmwave_rospkg_msgs/share/ti_mmwave_rospkg_msgs/cmake/ament_cmake_export_include_directories-extras.cmake
[12.160s] -- Symlinking: /home/docker_user/ros2_ws_head/install/ti_mmwave_rospkg_msgs/share/ti_mmwave_rospkg_msgs/cmake/ament_cmake_export_libraries-extras.cmake
[12.168s] -- Symlinking: /home/docker_user/ros2_ws_head/install/ti_mmwave_rospkg_msgs/share/ti_mmwave_rospkg_msgs/cmake/ament_cmake_export_targets-extras.cmake
[12.178s] -- Symlinking: /home/docker_user/ros2_ws_head/install/ti_mmwave_rospkg_msgs/share/ti_mmwave_rospkg_msgs/cmake/rosidl_cmake_export_typesupport_targets-extras.cmake
[12.188s] -- Symlinking: /home/docker_user/ros2_ws_head/install/ti_mmwave_rospkg_msgs/share/ti_mmwave_rospkg_msgs/cmake/rosidl_cmake_export_typesupport_libraries-extras.cmake
[12.197s] -- Symlinking: /home/docker_user/ros2_ws_head/install/ti_mmwave_rospkg_msgs/share/ti_mmwave_rospkg_msgs/cmake/ti_mmwave_rospkg_msgsConfig.cmake
[12.207s] -- Symlinking: /home/docker_user/ros2_ws_head/install/ti_mmwave_rospkg_msgs/share/ti_mmwave_rospkg_msgs/cmake/ti_mmwave_rospkg_msgsConfig-version.cmake
[12.216s] -- Symlinking: /home/docker_user/ros2_ws_head/install/ti_mmwave_rospkg_msgs/share/ti_mmwave_rospkg_msgs/package.xml
[12.224s] -- Installing: /home/docker_user/ros2_ws_head/install/ti_mmwave_rospkg_msgs/lib/libti_mmwave_rospkg_msgs__rosidl_generator_c.so
[12.225s] -- Set runtime path of "/home/docker_user/ros2_ws_head/install/ti_mmwave_rospkg_msgs/lib/libti_mmwave_rospkg_msgs__rosidl_generator_c.so" to ""
[12.225s] -- Installing: /home/docker_user/ros2_ws_head/install/ti_mmwave_rospkg_msgs/lib/libti_mmwave_rospkg_msgs__rosidl_typesupport_fastrtps_c.so
[12.225s] -- Set runtime path of "/home/docker_user/ros2_ws_head/install/ti_mmwave_rospkg_msgs/lib/libti_mmwave_rospkg_msgs__rosidl_typesupport_fastrtps_c.so" to ""
[12.225s] -- Installing: /home/docker_user/ros2_ws_head/install/ti_mmwave_rospkg_msgs/lib/libti_mmwave_rospkg_msgs__rosidl_typesupport_introspection_c.so
[12.226s] -- Set runtime path of "/home/docker_user/ros2_ws_head/install/ti_mmwave_rospkg_msgs/lib/libti_mmwave_rospkg_msgs__rosidl_typesupport_introspection_c.so" to ""
[12.226s] -- Installing: /home/docker_user/ros2_ws_head/install/ti_mmwave_rospkg_msgs/lib/libti_mmwave_rospkg_msgs__rosidl_typesupport_c.so
[12.226s] -- Set runtime path of "/home/docker_user/ros2_ws_head/install/ti_mmwave_rospkg_msgs/lib/libti_mmwave_rospkg_msgs__rosidl_typesupport_c.so" to ""
[12.226s] -- Installing: /home/docker_user/ros2_ws_head/install/ti_mmwave_rospkg_msgs/lib/libti_mmwave_rospkg_msgs__rosidl_typesupport_fastrtps_cpp.so
[12.227s] -- Set runtime path of "/home/docker_user/ros2_ws_head/install/ti_mmwave_rospkg_msgs/lib/libti_mmwave_rospkg_msgs__rosidl_typesupport_fastrtps_cpp.so" to ""
[12.227s] -- Installing: /home/docker_user/ros2_ws_head/install/ti_mmwave_rospkg_msgs/lib/libti_mmwave_rospkg_msgs__rosidl_typesupport_introspection_cpp.so
[12.228s] -- Set runtime path of "/home/docker_user/ros2_ws_head/install/ti_mmwave_rospkg_msgs/lib/libti_mmwave_rospkg_msgs__rosidl_typesupport_introspection_cpp.so" to ""
[12.228s] -- Installing: /home/docker_user/ros2_ws_head/install/ti_mmwave_rospkg_msgs/lib/libti_mmwave_rospkg_msgs__rosidl_typesupport_cpp.so
[12.228s] -- Set runtime path of "/home/docker_user/ros2_ws_head/install/ti_mmwave_rospkg_msgs/lib/libti_mmwave_rospkg_msgs__rosidl_typesupport_cpp.so" to ""
[12.274s] Listing '/home/docker_user/ros2_ws_head/install/ti_mmwave_rospkg_msgs/local/lib/python3.10/dist-packages/ti_mmwave_rospkg_msgs'...
[12.274s] Compiling '/home/docker_user/ros2_ws_head/install/ti_mmwave_rospkg_msgs/local/lib/python3.10/dist-packages/ti_mmwave_rospkg_msgs/__init__.py'...
[12.274s] Listing '/home/docker_user/ros2_ws_head/install/ti_mmwave_rospkg_msgs/local/lib/python3.10/dist-packages/ti_mmwave_rospkg_msgs/msg'...
[12.274s] Compiling '/home/docker_user/ros2_ws_head/install/ti_mmwave_rospkg_msgs/local/lib/python3.10/dist-packages/ti_mmwave_rospkg_msgs/msg/__init__.py'...
[12.274s] Compiling '/home/docker_user/ros2_ws_head/install/ti_mmwave_rospkg_msgs/local/lib/python3.10/dist-packages/ti_mmwave_rospkg_msgs/msg/_radar_classifier.py'...
[12.274s] Compiling '/home/docker_user/ros2_ws_head/install/ti_mmwave_rospkg_msgs/local/lib/python3.10/dist-packages/ti_mmwave_rospkg_msgs/msg/_radar_micro_doppler_data_array.py'...
[12.274s] Compiling '/home/docker_user/ros2_ws_head/install/ti_mmwave_rospkg_msgs/local/lib/python3.10/dist-packages/ti_mmwave_rospkg_msgs/msg/_radar_micro_doppler_data_contents.py'...
[12.274s] Compiling '/home/docker_user/ros2_ws_head/install/ti_mmwave_rospkg_msgs/local/lib/python3.10/dist-packages/ti_mmwave_rospkg_msgs/msg/_radar_micro_doppler_feature_array.py'...
[12.274s] Compiling '/home/docker_user/ros2_ws_head/install/ti_mmwave_rospkg_msgs/local/lib/python3.10/dist-packages/ti_mmwave_rospkg_msgs/msg/_radar_micro_doppler_feature_contents.py'...
[12.274s] Compiling '/home/docker_user/ros2_ws_head/install/ti_mmwave_rospkg_msgs/local/lib/python3.10/dist-packages/ti_mmwave_rospkg_msgs/msg/_radar_occupancy.py'...
[12.274s] Compiling '/home/docker_user/ros2_ws_head/install/ti_mmwave_rospkg_msgs/local/lib/python3.10/dist-packages/ti_mmwave_rospkg_msgs/msg/_radar_point_track_id.py'...
[12.274s] Compiling '/home/docker_user/ros2_ws_head/install/ti_mmwave_rospkg_msgs/local/lib/python3.10/dist-packages/ti_mmwave_rospkg_msgs/msg/_radar_scan.py'...
[12.274s] Compiling '/home/docker_user/ros2_ws_head/install/ti_mmwave_rospkg_msgs/local/lib/python3.10/dist-packages/ti_mmwave_rospkg_msgs/msg/_radar_track_array.py'...
[12.274s] Compiling '/home/docker_user/ros2_ws_head/install/ti_mmwave_rospkg_msgs/local/lib/python3.10/dist-packages/ti_mmwave_rospkg_msgs/msg/_radar_track_contents.py'...
[12.274s] Listing '/home/docker_user/ros2_ws_head/install/ti_mmwave_rospkg_msgs/local/lib/python3.10/dist-packages/ti_mmwave_rospkg_msgs/srv'...
[12.274s] Compiling '/home/docker_user/ros2_ws_head/install/ti_mmwave_rospkg_msgs/local/lib/python3.10/dist-packages/ti_mmwave_rospkg_msgs/srv/__init__.py'...
[12.275s] Compiling '/home/docker_user/ros2_ws_head/install/ti_mmwave_rospkg_msgs/local/lib/python3.10/dist-packages/ti_mmwave_rospkg_msgs/srv/_mmwave_cli.py'...
[12.278s] -- Installing: /home/docker_user/ros2_ws_head/install/ti_mmwave_rospkg_msgs/lib/libti_mmwave_rospkg_msgs__rosidl_generator_py.so
[12.279s] -- Set runtime path of "/home/docker_user/ros2_ws_head/install/ti_mmwave_rospkg_msgs/lib/libti_mmwave_rospkg_msgs__rosidl_generator_py.so" to ""
[12.279s] -- Installing: /home/docker_user/ros2_ws_head/install/ti_mmwave_rospkg_msgs/share/ti_mmwave_rospkg_msgs/cmake/export_ti_mmwave_rospkg_msgs__rosidl_generator_cExport.cmake
[12.279s] -- Installing: /home/docker_user/ros2_ws_head/install/ti_mmwave_rospkg_msgs/share/ti_mmwave_rospkg_msgs/cmake/export_ti_mmwave_rospkg_msgs__rosidl_generator_cExport-noconfig.cmake
[12.279s] -- Installing: /home/docker_user/ros2_ws_head/install/ti_mmwave_rospkg_msgs/share/ti_mmwave_rospkg_msgs/cmake/export_ti_mmwave_rospkg_msgs__rosidl_typesupport_fastrtps_cExport.cmake
[12.279s] -- Installing: /home/docker_user/ros2_ws_head/install/ti_mmwave_rospkg_msgs/share/ti_mmwave_rospkg_msgs/cmake/export_ti_mmwave_rospkg_msgs__rosidl_typesupport_fastrtps_cExport-noconfig.cmake
[12.279s] -- Installing: /home/docker_user/ros2_ws_head/install/ti_mmwave_rospkg_msgs/share/ti_mmwave_rospkg_msgs/cmake/ti_mmwave_rospkg_msgs__rosidl_typesupport_introspection_cExport.cmake
[12.279s] -- Installing: /home/docker_user/ros2_ws_head/install/ti_mmwave_rospkg_msgs/share/ti_mmwave_rospkg_msgs/cmake/ti_mmwave_rospkg_msgs__rosidl_typesupport_introspection_cExport-noconfig.cmake
[12.279s] -- Installing: /home/docker_user/ros2_ws_head/install/ti_mmwave_rospkg_msgs/share/ti_mmwave_rospkg_msgs/cmake/ti_mmwave_rospkg_msgs__rosidl_typesupport_cExport.cmake
[12.280s] -- Installing: /home/docker_user/ros2_ws_head/install/ti_mmwave_rospkg_msgs/share/ti_mmwave_rospkg_msgs/cmake/ti_mmwave_rospkg_msgs__rosidl_typesupport_cExport-noconfig.cmake
[12.280s] -- Installing: /home/docker_user/ros2_ws_head/install/ti_mmwave_rospkg_msgs/share/ti_mmwave_rospkg_msgs/cmake/export_ti_mmwave_rospkg_msgs__rosidl_generator_cppExport.cmake
[12.280s] -- Installing: /home/docker_user/ros2_ws_head/install/ti_mmwave_rospkg_msgs/share/ti_mmwave_rospkg_msgs/cmake/export_ti_mmwave_rospkg_msgs__rosidl_typesupport_fastrtps_cppExport.cmake
[12.280s] -- Installing: /home/docker_user/ros2_ws_head/install/ti_mmwave_rospkg_msgs/share/ti_mmwave_rospkg_msgs/cmake/export_ti_mmwave_rospkg_msgs__rosidl_typesupport_fastrtps_cppExport-noconfig.cmake
[12.280s] -- Installing: /home/docker_user/ros2_ws_head/install/ti_mmwave_rospkg_msgs/share/ti_mmwave_rospkg_msgs/cmake/ti_mmwave_rospkg_msgs__rosidl_typesupport_introspection_cppExport.cmake
[12.280s] -- Installing: /home/docker_user/ros2_ws_head/install/ti_mmwave_rospkg_msgs/share/ti_mmwave_rospkg_msgs/cmake/ti_mmwave_rospkg_msgs__rosidl_typesupport_introspection_cppExport-noconfig.cmake
[12.280s] -- Installing: /home/docker_user/ros2_ws_head/install/ti_mmwave_rospkg_msgs/share/ti_mmwave_rospkg_msgs/cmake/ti_mmwave_rospkg_msgs__rosidl_typesupport_cppExport.cmake
[12.280s] -- Installing: /home/docker_user/ros2_ws_head/install/ti_mmwave_rospkg_msgs/share/ti_mmwave_rospkg_msgs/cmake/ti_mmwave_rospkg_msgs__rosidl_typesupport_cppExport-noconfig.cmake
[12.280s] -- Installing: /home/docker_user/ros2_ws_head/install/ti_mmwave_rospkg_msgs/share/ti_mmwave_rospkg_msgs/cmake/export_ti_mmwave_rospkg_msgs__rosidl_generator_pyExport.cmake
[12.280s] -- Installing: /home/docker_user/ros2_ws_head/install/ti_mmwave_rospkg_msgs/share/ti_mmwave_rospkg_msgs/cmake/export_ti_mmwave_rospkg_msgs__rosidl_generator_pyExport-noconfig.cmake
[12.282s] Invoked command in '/home/docker_user/ros2_ws_head/build/ti_mmwave_rospkg_msgs' returned '0': CMAKE_PREFIX_PATH=/opt/ros/humble /usr/bin/cmake --install /home/docker_user/ros2_ws_head/build/ti_mmwave_rospkg_msgs
