running develop
running egg_info
creating actuators_bringup.egg-info
writing actuators_bringup.egg-info/PKG-INFO
writing dependency_links to actuators_bringup.egg-info/dependency_links.txt
writing entry points to actuators_bringup.egg-info/entry_points.txt
writing requirements to actuators_bringup.egg-info/requires.txt
writing top-level names to actuators_bringup.egg-info/top_level.txt
writing manifest file 'actuators_bringup.egg-info/SOURCES.txt'
reading manifest file 'actuators_bringup.egg-info/SOURCES.txt'
writing manifest file 'actuators_bringup.egg-info/SOURCES.txt'
running build_ext
Creating /home/docker_user/ros2_ws_head/install/actuators_bringup/lib/python3.10/site-packages/actuators-bringup.egg-link (link to .)
Installing actuators script to /home/docker_user/ros2_ws_head/install/actuators_bringup/lib/actuators_bringup

Installed /home/docker_user/ros2_ws_head/build/actuators_bringup
running symlink_data
creating /home/docker_user/ros2_ws_head/install/actuators_bringup/share/ament_index
creating /home/docker_user/ros2_ws_head/install/actuators_bringup/share/ament_index/resource_index
creating /home/docker_user/ros2_ws_head/install/actuators_bringup/share/ament_index/resource_index/packages
symbolically linking /home/docker_user/ros2_ws_head/build/actuators_bringup/resource/actuators_bringup -> /home/docker_user/ros2_ws_head/install/actuators_bringup/share/ament_index/resource_index/packages
symbolically linking /home/docker_user/ros2_ws_head/build/actuators_bringup/package.xml -> /home/docker_user/ros2_ws_head/install/actuators_bringup/share/actuators_bringup
creating /home/docker_user/ros2_ws_head/install/actuators_bringup/share/actuators_bringup/config
symbolically linking /home/docker_user/ros2_ws_head/build/actuators_bringup/config/actuators_bringup_params.yaml -> /home/docker_user/ros2_ws_head/install/actuators_bringup/share/actuators_bringup/config
creating /home/docker_user/ros2_ws_head/install/actuators_bringup/share/actuators_bringup/launch
symbolically linking /home/docker_user/ros2_ws_head/build/actuators_bringup/launch/actuators_bringup_launch.py -> /home/docker_user/ros2_ws_head/install/actuators_bringup/share/actuators_bringup/launch
