-- Found ament_cmake: 1.3.12 (/opt/ros/humble/share/ament_cmake/cmake)
-- Override CMake install command with custom implementation using symlinks instead of copying resources
-- Found rosidl_default_generators: 1.2.0 (/opt/ros/humble/share/rosidl_default_generators/cmake)
-- Using all available rosidl_typesupport_c: rosidl_typesupport_fastrtps_c;rosidl_typesupport_introspection_c
-- Found rosidl_adapter: 3.1.7 (/opt/ros/humble/share/rosidl_adapter/cmake)
-- Using all available rosidl_typesupport_cpp: rosidl_typesupport_fastrtps_cpp;rosidl_typesupport_introspection_cpp
-- Found ament_cmake_ros: 0.10.0 (/opt/ros/humble/share/ament_cmake_ros/cmake)
-- Using all available rosidl_typesupport_c: rosidl_typesupport_fastrtps_c;rosidl_typesupport_introspection_c
-- Using all available rosidl_typesupport_cpp: rosidl_typesupport_fastrtps_cpp;rosidl_typesupport_introspection_cpp
-- Found python_cmake_module: 0.10.0 (/opt/ros/humble/share/python_cmake_module/cmake)
-- Using PYTHON_EXECUTABLE: /usr/bin/python3
-- Using PYTHON_INCLUDE_DIRS: /usr/include/python3.10
-- Using PYTHON_LIBRARIES: /usr/lib/x86_64-linux-gnu/libpython3.10.so
-- Configuring done
-- Generating done
-- Build files have been written to: /home/docker_user/ros2_ws_head/build/posture_analysis_msgs
[35m[1mConsolidate compiler generated dependencies of target posture_analysis_msgs__rosidl_generator_c[0m
[  9%] Built target posture_analysis_msgs__rosidl_generator_c
[ 12%] Built target posture_analysis_msgs__cpp
[35m[1mConsolidate compiler generated dependencies of target posture_analysis_msgs__rosidl_typesupport_c[0m
[35m[1mConsolidate compiler generated dependencies of target posture_analysis_msgs__rosidl_typesupport_introspection_c[0m
[ 12%] Built target ament_cmake_python_symlink_posture_analysis_msgs
[35m[1mConsolidate compiler generated dependencies of target posture_analysis_msgs__rosidl_typesupport_fastrtps_c[0m
[35m[1mConsolidate compiler generated dependencies of target posture_analysis_msgs__rosidl_typesupport_fastrtps_cpp[0m
[35m[1mConsolidate compiler generated dependencies of target posture_analysis_msgs__rosidl_typesupport_introspection_cpp[0m
[35m[1mConsolidate compiler generated dependencies of target posture_analysis_msgs__rosidl_typesupport_cpp[0m
[ 29%] Built target posture_analysis_msgs__rosidl_typesupport_introspection_c
[ 32%] Built target posture_analysis_msgs__rosidl_typesupport_c
[ 41%] Built target posture_analysis_msgs__rosidl_typesupport_fastrtps_c
[ 51%] Built target posture_analysis_msgs__rosidl_typesupport_fastrtps_cpp
[ 61%] Built target posture_analysis_msgs__rosidl_typesupport_cpp
[ 70%] Built target posture_analysis_msgs__rosidl_typesupport_introspection_cpp
[ 70%] Built target posture_analysis_msgs
[ 74%] Built target posture_analysis_msgs__py
[35m[1mConsolidate compiler generated dependencies of target posture_analysis_msgs__rosidl_generator_py[0m
[ 80%] Built target posture_analysis_msgs__rosidl_generator_py
[35m[1mConsolidate compiler generated dependencies of target posture_analysis_msgs__rosidl_typesupport_c__pyext[0m
[35m[1mConsolidate compiler generated dependencies of target posture_analysis_msgs__rosidl_typesupport_introspection_c__pyext[0m
[35m[1mConsolidate compiler generated dependencies of target posture_analysis_msgs__rosidl_typesupport_fastrtps_c__pyext[0m
[ 96%] Built target posture_analysis_msgs__rosidl_typesupport_introspection_c__pyext
[ 96%] Built target posture_analysis_msgs__rosidl_typesupport_c__pyext
[100%] Built target posture_analysis_msgs__rosidl_typesupport_fastrtps_c__pyext
running egg_info
writing posture_analysis_msgs.egg-info/PKG-INFO
writing dependency_links to posture_analysis_msgs.egg-info/dependency_links.txt
writing top-level names to posture_analysis_msgs.egg-info/top_level.txt
reading manifest file 'posture_analysis_msgs.egg-info/SOURCES.txt'
writing manifest file 'posture_analysis_msgs.egg-info/SOURCES.txt'
[100%] Built target ament_cmake_python_build_posture_analysis_msgs_egg
-- Install configuration: ""
-- Execute custom install script
-- Up-to-date symlink: /home/docker_user/ros2_ws_head/install/posture_analysis_msgs/share/ament_index/resource_index/rosidl_interfaces/posture_analysis_msgs
-- Up-to-date symlink: /home/docker_user/ros2_ws_head/install/posture_analysis_msgs/include/posture_analysis_msgs/posture_analysis_msgs/msg/detail/posture__functions.h
-- Up-to-date symlink: /home/docker_user/ros2_ws_head/install/posture_analysis_msgs/include/posture_analysis_msgs/posture_analysis_msgs/msg/detail/posture__struct.h
-- Up-to-date symlink: /home/docker_user/ros2_ws_head/install/posture_analysis_msgs/include/posture_analysis_msgs/posture_analysis_msgs/msg/detail/posture__type_support.h
-- Up-to-date symlink: /home/docker_user/ros2_ws_head/install/posture_analysis_msgs/include/posture_analysis_msgs/posture_analysis_msgs/msg/posture.h
-- Up-to-date symlink: /home/docker_user/ros2_ws_head/install/posture_analysis_msgs/include/posture_analysis_msgs/posture_analysis_msgs/msg/rosidl_generator_c__visibility_control.h
-- Up-to-date symlink: /home/docker_user/ros2_ws_head/install/posture_analysis_msgs/share/posture_analysis_msgs/environment/library_path.sh
-- Up-to-date symlink: /home/docker_user/ros2_ws_head/install/posture_analysis_msgs/share/posture_analysis_msgs/environment/library_path.dsv
-- Up-to-date symlink: /home/docker_user/ros2_ws_head/install/posture_analysis_msgs/include/posture_analysis_msgs/posture_analysis_msgs/msg/detail/posture__rosidl_typesupport_fastrtps_c.h
-- Up-to-date symlink: /home/docker_user/ros2_ws_head/install/posture_analysis_msgs/include/posture_analysis_msgs/posture_analysis_msgs/msg/rosidl_typesupport_fastrtps_c__visibility_control.h
-- Up-to-date symlink: /home/docker_user/ros2_ws_head/install/posture_analysis_msgs/include/posture_analysis_msgs/posture_analysis_msgs/msg/detail/posture__rosidl_typesupport_introspection_c.h
-- Up-to-date symlink: /home/docker_user/ros2_ws_head/install/posture_analysis_msgs/include/posture_analysis_msgs/posture_analysis_msgs/msg/rosidl_typesupport_introspection_c__visibility_control.h
-- Up-to-date symlink: /home/docker_user/ros2_ws_head/install/posture_analysis_msgs/include/posture_analysis_msgs/posture_analysis_msgs/msg/detail/posture__builder.hpp
-- Up-to-date symlink: /home/docker_user/ros2_ws_head/install/posture_analysis_msgs/include/posture_analysis_msgs/posture_analysis_msgs/msg/detail/posture__struct.hpp
-- Up-to-date symlink: /home/docker_user/ros2_ws_head/install/posture_analysis_msgs/include/posture_analysis_msgs/posture_analysis_msgs/msg/detail/posture__traits.hpp
-- Up-to-date symlink: /home/docker_user/ros2_ws_head/install/posture_analysis_msgs/include/posture_analysis_msgs/posture_analysis_msgs/msg/detail/posture__type_support.hpp
-- Up-to-date symlink: /home/docker_user/ros2_ws_head/install/posture_analysis_msgs/include/posture_analysis_msgs/posture_analysis_msgs/msg/posture.hpp
-- Up-to-date symlink: /home/docker_user/ros2_ws_head/install/posture_analysis_msgs/include/posture_analysis_msgs/posture_analysis_msgs/msg/rosidl_generator_cpp__visibility_control.hpp
-- Up-to-date symlink: /home/docker_user/ros2_ws_head/install/posture_analysis_msgs/include/posture_analysis_msgs/posture_analysis_msgs/msg/detail/posture__rosidl_typesupport_fastrtps_cpp.hpp
-- Up-to-date symlink: /home/docker_user/ros2_ws_head/install/posture_analysis_msgs/include/posture_analysis_msgs/posture_analysis_msgs/msg/rosidl_typesupport_fastrtps_cpp__visibility_control.h
-- Up-to-date symlink: /home/docker_user/ros2_ws_head/install/posture_analysis_msgs/include/posture_analysis_msgs/posture_analysis_msgs/msg/detail/posture__rosidl_typesupport_introspection_cpp.hpp
-- Up-to-date symlink: /home/docker_user/ros2_ws_head/install/posture_analysis_msgs/share/posture_analysis_msgs/environment/pythonpath.sh
-- Up-to-date symlink: /home/docker_user/ros2_ws_head/install/posture_analysis_msgs/share/posture_analysis_msgs/environment/pythonpath.dsv
-- Up-to-date symlink: /home/docker_user/ros2_ws_head/install/posture_analysis_msgs/local/lib/python3.10/dist-packages/posture_analysis_msgs-0.0.0-py3.10.egg-info/PKG-INFO
-- Up-to-date symlink: /home/docker_user/ros2_ws_head/install/posture_analysis_msgs/local/lib/python3.10/dist-packages/posture_analysis_msgs-0.0.0-py3.10.egg-info/SOURCES.txt
-- Up-to-date symlink: /home/docker_user/ros2_ws_head/install/posture_analysis_msgs/local/lib/python3.10/dist-packages/posture_analysis_msgs-0.0.0-py3.10.egg-info/dependency_links.txt
-- Up-to-date symlink: /home/docker_user/ros2_ws_head/install/posture_analysis_msgs/local/lib/python3.10/dist-packages/posture_analysis_msgs-0.0.0-py3.10.egg-info/top_level.txt
-- Up-to-date symlink: /home/docker_user/ros2_ws_head/install/posture_analysis_msgs/local/lib/python3.10/dist-packages/posture_analysis_msgs/__init__.py
-- Up-to-date symlink: /home/docker_user/ros2_ws_head/install/posture_analysis_msgs/local/lib/python3.10/dist-packages/posture_analysis_msgs/_posture_analysis_msgs_s.ep.rosidl_typesupport_c.c
-- Up-to-date symlink: /home/docker_user/ros2_ws_head/install/posture_analysis_msgs/local/lib/python3.10/dist-packages/posture_analysis_msgs/_posture_analysis_msgs_s.ep.rosidl_typesupport_fastrtps_c.c
-- Up-to-date symlink: /home/docker_user/ros2_ws_head/install/posture_analysis_msgs/local/lib/python3.10/dist-packages/posture_analysis_msgs/_posture_analysis_msgs_s.ep.rosidl_typesupport_introspection_c.c
-- Up-to-date symlink: /home/docker_user/ros2_ws_head/install/posture_analysis_msgs/local/lib/python3.10/dist-packages/posture_analysis_msgs/libposture_analysis_msgs__rosidl_generator_py.so
-- Up-to-date symlink: /home/docker_user/ros2_ws_head/install/posture_analysis_msgs/local/lib/python3.10/dist-packages/posture_analysis_msgs/msg/__init__.py
-- Up-to-date symlink: /home/docker_user/ros2_ws_head/install/posture_analysis_msgs/local/lib/python3.10/dist-packages/posture_analysis_msgs/msg/_posture.py
-- Up-to-date symlink: /home/docker_user/ros2_ws_head/install/posture_analysis_msgs/local/lib/python3.10/dist-packages/posture_analysis_msgs/msg/_posture_s.c
-- Up-to-date symlink: /home/docker_user/ros2_ws_head/install/posture_analysis_msgs/local/lib/python3.10/dist-packages/posture_analysis_msgs/posture_analysis_msgs_s__rosidl_typesupport_c.cpython-310-x86_64-linux-gnu.so
-- Up-to-date symlink: /home/docker_user/ros2_ws_head/install/posture_analysis_msgs/local/lib/python3.10/dist-packages/posture_analysis_msgs/posture_analysis_msgs_s__rosidl_typesupport_fastrtps_c.cpython-310-x86_64-linux-gnu.so
-- Up-to-date symlink: /home/docker_user/ros2_ws_head/install/posture_analysis_msgs/local/lib/python3.10/dist-packages/posture_analysis_msgs/posture_analysis_msgs_s__rosidl_typesupport_introspection_c.cpython-310-x86_64-linux-gnu.so
-- Up-to-date symlink: /home/docker_user/ros2_ws_head/install/posture_analysis_msgs/local/lib/python3.10/dist-packages/posture_analysis_msgs/posture_analysis_msgs_s__rosidl_typesupport_fastrtps_c.cpython-310-x86_64-linux-gnu.so
-- Up-to-date symlink: /home/docker_user/ros2_ws_head/install/posture_analysis_msgs/local/lib/python3.10/dist-packages/posture_analysis_msgs/posture_analysis_msgs_s__rosidl_typesupport_introspection_c.cpython-310-x86_64-linux-gnu.so
-- Up-to-date symlink: /home/docker_user/ros2_ws_head/install/posture_analysis_msgs/local/lib/python3.10/dist-packages/posture_analysis_msgs/posture_analysis_msgs_s__rosidl_typesupport_c.cpython-310-x86_64-linux-gnu.so
-- Up-to-date symlink: /home/docker_user/ros2_ws_head/install/posture_analysis_msgs/share/posture_analysis_msgs/msg/Posture.idl
-- Up-to-date symlink: /home/docker_user/ros2_ws_head/install/posture_analysis_msgs/share/posture_analysis_msgs/msg/Posture.msg
-- Up-to-date symlink: /home/docker_user/ros2_ws_head/install/posture_analysis_msgs/share/ament_index/resource_index/package_run_dependencies/posture_analysis_msgs
-- Up-to-date symlink: /home/docker_user/ros2_ws_head/install/posture_analysis_msgs/share/ament_index/resource_index/parent_prefix_path/posture_analysis_msgs
-- Up-to-date symlink: /home/docker_user/ros2_ws_head/install/posture_analysis_msgs/share/posture_analysis_msgs/environment/ament_prefix_path.sh
-- Up-to-date symlink: /home/docker_user/ros2_ws_head/install/posture_analysis_msgs/share/posture_analysis_msgs/environment/ament_prefix_path.dsv
-- Up-to-date symlink: /home/docker_user/ros2_ws_head/install/posture_analysis_msgs/share/posture_analysis_msgs/environment/path.sh
-- Up-to-date symlink: /home/docker_user/ros2_ws_head/install/posture_analysis_msgs/share/posture_analysis_msgs/environment/path.dsv
-- Up-to-date symlink: /home/docker_user/ros2_ws_head/install/posture_analysis_msgs/share/posture_analysis_msgs/local_setup.bash
-- Up-to-date symlink: /home/docker_user/ros2_ws_head/install/posture_analysis_msgs/share/posture_analysis_msgs/local_setup.sh
-- Up-to-date symlink: /home/docker_user/ros2_ws_head/install/posture_analysis_msgs/share/posture_analysis_msgs/local_setup.zsh
-- Up-to-date symlink: /home/docker_user/ros2_ws_head/install/posture_analysis_msgs/share/posture_analysis_msgs/local_setup.dsv
-- Symlinking: /home/docker_user/ros2_ws_head/install/posture_analysis_msgs/share/posture_analysis_msgs/package.dsv
-- Up-to-date symlink: /home/docker_user/ros2_ws_head/install/posture_analysis_msgs/share/ament_index/resource_index/packages/posture_analysis_msgs
-- Up-to-date symlink: /home/docker_user/ros2_ws_head/install/posture_analysis_msgs/share/posture_analysis_msgs/cmake/rosidl_cmake-extras.cmake
-- Up-to-date symlink: /home/docker_user/ros2_ws_head/install/posture_analysis_msgs/share/posture_analysis_msgs/cmake/ament_cmake_export_include_directories-extras.cmake
-- Up-to-date symlink: /home/docker_user/ros2_ws_head/install/posture_analysis_msgs/share/posture_analysis_msgs/cmake/ament_cmake_export_libraries-extras.cmake
-- Up-to-date symlink: /home/docker_user/ros2_ws_head/install/posture_analysis_msgs/share/posture_analysis_msgs/cmake/ament_cmake_export_targets-extras.cmake
-- Up-to-date symlink: /home/docker_user/ros2_ws_head/install/posture_analysis_msgs/share/posture_analysis_msgs/cmake/rosidl_cmake_export_typesupport_targets-extras.cmake
-- Up-to-date symlink: /home/docker_user/ros2_ws_head/install/posture_analysis_msgs/share/posture_analysis_msgs/cmake/ament_cmake_export_dependencies-extras.cmake
-- Up-to-date symlink: /home/docker_user/ros2_ws_head/install/posture_analysis_msgs/share/posture_analysis_msgs/cmake/rosidl_cmake_export_typesupport_libraries-extras.cmake
-- Up-to-date symlink: /home/docker_user/ros2_ws_head/install/posture_analysis_msgs/share/posture_analysis_msgs/cmake/posture_analysis_msgsConfig.cmake
-- Up-to-date symlink: /home/docker_user/ros2_ws_head/install/posture_analysis_msgs/share/posture_analysis_msgs/cmake/posture_analysis_msgsConfig-version.cmake
-- Up-to-date symlink: /home/docker_user/ros2_ws_head/install/posture_analysis_msgs/share/posture_analysis_msgs/package.xml
-- Up-to-date: /home/docker_user/ros2_ws_head/install/posture_analysis_msgs/lib/libposture_analysis_msgs__rosidl_generator_c.so
-- Up-to-date: /home/docker_user/ros2_ws_head/install/posture_analysis_msgs/lib/libposture_analysis_msgs__rosidl_typesupport_fastrtps_c.so
-- Up-to-date: /home/docker_user/ros2_ws_head/install/posture_analysis_msgs/lib/libposture_analysis_msgs__rosidl_typesupport_introspection_c.so
-- Up-to-date: /home/docker_user/ros2_ws_head/install/posture_analysis_msgs/lib/libposture_analysis_msgs__rosidl_typesupport_c.so
-- Up-to-date: /home/docker_user/ros2_ws_head/install/posture_analysis_msgs/lib/libposture_analysis_msgs__rosidl_typesupport_fastrtps_cpp.so
-- Up-to-date: /home/docker_user/ros2_ws_head/install/posture_analysis_msgs/lib/libposture_analysis_msgs__rosidl_typesupport_introspection_cpp.so
-- Up-to-date: /home/docker_user/ros2_ws_head/install/posture_analysis_msgs/lib/libposture_analysis_msgs__rosidl_typesupport_cpp.so
Listing '/home/docker_user/ros2_ws_head/install/posture_analysis_msgs/local/lib/python3.10/dist-packages/posture_analysis_msgs'...
Compiling '/home/docker_user/ros2_ws_head/install/posture_analysis_msgs/local/lib/python3.10/dist-packages/posture_analysis_msgs/__init__.py'...
Listing '/home/docker_user/ros2_ws_head/install/posture_analysis_msgs/local/lib/python3.10/dist-packages/posture_analysis_msgs/msg'...
-- Up-to-date: /home/docker_user/ros2_ws_head/install/posture_analysis_msgs/lib/libposture_analysis_msgs__rosidl_generator_py.so
-- Up-to-date: /home/docker_user/ros2_ws_head/install/posture_analysis_msgs/share/posture_analysis_msgs/cmake/export_posture_analysis_msgs__rosidl_generator_cExport.cmake
-- Up-to-date: /home/docker_user/ros2_ws_head/install/posture_analysis_msgs/share/posture_analysis_msgs/cmake/export_posture_analysis_msgs__rosidl_generator_cExport-noconfig.cmake
-- Up-to-date: /home/docker_user/ros2_ws_head/install/posture_analysis_msgs/share/posture_analysis_msgs/cmake/export_posture_analysis_msgs__rosidl_typesupport_fastrtps_cExport.cmake
-- Up-to-date: /home/docker_user/ros2_ws_head/install/posture_analysis_msgs/share/posture_analysis_msgs/cmake/export_posture_analysis_msgs__rosidl_typesupport_fastrtps_cExport-noconfig.cmake
-- Up-to-date: /home/docker_user/ros2_ws_head/install/posture_analysis_msgs/share/posture_analysis_msgs/cmake/posture_analysis_msgs__rosidl_typesupport_introspection_cExport.cmake
-- Up-to-date: /home/docker_user/ros2_ws_head/install/posture_analysis_msgs/share/posture_analysis_msgs/cmake/posture_analysis_msgs__rosidl_typesupport_introspection_cExport-noconfig.cmake
-- Up-to-date: /home/docker_user/ros2_ws_head/install/posture_analysis_msgs/share/posture_analysis_msgs/cmake/posture_analysis_msgs__rosidl_typesupport_cExport.cmake
-- Up-to-date: /home/docker_user/ros2_ws_head/install/posture_analysis_msgs/share/posture_analysis_msgs/cmake/posture_analysis_msgs__rosidl_typesupport_cExport-noconfig.cmake
-- Up-to-date: /home/docker_user/ros2_ws_head/install/posture_analysis_msgs/share/posture_analysis_msgs/cmake/export_posture_analysis_msgs__rosidl_generator_cppExport.cmake
-- Up-to-date: /home/docker_user/ros2_ws_head/install/posture_analysis_msgs/share/posture_analysis_msgs/cmake/export_posture_analysis_msgs__rosidl_typesupport_fastrtps_cppExport.cmake
-- Up-to-date: /home/docker_user/ros2_ws_head/install/posture_analysis_msgs/share/posture_analysis_msgs/cmake/export_posture_analysis_msgs__rosidl_typesupport_fastrtps_cppExport-noconfig.cmake
-- Up-to-date: /home/docker_user/ros2_ws_head/install/posture_analysis_msgs/share/posture_analysis_msgs/cmake/posture_analysis_msgs__rosidl_typesupport_introspection_cppExport.cmake
-- Up-to-date: /home/docker_user/ros2_ws_head/install/posture_analysis_msgs/share/posture_analysis_msgs/cmake/posture_analysis_msgs__rosidl_typesupport_introspection_cppExport-noconfig.cmake
-- Up-to-date: /home/docker_user/ros2_ws_head/install/posture_analysis_msgs/share/posture_analysis_msgs/cmake/posture_analysis_msgs__rosidl_typesupport_cppExport.cmake
-- Up-to-date: /home/docker_user/ros2_ws_head/install/posture_analysis_msgs/share/posture_analysis_msgs/cmake/posture_analysis_msgs__rosidl_typesupport_cppExport-noconfig.cmake
-- Up-to-date: /home/docker_user/ros2_ws_head/install/posture_analysis_msgs/share/posture_analysis_msgs/cmake/export_posture_analysis_msgs__rosidl_generator_pyExport.cmake
-- Up-to-date: /home/docker_user/ros2_ws_head/install/posture_analysis_msgs/share/posture_analysis_msgs/cmake/export_posture_analysis_msgs__rosidl_generator_pyExport-noconfig.cmake
