[0.022s] Invoking command in '/home/docker_user/ros2_ws_head/build/posture_analysis_msgs': CMAKE_PREFIX_PATH=${CMAKE_PREFIX_PATH}:/home/docker_user/ros2_ws_head/install/face_tracker:/home/docker_user/ros2_ws_head/install/head_bringup:/home/docker_user/ros2_ws_head/install/actuators_bringup:/opt/ros/humble /usr/bin/cmake /home/docker_user/ros2_ws_head/src/posture_analysis_msgs -DCMAKE_INSTALL_PREFIX=/home/docker_user/ros2_ws_head/install/posture_analysis_msgs
[0.292s] -- Found ament_cmake: 1.3.12 (/opt/ros/humble/share/ament_cmake/cmake)
[0.292s] -- Override CMake install command with custom implementation using symlinks instead of copying resources
[0.292s] -- Found rosidl_default_generators: 1.2.0 (/opt/ros/humble/share/rosidl_default_generators/cmake)
[0.292s] -- Using all available rosidl_typesupport_c: rosidl_typesupport_fastrtps_c;rosidl_typesupport_introspection_c
[0.292s] -- Found rosidl_adapter: 3.1.7 (/opt/ros/humble/share/rosidl_adapter/cmake)
[0.292s] -- Using all available rosidl_typesupport_cpp: rosidl_typesupport_fastrtps_cpp;rosidl_typesupport_introspection_cpp
[0.367s] -- Found ament_cmake_ros: 0.10.0 (/opt/ros/humble/share/ament_cmake_ros/cmake)
[0.495s] -- Using all available rosidl_typesupport_c: rosidl_typesupport_fastrtps_c;rosidl_typesupport_introspection_c
[0.672s] -- Using all available rosidl_typesupport_cpp: rosidl_typesupport_fastrtps_cpp;rosidl_typesupport_introspection_cpp
[0.690s] -- Found python_cmake_module: 0.10.0 (/opt/ros/humble/share/python_cmake_module/cmake)
[0.704s] -- Using PYTHON_EXECUTABLE: /usr/bin/python3
[0.704s] -- Using PYTHON_INCLUDE_DIRS: /usr/include/python3.10
[0.704s] -- Using PYTHON_LIBRARIES: /usr/lib/x86_64-linux-gnu/libpython3.10.so
[0.719s] -- Configuring done
[0.745s] -- Generating done
[0.753s] -- Build files have been written to: /home/docker_user/ros2_ws_head/build/posture_analysis_msgs
[0.756s] Invoked command in '/home/docker_user/ros2_ws_head/build/posture_analysis_msgs' returned '0': CMAKE_PREFIX_PATH=${CMAKE_PREFIX_PATH}:/home/docker_user/ros2_ws_head/install/face_tracker:/home/docker_user/ros2_ws_head/install/head_bringup:/home/docker_user/ros2_ws_head/install/actuators_bringup:/opt/ros/humble /usr/bin/cmake /home/docker_user/ros2_ws_head/src/posture_analysis_msgs -DCMAKE_INSTALL_PREFIX=/home/docker_user/ros2_ws_head/install/posture_analysis_msgs
[0.758s] Invoking command in '/home/docker_user/ros2_ws_head/build/posture_analysis_msgs': CMAKE_PREFIX_PATH=${CMAKE_PREFIX_PATH}:/home/docker_user/ros2_ws_head/install/face_tracker:/home/docker_user/ros2_ws_head/install/head_bringup:/home/docker_user/ros2_ws_head/install/actuators_bringup:/opt/ros/humble /usr/bin/cmake --build /home/docker_user/ros2_ws_head/build/posture_analysis_msgs -- -j28 -l28
[0.791s] [35m[1mConsolidate compiler generated dependencies of target posture_analysis_msgs__rosidl_generator_c[0m
[0.801s] [  9%] Built target posture_analysis_msgs__rosidl_generator_c
[0.802s] [ 12%] Built target posture_analysis_msgs__cpp
[0.809s] [35m[1mConsolidate compiler generated dependencies of target posture_analysis_msgs__rosidl_typesupport_c[0m
[0.809s] [35m[1mConsolidate compiler generated dependencies of target posture_analysis_msgs__rosidl_typesupport_introspection_c[0m
[0.810s] [ 12%] Built target ament_cmake_python_symlink_posture_analysis_msgs
[0.811s] [35m[1mConsolidate compiler generated dependencies of target posture_analysis_msgs__rosidl_typesupport_fastrtps_c[0m
[0.811s] [35m[1mConsolidate compiler generated dependencies of target posture_analysis_msgs__rosidl_typesupport_fastrtps_cpp[0m
[0.812s] [35m[1mConsolidate compiler generated dependencies of target posture_analysis_msgs__rosidl_typesupport_introspection_cpp[0m
[0.812s] [35m[1mConsolidate compiler generated dependencies of target posture_analysis_msgs__rosidl_typesupport_cpp[0m
[0.819s] [ 29%] Built target posture_analysis_msgs__rosidl_typesupport_introspection_c
[0.819s] [ 32%] Built target posture_analysis_msgs__rosidl_typesupport_c
[0.821s] [ 41%] Built target posture_analysis_msgs__rosidl_typesupport_fastrtps_c
[0.821s] [ 51%] Built target posture_analysis_msgs__rosidl_typesupport_fastrtps_cpp
[0.822s] [ 61%] Built target posture_analysis_msgs__rosidl_typesupport_cpp
[0.823s] [ 70%] Built target posture_analysis_msgs__rosidl_typesupport_introspection_cpp
[0.840s] [ 70%] Built target posture_analysis_msgs
[0.856s] [ 74%] Built target posture_analysis_msgs__py
[0.864s] [35m[1mConsolidate compiler generated dependencies of target posture_analysis_msgs__rosidl_generator_py[0m
[0.876s] [ 80%] Built target posture_analysis_msgs__rosidl_generator_py
[0.885s] [35m[1mConsolidate compiler generated dependencies of target posture_analysis_msgs__rosidl_typesupport_c__pyext[0m
[0.885s] [35m[1mConsolidate compiler generated dependencies of target posture_analysis_msgs__rosidl_typesupport_introspection_c__pyext[0m
[0.886s] [35m[1mConsolidate compiler generated dependencies of target posture_analysis_msgs__rosidl_typesupport_fastrtps_c__pyext[0m
[0.897s] [ 96%] Built target posture_analysis_msgs__rosidl_typesupport_introspection_c__pyext
[0.897s] [ 96%] Built target posture_analysis_msgs__rosidl_typesupport_c__pyext
[0.897s] [100%] Built target posture_analysis_msgs__rosidl_typesupport_fastrtps_c__pyext
[0.935s] running egg_info
[0.936s] writing posture_analysis_msgs.egg-info/PKG-INFO
[0.936s] writing dependency_links to posture_analysis_msgs.egg-info/dependency_links.txt
[0.936s] writing top-level names to posture_analysis_msgs.egg-info/top_level.txt
[0.937s] reading manifest file 'posture_analysis_msgs.egg-info/SOURCES.txt'
[0.937s] writing manifest file 'posture_analysis_msgs.egg-info/SOURCES.txt'
[0.958s] [100%] Built target ament_cmake_python_build_posture_analysis_msgs_egg
[0.968s] Invoked command in '/home/docker_user/ros2_ws_head/build/posture_analysis_msgs' returned '0': CMAKE_PREFIX_PATH=${CMAKE_PREFIX_PATH}:/home/docker_user/ros2_ws_head/install/face_tracker:/home/docker_user/ros2_ws_head/install/head_bringup:/home/docker_user/ros2_ws_head/install/actuators_bringup:/opt/ros/humble /usr/bin/cmake --build /home/docker_user/ros2_ws_head/build/posture_analysis_msgs -- -j28 -l28
[0.970s] Invoking command in '/home/docker_user/ros2_ws_head/build/posture_analysis_msgs': CMAKE_PREFIX_PATH=${CMAKE_PREFIX_PATH}:/home/docker_user/ros2_ws_head/install/face_tracker:/home/docker_user/ros2_ws_head/install/head_bringup:/home/docker_user/ros2_ws_head/install/actuators_bringup:/opt/ros/humble /usr/bin/cmake --install /home/docker_user/ros2_ws_head/build/posture_analysis_msgs
[0.976s] -- Install configuration: ""
[0.976s] -- Execute custom install script
[0.977s] -- Up-to-date symlink: /home/docker_user/ros2_ws_head/install/posture_analysis_msgs/share/ament_index/resource_index/rosidl_interfaces/posture_analysis_msgs
[0.977s] -- Up-to-date symlink: /home/docker_user/ros2_ws_head/install/posture_analysis_msgs/include/posture_analysis_msgs/posture_analysis_msgs/msg/detail/posture__functions.h
[0.977s] -- Up-to-date symlink: /home/docker_user/ros2_ws_head/install/posture_analysis_msgs/include/posture_analysis_msgs/posture_analysis_msgs/msg/detail/posture__struct.h
[0.977s] -- Up-to-date symlink: /home/docker_user/ros2_ws_head/install/posture_analysis_msgs/include/posture_analysis_msgs/posture_analysis_msgs/msg/detail/posture__type_support.h
[0.977s] -- Up-to-date symlink: /home/docker_user/ros2_ws_head/install/posture_analysis_msgs/include/posture_analysis_msgs/posture_analysis_msgs/msg/posture.h
[0.977s] -- Up-to-date symlink: /home/docker_user/ros2_ws_head/install/posture_analysis_msgs/include/posture_analysis_msgs/posture_analysis_msgs/msg/rosidl_generator_c__visibility_control.h
[0.977s] -- Up-to-date symlink: /home/docker_user/ros2_ws_head/install/posture_analysis_msgs/share/posture_analysis_msgs/environment/library_path.sh
[0.977s] -- Up-to-date symlink: /home/docker_user/ros2_ws_head/install/posture_analysis_msgs/share/posture_analysis_msgs/environment/library_path.dsv
[0.977s] -- Up-to-date symlink: /home/docker_user/ros2_ws_head/install/posture_analysis_msgs/include/posture_analysis_msgs/posture_analysis_msgs/msg/detail/posture__rosidl_typesupport_fastrtps_c.h
[0.977s] -- Up-to-date symlink: /home/docker_user/ros2_ws_head/install/posture_analysis_msgs/include/posture_analysis_msgs/posture_analysis_msgs/msg/rosidl_typesupport_fastrtps_c__visibility_control.h
[0.978s] -- Up-to-date symlink: /home/docker_user/ros2_ws_head/install/posture_analysis_msgs/include/posture_analysis_msgs/posture_analysis_msgs/msg/detail/posture__rosidl_typesupport_introspection_c.h
[0.978s] -- Up-to-date symlink: /home/docker_user/ros2_ws_head/install/posture_analysis_msgs/include/posture_analysis_msgs/posture_analysis_msgs/msg/rosidl_typesupport_introspection_c__visibility_control.h
[0.978s] -- Up-to-date symlink: /home/docker_user/ros2_ws_head/install/posture_analysis_msgs/include/posture_analysis_msgs/posture_analysis_msgs/msg/detail/posture__builder.hpp
[0.978s] -- Up-to-date symlink: /home/docker_user/ros2_ws_head/install/posture_analysis_msgs/include/posture_analysis_msgs/posture_analysis_msgs/msg/detail/posture__struct.hpp
[0.978s] -- Up-to-date symlink: /home/docker_user/ros2_ws_head/install/posture_analysis_msgs/include/posture_analysis_msgs/posture_analysis_msgs/msg/detail/posture__traits.hpp
[0.978s] -- Up-to-date symlink: /home/docker_user/ros2_ws_head/install/posture_analysis_msgs/include/posture_analysis_msgs/posture_analysis_msgs/msg/detail/posture__type_support.hpp
[0.978s] -- Up-to-date symlink: /home/docker_user/ros2_ws_head/install/posture_analysis_msgs/include/posture_analysis_msgs/posture_analysis_msgs/msg/posture.hpp
[0.978s] -- Up-to-date symlink: /home/docker_user/ros2_ws_head/install/posture_analysis_msgs/include/posture_analysis_msgs/posture_analysis_msgs/msg/rosidl_generator_cpp__visibility_control.hpp
[0.979s] -- Up-to-date symlink: /home/docker_user/ros2_ws_head/install/posture_analysis_msgs/include/posture_analysis_msgs/posture_analysis_msgs/msg/detail/posture__rosidl_typesupport_fastrtps_cpp.hpp
[0.979s] -- Up-to-date symlink: /home/docker_user/ros2_ws_head/install/posture_analysis_msgs/include/posture_analysis_msgs/posture_analysis_msgs/msg/rosidl_typesupport_fastrtps_cpp__visibility_control.h
[0.979s] -- Up-to-date symlink: /home/docker_user/ros2_ws_head/install/posture_analysis_msgs/include/posture_analysis_msgs/posture_analysis_msgs/msg/detail/posture__rosidl_typesupport_introspection_cpp.hpp
[0.979s] -- Up-to-date symlink: /home/docker_user/ros2_ws_head/install/posture_analysis_msgs/share/posture_analysis_msgs/environment/pythonpath.sh
[0.979s] -- Up-to-date symlink: /home/docker_user/ros2_ws_head/install/posture_analysis_msgs/share/posture_analysis_msgs/environment/pythonpath.dsv
[0.979s] -- Up-to-date symlink: /home/docker_user/ros2_ws_head/install/posture_analysis_msgs/local/lib/python3.10/dist-packages/posture_analysis_msgs-0.0.0-py3.10.egg-info/PKG-INFO
[0.979s] -- Up-to-date symlink: /home/docker_user/ros2_ws_head/install/posture_analysis_msgs/local/lib/python3.10/dist-packages/posture_analysis_msgs-0.0.0-py3.10.egg-info/SOURCES.txt
[0.979s] -- Up-to-date symlink: /home/docker_user/ros2_ws_head/install/posture_analysis_msgs/local/lib/python3.10/dist-packages/posture_analysis_msgs-0.0.0-py3.10.egg-info/dependency_links.txt
[0.980s] -- Up-to-date symlink: /home/docker_user/ros2_ws_head/install/posture_analysis_msgs/local/lib/python3.10/dist-packages/posture_analysis_msgs-0.0.0-py3.10.egg-info/top_level.txt
[0.980s] -- Up-to-date symlink: /home/docker_user/ros2_ws_head/install/posture_analysis_msgs/local/lib/python3.10/dist-packages/posture_analysis_msgs/__init__.py
[0.980s] -- Up-to-date symlink: /home/docker_user/ros2_ws_head/install/posture_analysis_msgs/local/lib/python3.10/dist-packages/posture_analysis_msgs/_posture_analysis_msgs_s.ep.rosidl_typesupport_c.c
[0.980s] -- Up-to-date symlink: /home/docker_user/ros2_ws_head/install/posture_analysis_msgs/local/lib/python3.10/dist-packages/posture_analysis_msgs/_posture_analysis_msgs_s.ep.rosidl_typesupport_fastrtps_c.c
[0.980s] -- Up-to-date symlink: /home/docker_user/ros2_ws_head/install/posture_analysis_msgs/local/lib/python3.10/dist-packages/posture_analysis_msgs/_posture_analysis_msgs_s.ep.rosidl_typesupport_introspection_c.c
[0.980s] -- Up-to-date symlink: /home/docker_user/ros2_ws_head/install/posture_analysis_msgs/local/lib/python3.10/dist-packages/posture_analysis_msgs/libposture_analysis_msgs__rosidl_generator_py.so
[0.980s] -- Up-to-date symlink: /home/docker_user/ros2_ws_head/install/posture_analysis_msgs/local/lib/python3.10/dist-packages/posture_analysis_msgs/msg/__init__.py
[0.980s] -- Up-to-date symlink: /home/docker_user/ros2_ws_head/install/posture_analysis_msgs/local/lib/python3.10/dist-packages/posture_analysis_msgs/msg/_posture.py
[0.980s] -- Up-to-date symlink: /home/docker_user/ros2_ws_head/install/posture_analysis_msgs/local/lib/python3.10/dist-packages/posture_analysis_msgs/msg/_posture_s.c
[0.981s] -- Up-to-date symlink: /home/docker_user/ros2_ws_head/install/posture_analysis_msgs/local/lib/python3.10/dist-packages/posture_analysis_msgs/posture_analysis_msgs_s__rosidl_typesupport_c.cpython-310-x86_64-linux-gnu.so
[0.981s] -- Up-to-date symlink: /home/docker_user/ros2_ws_head/install/posture_analysis_msgs/local/lib/python3.10/dist-packages/posture_analysis_msgs/posture_analysis_msgs_s__rosidl_typesupport_fastrtps_c.cpython-310-x86_64-linux-gnu.so
[0.981s] -- Up-to-date symlink: /home/docker_user/ros2_ws_head/install/posture_analysis_msgs/local/lib/python3.10/dist-packages/posture_analysis_msgs/posture_analysis_msgs_s__rosidl_typesupport_introspection_c.cpython-310-x86_64-linux-gnu.so
[0.981s] -- Up-to-date symlink: /home/docker_user/ros2_ws_head/install/posture_analysis_msgs/local/lib/python3.10/dist-packages/posture_analysis_msgs/posture_analysis_msgs_s__rosidl_typesupport_fastrtps_c.cpython-310-x86_64-linux-gnu.so
[0.981s] -- Up-to-date symlink: /home/docker_user/ros2_ws_head/install/posture_analysis_msgs/local/lib/python3.10/dist-packages/posture_analysis_msgs/posture_analysis_msgs_s__rosidl_typesupport_introspection_c.cpython-310-x86_64-linux-gnu.so
[0.981s] -- Up-to-date symlink: /home/docker_user/ros2_ws_head/install/posture_analysis_msgs/local/lib/python3.10/dist-packages/posture_analysis_msgs/posture_analysis_msgs_s__rosidl_typesupport_c.cpython-310-x86_64-linux-gnu.so
[0.982s] -- Up-to-date symlink: /home/docker_user/ros2_ws_head/install/posture_analysis_msgs/share/posture_analysis_msgs/msg/Posture.idl
[0.982s] -- Up-to-date symlink: /home/docker_user/ros2_ws_head/install/posture_analysis_msgs/share/posture_analysis_msgs/msg/Posture.msg
[0.982s] -- Up-to-date symlink: /home/docker_user/ros2_ws_head/install/posture_analysis_msgs/share/ament_index/resource_index/package_run_dependencies/posture_analysis_msgs
[0.982s] -- Up-to-date symlink: /home/docker_user/ros2_ws_head/install/posture_analysis_msgs/share/ament_index/resource_index/parent_prefix_path/posture_analysis_msgs
[0.982s] -- Up-to-date symlink: /home/docker_user/ros2_ws_head/install/posture_analysis_msgs/share/posture_analysis_msgs/environment/ament_prefix_path.sh
[0.982s] -- Up-to-date symlink: /home/docker_user/ros2_ws_head/install/posture_analysis_msgs/share/posture_analysis_msgs/environment/ament_prefix_path.dsv
[0.982s] -- Up-to-date symlink: /home/docker_user/ros2_ws_head/install/posture_analysis_msgs/share/posture_analysis_msgs/environment/path.sh
[0.982s] -- Up-to-date symlink: /home/docker_user/ros2_ws_head/install/posture_analysis_msgs/share/posture_analysis_msgs/environment/path.dsv
[0.982s] -- Up-to-date symlink: /home/docker_user/ros2_ws_head/install/posture_analysis_msgs/share/posture_analysis_msgs/local_setup.bash
[0.983s] -- Up-to-date symlink: /home/docker_user/ros2_ws_head/install/posture_analysis_msgs/share/posture_analysis_msgs/local_setup.sh
[0.983s] -- Up-to-date symlink: /home/docker_user/ros2_ws_head/install/posture_analysis_msgs/share/posture_analysis_msgs/local_setup.zsh
[0.983s] -- Up-to-date symlink: /home/docker_user/ros2_ws_head/install/posture_analysis_msgs/share/posture_analysis_msgs/local_setup.dsv
[0.983s] -- Symlinking: /home/docker_user/ros2_ws_head/install/posture_analysis_msgs/share/posture_analysis_msgs/package.dsv
[0.988s] -- Up-to-date symlink: /home/docker_user/ros2_ws_head/install/posture_analysis_msgs/share/ament_index/resource_index/packages/posture_analysis_msgs
[0.988s] -- Up-to-date symlink: /home/docker_user/ros2_ws_head/install/posture_analysis_msgs/share/posture_analysis_msgs/cmake/rosidl_cmake-extras.cmake
[0.988s] -- Up-to-date symlink: /home/docker_user/ros2_ws_head/install/posture_analysis_msgs/share/posture_analysis_msgs/cmake/ament_cmake_export_include_directories-extras.cmake
[0.988s] -- Up-to-date symlink: /home/docker_user/ros2_ws_head/install/posture_analysis_msgs/share/posture_analysis_msgs/cmake/ament_cmake_export_libraries-extras.cmake
[0.988s] -- Up-to-date symlink: /home/docker_user/ros2_ws_head/install/posture_analysis_msgs/share/posture_analysis_msgs/cmake/ament_cmake_export_targets-extras.cmake
[0.988s] -- Up-to-date symlink: /home/docker_user/ros2_ws_head/install/posture_analysis_msgs/share/posture_analysis_msgs/cmake/rosidl_cmake_export_typesupport_targets-extras.cmake
[0.988s] -- Up-to-date symlink: /home/docker_user/ros2_ws_head/install/posture_analysis_msgs/share/posture_analysis_msgs/cmake/ament_cmake_export_dependencies-extras.cmake
[0.989s] -- Up-to-date symlink: /home/docker_user/ros2_ws_head/install/posture_analysis_msgs/share/posture_analysis_msgs/cmake/rosidl_cmake_export_typesupport_libraries-extras.cmake
[0.989s] -- Up-to-date symlink: /home/docker_user/ros2_ws_head/install/posture_analysis_msgs/share/posture_analysis_msgs/cmake/posture_analysis_msgsConfig.cmake
[0.989s] -- Up-to-date symlink: /home/docker_user/ros2_ws_head/install/posture_analysis_msgs/share/posture_analysis_msgs/cmake/posture_analysis_msgsConfig-version.cmake
[0.989s] -- Up-to-date symlink: /home/docker_user/ros2_ws_head/install/posture_analysis_msgs/share/posture_analysis_msgs/package.xml
[0.989s] -- Up-to-date: /home/docker_user/ros2_ws_head/install/posture_analysis_msgs/lib/libposture_analysis_msgs__rosidl_generator_c.so
[0.990s] -- Up-to-date: /home/docker_user/ros2_ws_head/install/posture_analysis_msgs/lib/libposture_analysis_msgs__rosidl_typesupport_fastrtps_c.so
[0.990s] -- Up-to-date: /home/docker_user/ros2_ws_head/install/posture_analysis_msgs/lib/libposture_analysis_msgs__rosidl_typesupport_introspection_c.so
[0.990s] -- Up-to-date: /home/docker_user/ros2_ws_head/install/posture_analysis_msgs/lib/libposture_analysis_msgs__rosidl_typesupport_c.so
[0.990s] -- Up-to-date: /home/docker_user/ros2_ws_head/install/posture_analysis_msgs/lib/libposture_analysis_msgs__rosidl_typesupport_fastrtps_cpp.so
[0.990s] -- Up-to-date: /home/docker_user/ros2_ws_head/install/posture_analysis_msgs/lib/libposture_analysis_msgs__rosidl_typesupport_introspection_cpp.so
[0.990s] -- Up-to-date: /home/docker_user/ros2_ws_head/install/posture_analysis_msgs/lib/libposture_analysis_msgs__rosidl_typesupport_cpp.so
[1.021s] Listing '/home/docker_user/ros2_ws_head/install/posture_analysis_msgs/local/lib/python3.10/dist-packages/posture_analysis_msgs'...
[1.021s] Compiling '/home/docker_user/ros2_ws_head/install/posture_analysis_msgs/local/lib/python3.10/dist-packages/posture_analysis_msgs/__init__.py'...
[1.021s] Listing '/home/docker_user/ros2_ws_head/install/posture_analysis_msgs/local/lib/python3.10/dist-packages/posture_analysis_msgs/msg'...
[1.024s] -- Up-to-date: /home/docker_user/ros2_ws_head/install/posture_analysis_msgs/lib/libposture_analysis_msgs__rosidl_generator_py.so
[1.025s] -- Up-to-date: /home/docker_user/ros2_ws_head/install/posture_analysis_msgs/share/posture_analysis_msgs/cmake/export_posture_analysis_msgs__rosidl_generator_cExport.cmake
[1.025s] -- Up-to-date: /home/docker_user/ros2_ws_head/install/posture_analysis_msgs/share/posture_analysis_msgs/cmake/export_posture_analysis_msgs__rosidl_generator_cExport-noconfig.cmake
[1.025s] -- Up-to-date: /home/docker_user/ros2_ws_head/install/posture_analysis_msgs/share/posture_analysis_msgs/cmake/export_posture_analysis_msgs__rosidl_typesupport_fastrtps_cExport.cmake
[1.025s] -- Up-to-date: /home/docker_user/ros2_ws_head/install/posture_analysis_msgs/share/posture_analysis_msgs/cmake/export_posture_analysis_msgs__rosidl_typesupport_fastrtps_cExport-noconfig.cmake
[1.025s] -- Up-to-date: /home/docker_user/ros2_ws_head/install/posture_analysis_msgs/share/posture_analysis_msgs/cmake/posture_analysis_msgs__rosidl_typesupport_introspection_cExport.cmake
[1.025s] -- Up-to-date: /home/docker_user/ros2_ws_head/install/posture_analysis_msgs/share/posture_analysis_msgs/cmake/posture_analysis_msgs__rosidl_typesupport_introspection_cExport-noconfig.cmake
[1.025s] -- Up-to-date: /home/docker_user/ros2_ws_head/install/posture_analysis_msgs/share/posture_analysis_msgs/cmake/posture_analysis_msgs__rosidl_typesupport_cExport.cmake
[1.025s] -- Up-to-date: /home/docker_user/ros2_ws_head/install/posture_analysis_msgs/share/posture_analysis_msgs/cmake/posture_analysis_msgs__rosidl_typesupport_cExport-noconfig.cmake
[1.025s] -- Up-to-date: /home/docker_user/ros2_ws_head/install/posture_analysis_msgs/share/posture_analysis_msgs/cmake/export_posture_analysis_msgs__rosidl_generator_cppExport.cmake
[1.025s] -- Up-to-date: /home/docker_user/ros2_ws_head/install/posture_analysis_msgs/share/posture_analysis_msgs/cmake/export_posture_analysis_msgs__rosidl_typesupport_fastrtps_cppExport.cmake
[1.025s] -- Up-to-date: /home/docker_user/ros2_ws_head/install/posture_analysis_msgs/share/posture_analysis_msgs/cmake/export_posture_analysis_msgs__rosidl_typesupport_fastrtps_cppExport-noconfig.cmake
[1.025s] -- Up-to-date: /home/docker_user/ros2_ws_head/install/posture_analysis_msgs/share/posture_analysis_msgs/cmake/posture_analysis_msgs__rosidl_typesupport_introspection_cppExport.cmake
[1.025s] -- Up-to-date: /home/docker_user/ros2_ws_head/install/posture_analysis_msgs/share/posture_analysis_msgs/cmake/posture_analysis_msgs__rosidl_typesupport_introspection_cppExport-noconfig.cmake
[1.026s] -- Up-to-date: /home/docker_user/ros2_ws_head/install/posture_analysis_msgs/share/posture_analysis_msgs/cmake/posture_analysis_msgs__rosidl_typesupport_cppExport.cmake
[1.026s] -- Up-to-date: /home/docker_user/ros2_ws_head/install/posture_analysis_msgs/share/posture_analysis_msgs/cmake/posture_analysis_msgs__rosidl_typesupport_cppExport-noconfig.cmake
[1.026s] -- Up-to-date: /home/docker_user/ros2_ws_head/install/posture_analysis_msgs/share/posture_analysis_msgs/cmake/export_posture_analysis_msgs__rosidl_generator_pyExport.cmake
[1.026s] -- Up-to-date: /home/docker_user/ros2_ws_head/install/posture_analysis_msgs/share/posture_analysis_msgs/cmake/export_posture_analysis_msgs__rosidl_generator_pyExport-noconfig.cmake
[1.028s] Invoked command in '/home/docker_user/ros2_ws_head/build/posture_analysis_msgs' returned '0': CMAKE_PREFIX_PATH=${CMAKE_PREFIX_PATH}:/home/docker_user/ros2_ws_head/install/face_tracker:/home/docker_user/ros2_ws_head/install/head_bringup:/home/docker_user/ros2_ws_head/install/actuators_bringup:/opt/ros/humble /usr/bin/cmake --install /home/docker_user/ros2_ws_head/build/posture_analysis_msgs
