-- Found ament_cmake: 1.3.12 (/opt/ros/humble/share/ament_cmake/cmake)
-- Override CMake install command with custom implementation using symlinks instead of copying resources
-- Found rosidl_default_generators: 1.2.0 (/opt/ros/humble/share/rosidl_default_generators/cmake)
-- Using all available rosidl_typesupport_c: rosidl_typesupport_fastrtps_c;rosidl_typesupport_introspection_c
-- Found rosidl_adapter: 3.1.7 (/opt/ros/humble/share/rosidl_adapter/cmake)
-- Using all available rosidl_typesupport_cpp: rosidl_typesupport_fastrtps_cpp;rosidl_typesupport_introspection_cpp
-- Found rclcpp: 16.0.15 (/opt/ros/humble/share/rclcpp/cmake)
-- Found rmw_implementation_cmake: 6.1.2 (/opt/ros/humble/share/rmw_implementation_cmake/cmake)
-- Found rmw_cyclonedds_cpp: 1.3.4 (/opt/ros/humble/share/rmw_cyclonedds_cpp/cmake)
-- Using RMW implementation 'rmw_cyclonedds_cpp' as default
-- Found visualization_msgs: 4.9.0 (/opt/ros/humble/share/visualization_msgs/cmake)
-- Found ament_cmake_ros: 0.10.0 (/opt/ros/humble/share/ament_cmake_ros/cmake)
-- Using all available rosidl_typesupport_c: rosidl_typesupport_fastrtps_c;rosidl_typesupport_introspection_c
-- Using all available rosidl_typesupport_cpp: rosidl_typesupport_fastrtps_cpp;rosidl_typesupport_introspection_cpp
-- Found python_cmake_module: 0.10.0 (/opt/ros/humble/share/python_cmake_module/cmake)
-- Using PYTHON_EXECUTABLE: /usr/bin/python3
-- Using PYTHON_INCLUDE_DIRS: /usr/include/python3.10
-- Using PYTHON_LIBRARIES: /usr/lib/x86_64-linux-gnu/libpython3.10.so
-- Configuring done
-- Generating done
-- Build files have been written to: /home/docker_user/ros2_ws_head/build/ti_mmwave_rospkg_msgs
[35m[1mConsolidate compiler generated dependencies of target ti_mmwave_rospkg_msgs__rosidl_generator_c[0m
[  0%] Built target ti_mmwave_rospkg_msgs__cpp
[ 12%] Built target ti_mmwave_rospkg_msgs__rosidl_generator_c
[ 12%] Built target ament_cmake_python_symlink_ti_mmwave_rospkg_msgs
[35m[1mConsolidate compiler generated dependencies of target ti_mmwave_rospkg_msgs__rosidl_typesupport_fastrtps_cpp[0m
[35m[1mConsolidate compiler generated dependencies of target ti_mmwave_rospkg_msgs__rosidl_typesupport_introspection_cpp[0m
[35m[1mConsolidate compiler generated dependencies of target ti_mmwave_rospkg_msgs__rosidl_typesupport_cpp[0m
[35m[1mConsolidate compiler generated dependencies of target ti_mmwave_rospkg_msgs__rosidl_typesupport_c[0m
[35m[1mConsolidate compiler generated dependencies of target ti_mmwave_rospkg_msgs__rosidl_typesupport_introspection_c[0m
[35m[1mConsolidate compiler generated dependencies of target ti_mmwave_rospkg_msgs__rosidl_typesupport_fastrtps_c[0m
[ 24%] Built target ti_mmwave_rospkg_msgs__rosidl_typesupport_c
[ 36%] Built target ti_mmwave_rospkg_msgs__rosidl_typesupport_cpp
[ 48%] Built target ti_mmwave_rospkg_msgs__rosidl_typesupport_introspection_cpp
[ 59%] Built target ti_mmwave_rospkg_msgs__rosidl_typesupport_fastrtps_cpp
[ 71%] Built target ti_mmwave_rospkg_msgs__rosidl_typesupport_introspection_c
[ 83%] Built target ti_mmwave_rospkg_msgs__rosidl_typesupport_fastrtps_c
[ 83%] Built target ti_mmwave_rospkg_msgs
[ 84%] Built target ti_mmwave_rospkg_msgs__py
[35m[1mConsolidate compiler generated dependencies of target ti_mmwave_rospkg_msgs__rosidl_generator_py[0m
[ 95%] Built target ti_mmwave_rospkg_msgs__rosidl_generator_py
[35m[1mConsolidate compiler generated dependencies of target ti_mmwave_rospkg_msgs__rosidl_typesupport_c__pyext[0m
[35m[1mConsolidate compiler generated dependencies of target ti_mmwave_rospkg_msgs__rosidl_typesupport_introspection_c__pyext[0m
[35m[1mConsolidate compiler generated dependencies of target ti_mmwave_rospkg_msgs__rosidl_typesupport_fastrtps_c__pyext[0m
[ 97%] Built target ti_mmwave_rospkg_msgs__rosidl_typesupport_introspection_c__pyext
[ 98%] Built target ti_mmwave_rospkg_msgs__rosidl_typesupport_c__pyext
[100%] Built target ti_mmwave_rospkg_msgs__rosidl_typesupport_fastrtps_c__pyext
running egg_info
writing ti_mmwave_rospkg_msgs.egg-info/PKG-INFO
writing dependency_links to ti_mmwave_rospkg_msgs.egg-info/dependency_links.txt
writing top-level names to ti_mmwave_rospkg_msgs.egg-info/top_level.txt
reading manifest file 'ti_mmwave_rospkg_msgs.egg-info/SOURCES.txt'
writing manifest file 'ti_mmwave_rospkg_msgs.egg-info/SOURCES.txt'
[100%] Built target ament_cmake_python_build_ti_mmwave_rospkg_msgs_egg
-- Install configuration: ""
-- Execute custom install script
-- Up-to-date symlink: /home/docker_user/ros2_ws_head/install/ti_mmwave_rospkg_msgs/share/ament_index/resource_index/rosidl_interfaces/ti_mmwave_rospkg_msgs
-- Up-to-date symlink: /home/docker_user/ros2_ws_head/install/ti_mmwave_rospkg_msgs/include/ti_mmwave_rospkg_msgs/ti_mmwave_rospkg_msgs/msg/detail/radar_classifier__functions.h
-- Up-to-date symlink: /home/docker_user/ros2_ws_head/install/ti_mmwave_rospkg_msgs/include/ti_mmwave_rospkg_msgs/ti_mmwave_rospkg_msgs/msg/detail/radar_classifier__struct.h
-- Up-to-date symlink: /home/docker_user/ros2_ws_head/install/ti_mmwave_rospkg_msgs/include/ti_mmwave_rospkg_msgs/ti_mmwave_rospkg_msgs/msg/detail/radar_classifier__type_support.h
-- Up-to-date symlink: /home/docker_user/ros2_ws_head/install/ti_mmwave_rospkg_msgs/include/ti_mmwave_rospkg_msgs/ti_mmwave_rospkg_msgs/msg/detail/radar_micro_doppler_data_array__functions.h
-- Up-to-date symlink: /home/docker_user/ros2_ws_head/install/ti_mmwave_rospkg_msgs/include/ti_mmwave_rospkg_msgs/ti_mmwave_rospkg_msgs/msg/detail/radar_micro_doppler_data_array__struct.h
-- Up-to-date symlink: /home/docker_user/ros2_ws_head/install/ti_mmwave_rospkg_msgs/include/ti_mmwave_rospkg_msgs/ti_mmwave_rospkg_msgs/msg/detail/radar_micro_doppler_data_array__type_support.h
-- Up-to-date symlink: /home/docker_user/ros2_ws_head/install/ti_mmwave_rospkg_msgs/include/ti_mmwave_rospkg_msgs/ti_mmwave_rospkg_msgs/msg/detail/radar_micro_doppler_data_contents__functions.h
-- Up-to-date symlink: /home/docker_user/ros2_ws_head/install/ti_mmwave_rospkg_msgs/include/ti_mmwave_rospkg_msgs/ti_mmwave_rospkg_msgs/msg/detail/radar_micro_doppler_data_contents__struct.h
-- Up-to-date symlink: /home/docker_user/ros2_ws_head/install/ti_mmwave_rospkg_msgs/include/ti_mmwave_rospkg_msgs/ti_mmwave_rospkg_msgs/msg/detail/radar_micro_doppler_data_contents__type_support.h
-- Up-to-date symlink: /home/docker_user/ros2_ws_head/install/ti_mmwave_rospkg_msgs/include/ti_mmwave_rospkg_msgs/ti_mmwave_rospkg_msgs/msg/detail/radar_micro_doppler_feature_array__functions.h
-- Up-to-date symlink: /home/docker_user/ros2_ws_head/install/ti_mmwave_rospkg_msgs/include/ti_mmwave_rospkg_msgs/ti_mmwave_rospkg_msgs/msg/detail/radar_micro_doppler_feature_array__struct.h
-- Up-to-date symlink: /home/docker_user/ros2_ws_head/install/ti_mmwave_rospkg_msgs/include/ti_mmwave_rospkg_msgs/ti_mmwave_rospkg_msgs/msg/detail/radar_micro_doppler_feature_array__type_support.h
-- Up-to-date symlink: /home/docker_user/ros2_ws_head/install/ti_mmwave_rospkg_msgs/include/ti_mmwave_rospkg_msgs/ti_mmwave_rospkg_msgs/msg/detail/radar_micro_doppler_feature_contents__functions.h
-- Up-to-date symlink: /home/docker_user/ros2_ws_head/install/ti_mmwave_rospkg_msgs/include/ti_mmwave_rospkg_msgs/ti_mmwave_rospkg_msgs/msg/detail/radar_micro_doppler_feature_contents__struct.h
-- Up-to-date symlink: /home/docker_user/ros2_ws_head/install/ti_mmwave_rospkg_msgs/include/ti_mmwave_rospkg_msgs/ti_mmwave_rospkg_msgs/msg/detail/radar_micro_doppler_feature_contents__type_support.h
-- Up-to-date symlink: /home/docker_user/ros2_ws_head/install/ti_mmwave_rospkg_msgs/include/ti_mmwave_rospkg_msgs/ti_mmwave_rospkg_msgs/msg/detail/radar_occupancy__functions.h
-- Up-to-date symlink: /home/docker_user/ros2_ws_head/install/ti_mmwave_rospkg_msgs/include/ti_mmwave_rospkg_msgs/ti_mmwave_rospkg_msgs/msg/detail/radar_occupancy__struct.h
-- Up-to-date symlink: /home/docker_user/ros2_ws_head/install/ti_mmwave_rospkg_msgs/include/ti_mmwave_rospkg_msgs/ti_mmwave_rospkg_msgs/msg/detail/radar_occupancy__type_support.h
-- Up-to-date symlink: /home/docker_user/ros2_ws_head/install/ti_mmwave_rospkg_msgs/include/ti_mmwave_rospkg_msgs/ti_mmwave_rospkg_msgs/msg/detail/radar_point_track_id__functions.h
-- Up-to-date symlink: /home/docker_user/ros2_ws_head/install/ti_mmwave_rospkg_msgs/include/ti_mmwave_rospkg_msgs/ti_mmwave_rospkg_msgs/msg/detail/radar_point_track_id__struct.h
-- Up-to-date symlink: /home/docker_user/ros2_ws_head/install/ti_mmwave_rospkg_msgs/include/ti_mmwave_rospkg_msgs/ti_mmwave_rospkg_msgs/msg/detail/radar_point_track_id__type_support.h
-- Up-to-date symlink: /home/docker_user/ros2_ws_head/install/ti_mmwave_rospkg_msgs/include/ti_mmwave_rospkg_msgs/ti_mmwave_rospkg_msgs/msg/detail/radar_scan__functions.h
-- Up-to-date symlink: /home/docker_user/ros2_ws_head/install/ti_mmwave_rospkg_msgs/include/ti_mmwave_rospkg_msgs/ti_mmwave_rospkg_msgs/msg/detail/radar_scan__struct.h
-- Up-to-date symlink: /home/docker_user/ros2_ws_head/install/ti_mmwave_rospkg_msgs/include/ti_mmwave_rospkg_msgs/ti_mmwave_rospkg_msgs/msg/detail/radar_scan__type_support.h
-- Up-to-date symlink: /home/docker_user/ros2_ws_head/install/ti_mmwave_rospkg_msgs/include/ti_mmwave_rospkg_msgs/ti_mmwave_rospkg_msgs/msg/detail/radar_track_array__functions.h
-- Up-to-date symlink: /home/docker_user/ros2_ws_head/install/ti_mmwave_rospkg_msgs/include/ti_mmwave_rospkg_msgs/ti_mmwave_rospkg_msgs/msg/detail/radar_track_array__struct.h
-- Up-to-date symlink: /home/docker_user/ros2_ws_head/install/ti_mmwave_rospkg_msgs/include/ti_mmwave_rospkg_msgs/ti_mmwave_rospkg_msgs/msg/detail/radar_track_array__type_support.h
-- Up-to-date symlink: /home/docker_user/ros2_ws_head/install/ti_mmwave_rospkg_msgs/include/ti_mmwave_rospkg_msgs/ti_mmwave_rospkg_msgs/msg/detail/radar_track_contents__functions.h
-- Up-to-date symlink: /home/docker_user/ros2_ws_head/install/ti_mmwave_rospkg_msgs/include/ti_mmwave_rospkg_msgs/ti_mmwave_rospkg_msgs/msg/detail/radar_track_contents__struct.h
-- Up-to-date symlink: /home/docker_user/ros2_ws_head/install/ti_mmwave_rospkg_msgs/include/ti_mmwave_rospkg_msgs/ti_mmwave_rospkg_msgs/msg/detail/radar_track_contents__type_support.h
-- Up-to-date symlink: /home/docker_user/ros2_ws_head/install/ti_mmwave_rospkg_msgs/include/ti_mmwave_rospkg_msgs/ti_mmwave_rospkg_msgs/msg/radar_classifier.h
-- Up-to-date symlink: /home/docker_user/ros2_ws_head/install/ti_mmwave_rospkg_msgs/include/ti_mmwave_rospkg_msgs/ti_mmwave_rospkg_msgs/msg/radar_micro_doppler_data_array.h
-- Up-to-date symlink: /home/docker_user/ros2_ws_head/install/ti_mmwave_rospkg_msgs/include/ti_mmwave_rospkg_msgs/ti_mmwave_rospkg_msgs/msg/radar_micro_doppler_data_contents.h
-- Up-to-date symlink: /home/docker_user/ros2_ws_head/install/ti_mmwave_rospkg_msgs/include/ti_mmwave_rospkg_msgs/ti_mmwave_rospkg_msgs/msg/radar_micro_doppler_feature_array.h
-- Up-to-date symlink: /home/docker_user/ros2_ws_head/install/ti_mmwave_rospkg_msgs/include/ti_mmwave_rospkg_msgs/ti_mmwave_rospkg_msgs/msg/radar_micro_doppler_feature_contents.h
-- Up-to-date symlink: /home/docker_user/ros2_ws_head/install/ti_mmwave_rospkg_msgs/include/ti_mmwave_rospkg_msgs/ti_mmwave_rospkg_msgs/msg/radar_occupancy.h
-- Up-to-date symlink: /home/docker_user/ros2_ws_head/install/ti_mmwave_rospkg_msgs/include/ti_mmwave_rospkg_msgs/ti_mmwave_rospkg_msgs/msg/radar_point_track_id.h
-- Up-to-date symlink: /home/docker_user/ros2_ws_head/install/ti_mmwave_rospkg_msgs/include/ti_mmwave_rospkg_msgs/ti_mmwave_rospkg_msgs/msg/radar_scan.h
-- Up-to-date symlink: /home/docker_user/ros2_ws_head/install/ti_mmwave_rospkg_msgs/include/ti_mmwave_rospkg_msgs/ti_mmwave_rospkg_msgs/msg/radar_track_array.h
-- Up-to-date symlink: /home/docker_user/ros2_ws_head/install/ti_mmwave_rospkg_msgs/include/ti_mmwave_rospkg_msgs/ti_mmwave_rospkg_msgs/msg/radar_track_contents.h
-- Up-to-date symlink: /home/docker_user/ros2_ws_head/install/ti_mmwave_rospkg_msgs/include/ti_mmwave_rospkg_msgs/ti_mmwave_rospkg_msgs/msg/rosidl_generator_c__visibility_control.h
-- Up-to-date symlink: /home/docker_user/ros2_ws_head/install/ti_mmwave_rospkg_msgs/include/ti_mmwave_rospkg_msgs/ti_mmwave_rospkg_msgs/srv/detail/mmwave_cli__functions.h
-- Up-to-date symlink: /home/docker_user/ros2_ws_head/install/ti_mmwave_rospkg_msgs/include/ti_mmwave_rospkg_msgs/ti_mmwave_rospkg_msgs/srv/detail/mmwave_cli__struct.h
-- Up-to-date symlink: /home/docker_user/ros2_ws_head/install/ti_mmwave_rospkg_msgs/include/ti_mmwave_rospkg_msgs/ti_mmwave_rospkg_msgs/srv/detail/mmwave_cli__type_support.h
-- Up-to-date symlink: /home/docker_user/ros2_ws_head/install/ti_mmwave_rospkg_msgs/include/ti_mmwave_rospkg_msgs/ti_mmwave_rospkg_msgs/srv/mmwave_cli.h
-- Up-to-date symlink: /home/docker_user/ros2_ws_head/install/ti_mmwave_rospkg_msgs/share/ti_mmwave_rospkg_msgs/environment/library_path.sh
-- Up-to-date symlink: /home/docker_user/ros2_ws_head/install/ti_mmwave_rospkg_msgs/share/ti_mmwave_rospkg_msgs/environment/library_path.dsv
-- Up-to-date symlink: /home/docker_user/ros2_ws_head/install/ti_mmwave_rospkg_msgs/include/ti_mmwave_rospkg_msgs/ti_mmwave_rospkg_msgs/msg/detail/radar_classifier__rosidl_typesupport_fastrtps_c.h
-- Up-to-date symlink: /home/docker_user/ros2_ws_head/install/ti_mmwave_rospkg_msgs/include/ti_mmwave_rospkg_msgs/ti_mmwave_rospkg_msgs/msg/detail/radar_micro_doppler_data_array__rosidl_typesupport_fastrtps_c.h
-- Up-to-date symlink: /home/docker_user/ros2_ws_head/install/ti_mmwave_rospkg_msgs/include/ti_mmwave_rospkg_msgs/ti_mmwave_rospkg_msgs/msg/detail/radar_micro_doppler_data_contents__rosidl_typesupport_fastrtps_c.h
-- Up-to-date symlink: /home/docker_user/ros2_ws_head/install/ti_mmwave_rospkg_msgs/include/ti_mmwave_rospkg_msgs/ti_mmwave_rospkg_msgs/msg/detail/radar_micro_doppler_feature_array__rosidl_typesupport_fastrtps_c.h
-- Up-to-date symlink: /home/docker_user/ros2_ws_head/install/ti_mmwave_rospkg_msgs/include/ti_mmwave_rospkg_msgs/ti_mmwave_rospkg_msgs/msg/detail/radar_micro_doppler_feature_contents__rosidl_typesupport_fastrtps_c.h
-- Up-to-date symlink: /home/docker_user/ros2_ws_head/install/ti_mmwave_rospkg_msgs/include/ti_mmwave_rospkg_msgs/ti_mmwave_rospkg_msgs/msg/detail/radar_occupancy__rosidl_typesupport_fastrtps_c.h
-- Up-to-date symlink: /home/docker_user/ros2_ws_head/install/ti_mmwave_rospkg_msgs/include/ti_mmwave_rospkg_msgs/ti_mmwave_rospkg_msgs/msg/detail/radar_point_track_id__rosidl_typesupport_fastrtps_c.h
-- Up-to-date symlink: /home/docker_user/ros2_ws_head/install/ti_mmwave_rospkg_msgs/include/ti_mmwave_rospkg_msgs/ti_mmwave_rospkg_msgs/msg/detail/radar_scan__rosidl_typesupport_fastrtps_c.h
-- Up-to-date symlink: /home/docker_user/ros2_ws_head/install/ti_mmwave_rospkg_msgs/include/ti_mmwave_rospkg_msgs/ti_mmwave_rospkg_msgs/msg/detail/radar_track_array__rosidl_typesupport_fastrtps_c.h
-- Up-to-date symlink: /home/docker_user/ros2_ws_head/install/ti_mmwave_rospkg_msgs/include/ti_mmwave_rospkg_msgs/ti_mmwave_rospkg_msgs/msg/detail/radar_track_contents__rosidl_typesupport_fastrtps_c.h
-- Up-to-date symlink: /home/docker_user/ros2_ws_head/install/ti_mmwave_rospkg_msgs/include/ti_mmwave_rospkg_msgs/ti_mmwave_rospkg_msgs/msg/rosidl_typesupport_fastrtps_c__visibility_control.h
-- Up-to-date symlink: /home/docker_user/ros2_ws_head/install/ti_mmwave_rospkg_msgs/include/ti_mmwave_rospkg_msgs/ti_mmwave_rospkg_msgs/srv/detail/mmwave_cli__rosidl_typesupport_fastrtps_c.h
-- Up-to-date symlink: /home/docker_user/ros2_ws_head/install/ti_mmwave_rospkg_msgs/include/ti_mmwave_rospkg_msgs/ti_mmwave_rospkg_msgs/msg/detail/radar_classifier__rosidl_typesupport_introspection_c.h
-- Up-to-date symlink: /home/docker_user/ros2_ws_head/install/ti_mmwave_rospkg_msgs/include/ti_mmwave_rospkg_msgs/ti_mmwave_rospkg_msgs/msg/detail/radar_micro_doppler_data_array__rosidl_typesupport_introspection_c.h
-- Up-to-date symlink: /home/docker_user/ros2_ws_head/install/ti_mmwave_rospkg_msgs/include/ti_mmwave_rospkg_msgs/ti_mmwave_rospkg_msgs/msg/detail/radar_micro_doppler_data_contents__rosidl_typesupport_introspection_c.h
-- Up-to-date symlink: /home/docker_user/ros2_ws_head/install/ti_mmwave_rospkg_msgs/include/ti_mmwave_rospkg_msgs/ti_mmwave_rospkg_msgs/msg/detail/radar_micro_doppler_feature_array__rosidl_typesupport_introspection_c.h
-- Up-to-date symlink: /home/docker_user/ros2_ws_head/install/ti_mmwave_rospkg_msgs/include/ti_mmwave_rospkg_msgs/ti_mmwave_rospkg_msgs/msg/detail/radar_micro_doppler_feature_contents__rosidl_typesupport_introspection_c.h
-- Up-to-date symlink: /home/docker_user/ros2_ws_head/install/ti_mmwave_rospkg_msgs/include/ti_mmwave_rospkg_msgs/ti_mmwave_rospkg_msgs/msg/detail/radar_occupancy__rosidl_typesupport_introspection_c.h
-- Up-to-date symlink: /home/docker_user/ros2_ws_head/install/ti_mmwave_rospkg_msgs/include/ti_mmwave_rospkg_msgs/ti_mmwave_rospkg_msgs/msg/detail/radar_point_track_id__rosidl_typesupport_introspection_c.h
-- Up-to-date symlink: /home/docker_user/ros2_ws_head/install/ti_mmwave_rospkg_msgs/include/ti_mmwave_rospkg_msgs/ti_mmwave_rospkg_msgs/msg/detail/radar_scan__rosidl_typesupport_introspection_c.h
-- Up-to-date symlink: /home/docker_user/ros2_ws_head/install/ti_mmwave_rospkg_msgs/include/ti_mmwave_rospkg_msgs/ti_mmwave_rospkg_msgs/msg/detail/radar_track_array__rosidl_typesupport_introspection_c.h
-- Up-to-date symlink: /home/docker_user/ros2_ws_head/install/ti_mmwave_rospkg_msgs/include/ti_mmwave_rospkg_msgs/ti_mmwave_rospkg_msgs/msg/detail/radar_track_contents__rosidl_typesupport_introspection_c.h
-- Up-to-date symlink: /home/docker_user/ros2_ws_head/install/ti_mmwave_rospkg_msgs/include/ti_mmwave_rospkg_msgs/ti_mmwave_rospkg_msgs/msg/rosidl_typesupport_introspection_c__visibility_control.h
-- Up-to-date symlink: /home/docker_user/ros2_ws_head/install/ti_mmwave_rospkg_msgs/include/ti_mmwave_rospkg_msgs/ti_mmwave_rospkg_msgs/srv/detail/mmwave_cli__rosidl_typesupport_introspection_c.h
-- Up-to-date symlink: /home/docker_user/ros2_ws_head/install/ti_mmwave_rospkg_msgs/include/ti_mmwave_rospkg_msgs/ti_mmwave_rospkg_msgs/msg/detail/radar_classifier__builder.hpp
-- Up-to-date symlink: /home/docker_user/ros2_ws_head/install/ti_mmwave_rospkg_msgs/include/ti_mmwave_rospkg_msgs/ti_mmwave_rospkg_msgs/msg/detail/radar_classifier__struct.hpp
-- Up-to-date symlink: /home/docker_user/ros2_ws_head/install/ti_mmwave_rospkg_msgs/include/ti_mmwave_rospkg_msgs/ti_mmwave_rospkg_msgs/msg/detail/radar_classifier__traits.hpp
-- Up-to-date symlink: /home/docker_user/ros2_ws_head/install/ti_mmwave_rospkg_msgs/include/ti_mmwave_rospkg_msgs/ti_mmwave_rospkg_msgs/msg/detail/radar_classifier__type_support.hpp
-- Up-to-date symlink: /home/docker_user/ros2_ws_head/install/ti_mmwave_rospkg_msgs/include/ti_mmwave_rospkg_msgs/ti_mmwave_rospkg_msgs/msg/detail/radar_micro_doppler_data_array__builder.hpp
-- Up-to-date symlink: /home/docker_user/ros2_ws_head/install/ti_mmwave_rospkg_msgs/include/ti_mmwave_rospkg_msgs/ti_mmwave_rospkg_msgs/msg/detail/radar_micro_doppler_data_array__struct.hpp
-- Up-to-date symlink: /home/docker_user/ros2_ws_head/install/ti_mmwave_rospkg_msgs/include/ti_mmwave_rospkg_msgs/ti_mmwave_rospkg_msgs/msg/detail/radar_micro_doppler_data_array__traits.hpp
-- Up-to-date symlink: /home/docker_user/ros2_ws_head/install/ti_mmwave_rospkg_msgs/include/ti_mmwave_rospkg_msgs/ti_mmwave_rospkg_msgs/msg/detail/radar_micro_doppler_data_array__type_support.hpp
-- Up-to-date symlink: /home/docker_user/ros2_ws_head/install/ti_mmwave_rospkg_msgs/include/ti_mmwave_rospkg_msgs/ti_mmwave_rospkg_msgs/msg/detail/radar_micro_doppler_data_contents__builder.hpp
-- Up-to-date symlink: /home/docker_user/ros2_ws_head/install/ti_mmwave_rospkg_msgs/include/ti_mmwave_rospkg_msgs/ti_mmwave_rospkg_msgs/msg/detail/radar_micro_doppler_data_contents__struct.hpp
-- Up-to-date symlink: /home/docker_user/ros2_ws_head/install/ti_mmwave_rospkg_msgs/include/ti_mmwave_rospkg_msgs/ti_mmwave_rospkg_msgs/msg/detail/radar_micro_doppler_data_contents__traits.hpp
-- Up-to-date symlink: /home/docker_user/ros2_ws_head/install/ti_mmwave_rospkg_msgs/include/ti_mmwave_rospkg_msgs/ti_mmwave_rospkg_msgs/msg/detail/radar_micro_doppler_data_contents__type_support.hpp
-- Up-to-date symlink: /home/docker_user/ros2_ws_head/install/ti_mmwave_rospkg_msgs/include/ti_mmwave_rospkg_msgs/ti_mmwave_rospkg_msgs/msg/detail/radar_micro_doppler_feature_array__builder.hpp
-- Up-to-date symlink: /home/docker_user/ros2_ws_head/install/ti_mmwave_rospkg_msgs/include/ti_mmwave_rospkg_msgs/ti_mmwave_rospkg_msgs/msg/detail/radar_micro_doppler_feature_array__struct.hpp
-- Up-to-date symlink: /home/docker_user/ros2_ws_head/install/ti_mmwave_rospkg_msgs/include/ti_mmwave_rospkg_msgs/ti_mmwave_rospkg_msgs/msg/detail/radar_micro_doppler_feature_array__traits.hpp
-- Up-to-date symlink: /home/docker_user/ros2_ws_head/install/ti_mmwave_rospkg_msgs/include/ti_mmwave_rospkg_msgs/ti_mmwave_rospkg_msgs/msg/detail/radar_micro_doppler_feature_array__type_support.hpp
-- Up-to-date symlink: /home/docker_user/ros2_ws_head/install/ti_mmwave_rospkg_msgs/include/ti_mmwave_rospkg_msgs/ti_mmwave_rospkg_msgs/msg/detail/radar_micro_doppler_feature_contents__builder.hpp
-- Up-to-date symlink: /home/docker_user/ros2_ws_head/install/ti_mmwave_rospkg_msgs/include/ti_mmwave_rospkg_msgs/ti_mmwave_rospkg_msgs/msg/detail/radar_micro_doppler_feature_contents__struct.hpp
-- Up-to-date symlink: /home/docker_user/ros2_ws_head/install/ti_mmwave_rospkg_msgs/include/ti_mmwave_rospkg_msgs/ti_mmwave_rospkg_msgs/msg/detail/radar_micro_doppler_feature_contents__traits.hpp
-- Up-to-date symlink: /home/docker_user/ros2_ws_head/install/ti_mmwave_rospkg_msgs/include/ti_mmwave_rospkg_msgs/ti_mmwave_rospkg_msgs/msg/detail/radar_micro_doppler_feature_contents__type_support.hpp
-- Up-to-date symlink: /home/docker_user/ros2_ws_head/install/ti_mmwave_rospkg_msgs/include/ti_mmwave_rospkg_msgs/ti_mmwave_rospkg_msgs/msg/detail/radar_occupancy__builder.hpp
-- Up-to-date symlink: /home/docker_user/ros2_ws_head/install/ti_mmwave_rospkg_msgs/include/ti_mmwave_rospkg_msgs/ti_mmwave_rospkg_msgs/msg/detail/radar_occupancy__struct.hpp
-- Up-to-date symlink: /home/docker_user/ros2_ws_head/install/ti_mmwave_rospkg_msgs/include/ti_mmwave_rospkg_msgs/ti_mmwave_rospkg_msgs/msg/detail/radar_occupancy__traits.hpp
-- Up-to-date symlink: /home/docker_user/ros2_ws_head/install/ti_mmwave_rospkg_msgs/include/ti_mmwave_rospkg_msgs/ti_mmwave_rospkg_msgs/msg/detail/radar_occupancy__type_support.hpp
-- Up-to-date symlink: /home/docker_user/ros2_ws_head/install/ti_mmwave_rospkg_msgs/include/ti_mmwave_rospkg_msgs/ti_mmwave_rospkg_msgs/msg/detail/radar_point_track_id__builder.hpp
-- Up-to-date symlink: /home/docker_user/ros2_ws_head/install/ti_mmwave_rospkg_msgs/include/ti_mmwave_rospkg_msgs/ti_mmwave_rospkg_msgs/msg/detail/radar_point_track_id__struct.hpp
-- Up-to-date symlink: /home/docker_user/ros2_ws_head/install/ti_mmwave_rospkg_msgs/include/ti_mmwave_rospkg_msgs/ti_mmwave_rospkg_msgs/msg/detail/radar_point_track_id__traits.hpp
-- Up-to-date symlink: /home/docker_user/ros2_ws_head/install/ti_mmwave_rospkg_msgs/include/ti_mmwave_rospkg_msgs/ti_mmwave_rospkg_msgs/msg/detail/radar_point_track_id__type_support.hpp
-- Up-to-date symlink: /home/docker_user/ros2_ws_head/install/ti_mmwave_rospkg_msgs/include/ti_mmwave_rospkg_msgs/ti_mmwave_rospkg_msgs/msg/detail/radar_scan__builder.hpp
-- Up-to-date symlink: /home/docker_user/ros2_ws_head/install/ti_mmwave_rospkg_msgs/include/ti_mmwave_rospkg_msgs/ti_mmwave_rospkg_msgs/msg/detail/radar_scan__struct.hpp
-- Up-to-date symlink: /home/docker_user/ros2_ws_head/install/ti_mmwave_rospkg_msgs/include/ti_mmwave_rospkg_msgs/ti_mmwave_rospkg_msgs/msg/detail/radar_scan__traits.hpp
-- Up-to-date symlink: /home/docker_user/ros2_ws_head/install/ti_mmwave_rospkg_msgs/include/ti_mmwave_rospkg_msgs/ti_mmwave_rospkg_msgs/msg/detail/radar_scan__type_support.hpp
-- Up-to-date symlink: /home/docker_user/ros2_ws_head/install/ti_mmwave_rospkg_msgs/include/ti_mmwave_rospkg_msgs/ti_mmwave_rospkg_msgs/msg/detail/radar_track_array__builder.hpp
-- Up-to-date symlink: /home/docker_user/ros2_ws_head/install/ti_mmwave_rospkg_msgs/include/ti_mmwave_rospkg_msgs/ti_mmwave_rospkg_msgs/msg/detail/radar_track_array__struct.hpp
-- Up-to-date symlink: /home/docker_user/ros2_ws_head/install/ti_mmwave_rospkg_msgs/include/ti_mmwave_rospkg_msgs/ti_mmwave_rospkg_msgs/msg/detail/radar_track_array__traits.hpp
-- Up-to-date symlink: /home/docker_user/ros2_ws_head/install/ti_mmwave_rospkg_msgs/include/ti_mmwave_rospkg_msgs/ti_mmwave_rospkg_msgs/msg/detail/radar_track_array__type_support.hpp
-- Up-to-date symlink: /home/docker_user/ros2_ws_head/install/ti_mmwave_rospkg_msgs/include/ti_mmwave_rospkg_msgs/ti_mmwave_rospkg_msgs/msg/detail/radar_track_contents__builder.hpp
-- Up-to-date symlink: /home/docker_user/ros2_ws_head/install/ti_mmwave_rospkg_msgs/include/ti_mmwave_rospkg_msgs/ti_mmwave_rospkg_msgs/msg/detail/radar_track_contents__struct.hpp
-- Up-to-date symlink: /home/docker_user/ros2_ws_head/install/ti_mmwave_rospkg_msgs/include/ti_mmwave_rospkg_msgs/ti_mmwave_rospkg_msgs/msg/detail/radar_track_contents__traits.hpp
-- Up-to-date symlink: /home/docker_user/ros2_ws_head/install/ti_mmwave_rospkg_msgs/include/ti_mmwave_rospkg_msgs/ti_mmwave_rospkg_msgs/msg/detail/radar_track_contents__type_support.hpp
-- Up-to-date symlink: /home/docker_user/ros2_ws_head/install/ti_mmwave_rospkg_msgs/include/ti_mmwave_rospkg_msgs/ti_mmwave_rospkg_msgs/msg/radar_classifier.hpp
-- Up-to-date symlink: /home/docker_user/ros2_ws_head/install/ti_mmwave_rospkg_msgs/include/ti_mmwave_rospkg_msgs/ti_mmwave_rospkg_msgs/msg/radar_micro_doppler_data_array.hpp
-- Up-to-date symlink: /home/docker_user/ros2_ws_head/install/ti_mmwave_rospkg_msgs/include/ti_mmwave_rospkg_msgs/ti_mmwave_rospkg_msgs/msg/radar_micro_doppler_data_contents.hpp
-- Up-to-date symlink: /home/docker_user/ros2_ws_head/install/ti_mmwave_rospkg_msgs/include/ti_mmwave_rospkg_msgs/ti_mmwave_rospkg_msgs/msg/radar_micro_doppler_feature_array.hpp
-- Up-to-date symlink: /home/docker_user/ros2_ws_head/install/ti_mmwave_rospkg_msgs/include/ti_mmwave_rospkg_msgs/ti_mmwave_rospkg_msgs/msg/radar_micro_doppler_feature_contents.hpp
-- Up-to-date symlink: /home/docker_user/ros2_ws_head/install/ti_mmwave_rospkg_msgs/include/ti_mmwave_rospkg_msgs/ti_mmwave_rospkg_msgs/msg/radar_occupancy.hpp
-- Up-to-date symlink: /home/docker_user/ros2_ws_head/install/ti_mmwave_rospkg_msgs/include/ti_mmwave_rospkg_msgs/ti_mmwave_rospkg_msgs/msg/radar_point_track_id.hpp
-- Up-to-date symlink: /home/docker_user/ros2_ws_head/install/ti_mmwave_rospkg_msgs/include/ti_mmwave_rospkg_msgs/ti_mmwave_rospkg_msgs/msg/radar_scan.hpp
-- Up-to-date symlink: /home/docker_user/ros2_ws_head/install/ti_mmwave_rospkg_msgs/include/ti_mmwave_rospkg_msgs/ti_mmwave_rospkg_msgs/msg/radar_track_array.hpp
-- Up-to-date symlink: /home/docker_user/ros2_ws_head/install/ti_mmwave_rospkg_msgs/include/ti_mmwave_rospkg_msgs/ti_mmwave_rospkg_msgs/msg/radar_track_contents.hpp
-- Up-to-date symlink: /home/docker_user/ros2_ws_head/install/ti_mmwave_rospkg_msgs/include/ti_mmwave_rospkg_msgs/ti_mmwave_rospkg_msgs/msg/rosidl_generator_cpp__visibility_control.hpp
-- Up-to-date symlink: /home/docker_user/ros2_ws_head/install/ti_mmwave_rospkg_msgs/include/ti_mmwave_rospkg_msgs/ti_mmwave_rospkg_msgs/srv/detail/mmwave_cli__builder.hpp
-- Up-to-date symlink: /home/docker_user/ros2_ws_head/install/ti_mmwave_rospkg_msgs/include/ti_mmwave_rospkg_msgs/ti_mmwave_rospkg_msgs/srv/detail/mmwave_cli__struct.hpp
-- Up-to-date symlink: /home/docker_user/ros2_ws_head/install/ti_mmwave_rospkg_msgs/include/ti_mmwave_rospkg_msgs/ti_mmwave_rospkg_msgs/srv/detail/mmwave_cli__traits.hpp
-- Up-to-date symlink: /home/docker_user/ros2_ws_head/install/ti_mmwave_rospkg_msgs/include/ti_mmwave_rospkg_msgs/ti_mmwave_rospkg_msgs/srv/detail/mmwave_cli__type_support.hpp
-- Up-to-date symlink: /home/docker_user/ros2_ws_head/install/ti_mmwave_rospkg_msgs/include/ti_mmwave_rospkg_msgs/ti_mmwave_rospkg_msgs/srv/mmwave_cli.hpp
-- Up-to-date symlink: /home/docker_user/ros2_ws_head/install/ti_mmwave_rospkg_msgs/include/ti_mmwave_rospkg_msgs/ti_mmwave_rospkg_msgs/msg/detail/radar_classifier__rosidl_typesupport_fastrtps_cpp.hpp
-- Up-to-date symlink: /home/docker_user/ros2_ws_head/install/ti_mmwave_rospkg_msgs/include/ti_mmwave_rospkg_msgs/ti_mmwave_rospkg_msgs/msg/detail/radar_micro_doppler_data_array__rosidl_typesupport_fastrtps_cpp.hpp
-- Up-to-date symlink: /home/docker_user/ros2_ws_head/install/ti_mmwave_rospkg_msgs/include/ti_mmwave_rospkg_msgs/ti_mmwave_rospkg_msgs/msg/detail/radar_micro_doppler_data_contents__rosidl_typesupport_fastrtps_cpp.hpp
-- Up-to-date symlink: /home/docker_user/ros2_ws_head/install/ti_mmwave_rospkg_msgs/include/ti_mmwave_rospkg_msgs/ti_mmwave_rospkg_msgs/msg/detail/radar_micro_doppler_feature_array__rosidl_typesupport_fastrtps_cpp.hpp
-- Up-to-date symlink: /home/docker_user/ros2_ws_head/install/ti_mmwave_rospkg_msgs/include/ti_mmwave_rospkg_msgs/ti_mmwave_rospkg_msgs/msg/detail/radar_micro_doppler_feature_contents__rosidl_typesupport_fastrtps_cpp.hpp
-- Up-to-date symlink: /home/docker_user/ros2_ws_head/install/ti_mmwave_rospkg_msgs/include/ti_mmwave_rospkg_msgs/ti_mmwave_rospkg_msgs/msg/detail/radar_occupancy__rosidl_typesupport_fastrtps_cpp.hpp
-- Up-to-date symlink: /home/docker_user/ros2_ws_head/install/ti_mmwave_rospkg_msgs/include/ti_mmwave_rospkg_msgs/ti_mmwave_rospkg_msgs/msg/detail/radar_point_track_id__rosidl_typesupport_fastrtps_cpp.hpp
-- Up-to-date symlink: /home/docker_user/ros2_ws_head/install/ti_mmwave_rospkg_msgs/include/ti_mmwave_rospkg_msgs/ti_mmwave_rospkg_msgs/msg/detail/radar_scan__rosidl_typesupport_fastrtps_cpp.hpp
-- Up-to-date symlink: /home/docker_user/ros2_ws_head/install/ti_mmwave_rospkg_msgs/include/ti_mmwave_rospkg_msgs/ti_mmwave_rospkg_msgs/msg/detail/radar_track_array__rosidl_typesupport_fastrtps_cpp.hpp
-- Up-to-date symlink: /home/docker_user/ros2_ws_head/install/ti_mmwave_rospkg_msgs/include/ti_mmwave_rospkg_msgs/ti_mmwave_rospkg_msgs/msg/detail/radar_track_contents__rosidl_typesupport_fastrtps_cpp.hpp
-- Up-to-date symlink: /home/docker_user/ros2_ws_head/install/ti_mmwave_rospkg_msgs/include/ti_mmwave_rospkg_msgs/ti_mmwave_rospkg_msgs/msg/rosidl_typesupport_fastrtps_cpp__visibility_control.h
-- Up-to-date symlink: /home/docker_user/ros2_ws_head/install/ti_mmwave_rospkg_msgs/include/ti_mmwave_rospkg_msgs/ti_mmwave_rospkg_msgs/srv/detail/mmwave_cli__rosidl_typesupport_fastrtps_cpp.hpp
-- Up-to-date symlink: /home/docker_user/ros2_ws_head/install/ti_mmwave_rospkg_msgs/include/ti_mmwave_rospkg_msgs/ti_mmwave_rospkg_msgs/msg/detail/radar_classifier__rosidl_typesupport_introspection_cpp.hpp
-- Up-to-date symlink: /home/docker_user/ros2_ws_head/install/ti_mmwave_rospkg_msgs/include/ti_mmwave_rospkg_msgs/ti_mmwave_rospkg_msgs/msg/detail/radar_micro_doppler_data_array__rosidl_typesupport_introspection_cpp.hpp
-- Up-to-date symlink: /home/docker_user/ros2_ws_head/install/ti_mmwave_rospkg_msgs/include/ti_mmwave_rospkg_msgs/ti_mmwave_rospkg_msgs/msg/detail/radar_micro_doppler_data_contents__rosidl_typesupport_introspection_cpp.hpp
-- Up-to-date symlink: /home/docker_user/ros2_ws_head/install/ti_mmwave_rospkg_msgs/include/ti_mmwave_rospkg_msgs/ti_mmwave_rospkg_msgs/msg/detail/radar_micro_doppler_feature_array__rosidl_typesupport_introspection_cpp.hpp
-- Up-to-date symlink: /home/docker_user/ros2_ws_head/install/ti_mmwave_rospkg_msgs/include/ti_mmwave_rospkg_msgs/ti_mmwave_rospkg_msgs/msg/detail/radar_micro_doppler_feature_contents__rosidl_typesupport_introspection_cpp.hpp
-- Up-to-date symlink: /home/docker_user/ros2_ws_head/install/ti_mmwave_rospkg_msgs/include/ti_mmwave_rospkg_msgs/ti_mmwave_rospkg_msgs/msg/detail/radar_occupancy__rosidl_typesupport_introspection_cpp.hpp
-- Up-to-date symlink: /home/docker_user/ros2_ws_head/install/ti_mmwave_rospkg_msgs/include/ti_mmwave_rospkg_msgs/ti_mmwave_rospkg_msgs/msg/detail/radar_point_track_id__rosidl_typesupport_introspection_cpp.hpp
-- Up-to-date symlink: /home/docker_user/ros2_ws_head/install/ti_mmwave_rospkg_msgs/include/ti_mmwave_rospkg_msgs/ti_mmwave_rospkg_msgs/msg/detail/radar_scan__rosidl_typesupport_introspection_cpp.hpp
-- Up-to-date symlink: /home/docker_user/ros2_ws_head/install/ti_mmwave_rospkg_msgs/include/ti_mmwave_rospkg_msgs/ti_mmwave_rospkg_msgs/msg/detail/radar_track_array__rosidl_typesupport_introspection_cpp.hpp
-- Up-to-date symlink: /home/docker_user/ros2_ws_head/install/ti_mmwave_rospkg_msgs/include/ti_mmwave_rospkg_msgs/ti_mmwave_rospkg_msgs/msg/detail/radar_track_contents__rosidl_typesupport_introspection_cpp.hpp
-- Up-to-date symlink: /home/docker_user/ros2_ws_head/install/ti_mmwave_rospkg_msgs/include/ti_mmwave_rospkg_msgs/ti_mmwave_rospkg_msgs/srv/detail/mmwave_cli__rosidl_typesupport_introspection_cpp.hpp
-- Up-to-date symlink: /home/docker_user/ros2_ws_head/install/ti_mmwave_rospkg_msgs/share/ti_mmwave_rospkg_msgs/environment/pythonpath.sh
-- Up-to-date symlink: /home/docker_user/ros2_ws_head/install/ti_mmwave_rospkg_msgs/share/ti_mmwave_rospkg_msgs/environment/pythonpath.dsv
-- Up-to-date symlink: /home/docker_user/ros2_ws_head/install/ti_mmwave_rospkg_msgs/local/lib/python3.10/dist-packages/ti_mmwave_rospkg_msgs-1.0.0-py3.10.egg-info/PKG-INFO
-- Up-to-date symlink: /home/docker_user/ros2_ws_head/install/ti_mmwave_rospkg_msgs/local/lib/python3.10/dist-packages/ti_mmwave_rospkg_msgs-1.0.0-py3.10.egg-info/SOURCES.txt
-- Up-to-date symlink: /home/docker_user/ros2_ws_head/install/ti_mmwave_rospkg_msgs/local/lib/python3.10/dist-packages/ti_mmwave_rospkg_msgs-1.0.0-py3.10.egg-info/dependency_links.txt
-- Up-to-date symlink: /home/docker_user/ros2_ws_head/install/ti_mmwave_rospkg_msgs/local/lib/python3.10/dist-packages/ti_mmwave_rospkg_msgs-1.0.0-py3.10.egg-info/top_level.txt
-- Up-to-date symlink: /home/docker_user/ros2_ws_head/install/ti_mmwave_rospkg_msgs/local/lib/python3.10/dist-packages/ti_mmwave_rospkg_msgs/__init__.py
-- Up-to-date symlink: /home/docker_user/ros2_ws_head/install/ti_mmwave_rospkg_msgs/local/lib/python3.10/dist-packages/ti_mmwave_rospkg_msgs/_ti_mmwave_rospkg_msgs_s.ep.rosidl_typesupport_c.c
-- Up-to-date symlink: /home/docker_user/ros2_ws_head/install/ti_mmwave_rospkg_msgs/local/lib/python3.10/dist-packages/ti_mmwave_rospkg_msgs/_ti_mmwave_rospkg_msgs_s.ep.rosidl_typesupport_fastrtps_c.c
-- Up-to-date symlink: /home/docker_user/ros2_ws_head/install/ti_mmwave_rospkg_msgs/local/lib/python3.10/dist-packages/ti_mmwave_rospkg_msgs/_ti_mmwave_rospkg_msgs_s.ep.rosidl_typesupport_introspection_c.c
-- Up-to-date symlink: /home/docker_user/ros2_ws_head/install/ti_mmwave_rospkg_msgs/local/lib/python3.10/dist-packages/ti_mmwave_rospkg_msgs/libti_mmwave_rospkg_msgs__rosidl_generator_py.so
-- Up-to-date symlink: /home/docker_user/ros2_ws_head/install/ti_mmwave_rospkg_msgs/local/lib/python3.10/dist-packages/ti_mmwave_rospkg_msgs/msg/__init__.py
-- Up-to-date symlink: /home/docker_user/ros2_ws_head/install/ti_mmwave_rospkg_msgs/local/lib/python3.10/dist-packages/ti_mmwave_rospkg_msgs/msg/_radar_classifier.py
-- Up-to-date symlink: /home/docker_user/ros2_ws_head/install/ti_mmwave_rospkg_msgs/local/lib/python3.10/dist-packages/ti_mmwave_rospkg_msgs/msg/_radar_classifier_s.c
-- Up-to-date symlink: /home/docker_user/ros2_ws_head/install/ti_mmwave_rospkg_msgs/local/lib/python3.10/dist-packages/ti_mmwave_rospkg_msgs/msg/_radar_micro_doppler_data_array.py
-- Up-to-date symlink: /home/docker_user/ros2_ws_head/install/ti_mmwave_rospkg_msgs/local/lib/python3.10/dist-packages/ti_mmwave_rospkg_msgs/msg/_radar_micro_doppler_data_array_s.c
-- Up-to-date symlink: /home/docker_user/ros2_ws_head/install/ti_mmwave_rospkg_msgs/local/lib/python3.10/dist-packages/ti_mmwave_rospkg_msgs/msg/_radar_micro_doppler_data_contents.py
-- Up-to-date symlink: /home/docker_user/ros2_ws_head/install/ti_mmwave_rospkg_msgs/local/lib/python3.10/dist-packages/ti_mmwave_rospkg_msgs/msg/_radar_micro_doppler_data_contents_s.c
-- Up-to-date symlink: /home/docker_user/ros2_ws_head/install/ti_mmwave_rospkg_msgs/local/lib/python3.10/dist-packages/ti_mmwave_rospkg_msgs/msg/_radar_micro_doppler_feature_array.py
-- Up-to-date symlink: /home/docker_user/ros2_ws_head/install/ti_mmwave_rospkg_msgs/local/lib/python3.10/dist-packages/ti_mmwave_rospkg_msgs/msg/_radar_micro_doppler_feature_array_s.c
-- Up-to-date symlink: /home/docker_user/ros2_ws_head/install/ti_mmwave_rospkg_msgs/local/lib/python3.10/dist-packages/ti_mmwave_rospkg_msgs/msg/_radar_micro_doppler_feature_contents.py
-- Up-to-date symlink: /home/docker_user/ros2_ws_head/install/ti_mmwave_rospkg_msgs/local/lib/python3.10/dist-packages/ti_mmwave_rospkg_msgs/msg/_radar_micro_doppler_feature_contents_s.c
-- Up-to-date symlink: /home/docker_user/ros2_ws_head/install/ti_mmwave_rospkg_msgs/local/lib/python3.10/dist-packages/ti_mmwave_rospkg_msgs/msg/_radar_occupancy.py
-- Up-to-date symlink: /home/docker_user/ros2_ws_head/install/ti_mmwave_rospkg_msgs/local/lib/python3.10/dist-packages/ti_mmwave_rospkg_msgs/msg/_radar_occupancy_s.c
-- Up-to-date symlink: /home/docker_user/ros2_ws_head/install/ti_mmwave_rospkg_msgs/local/lib/python3.10/dist-packages/ti_mmwave_rospkg_msgs/msg/_radar_point_track_id.py
-- Up-to-date symlink: /home/docker_user/ros2_ws_head/install/ti_mmwave_rospkg_msgs/local/lib/python3.10/dist-packages/ti_mmwave_rospkg_msgs/msg/_radar_point_track_id_s.c
-- Up-to-date symlink: /home/docker_user/ros2_ws_head/install/ti_mmwave_rospkg_msgs/local/lib/python3.10/dist-packages/ti_mmwave_rospkg_msgs/msg/_radar_scan.py
-- Up-to-date symlink: /home/docker_user/ros2_ws_head/install/ti_mmwave_rospkg_msgs/local/lib/python3.10/dist-packages/ti_mmwave_rospkg_msgs/msg/_radar_scan_s.c
-- Up-to-date symlink: /home/docker_user/ros2_ws_head/install/ti_mmwave_rospkg_msgs/local/lib/python3.10/dist-packages/ti_mmwave_rospkg_msgs/msg/_radar_track_array.py
-- Up-to-date symlink: /home/docker_user/ros2_ws_head/install/ti_mmwave_rospkg_msgs/local/lib/python3.10/dist-packages/ti_mmwave_rospkg_msgs/msg/_radar_track_array_s.c
-- Up-to-date symlink: /home/docker_user/ros2_ws_head/install/ti_mmwave_rospkg_msgs/local/lib/python3.10/dist-packages/ti_mmwave_rospkg_msgs/msg/_radar_track_contents.py
-- Up-to-date symlink: /home/docker_user/ros2_ws_head/install/ti_mmwave_rospkg_msgs/local/lib/python3.10/dist-packages/ti_mmwave_rospkg_msgs/msg/_radar_track_contents_s.c
-- Up-to-date symlink: /home/docker_user/ros2_ws_head/install/ti_mmwave_rospkg_msgs/local/lib/python3.10/dist-packages/ti_mmwave_rospkg_msgs/srv/__init__.py
-- Up-to-date symlink: /home/docker_user/ros2_ws_head/install/ti_mmwave_rospkg_msgs/local/lib/python3.10/dist-packages/ti_mmwave_rospkg_msgs/srv/_mmwave_cli.py
-- Up-to-date symlink: /home/docker_user/ros2_ws_head/install/ti_mmwave_rospkg_msgs/local/lib/python3.10/dist-packages/ti_mmwave_rospkg_msgs/srv/_mmwave_cli_s.c
-- Up-to-date symlink: /home/docker_user/ros2_ws_head/install/ti_mmwave_rospkg_msgs/local/lib/python3.10/dist-packages/ti_mmwave_rospkg_msgs/ti_mmwave_rospkg_msgs_s__rosidl_typesupport_c.cpython-310-x86_64-linux-gnu.so
-- Up-to-date symlink: /home/docker_user/ros2_ws_head/install/ti_mmwave_rospkg_msgs/local/lib/python3.10/dist-packages/ti_mmwave_rospkg_msgs/ti_mmwave_rospkg_msgs_s__rosidl_typesupport_fastrtps_c.cpython-310-x86_64-linux-gnu.so
-- Up-to-date symlink: /home/docker_user/ros2_ws_head/install/ti_mmwave_rospkg_msgs/local/lib/python3.10/dist-packages/ti_mmwave_rospkg_msgs/ti_mmwave_rospkg_msgs_s__rosidl_typesupport_introspection_c.cpython-310-x86_64-linux-gnu.so
-- Up-to-date symlink: /home/docker_user/ros2_ws_head/install/ti_mmwave_rospkg_msgs/local/lib/python3.10/dist-packages/ti_mmwave_rospkg_msgs/ti_mmwave_rospkg_msgs_s__rosidl_typesupport_fastrtps_c.cpython-310-x86_64-linux-gnu.so
-- Up-to-date symlink: /home/docker_user/ros2_ws_head/install/ti_mmwave_rospkg_msgs/local/lib/python3.10/dist-packages/ti_mmwave_rospkg_msgs/ti_mmwave_rospkg_msgs_s__rosidl_typesupport_introspection_c.cpython-310-x86_64-linux-gnu.so
-- Up-to-date symlink: /home/docker_user/ros2_ws_head/install/ti_mmwave_rospkg_msgs/local/lib/python3.10/dist-packages/ti_mmwave_rospkg_msgs/ti_mmwave_rospkg_msgs_s__rosidl_typesupport_c.cpython-310-x86_64-linux-gnu.so
-- Up-to-date symlink: /home/docker_user/ros2_ws_head/install/ti_mmwave_rospkg_msgs/share/ti_mmwave_rospkg_msgs/msg/RadarScan.idl
-- Up-to-date symlink: /home/docker_user/ros2_ws_head/install/ti_mmwave_rospkg_msgs/share/ti_mmwave_rospkg_msgs/msg/RadarOccupancy.idl
-- Up-to-date symlink: /home/docker_user/ros2_ws_head/install/ti_mmwave_rospkg_msgs/share/ti_mmwave_rospkg_msgs/msg/RadarClassifier.idl
-- Up-to-date symlink: /home/docker_user/ros2_ws_head/install/ti_mmwave_rospkg_msgs/share/ti_mmwave_rospkg_msgs/msg/RadarTrackArray.idl
-- Up-to-date symlink: /home/docker_user/ros2_ws_head/install/ti_mmwave_rospkg_msgs/share/ti_mmwave_rospkg_msgs/msg/RadarTrackContents.idl
-- Up-to-date symlink: /home/docker_user/ros2_ws_head/install/ti_mmwave_rospkg_msgs/share/ti_mmwave_rospkg_msgs/msg/RadarPointTrackID.idl
-- Up-to-date symlink: /home/docker_user/ros2_ws_head/install/ti_mmwave_rospkg_msgs/share/ti_mmwave_rospkg_msgs/msg/RadarMicroDopplerDataArray.idl
-- Up-to-date symlink: /home/docker_user/ros2_ws_head/install/ti_mmwave_rospkg_msgs/share/ti_mmwave_rospkg_msgs/msg/RadarMicroDopplerDataContents.idl
-- Up-to-date symlink: /home/docker_user/ros2_ws_head/install/ti_mmwave_rospkg_msgs/share/ti_mmwave_rospkg_msgs/msg/RadarMicroDopplerFeatureArray.idl
-- Up-to-date symlink: /home/docker_user/ros2_ws_head/install/ti_mmwave_rospkg_msgs/share/ti_mmwave_rospkg_msgs/msg/RadarMicroDopplerFeatureContents.idl
-- Up-to-date symlink: /home/docker_user/ros2_ws_head/install/ti_mmwave_rospkg_msgs/share/ti_mmwave_rospkg_msgs/srv/MmwaveCli.idl
-- Up-to-date symlink: /home/docker_user/ros2_ws_head/install/ti_mmwave_rospkg_msgs/share/ti_mmwave_rospkg_msgs/msg/RadarScan.msg
-- Up-to-date symlink: /home/docker_user/ros2_ws_head/install/ti_mmwave_rospkg_msgs/share/ti_mmwave_rospkg_msgs/msg/RadarOccupancy.msg
-- Up-to-date symlink: /home/docker_user/ros2_ws_head/install/ti_mmwave_rospkg_msgs/share/ti_mmwave_rospkg_msgs/msg/RadarClassifier.msg
-- Up-to-date symlink: /home/docker_user/ros2_ws_head/install/ti_mmwave_rospkg_msgs/share/ti_mmwave_rospkg_msgs/msg/RadarTrackArray.msg
-- Up-to-date symlink: /home/docker_user/ros2_ws_head/install/ti_mmwave_rospkg_msgs/share/ti_mmwave_rospkg_msgs/msg/RadarTrackContents.msg
-- Up-to-date symlink: /home/docker_user/ros2_ws_head/install/ti_mmwave_rospkg_msgs/share/ti_mmwave_rospkg_msgs/msg/RadarPointTrackID.msg
-- Up-to-date symlink: /home/docker_user/ros2_ws_head/install/ti_mmwave_rospkg_msgs/share/ti_mmwave_rospkg_msgs/msg/RadarMicroDopplerDataArray.msg
-- Up-to-date symlink: /home/docker_user/ros2_ws_head/install/ti_mmwave_rospkg_msgs/share/ti_mmwave_rospkg_msgs/msg/RadarMicroDopplerDataContents.msg
-- Up-to-date symlink: /home/docker_user/ros2_ws_head/install/ti_mmwave_rospkg_msgs/share/ti_mmwave_rospkg_msgs/msg/RadarMicroDopplerFeatureArray.msg
-- Up-to-date symlink: /home/docker_user/ros2_ws_head/install/ti_mmwave_rospkg_msgs/share/ti_mmwave_rospkg_msgs/msg/RadarMicroDopplerFeatureContents.msg
-- Up-to-date symlink: /home/docker_user/ros2_ws_head/install/ti_mmwave_rospkg_msgs/share/ti_mmwave_rospkg_msgs/srv/MmwaveCli.srv
-- Up-to-date symlink: /home/docker_user/ros2_ws_head/install/ti_mmwave_rospkg_msgs/share/ti_mmwave_rospkg_msgs/srv/MmwaveCli_Request.msg
-- Up-to-date symlink: /home/docker_user/ros2_ws_head/install/ti_mmwave_rospkg_msgs/share/ti_mmwave_rospkg_msgs/srv/MmwaveCli_Response.msg
-- Up-to-date symlink: /home/docker_user/ros2_ws_head/install/ti_mmwave_rospkg_msgs/share/ament_index/resource_index/package_run_dependencies/ti_mmwave_rospkg_msgs
-- Up-to-date symlink: /home/docker_user/ros2_ws_head/install/ti_mmwave_rospkg_msgs/share/ament_index/resource_index/parent_prefix_path/ti_mmwave_rospkg_msgs
-- Up-to-date symlink: /home/docker_user/ros2_ws_head/install/ti_mmwave_rospkg_msgs/share/ti_mmwave_rospkg_msgs/environment/ament_prefix_path.sh
-- Up-to-date symlink: /home/docker_user/ros2_ws_head/install/ti_mmwave_rospkg_msgs/share/ti_mmwave_rospkg_msgs/environment/ament_prefix_path.dsv
-- Up-to-date symlink: /home/docker_user/ros2_ws_head/install/ti_mmwave_rospkg_msgs/share/ti_mmwave_rospkg_msgs/environment/path.sh
-- Up-to-date symlink: /home/docker_user/ros2_ws_head/install/ti_mmwave_rospkg_msgs/share/ti_mmwave_rospkg_msgs/environment/path.dsv
-- Up-to-date symlink: /home/docker_user/ros2_ws_head/install/ti_mmwave_rospkg_msgs/share/ti_mmwave_rospkg_msgs/local_setup.bash
-- Up-to-date symlink: /home/docker_user/ros2_ws_head/install/ti_mmwave_rospkg_msgs/share/ti_mmwave_rospkg_msgs/local_setup.sh
-- Up-to-date symlink: /home/docker_user/ros2_ws_head/install/ti_mmwave_rospkg_msgs/share/ti_mmwave_rospkg_msgs/local_setup.zsh
-- Up-to-date symlink: /home/docker_user/ros2_ws_head/install/ti_mmwave_rospkg_msgs/share/ti_mmwave_rospkg_msgs/local_setup.dsv
-- Symlinking: /home/docker_user/ros2_ws_head/install/ti_mmwave_rospkg_msgs/share/ti_mmwave_rospkg_msgs/package.dsv
-- Up-to-date symlink: /home/docker_user/ros2_ws_head/install/ti_mmwave_rospkg_msgs/share/ament_index/resource_index/packages/ti_mmwave_rospkg_msgs
-- Up-to-date symlink: /home/docker_user/ros2_ws_head/install/ti_mmwave_rospkg_msgs/share/ti_mmwave_rospkg_msgs/cmake/rosidl_cmake-extras.cmake
-- Up-to-date symlink: /home/docker_user/ros2_ws_head/install/ti_mmwave_rospkg_msgs/share/ti_mmwave_rospkg_msgs/cmake/ament_cmake_export_dependencies-extras.cmake
-- Up-to-date symlink: /home/docker_user/ros2_ws_head/install/ti_mmwave_rospkg_msgs/share/ti_mmwave_rospkg_msgs/cmake/ament_cmake_export_include_directories-extras.cmake
-- Up-to-date symlink: /home/docker_user/ros2_ws_head/install/ti_mmwave_rospkg_msgs/share/ti_mmwave_rospkg_msgs/cmake/ament_cmake_export_libraries-extras.cmake
-- Up-to-date symlink: /home/docker_user/ros2_ws_head/install/ti_mmwave_rospkg_msgs/share/ti_mmwave_rospkg_msgs/cmake/ament_cmake_export_targets-extras.cmake
-- Up-to-date symlink: /home/docker_user/ros2_ws_head/install/ti_mmwave_rospkg_msgs/share/ti_mmwave_rospkg_msgs/cmake/rosidl_cmake_export_typesupport_targets-extras.cmake
-- Up-to-date symlink: /home/docker_user/ros2_ws_head/install/ti_mmwave_rospkg_msgs/share/ti_mmwave_rospkg_msgs/cmake/rosidl_cmake_export_typesupport_libraries-extras.cmake
-- Up-to-date symlink: /home/docker_user/ros2_ws_head/install/ti_mmwave_rospkg_msgs/share/ti_mmwave_rospkg_msgs/cmake/ti_mmwave_rospkg_msgsConfig.cmake
-- Up-to-date symlink: /home/docker_user/ros2_ws_head/install/ti_mmwave_rospkg_msgs/share/ti_mmwave_rospkg_msgs/cmake/ti_mmwave_rospkg_msgsConfig-version.cmake
-- Up-to-date symlink: /home/docker_user/ros2_ws_head/install/ti_mmwave_rospkg_msgs/share/ti_mmwave_rospkg_msgs/package.xml
-- Up-to-date: /home/docker_user/ros2_ws_head/install/ti_mmwave_rospkg_msgs/lib/libti_mmwave_rospkg_msgs__rosidl_generator_c.so
-- Up-to-date: /home/docker_user/ros2_ws_head/install/ti_mmwave_rospkg_msgs/lib/libti_mmwave_rospkg_msgs__rosidl_typesupport_fastrtps_c.so
-- Up-to-date: /home/docker_user/ros2_ws_head/install/ti_mmwave_rospkg_msgs/lib/libti_mmwave_rospkg_msgs__rosidl_typesupport_introspection_c.so
-- Up-to-date: /home/docker_user/ros2_ws_head/install/ti_mmwave_rospkg_msgs/lib/libti_mmwave_rospkg_msgs__rosidl_typesupport_c.so
-- Up-to-date: /home/docker_user/ros2_ws_head/install/ti_mmwave_rospkg_msgs/lib/libti_mmwave_rospkg_msgs__rosidl_typesupport_fastrtps_cpp.so
-- Up-to-date: /home/docker_user/ros2_ws_head/install/ti_mmwave_rospkg_msgs/lib/libti_mmwave_rospkg_msgs__rosidl_typesupport_introspection_cpp.so
-- Up-to-date: /home/docker_user/ros2_ws_head/install/ti_mmwave_rospkg_msgs/lib/libti_mmwave_rospkg_msgs__rosidl_typesupport_cpp.so
Listing '/home/docker_user/ros2_ws_head/install/ti_mmwave_rospkg_msgs/local/lib/python3.10/dist-packages/ti_mmwave_rospkg_msgs'...
Compiling '/home/docker_user/ros2_ws_head/install/ti_mmwave_rospkg_msgs/local/lib/python3.10/dist-packages/ti_mmwave_rospkg_msgs/__init__.py'...
Listing '/home/docker_user/ros2_ws_head/install/ti_mmwave_rospkg_msgs/local/lib/python3.10/dist-packages/ti_mmwave_rospkg_msgs/msg'...
Listing '/home/docker_user/ros2_ws_head/install/ti_mmwave_rospkg_msgs/local/lib/python3.10/dist-packages/ti_mmwave_rospkg_msgs/srv'...
-- Up-to-date: /home/docker_user/ros2_ws_head/install/ti_mmwave_rospkg_msgs/lib/libti_mmwave_rospkg_msgs__rosidl_generator_py.so
-- Up-to-date: /home/docker_user/ros2_ws_head/install/ti_mmwave_rospkg_msgs/share/ti_mmwave_rospkg_msgs/cmake/export_ti_mmwave_rospkg_msgs__rosidl_generator_cExport.cmake
-- Up-to-date: /home/docker_user/ros2_ws_head/install/ti_mmwave_rospkg_msgs/share/ti_mmwave_rospkg_msgs/cmake/export_ti_mmwave_rospkg_msgs__rosidl_generator_cExport-noconfig.cmake
-- Up-to-date: /home/docker_user/ros2_ws_head/install/ti_mmwave_rospkg_msgs/share/ti_mmwave_rospkg_msgs/cmake/export_ti_mmwave_rospkg_msgs__rosidl_typesupport_fastrtps_cExport.cmake
-- Up-to-date: /home/docker_user/ros2_ws_head/install/ti_mmwave_rospkg_msgs/share/ti_mmwave_rospkg_msgs/cmake/export_ti_mmwave_rospkg_msgs__rosidl_typesupport_fastrtps_cExport-noconfig.cmake
-- Up-to-date: /home/docker_user/ros2_ws_head/install/ti_mmwave_rospkg_msgs/share/ti_mmwave_rospkg_msgs/cmake/ti_mmwave_rospkg_msgs__rosidl_typesupport_introspection_cExport.cmake
-- Up-to-date: /home/docker_user/ros2_ws_head/install/ti_mmwave_rospkg_msgs/share/ti_mmwave_rospkg_msgs/cmake/ti_mmwave_rospkg_msgs__rosidl_typesupport_introspection_cExport-noconfig.cmake
-- Up-to-date: /home/docker_user/ros2_ws_head/install/ti_mmwave_rospkg_msgs/share/ti_mmwave_rospkg_msgs/cmake/ti_mmwave_rospkg_msgs__rosidl_typesupport_cExport.cmake
-- Up-to-date: /home/docker_user/ros2_ws_head/install/ti_mmwave_rospkg_msgs/share/ti_mmwave_rospkg_msgs/cmake/ti_mmwave_rospkg_msgs__rosidl_typesupport_cExport-noconfig.cmake
-- Up-to-date: /home/docker_user/ros2_ws_head/install/ti_mmwave_rospkg_msgs/share/ti_mmwave_rospkg_msgs/cmake/export_ti_mmwave_rospkg_msgs__rosidl_generator_cppExport.cmake
-- Up-to-date: /home/docker_user/ros2_ws_head/install/ti_mmwave_rospkg_msgs/share/ti_mmwave_rospkg_msgs/cmake/export_ti_mmwave_rospkg_msgs__rosidl_typesupport_fastrtps_cppExport.cmake
-- Up-to-date: /home/docker_user/ros2_ws_head/install/ti_mmwave_rospkg_msgs/share/ti_mmwave_rospkg_msgs/cmake/export_ti_mmwave_rospkg_msgs__rosidl_typesupport_fastrtps_cppExport-noconfig.cmake
-- Up-to-date: /home/docker_user/ros2_ws_head/install/ti_mmwave_rospkg_msgs/share/ti_mmwave_rospkg_msgs/cmake/ti_mmwave_rospkg_msgs__rosidl_typesupport_introspection_cppExport.cmake
-- Up-to-date: /home/docker_user/ros2_ws_head/install/ti_mmwave_rospkg_msgs/share/ti_mmwave_rospkg_msgs/cmake/ti_mmwave_rospkg_msgs__rosidl_typesupport_introspection_cppExport-noconfig.cmake
-- Up-to-date: /home/docker_user/ros2_ws_head/install/ti_mmwave_rospkg_msgs/share/ti_mmwave_rospkg_msgs/cmake/ti_mmwave_rospkg_msgs__rosidl_typesupport_cppExport.cmake
-- Up-to-date: /home/docker_user/ros2_ws_head/install/ti_mmwave_rospkg_msgs/share/ti_mmwave_rospkg_msgs/cmake/ti_mmwave_rospkg_msgs__rosidl_typesupport_cppExport-noconfig.cmake
-- Up-to-date: /home/docker_user/ros2_ws_head/install/ti_mmwave_rospkg_msgs/share/ti_mmwave_rospkg_msgs/cmake/export_ti_mmwave_rospkg_msgs__rosidl_generator_pyExport.cmake
-- Up-to-date: /home/docker_user/ros2_ws_head/install/ti_mmwave_rospkg_msgs/share/ti_mmwave_rospkg_msgs/cmake/export_ti_mmwave_rospkg_msgs__rosidl_generator_pyExport-noconfig.cmake
