[0.017s] Invoking command in '/home/docker_user/ros2_ws_head/build/ti_mmwave_rospkg_msgs': CMAKE_PREFIX_PATH=${CMAKE_PREFIX_PATH}:/home/docker_user/ros2_ws_head/install/face_tracker:/home/docker_user/ros2_ws_head/install/head_bringup:/home/docker_user/ros2_ws_head/install/actuators_bringup:/opt/ros/humble /usr/bin/cmake /home/docker_user/ros2_ws_head/src/ros2_driver/src/ti_mmwave_rospkg_msgs -DCMAKE_INSTALL_PREFIX=/home/docker_user/ros2_ws_head/install/ti_mmwave_rospkg_msgs
[0.284s] -- Found ament_cmake: 1.3.12 (/opt/ros/humble/share/ament_cmake/cmake)
[0.284s] -- Override CMake install command with custom implementation using symlinks instead of copying resources
[0.284s] -- Found rosidl_default_generators: 1.2.0 (/opt/ros/humble/share/rosidl_default_generators/cmake)
[0.284s] -- Using all available rosidl_typesupport_c: rosidl_typesupport_fastrtps_c;rosidl_typesupport_introspection_c
[0.284s] -- Found rosidl_adapter: 3.1.7 (/opt/ros/humble/share/rosidl_adapter/cmake)
[0.284s] -- Using all available rosidl_typesupport_cpp: rosidl_typesupport_fastrtps_cpp;rosidl_typesupport_introspection_cpp
[0.284s] -- Found rclcpp: 16.0.15 (/opt/ros/humble/share/rclcpp/cmake)
[0.284s] -- Found rmw_implementation_cmake: 6.1.2 (/opt/ros/humble/share/rmw_implementation_cmake/cmake)
[0.284s] -- Found rmw_cyclonedds_cpp: 1.3.4 (/opt/ros/humble/share/rmw_cyclonedds_cpp/cmake)
[0.284s] -- Using RMW implementation 'rmw_cyclonedds_cpp' as default
[0.284s] -- Found visualization_msgs: 4.9.0 (/opt/ros/humble/share/visualization_msgs/cmake)
[0.553s] -- Found ament_cmake_ros: 0.10.0 (/opt/ros/humble/share/ament_cmake_ros/cmake)
[0.771s] -- Using all available rosidl_typesupport_c: rosidl_typesupport_fastrtps_c;rosidl_typesupport_introspection_c
[1.042s] -- Using all available rosidl_typesupport_cpp: rosidl_typesupport_fastrtps_cpp;rosidl_typesupport_introspection_cpp
[1.057s] -- Found python_cmake_module: 0.10.0 (/opt/ros/humble/share/python_cmake_module/cmake)
[1.072s] -- Using PYTHON_EXECUTABLE: /usr/bin/python3
[1.072s] -- Using PYTHON_INCLUDE_DIRS: /usr/include/python3.10
[1.072s] -- Using PYTHON_LIBRARIES: /usr/lib/x86_64-linux-gnu/libpython3.10.so
[1.121s] -- Configuring done
[1.168s] -- Generating done
[1.179s] -- Build files have been written to: /home/docker_user/ros2_ws_head/build/ti_mmwave_rospkg_msgs
[1.185s] Invoked command in '/home/docker_user/ros2_ws_head/build/ti_mmwave_rospkg_msgs' returned '0': CMAKE_PREFIX_PATH=${CMAKE_PREFIX_PATH}:/home/docker_user/ros2_ws_head/install/face_tracker:/home/docker_user/ros2_ws_head/install/head_bringup:/home/docker_user/ros2_ws_head/install/actuators_bringup:/opt/ros/humble /usr/bin/cmake /home/docker_user/ros2_ws_head/src/ros2_driver/src/ti_mmwave_rospkg_msgs -DCMAKE_INSTALL_PREFIX=/home/docker_user/ros2_ws_head/install/ti_mmwave_rospkg_msgs
[1.186s] Invoking command in '/home/docker_user/ros2_ws_head/build/ti_mmwave_rospkg_msgs': CMAKE_PREFIX_PATH=${CMAKE_PREFIX_PATH}:/home/docker_user/ros2_ws_head/install/face_tracker:/home/docker_user/ros2_ws_head/install/head_bringup:/home/docker_user/ros2_ws_head/install/actuators_bringup:/opt/ros/humble /usr/bin/cmake --build /home/docker_user/ros2_ws_head/build/ti_mmwave_rospkg_msgs -- -j28 -l28
[1.228s] [35m[1mConsolidate compiler generated dependencies of target ti_mmwave_rospkg_msgs__rosidl_generator_c[0m
[1.237s] [  0%] Built target ti_mmwave_rospkg_msgs__cpp
[1.240s] [ 12%] Built target ti_mmwave_rospkg_msgs__rosidl_generator_c
[1.240s] [ 12%] Built target ament_cmake_python_symlink_ti_mmwave_rospkg_msgs
[1.249s] [35m[1mConsolidate compiler generated dependencies of target ti_mmwave_rospkg_msgs__rosidl_typesupport_fastrtps_cpp[0m
[1.249s] [35m[1mConsolidate compiler generated dependencies of target ti_mmwave_rospkg_msgs__rosidl_typesupport_introspection_cpp[0m
[1.250s] [35m[1mConsolidate compiler generated dependencies of target ti_mmwave_rospkg_msgs__rosidl_typesupport_cpp[0m
[1.251s] [35m[1mConsolidate compiler generated dependencies of target ti_mmwave_rospkg_msgs__rosidl_typesupport_c[0m
[1.252s] [35m[1mConsolidate compiler generated dependencies of target ti_mmwave_rospkg_msgs__rosidl_typesupport_introspection_c[0m
[1.254s] [35m[1mConsolidate compiler generated dependencies of target ti_mmwave_rospkg_msgs__rosidl_typesupport_fastrtps_c[0m
[1.264s] [ 24%] Built target ti_mmwave_rospkg_msgs__rosidl_typesupport_c
[1.264s] [ 36%] Built target ti_mmwave_rospkg_msgs__rosidl_typesupport_cpp
[1.264s] [ 48%] Built target ti_mmwave_rospkg_msgs__rosidl_typesupport_introspection_cpp
[1.265s] [ 59%] Built target ti_mmwave_rospkg_msgs__rosidl_typesupport_fastrtps_cpp
[1.267s] [ 71%] Built target ti_mmwave_rospkg_msgs__rosidl_typesupport_introspection_c
[1.272s] [ 83%] Built target ti_mmwave_rospkg_msgs__rosidl_typesupport_fastrtps_c
[1.289s] [ 83%] Built target ti_mmwave_rospkg_msgs
[1.305s] [ 84%] Built target ti_mmwave_rospkg_msgs__py
[1.318s] [35m[1mConsolidate compiler generated dependencies of target ti_mmwave_rospkg_msgs__rosidl_generator_py[0m
[1.335s] [ 95%] Built target ti_mmwave_rospkg_msgs__rosidl_generator_py
[1.344s] [35m[1mConsolidate compiler generated dependencies of target ti_mmwave_rospkg_msgs__rosidl_typesupport_c__pyext[0m
[1.345s] [35m[1mConsolidate compiler generated dependencies of target ti_mmwave_rospkg_msgs__rosidl_typesupport_introspection_c__pyext[0m
[1.345s] [35m[1mConsolidate compiler generated dependencies of target ti_mmwave_rospkg_msgs__rosidl_typesupport_fastrtps_c__pyext[0m
[1.354s] [ 97%] Built target ti_mmwave_rospkg_msgs__rosidl_typesupport_introspection_c__pyext
[1.354s] [ 98%] Built target ti_mmwave_rospkg_msgs__rosidl_typesupport_c__pyext
[1.357s] [100%] Built target ti_mmwave_rospkg_msgs__rosidl_typesupport_fastrtps_c__pyext
[1.362s] running egg_info
[1.362s] writing ti_mmwave_rospkg_msgs.egg-info/PKG-INFO
[1.362s] writing dependency_links to ti_mmwave_rospkg_msgs.egg-info/dependency_links.txt
[1.362s] writing top-level names to ti_mmwave_rospkg_msgs.egg-info/top_level.txt
[1.364s] reading manifest file 'ti_mmwave_rospkg_msgs.egg-info/SOURCES.txt'
[1.364s] writing manifest file 'ti_mmwave_rospkg_msgs.egg-info/SOURCES.txt'
[1.383s] [100%] Built target ament_cmake_python_build_ti_mmwave_rospkg_msgs_egg
[1.393s] Invoked command in '/home/docker_user/ros2_ws_head/build/ti_mmwave_rospkg_msgs' returned '0': CMAKE_PREFIX_PATH=${CMAKE_PREFIX_PATH}:/home/docker_user/ros2_ws_head/install/face_tracker:/home/docker_user/ros2_ws_head/install/head_bringup:/home/docker_user/ros2_ws_head/install/actuators_bringup:/opt/ros/humble /usr/bin/cmake --build /home/docker_user/ros2_ws_head/build/ti_mmwave_rospkg_msgs -- -j28 -l28
[1.394s] Invoking command in '/home/docker_user/ros2_ws_head/build/ti_mmwave_rospkg_msgs': CMAKE_PREFIX_PATH=${CMAKE_PREFIX_PATH}:/home/docker_user/ros2_ws_head/install/face_tracker:/home/docker_user/ros2_ws_head/install/head_bringup:/home/docker_user/ros2_ws_head/install/actuators_bringup:/opt/ros/humble /usr/bin/cmake --install /home/docker_user/ros2_ws_head/build/ti_mmwave_rospkg_msgs
[1.401s] -- Install configuration: ""
[1.401s] -- Execute custom install script
[1.401s] -- Up-to-date symlink: /home/docker_user/ros2_ws_head/install/ti_mmwave_rospkg_msgs/share/ament_index/resource_index/rosidl_interfaces/ti_mmwave_rospkg_msgs
[1.402s] -- Up-to-date symlink: /home/docker_user/ros2_ws_head/install/ti_mmwave_rospkg_msgs/include/ti_mmwave_rospkg_msgs/ti_mmwave_rospkg_msgs/msg/detail/radar_classifier__functions.h
[1.402s] -- Up-to-date symlink: /home/docker_user/ros2_ws_head/install/ti_mmwave_rospkg_msgs/include/ti_mmwave_rospkg_msgs/ti_mmwave_rospkg_msgs/msg/detail/radar_classifier__struct.h
[1.402s] -- Up-to-date symlink: /home/docker_user/ros2_ws_head/install/ti_mmwave_rospkg_msgs/include/ti_mmwave_rospkg_msgs/ti_mmwave_rospkg_msgs/msg/detail/radar_classifier__type_support.h
[1.402s] -- Up-to-date symlink: /home/docker_user/ros2_ws_head/install/ti_mmwave_rospkg_msgs/include/ti_mmwave_rospkg_msgs/ti_mmwave_rospkg_msgs/msg/detail/radar_micro_doppler_data_array__functions.h
[1.402s] -- Up-to-date symlink: /home/docker_user/ros2_ws_head/install/ti_mmwave_rospkg_msgs/include/ti_mmwave_rospkg_msgs/ti_mmwave_rospkg_msgs/msg/detail/radar_micro_doppler_data_array__struct.h
[1.402s] -- Up-to-date symlink: /home/docker_user/ros2_ws_head/install/ti_mmwave_rospkg_msgs/include/ti_mmwave_rospkg_msgs/ti_mmwave_rospkg_msgs/msg/detail/radar_micro_doppler_data_array__type_support.h
[1.402s] -- Up-to-date symlink: /home/docker_user/ros2_ws_head/install/ti_mmwave_rospkg_msgs/include/ti_mmwave_rospkg_msgs/ti_mmwave_rospkg_msgs/msg/detail/radar_micro_doppler_data_contents__functions.h
[1.402s] -- Up-to-date symlink: /home/docker_user/ros2_ws_head/install/ti_mmwave_rospkg_msgs/include/ti_mmwave_rospkg_msgs/ti_mmwave_rospkg_msgs/msg/detail/radar_micro_doppler_data_contents__struct.h
[1.402s] -- Up-to-date symlink: /home/docker_user/ros2_ws_head/install/ti_mmwave_rospkg_msgs/include/ti_mmwave_rospkg_msgs/ti_mmwave_rospkg_msgs/msg/detail/radar_micro_doppler_data_contents__type_support.h
[1.402s] -- Up-to-date symlink: /home/docker_user/ros2_ws_head/install/ti_mmwave_rospkg_msgs/include/ti_mmwave_rospkg_msgs/ti_mmwave_rospkg_msgs/msg/detail/radar_micro_doppler_feature_array__functions.h
[1.402s] -- Up-to-date symlink: /home/docker_user/ros2_ws_head/install/ti_mmwave_rospkg_msgs/include/ti_mmwave_rospkg_msgs/ti_mmwave_rospkg_msgs/msg/detail/radar_micro_doppler_feature_array__struct.h
[1.402s] -- Up-to-date symlink: /home/docker_user/ros2_ws_head/install/ti_mmwave_rospkg_msgs/include/ti_mmwave_rospkg_msgs/ti_mmwave_rospkg_msgs/msg/detail/radar_micro_doppler_feature_array__type_support.h
[1.402s] -- Up-to-date symlink: /home/docker_user/ros2_ws_head/install/ti_mmwave_rospkg_msgs/include/ti_mmwave_rospkg_msgs/ti_mmwave_rospkg_msgs/msg/detail/radar_micro_doppler_feature_contents__functions.h
[1.402s] -- Up-to-date symlink: /home/docker_user/ros2_ws_head/install/ti_mmwave_rospkg_msgs/include/ti_mmwave_rospkg_msgs/ti_mmwave_rospkg_msgs/msg/detail/radar_micro_doppler_feature_contents__struct.h
[1.403s] -- Up-to-date symlink: /home/docker_user/ros2_ws_head/install/ti_mmwave_rospkg_msgs/include/ti_mmwave_rospkg_msgs/ti_mmwave_rospkg_msgs/msg/detail/radar_micro_doppler_feature_contents__type_support.h
[1.403s] -- Up-to-date symlink: /home/docker_user/ros2_ws_head/install/ti_mmwave_rospkg_msgs/include/ti_mmwave_rospkg_msgs/ti_mmwave_rospkg_msgs/msg/detail/radar_occupancy__functions.h
[1.403s] -- Up-to-date symlink: /home/docker_user/ros2_ws_head/install/ti_mmwave_rospkg_msgs/include/ti_mmwave_rospkg_msgs/ti_mmwave_rospkg_msgs/msg/detail/radar_occupancy__struct.h
[1.403s] -- Up-to-date symlink: /home/docker_user/ros2_ws_head/install/ti_mmwave_rospkg_msgs/include/ti_mmwave_rospkg_msgs/ti_mmwave_rospkg_msgs/msg/detail/radar_occupancy__type_support.h
[1.403s] -- Up-to-date symlink: /home/docker_user/ros2_ws_head/install/ti_mmwave_rospkg_msgs/include/ti_mmwave_rospkg_msgs/ti_mmwave_rospkg_msgs/msg/detail/radar_point_track_id__functions.h
[1.403s] -- Up-to-date symlink: /home/docker_user/ros2_ws_head/install/ti_mmwave_rospkg_msgs/include/ti_mmwave_rospkg_msgs/ti_mmwave_rospkg_msgs/msg/detail/radar_point_track_id__struct.h
[1.403s] -- Up-to-date symlink: /home/docker_user/ros2_ws_head/install/ti_mmwave_rospkg_msgs/include/ti_mmwave_rospkg_msgs/ti_mmwave_rospkg_msgs/msg/detail/radar_point_track_id__type_support.h
[1.403s] -- Up-to-date symlink: /home/docker_user/ros2_ws_head/install/ti_mmwave_rospkg_msgs/include/ti_mmwave_rospkg_msgs/ti_mmwave_rospkg_msgs/msg/detail/radar_scan__functions.h
[1.403s] -- Up-to-date symlink: /home/docker_user/ros2_ws_head/install/ti_mmwave_rospkg_msgs/include/ti_mmwave_rospkg_msgs/ti_mmwave_rospkg_msgs/msg/detail/radar_scan__struct.h
[1.403s] -- Up-to-date symlink: /home/docker_user/ros2_ws_head/install/ti_mmwave_rospkg_msgs/include/ti_mmwave_rospkg_msgs/ti_mmwave_rospkg_msgs/msg/detail/radar_scan__type_support.h
[1.403s] -- Up-to-date symlink: /home/docker_user/ros2_ws_head/install/ti_mmwave_rospkg_msgs/include/ti_mmwave_rospkg_msgs/ti_mmwave_rospkg_msgs/msg/detail/radar_track_array__functions.h
[1.403s] -- Up-to-date symlink: /home/docker_user/ros2_ws_head/install/ti_mmwave_rospkg_msgs/include/ti_mmwave_rospkg_msgs/ti_mmwave_rospkg_msgs/msg/detail/radar_track_array__struct.h
[1.403s] -- Up-to-date symlink: /home/docker_user/ros2_ws_head/install/ti_mmwave_rospkg_msgs/include/ti_mmwave_rospkg_msgs/ti_mmwave_rospkg_msgs/msg/detail/radar_track_array__type_support.h
[1.403s] -- Up-to-date symlink: /home/docker_user/ros2_ws_head/install/ti_mmwave_rospkg_msgs/include/ti_mmwave_rospkg_msgs/ti_mmwave_rospkg_msgs/msg/detail/radar_track_contents__functions.h
[1.403s] -- Up-to-date symlink: /home/docker_user/ros2_ws_head/install/ti_mmwave_rospkg_msgs/include/ti_mmwave_rospkg_msgs/ti_mmwave_rospkg_msgs/msg/detail/radar_track_contents__struct.h
[1.403s] -- Up-to-date symlink: /home/docker_user/ros2_ws_head/install/ti_mmwave_rospkg_msgs/include/ti_mmwave_rospkg_msgs/ti_mmwave_rospkg_msgs/msg/detail/radar_track_contents__type_support.h
[1.403s] -- Up-to-date symlink: /home/docker_user/ros2_ws_head/install/ti_mmwave_rospkg_msgs/include/ti_mmwave_rospkg_msgs/ti_mmwave_rospkg_msgs/msg/radar_classifier.h
[1.403s] -- Up-to-date symlink: /home/docker_user/ros2_ws_head/install/ti_mmwave_rospkg_msgs/include/ti_mmwave_rospkg_msgs/ti_mmwave_rospkg_msgs/msg/radar_micro_doppler_data_array.h
[1.403s] -- Up-to-date symlink: /home/docker_user/ros2_ws_head/install/ti_mmwave_rospkg_msgs/include/ti_mmwave_rospkg_msgs/ti_mmwave_rospkg_msgs/msg/radar_micro_doppler_data_contents.h
[1.404s] -- Up-to-date symlink: /home/docker_user/ros2_ws_head/install/ti_mmwave_rospkg_msgs/include/ti_mmwave_rospkg_msgs/ti_mmwave_rospkg_msgs/msg/radar_micro_doppler_feature_array.h
[1.404s] -- Up-to-date symlink: /home/docker_user/ros2_ws_head/install/ti_mmwave_rospkg_msgs/include/ti_mmwave_rospkg_msgs/ti_mmwave_rospkg_msgs/msg/radar_micro_doppler_feature_contents.h
[1.404s] -- Up-to-date symlink: /home/docker_user/ros2_ws_head/install/ti_mmwave_rospkg_msgs/include/ti_mmwave_rospkg_msgs/ti_mmwave_rospkg_msgs/msg/radar_occupancy.h
[1.404s] -- Up-to-date symlink: /home/docker_user/ros2_ws_head/install/ti_mmwave_rospkg_msgs/include/ti_mmwave_rospkg_msgs/ti_mmwave_rospkg_msgs/msg/radar_point_track_id.h
[1.404s] -- Up-to-date symlink: /home/docker_user/ros2_ws_head/install/ti_mmwave_rospkg_msgs/include/ti_mmwave_rospkg_msgs/ti_mmwave_rospkg_msgs/msg/radar_scan.h
[1.404s] -- Up-to-date symlink: /home/docker_user/ros2_ws_head/install/ti_mmwave_rospkg_msgs/include/ti_mmwave_rospkg_msgs/ti_mmwave_rospkg_msgs/msg/radar_track_array.h
[1.404s] -- Up-to-date symlink: /home/docker_user/ros2_ws_head/install/ti_mmwave_rospkg_msgs/include/ti_mmwave_rospkg_msgs/ti_mmwave_rospkg_msgs/msg/radar_track_contents.h
[1.404s] -- Up-to-date symlink: /home/docker_user/ros2_ws_head/install/ti_mmwave_rospkg_msgs/include/ti_mmwave_rospkg_msgs/ti_mmwave_rospkg_msgs/msg/rosidl_generator_c__visibility_control.h
[1.404s] -- Up-to-date symlink: /home/docker_user/ros2_ws_head/install/ti_mmwave_rospkg_msgs/include/ti_mmwave_rospkg_msgs/ti_mmwave_rospkg_msgs/srv/detail/mmwave_cli__functions.h
[1.404s] -- Up-to-date symlink: /home/docker_user/ros2_ws_head/install/ti_mmwave_rospkg_msgs/include/ti_mmwave_rospkg_msgs/ti_mmwave_rospkg_msgs/srv/detail/mmwave_cli__struct.h
[1.404s] -- Up-to-date symlink: /home/docker_user/ros2_ws_head/install/ti_mmwave_rospkg_msgs/include/ti_mmwave_rospkg_msgs/ti_mmwave_rospkg_msgs/srv/detail/mmwave_cli__type_support.h
[1.404s] -- Up-to-date symlink: /home/docker_user/ros2_ws_head/install/ti_mmwave_rospkg_msgs/include/ti_mmwave_rospkg_msgs/ti_mmwave_rospkg_msgs/srv/mmwave_cli.h
[1.404s] -- Up-to-date symlink: /home/docker_user/ros2_ws_head/install/ti_mmwave_rospkg_msgs/share/ti_mmwave_rospkg_msgs/environment/library_path.sh
[1.404s] -- Up-to-date symlink: /home/docker_user/ros2_ws_head/install/ti_mmwave_rospkg_msgs/share/ti_mmwave_rospkg_msgs/environment/library_path.dsv
[1.405s] -- Up-to-date symlink: /home/docker_user/ros2_ws_head/install/ti_mmwave_rospkg_msgs/include/ti_mmwave_rospkg_msgs/ti_mmwave_rospkg_msgs/msg/detail/radar_classifier__rosidl_typesupport_fastrtps_c.h
[1.405s] -- Up-to-date symlink: /home/docker_user/ros2_ws_head/install/ti_mmwave_rospkg_msgs/include/ti_mmwave_rospkg_msgs/ti_mmwave_rospkg_msgs/msg/detail/radar_micro_doppler_data_array__rosidl_typesupport_fastrtps_c.h
[1.405s] -- Up-to-date symlink: /home/docker_user/ros2_ws_head/install/ti_mmwave_rospkg_msgs/include/ti_mmwave_rospkg_msgs/ti_mmwave_rospkg_msgs/msg/detail/radar_micro_doppler_data_contents__rosidl_typesupport_fastrtps_c.h
[1.405s] -- Up-to-date symlink: /home/docker_user/ros2_ws_head/install/ti_mmwave_rospkg_msgs/include/ti_mmwave_rospkg_msgs/ti_mmwave_rospkg_msgs/msg/detail/radar_micro_doppler_feature_array__rosidl_typesupport_fastrtps_c.h
[1.405s] -- Up-to-date symlink: /home/docker_user/ros2_ws_head/install/ti_mmwave_rospkg_msgs/include/ti_mmwave_rospkg_msgs/ti_mmwave_rospkg_msgs/msg/detail/radar_micro_doppler_feature_contents__rosidl_typesupport_fastrtps_c.h
[1.405s] -- Up-to-date symlink: /home/docker_user/ros2_ws_head/install/ti_mmwave_rospkg_msgs/include/ti_mmwave_rospkg_msgs/ti_mmwave_rospkg_msgs/msg/detail/radar_occupancy__rosidl_typesupport_fastrtps_c.h
[1.405s] -- Up-to-date symlink: /home/docker_user/ros2_ws_head/install/ti_mmwave_rospkg_msgs/include/ti_mmwave_rospkg_msgs/ti_mmwave_rospkg_msgs/msg/detail/radar_point_track_id__rosidl_typesupport_fastrtps_c.h
[1.405s] -- Up-to-date symlink: /home/docker_user/ros2_ws_head/install/ti_mmwave_rospkg_msgs/include/ti_mmwave_rospkg_msgs/ti_mmwave_rospkg_msgs/msg/detail/radar_scan__rosidl_typesupport_fastrtps_c.h
[1.405s] -- Up-to-date symlink: /home/docker_user/ros2_ws_head/install/ti_mmwave_rospkg_msgs/include/ti_mmwave_rospkg_msgs/ti_mmwave_rospkg_msgs/msg/detail/radar_track_array__rosidl_typesupport_fastrtps_c.h
[1.405s] -- Up-to-date symlink: /home/docker_user/ros2_ws_head/install/ti_mmwave_rospkg_msgs/include/ti_mmwave_rospkg_msgs/ti_mmwave_rospkg_msgs/msg/detail/radar_track_contents__rosidl_typesupport_fastrtps_c.h
[1.405s] -- Up-to-date symlink: /home/docker_user/ros2_ws_head/install/ti_mmwave_rospkg_msgs/include/ti_mmwave_rospkg_msgs/ti_mmwave_rospkg_msgs/msg/rosidl_typesupport_fastrtps_c__visibility_control.h
[1.405s] -- Up-to-date symlink: /home/docker_user/ros2_ws_head/install/ti_mmwave_rospkg_msgs/include/ti_mmwave_rospkg_msgs/ti_mmwave_rospkg_msgs/srv/detail/mmwave_cli__rosidl_typesupport_fastrtps_c.h
[1.406s] -- Up-to-date symlink: /home/docker_user/ros2_ws_head/install/ti_mmwave_rospkg_msgs/include/ti_mmwave_rospkg_msgs/ti_mmwave_rospkg_msgs/msg/detail/radar_classifier__rosidl_typesupport_introspection_c.h
[1.406s] -- Up-to-date symlink: /home/docker_user/ros2_ws_head/install/ti_mmwave_rospkg_msgs/include/ti_mmwave_rospkg_msgs/ti_mmwave_rospkg_msgs/msg/detail/radar_micro_doppler_data_array__rosidl_typesupport_introspection_c.h
[1.406s] -- Up-to-date symlink: /home/docker_user/ros2_ws_head/install/ti_mmwave_rospkg_msgs/include/ti_mmwave_rospkg_msgs/ti_mmwave_rospkg_msgs/msg/detail/radar_micro_doppler_data_contents__rosidl_typesupport_introspection_c.h
[1.406s] -- Up-to-date symlink: /home/docker_user/ros2_ws_head/install/ti_mmwave_rospkg_msgs/include/ti_mmwave_rospkg_msgs/ti_mmwave_rospkg_msgs/msg/detail/radar_micro_doppler_feature_array__rosidl_typesupport_introspection_c.h
[1.406s] -- Up-to-date symlink: /home/docker_user/ros2_ws_head/install/ti_mmwave_rospkg_msgs/include/ti_mmwave_rospkg_msgs/ti_mmwave_rospkg_msgs/msg/detail/radar_micro_doppler_feature_contents__rosidl_typesupport_introspection_c.h
[1.406s] -- Up-to-date symlink: /home/docker_user/ros2_ws_head/install/ti_mmwave_rospkg_msgs/include/ti_mmwave_rospkg_msgs/ti_mmwave_rospkg_msgs/msg/detail/radar_occupancy__rosidl_typesupport_introspection_c.h
[1.406s] -- Up-to-date symlink: /home/docker_user/ros2_ws_head/install/ti_mmwave_rospkg_msgs/include/ti_mmwave_rospkg_msgs/ti_mmwave_rospkg_msgs/msg/detail/radar_point_track_id__rosidl_typesupport_introspection_c.h
[1.406s] -- Up-to-date symlink: /home/docker_user/ros2_ws_head/install/ti_mmwave_rospkg_msgs/include/ti_mmwave_rospkg_msgs/ti_mmwave_rospkg_msgs/msg/detail/radar_scan__rosidl_typesupport_introspection_c.h
[1.406s] -- Up-to-date symlink: /home/docker_user/ros2_ws_head/install/ti_mmwave_rospkg_msgs/include/ti_mmwave_rospkg_msgs/ti_mmwave_rospkg_msgs/msg/detail/radar_track_array__rosidl_typesupport_introspection_c.h
[1.406s] -- Up-to-date symlink: /home/docker_user/ros2_ws_head/install/ti_mmwave_rospkg_msgs/include/ti_mmwave_rospkg_msgs/ti_mmwave_rospkg_msgs/msg/detail/radar_track_contents__rosidl_typesupport_introspection_c.h
[1.406s] -- Up-to-date symlink: /home/docker_user/ros2_ws_head/install/ti_mmwave_rospkg_msgs/include/ti_mmwave_rospkg_msgs/ti_mmwave_rospkg_msgs/msg/rosidl_typesupport_introspection_c__visibility_control.h
[1.406s] -- Up-to-date symlink: /home/docker_user/ros2_ws_head/install/ti_mmwave_rospkg_msgs/include/ti_mmwave_rospkg_msgs/ti_mmwave_rospkg_msgs/srv/detail/mmwave_cli__rosidl_typesupport_introspection_c.h
[1.407s] -- Up-to-date symlink: /home/docker_user/ros2_ws_head/install/ti_mmwave_rospkg_msgs/include/ti_mmwave_rospkg_msgs/ti_mmwave_rospkg_msgs/msg/detail/radar_classifier__builder.hpp
[1.407s] -- Up-to-date symlink: /home/docker_user/ros2_ws_head/install/ti_mmwave_rospkg_msgs/include/ti_mmwave_rospkg_msgs/ti_mmwave_rospkg_msgs/msg/detail/radar_classifier__struct.hpp
[1.407s] -- Up-to-date symlink: /home/docker_user/ros2_ws_head/install/ti_mmwave_rospkg_msgs/include/ti_mmwave_rospkg_msgs/ti_mmwave_rospkg_msgs/msg/detail/radar_classifier__traits.hpp
[1.407s] -- Up-to-date symlink: /home/docker_user/ros2_ws_head/install/ti_mmwave_rospkg_msgs/include/ti_mmwave_rospkg_msgs/ti_mmwave_rospkg_msgs/msg/detail/radar_classifier__type_support.hpp
[1.407s] -- Up-to-date symlink: /home/docker_user/ros2_ws_head/install/ti_mmwave_rospkg_msgs/include/ti_mmwave_rospkg_msgs/ti_mmwave_rospkg_msgs/msg/detail/radar_micro_doppler_data_array__builder.hpp
[1.407s] -- Up-to-date symlink: /home/docker_user/ros2_ws_head/install/ti_mmwave_rospkg_msgs/include/ti_mmwave_rospkg_msgs/ti_mmwave_rospkg_msgs/msg/detail/radar_micro_doppler_data_array__struct.hpp
[1.407s] -- Up-to-date symlink: /home/docker_user/ros2_ws_head/install/ti_mmwave_rospkg_msgs/include/ti_mmwave_rospkg_msgs/ti_mmwave_rospkg_msgs/msg/detail/radar_micro_doppler_data_array__traits.hpp
[1.407s] -- Up-to-date symlink: /home/docker_user/ros2_ws_head/install/ti_mmwave_rospkg_msgs/include/ti_mmwave_rospkg_msgs/ti_mmwave_rospkg_msgs/msg/detail/radar_micro_doppler_data_array__type_support.hpp
[1.407s] -- Up-to-date symlink: /home/docker_user/ros2_ws_head/install/ti_mmwave_rospkg_msgs/include/ti_mmwave_rospkg_msgs/ti_mmwave_rospkg_msgs/msg/detail/radar_micro_doppler_data_contents__builder.hpp
[1.407s] -- Up-to-date symlink: /home/docker_user/ros2_ws_head/install/ti_mmwave_rospkg_msgs/include/ti_mmwave_rospkg_msgs/ti_mmwave_rospkg_msgs/msg/detail/radar_micro_doppler_data_contents__struct.hpp
[1.407s] -- Up-to-date symlink: /home/docker_user/ros2_ws_head/install/ti_mmwave_rospkg_msgs/include/ti_mmwave_rospkg_msgs/ti_mmwave_rospkg_msgs/msg/detail/radar_micro_doppler_data_contents__traits.hpp
[1.407s] -- Up-to-date symlink: /home/docker_user/ros2_ws_head/install/ti_mmwave_rospkg_msgs/include/ti_mmwave_rospkg_msgs/ti_mmwave_rospkg_msgs/msg/detail/radar_micro_doppler_data_contents__type_support.hpp
[1.408s] -- Up-to-date symlink: /home/docker_user/ros2_ws_head/install/ti_mmwave_rospkg_msgs/include/ti_mmwave_rospkg_msgs/ti_mmwave_rospkg_msgs/msg/detail/radar_micro_doppler_feature_array__builder.hpp
[1.408s] -- Up-to-date symlink: /home/docker_user/ros2_ws_head/install/ti_mmwave_rospkg_msgs/include/ti_mmwave_rospkg_msgs/ti_mmwave_rospkg_msgs/msg/detail/radar_micro_doppler_feature_array__struct.hpp
[1.408s] -- Up-to-date symlink: /home/docker_user/ros2_ws_head/install/ti_mmwave_rospkg_msgs/include/ti_mmwave_rospkg_msgs/ti_mmwave_rospkg_msgs/msg/detail/radar_micro_doppler_feature_array__traits.hpp
[1.408s] -- Up-to-date symlink: /home/docker_user/ros2_ws_head/install/ti_mmwave_rospkg_msgs/include/ti_mmwave_rospkg_msgs/ti_mmwave_rospkg_msgs/msg/detail/radar_micro_doppler_feature_array__type_support.hpp
[1.408s] -- Up-to-date symlink: /home/docker_user/ros2_ws_head/install/ti_mmwave_rospkg_msgs/include/ti_mmwave_rospkg_msgs/ti_mmwave_rospkg_msgs/msg/detail/radar_micro_doppler_feature_contents__builder.hpp
[1.408s] -- Up-to-date symlink: /home/docker_user/ros2_ws_head/install/ti_mmwave_rospkg_msgs/include/ti_mmwave_rospkg_msgs/ti_mmwave_rospkg_msgs/msg/detail/radar_micro_doppler_feature_contents__struct.hpp
[1.408s] -- Up-to-date symlink: /home/docker_user/ros2_ws_head/install/ti_mmwave_rospkg_msgs/include/ti_mmwave_rospkg_msgs/ti_mmwave_rospkg_msgs/msg/detail/radar_micro_doppler_feature_contents__traits.hpp
[1.408s] -- Up-to-date symlink: /home/docker_user/ros2_ws_head/install/ti_mmwave_rospkg_msgs/include/ti_mmwave_rospkg_msgs/ti_mmwave_rospkg_msgs/msg/detail/radar_micro_doppler_feature_contents__type_support.hpp
[1.408s] -- Up-to-date symlink: /home/docker_user/ros2_ws_head/install/ti_mmwave_rospkg_msgs/include/ti_mmwave_rospkg_msgs/ti_mmwave_rospkg_msgs/msg/detail/radar_occupancy__builder.hpp
[1.408s] -- Up-to-date symlink: /home/docker_user/ros2_ws_head/install/ti_mmwave_rospkg_msgs/include/ti_mmwave_rospkg_msgs/ti_mmwave_rospkg_msgs/msg/detail/radar_occupancy__struct.hpp
[1.408s] -- Up-to-date symlink: /home/docker_user/ros2_ws_head/install/ti_mmwave_rospkg_msgs/include/ti_mmwave_rospkg_msgs/ti_mmwave_rospkg_msgs/msg/detail/radar_occupancy__traits.hpp
[1.408s] -- Up-to-date symlink: /home/docker_user/ros2_ws_head/install/ti_mmwave_rospkg_msgs/include/ti_mmwave_rospkg_msgs/ti_mmwave_rospkg_msgs/msg/detail/radar_occupancy__type_support.hpp
[1.408s] -- Up-to-date symlink: /home/docker_user/ros2_ws_head/install/ti_mmwave_rospkg_msgs/include/ti_mmwave_rospkg_msgs/ti_mmwave_rospkg_msgs/msg/detail/radar_point_track_id__builder.hpp
[1.408s] -- Up-to-date symlink: /home/docker_user/ros2_ws_head/install/ti_mmwave_rospkg_msgs/include/ti_mmwave_rospkg_msgs/ti_mmwave_rospkg_msgs/msg/detail/radar_point_track_id__struct.hpp
[1.408s] -- Up-to-date symlink: /home/docker_user/ros2_ws_head/install/ti_mmwave_rospkg_msgs/include/ti_mmwave_rospkg_msgs/ti_mmwave_rospkg_msgs/msg/detail/radar_point_track_id__traits.hpp
[1.408s] -- Up-to-date symlink: /home/docker_user/ros2_ws_head/install/ti_mmwave_rospkg_msgs/include/ti_mmwave_rospkg_msgs/ti_mmwave_rospkg_msgs/msg/detail/radar_point_track_id__type_support.hpp
[1.408s] -- Up-to-date symlink: /home/docker_user/ros2_ws_head/install/ti_mmwave_rospkg_msgs/include/ti_mmwave_rospkg_msgs/ti_mmwave_rospkg_msgs/msg/detail/radar_scan__builder.hpp
[1.408s] -- Up-to-date symlink: /home/docker_user/ros2_ws_head/install/ti_mmwave_rospkg_msgs/include/ti_mmwave_rospkg_msgs/ti_mmwave_rospkg_msgs/msg/detail/radar_scan__struct.hpp
[1.408s] -- Up-to-date symlink: /home/docker_user/ros2_ws_head/install/ti_mmwave_rospkg_msgs/include/ti_mmwave_rospkg_msgs/ti_mmwave_rospkg_msgs/msg/detail/radar_scan__traits.hpp
[1.409s] -- Up-to-date symlink: /home/docker_user/ros2_ws_head/install/ti_mmwave_rospkg_msgs/include/ti_mmwave_rospkg_msgs/ti_mmwave_rospkg_msgs/msg/detail/radar_scan__type_support.hpp
[1.409s] -- Up-to-date symlink: /home/docker_user/ros2_ws_head/install/ti_mmwave_rospkg_msgs/include/ti_mmwave_rospkg_msgs/ti_mmwave_rospkg_msgs/msg/detail/radar_track_array__builder.hpp
[1.409s] -- Up-to-date symlink: /home/docker_user/ros2_ws_head/install/ti_mmwave_rospkg_msgs/include/ti_mmwave_rospkg_msgs/ti_mmwave_rospkg_msgs/msg/detail/radar_track_array__struct.hpp
[1.409s] -- Up-to-date symlink: /home/docker_user/ros2_ws_head/install/ti_mmwave_rospkg_msgs/include/ti_mmwave_rospkg_msgs/ti_mmwave_rospkg_msgs/msg/detail/radar_track_array__traits.hpp
[1.409s] -- Up-to-date symlink: /home/docker_user/ros2_ws_head/install/ti_mmwave_rospkg_msgs/include/ti_mmwave_rospkg_msgs/ti_mmwave_rospkg_msgs/msg/detail/radar_track_array__type_support.hpp
[1.409s] -- Up-to-date symlink: /home/docker_user/ros2_ws_head/install/ti_mmwave_rospkg_msgs/include/ti_mmwave_rospkg_msgs/ti_mmwave_rospkg_msgs/msg/detail/radar_track_contents__builder.hpp
[1.409s] -- Up-to-date symlink: /home/docker_user/ros2_ws_head/install/ti_mmwave_rospkg_msgs/include/ti_mmwave_rospkg_msgs/ti_mmwave_rospkg_msgs/msg/detail/radar_track_contents__struct.hpp
[1.409s] -- Up-to-date symlink: /home/docker_user/ros2_ws_head/install/ti_mmwave_rospkg_msgs/include/ti_mmwave_rospkg_msgs/ti_mmwave_rospkg_msgs/msg/detail/radar_track_contents__traits.hpp
[1.409s] -- Up-to-date symlink: /home/docker_user/ros2_ws_head/install/ti_mmwave_rospkg_msgs/include/ti_mmwave_rospkg_msgs/ti_mmwave_rospkg_msgs/msg/detail/radar_track_contents__type_support.hpp
[1.409s] -- Up-to-date symlink: /home/docker_user/ros2_ws_head/install/ti_mmwave_rospkg_msgs/include/ti_mmwave_rospkg_msgs/ti_mmwave_rospkg_msgs/msg/radar_classifier.hpp
[1.409s] -- Up-to-date symlink: /home/docker_user/ros2_ws_head/install/ti_mmwave_rospkg_msgs/include/ti_mmwave_rospkg_msgs/ti_mmwave_rospkg_msgs/msg/radar_micro_doppler_data_array.hpp
[1.409s] -- Up-to-date symlink: /home/docker_user/ros2_ws_head/install/ti_mmwave_rospkg_msgs/include/ti_mmwave_rospkg_msgs/ti_mmwave_rospkg_msgs/msg/radar_micro_doppler_data_contents.hpp
[1.409s] -- Up-to-date symlink: /home/docker_user/ros2_ws_head/install/ti_mmwave_rospkg_msgs/include/ti_mmwave_rospkg_msgs/ti_mmwave_rospkg_msgs/msg/radar_micro_doppler_feature_array.hpp
[1.409s] -- Up-to-date symlink: /home/docker_user/ros2_ws_head/install/ti_mmwave_rospkg_msgs/include/ti_mmwave_rospkg_msgs/ti_mmwave_rospkg_msgs/msg/radar_micro_doppler_feature_contents.hpp
[1.409s] -- Up-to-date symlink: /home/docker_user/ros2_ws_head/install/ti_mmwave_rospkg_msgs/include/ti_mmwave_rospkg_msgs/ti_mmwave_rospkg_msgs/msg/radar_occupancy.hpp
[1.409s] -- Up-to-date symlink: /home/docker_user/ros2_ws_head/install/ti_mmwave_rospkg_msgs/include/ti_mmwave_rospkg_msgs/ti_mmwave_rospkg_msgs/msg/radar_point_track_id.hpp
[1.409s] -- Up-to-date symlink: /home/docker_user/ros2_ws_head/install/ti_mmwave_rospkg_msgs/include/ti_mmwave_rospkg_msgs/ti_mmwave_rospkg_msgs/msg/radar_scan.hpp
[1.409s] -- Up-to-date symlink: /home/docker_user/ros2_ws_head/install/ti_mmwave_rospkg_msgs/include/ti_mmwave_rospkg_msgs/ti_mmwave_rospkg_msgs/msg/radar_track_array.hpp
[1.409s] -- Up-to-date symlink: /home/docker_user/ros2_ws_head/install/ti_mmwave_rospkg_msgs/include/ti_mmwave_rospkg_msgs/ti_mmwave_rospkg_msgs/msg/radar_track_contents.hpp
[1.409s] -- Up-to-date symlink: /home/docker_user/ros2_ws_head/install/ti_mmwave_rospkg_msgs/include/ti_mmwave_rospkg_msgs/ti_mmwave_rospkg_msgs/msg/rosidl_generator_cpp__visibility_control.hpp
[1.410s] -- Up-to-date symlink: /home/docker_user/ros2_ws_head/install/ti_mmwave_rospkg_msgs/include/ti_mmwave_rospkg_msgs/ti_mmwave_rospkg_msgs/srv/detail/mmwave_cli__builder.hpp
[1.410s] -- Up-to-date symlink: /home/docker_user/ros2_ws_head/install/ti_mmwave_rospkg_msgs/include/ti_mmwave_rospkg_msgs/ti_mmwave_rospkg_msgs/srv/detail/mmwave_cli__struct.hpp
[1.410s] -- Up-to-date symlink: /home/docker_user/ros2_ws_head/install/ti_mmwave_rospkg_msgs/include/ti_mmwave_rospkg_msgs/ti_mmwave_rospkg_msgs/srv/detail/mmwave_cli__traits.hpp
[1.410s] -- Up-to-date symlink: /home/docker_user/ros2_ws_head/install/ti_mmwave_rospkg_msgs/include/ti_mmwave_rospkg_msgs/ti_mmwave_rospkg_msgs/srv/detail/mmwave_cli__type_support.hpp
[1.410s] -- Up-to-date symlink: /home/docker_user/ros2_ws_head/install/ti_mmwave_rospkg_msgs/include/ti_mmwave_rospkg_msgs/ti_mmwave_rospkg_msgs/srv/mmwave_cli.hpp
[1.410s] -- Up-to-date symlink: /home/docker_user/ros2_ws_head/install/ti_mmwave_rospkg_msgs/include/ti_mmwave_rospkg_msgs/ti_mmwave_rospkg_msgs/msg/detail/radar_classifier__rosidl_typesupport_fastrtps_cpp.hpp
[1.410s] -- Up-to-date symlink: /home/docker_user/ros2_ws_head/install/ti_mmwave_rospkg_msgs/include/ti_mmwave_rospkg_msgs/ti_mmwave_rospkg_msgs/msg/detail/radar_micro_doppler_data_array__rosidl_typesupport_fastrtps_cpp.hpp
[1.410s] -- Up-to-date symlink: /home/docker_user/ros2_ws_head/install/ti_mmwave_rospkg_msgs/include/ti_mmwave_rospkg_msgs/ti_mmwave_rospkg_msgs/msg/detail/radar_micro_doppler_data_contents__rosidl_typesupport_fastrtps_cpp.hpp
[1.410s] -- Up-to-date symlink: /home/docker_user/ros2_ws_head/install/ti_mmwave_rospkg_msgs/include/ti_mmwave_rospkg_msgs/ti_mmwave_rospkg_msgs/msg/detail/radar_micro_doppler_feature_array__rosidl_typesupport_fastrtps_cpp.hpp
[1.410s] -- Up-to-date symlink: /home/docker_user/ros2_ws_head/install/ti_mmwave_rospkg_msgs/include/ti_mmwave_rospkg_msgs/ti_mmwave_rospkg_msgs/msg/detail/radar_micro_doppler_feature_contents__rosidl_typesupport_fastrtps_cpp.hpp
[1.410s] -- Up-to-date symlink: /home/docker_user/ros2_ws_head/install/ti_mmwave_rospkg_msgs/include/ti_mmwave_rospkg_msgs/ti_mmwave_rospkg_msgs/msg/detail/radar_occupancy__rosidl_typesupport_fastrtps_cpp.hpp
[1.411s] -- Up-to-date symlink: /home/docker_user/ros2_ws_head/install/ti_mmwave_rospkg_msgs/include/ti_mmwave_rospkg_msgs/ti_mmwave_rospkg_msgs/msg/detail/radar_point_track_id__rosidl_typesupport_fastrtps_cpp.hpp
[1.411s] -- Up-to-date symlink: /home/docker_user/ros2_ws_head/install/ti_mmwave_rospkg_msgs/include/ti_mmwave_rospkg_msgs/ti_mmwave_rospkg_msgs/msg/detail/radar_scan__rosidl_typesupport_fastrtps_cpp.hpp
[1.411s] -- Up-to-date symlink: /home/docker_user/ros2_ws_head/install/ti_mmwave_rospkg_msgs/include/ti_mmwave_rospkg_msgs/ti_mmwave_rospkg_msgs/msg/detail/radar_track_array__rosidl_typesupport_fastrtps_cpp.hpp
[1.411s] -- Up-to-date symlink: /home/docker_user/ros2_ws_head/install/ti_mmwave_rospkg_msgs/include/ti_mmwave_rospkg_msgs/ti_mmwave_rospkg_msgs/msg/detail/radar_track_contents__rosidl_typesupport_fastrtps_cpp.hpp
[1.411s] -- Up-to-date symlink: /home/docker_user/ros2_ws_head/install/ti_mmwave_rospkg_msgs/include/ti_mmwave_rospkg_msgs/ti_mmwave_rospkg_msgs/msg/rosidl_typesupport_fastrtps_cpp__visibility_control.h
[1.411s] -- Up-to-date symlink: /home/docker_user/ros2_ws_head/install/ti_mmwave_rospkg_msgs/include/ti_mmwave_rospkg_msgs/ti_mmwave_rospkg_msgs/srv/detail/mmwave_cli__rosidl_typesupport_fastrtps_cpp.hpp
[1.411s] -- Up-to-date symlink: /home/docker_user/ros2_ws_head/install/ti_mmwave_rospkg_msgs/include/ti_mmwave_rospkg_msgs/ti_mmwave_rospkg_msgs/msg/detail/radar_classifier__rosidl_typesupport_introspection_cpp.hpp
[1.411s] -- Up-to-date symlink: /home/docker_user/ros2_ws_head/install/ti_mmwave_rospkg_msgs/include/ti_mmwave_rospkg_msgs/ti_mmwave_rospkg_msgs/msg/detail/radar_micro_doppler_data_array__rosidl_typesupport_introspection_cpp.hpp
[1.411s] -- Up-to-date symlink: /home/docker_user/ros2_ws_head/install/ti_mmwave_rospkg_msgs/include/ti_mmwave_rospkg_msgs/ti_mmwave_rospkg_msgs/msg/detail/radar_micro_doppler_data_contents__rosidl_typesupport_introspection_cpp.hpp
[1.411s] -- Up-to-date symlink: /home/docker_user/ros2_ws_head/install/ti_mmwave_rospkg_msgs/include/ti_mmwave_rospkg_msgs/ti_mmwave_rospkg_msgs/msg/detail/radar_micro_doppler_feature_array__rosidl_typesupport_introspection_cpp.hpp
[1.411s] -- Up-to-date symlink: /home/docker_user/ros2_ws_head/install/ti_mmwave_rospkg_msgs/include/ti_mmwave_rospkg_msgs/ti_mmwave_rospkg_msgs/msg/detail/radar_micro_doppler_feature_contents__rosidl_typesupport_introspection_cpp.hpp
[1.411s] -- Up-to-date symlink: /home/docker_user/ros2_ws_head/install/ti_mmwave_rospkg_msgs/include/ti_mmwave_rospkg_msgs/ti_mmwave_rospkg_msgs/msg/detail/radar_occupancy__rosidl_typesupport_introspection_cpp.hpp
[1.411s] -- Up-to-date symlink: /home/docker_user/ros2_ws_head/install/ti_mmwave_rospkg_msgs/include/ti_mmwave_rospkg_msgs/ti_mmwave_rospkg_msgs/msg/detail/radar_point_track_id__rosidl_typesupport_introspection_cpp.hpp
[1.411s] -- Up-to-date symlink: /home/docker_user/ros2_ws_head/install/ti_mmwave_rospkg_msgs/include/ti_mmwave_rospkg_msgs/ti_mmwave_rospkg_msgs/msg/detail/radar_scan__rosidl_typesupport_introspection_cpp.hpp
[1.412s] -- Up-to-date symlink: /home/docker_user/ros2_ws_head/install/ti_mmwave_rospkg_msgs/include/ti_mmwave_rospkg_msgs/ti_mmwave_rospkg_msgs/msg/detail/radar_track_array__rosidl_typesupport_introspection_cpp.hpp
[1.412s] -- Up-to-date symlink: /home/docker_user/ros2_ws_head/install/ti_mmwave_rospkg_msgs/include/ti_mmwave_rospkg_msgs/ti_mmwave_rospkg_msgs/msg/detail/radar_track_contents__rosidl_typesupport_introspection_cpp.hpp
[1.412s] -- Up-to-date symlink: /home/docker_user/ros2_ws_head/install/ti_mmwave_rospkg_msgs/include/ti_mmwave_rospkg_msgs/ti_mmwave_rospkg_msgs/srv/detail/mmwave_cli__rosidl_typesupport_introspection_cpp.hpp
[1.412s] -- Up-to-date symlink: /home/docker_user/ros2_ws_head/install/ti_mmwave_rospkg_msgs/share/ti_mmwave_rospkg_msgs/environment/pythonpath.sh
[1.412s] -- Up-to-date symlink: /home/docker_user/ros2_ws_head/install/ti_mmwave_rospkg_msgs/share/ti_mmwave_rospkg_msgs/environment/pythonpath.dsv
[1.412s] -- Up-to-date symlink: /home/docker_user/ros2_ws_head/install/ti_mmwave_rospkg_msgs/local/lib/python3.10/dist-packages/ti_mmwave_rospkg_msgs-1.0.0-py3.10.egg-info/PKG-INFO
[1.412s] -- Up-to-date symlink: /home/docker_user/ros2_ws_head/install/ti_mmwave_rospkg_msgs/local/lib/python3.10/dist-packages/ti_mmwave_rospkg_msgs-1.0.0-py3.10.egg-info/SOURCES.txt
[1.412s] -- Up-to-date symlink: /home/docker_user/ros2_ws_head/install/ti_mmwave_rospkg_msgs/local/lib/python3.10/dist-packages/ti_mmwave_rospkg_msgs-1.0.0-py3.10.egg-info/dependency_links.txt
[1.412s] -- Up-to-date symlink: /home/docker_user/ros2_ws_head/install/ti_mmwave_rospkg_msgs/local/lib/python3.10/dist-packages/ti_mmwave_rospkg_msgs-1.0.0-py3.10.egg-info/top_level.txt
[1.413s] -- Up-to-date symlink: /home/docker_user/ros2_ws_head/install/ti_mmwave_rospkg_msgs/local/lib/python3.10/dist-packages/ti_mmwave_rospkg_msgs/__init__.py
[1.413s] -- Up-to-date symlink: /home/docker_user/ros2_ws_head/install/ti_mmwave_rospkg_msgs/local/lib/python3.10/dist-packages/ti_mmwave_rospkg_msgs/_ti_mmwave_rospkg_msgs_s.ep.rosidl_typesupport_c.c
[1.413s] -- Up-to-date symlink: /home/docker_user/ros2_ws_head/install/ti_mmwave_rospkg_msgs/local/lib/python3.10/dist-packages/ti_mmwave_rospkg_msgs/_ti_mmwave_rospkg_msgs_s.ep.rosidl_typesupport_fastrtps_c.c
[1.413s] -- Up-to-date symlink: /home/docker_user/ros2_ws_head/install/ti_mmwave_rospkg_msgs/local/lib/python3.10/dist-packages/ti_mmwave_rospkg_msgs/_ti_mmwave_rospkg_msgs_s.ep.rosidl_typesupport_introspection_c.c
[1.413s] -- Up-to-date symlink: /home/docker_user/ros2_ws_head/install/ti_mmwave_rospkg_msgs/local/lib/python3.10/dist-packages/ti_mmwave_rospkg_msgs/libti_mmwave_rospkg_msgs__rosidl_generator_py.so
[1.413s] -- Up-to-date symlink: /home/docker_user/ros2_ws_head/install/ti_mmwave_rospkg_msgs/local/lib/python3.10/dist-packages/ti_mmwave_rospkg_msgs/msg/__init__.py
[1.413s] -- Up-to-date symlink: /home/docker_user/ros2_ws_head/install/ti_mmwave_rospkg_msgs/local/lib/python3.10/dist-packages/ti_mmwave_rospkg_msgs/msg/_radar_classifier.py
[1.413s] -- Up-to-date symlink: /home/docker_user/ros2_ws_head/install/ti_mmwave_rospkg_msgs/local/lib/python3.10/dist-packages/ti_mmwave_rospkg_msgs/msg/_radar_classifier_s.c
[1.413s] -- Up-to-date symlink: /home/docker_user/ros2_ws_head/install/ti_mmwave_rospkg_msgs/local/lib/python3.10/dist-packages/ti_mmwave_rospkg_msgs/msg/_radar_micro_doppler_data_array.py
[1.413s] -- Up-to-date symlink: /home/docker_user/ros2_ws_head/install/ti_mmwave_rospkg_msgs/local/lib/python3.10/dist-packages/ti_mmwave_rospkg_msgs/msg/_radar_micro_doppler_data_array_s.c
[1.413s] -- Up-to-date symlink: /home/docker_user/ros2_ws_head/install/ti_mmwave_rospkg_msgs/local/lib/python3.10/dist-packages/ti_mmwave_rospkg_msgs/msg/_radar_micro_doppler_data_contents.py
[1.413s] -- Up-to-date symlink: /home/docker_user/ros2_ws_head/install/ti_mmwave_rospkg_msgs/local/lib/python3.10/dist-packages/ti_mmwave_rospkg_msgs/msg/_radar_micro_doppler_data_contents_s.c
[1.413s] -- Up-to-date symlink: /home/docker_user/ros2_ws_head/install/ti_mmwave_rospkg_msgs/local/lib/python3.10/dist-packages/ti_mmwave_rospkg_msgs/msg/_radar_micro_doppler_feature_array.py
[1.413s] -- Up-to-date symlink: /home/docker_user/ros2_ws_head/install/ti_mmwave_rospkg_msgs/local/lib/python3.10/dist-packages/ti_mmwave_rospkg_msgs/msg/_radar_micro_doppler_feature_array_s.c
[1.413s] -- Up-to-date symlink: /home/docker_user/ros2_ws_head/install/ti_mmwave_rospkg_msgs/local/lib/python3.10/dist-packages/ti_mmwave_rospkg_msgs/msg/_radar_micro_doppler_feature_contents.py
[1.413s] -- Up-to-date symlink: /home/docker_user/ros2_ws_head/install/ti_mmwave_rospkg_msgs/local/lib/python3.10/dist-packages/ti_mmwave_rospkg_msgs/msg/_radar_micro_doppler_feature_contents_s.c
[1.414s] -- Up-to-date symlink: /home/docker_user/ros2_ws_head/install/ti_mmwave_rospkg_msgs/local/lib/python3.10/dist-packages/ti_mmwave_rospkg_msgs/msg/_radar_occupancy.py
[1.414s] -- Up-to-date symlink: /home/docker_user/ros2_ws_head/install/ti_mmwave_rospkg_msgs/local/lib/python3.10/dist-packages/ti_mmwave_rospkg_msgs/msg/_radar_occupancy_s.c
[1.414s] -- Up-to-date symlink: /home/docker_user/ros2_ws_head/install/ti_mmwave_rospkg_msgs/local/lib/python3.10/dist-packages/ti_mmwave_rospkg_msgs/msg/_radar_point_track_id.py
[1.414s] -- Up-to-date symlink: /home/docker_user/ros2_ws_head/install/ti_mmwave_rospkg_msgs/local/lib/python3.10/dist-packages/ti_mmwave_rospkg_msgs/msg/_radar_point_track_id_s.c
[1.414s] -- Up-to-date symlink: /home/docker_user/ros2_ws_head/install/ti_mmwave_rospkg_msgs/local/lib/python3.10/dist-packages/ti_mmwave_rospkg_msgs/msg/_radar_scan.py
[1.414s] -- Up-to-date symlink: /home/docker_user/ros2_ws_head/install/ti_mmwave_rospkg_msgs/local/lib/python3.10/dist-packages/ti_mmwave_rospkg_msgs/msg/_radar_scan_s.c
[1.414s] -- Up-to-date symlink: /home/docker_user/ros2_ws_head/install/ti_mmwave_rospkg_msgs/local/lib/python3.10/dist-packages/ti_mmwave_rospkg_msgs/msg/_radar_track_array.py
[1.414s] -- Up-to-date symlink: /home/docker_user/ros2_ws_head/install/ti_mmwave_rospkg_msgs/local/lib/python3.10/dist-packages/ti_mmwave_rospkg_msgs/msg/_radar_track_array_s.c
[1.414s] -- Up-to-date symlink: /home/docker_user/ros2_ws_head/install/ti_mmwave_rospkg_msgs/local/lib/python3.10/dist-packages/ti_mmwave_rospkg_msgs/msg/_radar_track_contents.py
[1.414s] -- Up-to-date symlink: /home/docker_user/ros2_ws_head/install/ti_mmwave_rospkg_msgs/local/lib/python3.10/dist-packages/ti_mmwave_rospkg_msgs/msg/_radar_track_contents_s.c
[1.414s] -- Up-to-date symlink: /home/docker_user/ros2_ws_head/install/ti_mmwave_rospkg_msgs/local/lib/python3.10/dist-packages/ti_mmwave_rospkg_msgs/srv/__init__.py
[1.414s] -- Up-to-date symlink: /home/docker_user/ros2_ws_head/install/ti_mmwave_rospkg_msgs/local/lib/python3.10/dist-packages/ti_mmwave_rospkg_msgs/srv/_mmwave_cli.py
[1.414s] -- Up-to-date symlink: /home/docker_user/ros2_ws_head/install/ti_mmwave_rospkg_msgs/local/lib/python3.10/dist-packages/ti_mmwave_rospkg_msgs/srv/_mmwave_cli_s.c
[1.414s] -- Up-to-date symlink: /home/docker_user/ros2_ws_head/install/ti_mmwave_rospkg_msgs/local/lib/python3.10/dist-packages/ti_mmwave_rospkg_msgs/ti_mmwave_rospkg_msgs_s__rosidl_typesupport_c.cpython-310-x86_64-linux-gnu.so
[1.414s] -- Up-to-date symlink: /home/docker_user/ros2_ws_head/install/ti_mmwave_rospkg_msgs/local/lib/python3.10/dist-packages/ti_mmwave_rospkg_msgs/ti_mmwave_rospkg_msgs_s__rosidl_typesupport_fastrtps_c.cpython-310-x86_64-linux-gnu.so
[1.414s] -- Up-to-date symlink: /home/docker_user/ros2_ws_head/install/ti_mmwave_rospkg_msgs/local/lib/python3.10/dist-packages/ti_mmwave_rospkg_msgs/ti_mmwave_rospkg_msgs_s__rosidl_typesupport_introspection_c.cpython-310-x86_64-linux-gnu.so
[1.414s] -- Up-to-date symlink: /home/docker_user/ros2_ws_head/install/ti_mmwave_rospkg_msgs/local/lib/python3.10/dist-packages/ti_mmwave_rospkg_msgs/ti_mmwave_rospkg_msgs_s__rosidl_typesupport_fastrtps_c.cpython-310-x86_64-linux-gnu.so
[1.415s] -- Up-to-date symlink: /home/docker_user/ros2_ws_head/install/ti_mmwave_rospkg_msgs/local/lib/python3.10/dist-packages/ti_mmwave_rospkg_msgs/ti_mmwave_rospkg_msgs_s__rosidl_typesupport_introspection_c.cpython-310-x86_64-linux-gnu.so
[1.415s] -- Up-to-date symlink: /home/docker_user/ros2_ws_head/install/ti_mmwave_rospkg_msgs/local/lib/python3.10/dist-packages/ti_mmwave_rospkg_msgs/ti_mmwave_rospkg_msgs_s__rosidl_typesupport_c.cpython-310-x86_64-linux-gnu.so
[1.415s] -- Up-to-date symlink: /home/docker_user/ros2_ws_head/install/ti_mmwave_rospkg_msgs/share/ti_mmwave_rospkg_msgs/msg/RadarScan.idl
[1.415s] -- Up-to-date symlink: /home/docker_user/ros2_ws_head/install/ti_mmwave_rospkg_msgs/share/ti_mmwave_rospkg_msgs/msg/RadarOccupancy.idl
[1.415s] -- Up-to-date symlink: /home/docker_user/ros2_ws_head/install/ti_mmwave_rospkg_msgs/share/ti_mmwave_rospkg_msgs/msg/RadarClassifier.idl
[1.415s] -- Up-to-date symlink: /home/docker_user/ros2_ws_head/install/ti_mmwave_rospkg_msgs/share/ti_mmwave_rospkg_msgs/msg/RadarTrackArray.idl
[1.415s] -- Up-to-date symlink: /home/docker_user/ros2_ws_head/install/ti_mmwave_rospkg_msgs/share/ti_mmwave_rospkg_msgs/msg/RadarTrackContents.idl
[1.415s] -- Up-to-date symlink: /home/docker_user/ros2_ws_head/install/ti_mmwave_rospkg_msgs/share/ti_mmwave_rospkg_msgs/msg/RadarPointTrackID.idl
[1.415s] -- Up-to-date symlink: /home/docker_user/ros2_ws_head/install/ti_mmwave_rospkg_msgs/share/ti_mmwave_rospkg_msgs/msg/RadarMicroDopplerDataArray.idl
[1.415s] -- Up-to-date symlink: /home/docker_user/ros2_ws_head/install/ti_mmwave_rospkg_msgs/share/ti_mmwave_rospkg_msgs/msg/RadarMicroDopplerDataContents.idl
[1.415s] -- Up-to-date symlink: /home/docker_user/ros2_ws_head/install/ti_mmwave_rospkg_msgs/share/ti_mmwave_rospkg_msgs/msg/RadarMicroDopplerFeatureArray.idl
[1.416s] -- Up-to-date symlink: /home/docker_user/ros2_ws_head/install/ti_mmwave_rospkg_msgs/share/ti_mmwave_rospkg_msgs/msg/RadarMicroDopplerFeatureContents.idl
[1.416s] -- Up-to-date symlink: /home/docker_user/ros2_ws_head/install/ti_mmwave_rospkg_msgs/share/ti_mmwave_rospkg_msgs/srv/MmwaveCli.idl
[1.416s] -- Up-to-date symlink: /home/docker_user/ros2_ws_head/install/ti_mmwave_rospkg_msgs/share/ti_mmwave_rospkg_msgs/msg/RadarScan.msg
[1.416s] -- Up-to-date symlink: /home/docker_user/ros2_ws_head/install/ti_mmwave_rospkg_msgs/share/ti_mmwave_rospkg_msgs/msg/RadarOccupancy.msg
[1.416s] -- Up-to-date symlink: /home/docker_user/ros2_ws_head/install/ti_mmwave_rospkg_msgs/share/ti_mmwave_rospkg_msgs/msg/RadarClassifier.msg
[1.416s] -- Up-to-date symlink: /home/docker_user/ros2_ws_head/install/ti_mmwave_rospkg_msgs/share/ti_mmwave_rospkg_msgs/msg/RadarTrackArray.msg
[1.416s] -- Up-to-date symlink: /home/docker_user/ros2_ws_head/install/ti_mmwave_rospkg_msgs/share/ti_mmwave_rospkg_msgs/msg/RadarTrackContents.msg
[1.416s] -- Up-to-date symlink: /home/docker_user/ros2_ws_head/install/ti_mmwave_rospkg_msgs/share/ti_mmwave_rospkg_msgs/msg/RadarPointTrackID.msg
[1.416s] -- Up-to-date symlink: /home/docker_user/ros2_ws_head/install/ti_mmwave_rospkg_msgs/share/ti_mmwave_rospkg_msgs/msg/RadarMicroDopplerDataArray.msg
[1.416s] -- Up-to-date symlink: /home/docker_user/ros2_ws_head/install/ti_mmwave_rospkg_msgs/share/ti_mmwave_rospkg_msgs/msg/RadarMicroDopplerDataContents.msg
[1.416s] -- Up-to-date symlink: /home/docker_user/ros2_ws_head/install/ti_mmwave_rospkg_msgs/share/ti_mmwave_rospkg_msgs/msg/RadarMicroDopplerFeatureArray.msg
[1.416s] -- Up-to-date symlink: /home/docker_user/ros2_ws_head/install/ti_mmwave_rospkg_msgs/share/ti_mmwave_rospkg_msgs/msg/RadarMicroDopplerFeatureContents.msg
[1.416s] -- Up-to-date symlink: /home/docker_user/ros2_ws_head/install/ti_mmwave_rospkg_msgs/share/ti_mmwave_rospkg_msgs/srv/MmwaveCli.srv
[1.417s] -- Up-to-date symlink: /home/docker_user/ros2_ws_head/install/ti_mmwave_rospkg_msgs/share/ti_mmwave_rospkg_msgs/srv/MmwaveCli_Request.msg
[1.417s] -- Up-to-date symlink: /home/docker_user/ros2_ws_head/install/ti_mmwave_rospkg_msgs/share/ti_mmwave_rospkg_msgs/srv/MmwaveCli_Response.msg
[1.417s] -- Up-to-date symlink: /home/docker_user/ros2_ws_head/install/ti_mmwave_rospkg_msgs/share/ament_index/resource_index/package_run_dependencies/ti_mmwave_rospkg_msgs
[1.417s] -- Up-to-date symlink: /home/docker_user/ros2_ws_head/install/ti_mmwave_rospkg_msgs/share/ament_index/resource_index/parent_prefix_path/ti_mmwave_rospkg_msgs
[1.417s] -- Up-to-date symlink: /home/docker_user/ros2_ws_head/install/ti_mmwave_rospkg_msgs/share/ti_mmwave_rospkg_msgs/environment/ament_prefix_path.sh
[1.417s] -- Up-to-date symlink: /home/docker_user/ros2_ws_head/install/ti_mmwave_rospkg_msgs/share/ti_mmwave_rospkg_msgs/environment/ament_prefix_path.dsv
[1.417s] -- Up-to-date symlink: /home/docker_user/ros2_ws_head/install/ti_mmwave_rospkg_msgs/share/ti_mmwave_rospkg_msgs/environment/path.sh
[1.417s] -- Up-to-date symlink: /home/docker_user/ros2_ws_head/install/ti_mmwave_rospkg_msgs/share/ti_mmwave_rospkg_msgs/environment/path.dsv
[1.417s] -- Up-to-date symlink: /home/docker_user/ros2_ws_head/install/ti_mmwave_rospkg_msgs/share/ti_mmwave_rospkg_msgs/local_setup.bash
[1.417s] -- Up-to-date symlink: /home/docker_user/ros2_ws_head/install/ti_mmwave_rospkg_msgs/share/ti_mmwave_rospkg_msgs/local_setup.sh
[1.417s] -- Up-to-date symlink: /home/docker_user/ros2_ws_head/install/ti_mmwave_rospkg_msgs/share/ti_mmwave_rospkg_msgs/local_setup.zsh
[1.417s] -- Up-to-date symlink: /home/docker_user/ros2_ws_head/install/ti_mmwave_rospkg_msgs/share/ti_mmwave_rospkg_msgs/local_setup.dsv
[1.417s] -- Symlinking: /home/docker_user/ros2_ws_head/install/ti_mmwave_rospkg_msgs/share/ti_mmwave_rospkg_msgs/package.dsv
[1.424s] -- Up-to-date symlink: /home/docker_user/ros2_ws_head/install/ti_mmwave_rospkg_msgs/share/ament_index/resource_index/packages/ti_mmwave_rospkg_msgs
[1.424s] -- Up-to-date symlink: /home/docker_user/ros2_ws_head/install/ti_mmwave_rospkg_msgs/share/ti_mmwave_rospkg_msgs/cmake/rosidl_cmake-extras.cmake
[1.424s] -- Up-to-date symlink: /home/docker_user/ros2_ws_head/install/ti_mmwave_rospkg_msgs/share/ti_mmwave_rospkg_msgs/cmake/ament_cmake_export_dependencies-extras.cmake
[1.424s] -- Up-to-date symlink: /home/docker_user/ros2_ws_head/install/ti_mmwave_rospkg_msgs/share/ti_mmwave_rospkg_msgs/cmake/ament_cmake_export_include_directories-extras.cmake
[1.424s] -- Up-to-date symlink: /home/docker_user/ros2_ws_head/install/ti_mmwave_rospkg_msgs/share/ti_mmwave_rospkg_msgs/cmake/ament_cmake_export_libraries-extras.cmake
[1.424s] -- Up-to-date symlink: /home/docker_user/ros2_ws_head/install/ti_mmwave_rospkg_msgs/share/ti_mmwave_rospkg_msgs/cmake/ament_cmake_export_targets-extras.cmake
[1.424s] -- Up-to-date symlink: /home/docker_user/ros2_ws_head/install/ti_mmwave_rospkg_msgs/share/ti_mmwave_rospkg_msgs/cmake/rosidl_cmake_export_typesupport_targets-extras.cmake
[1.424s] -- Up-to-date symlink: /home/docker_user/ros2_ws_head/install/ti_mmwave_rospkg_msgs/share/ti_mmwave_rospkg_msgs/cmake/rosidl_cmake_export_typesupport_libraries-extras.cmake
[1.424s] -- Up-to-date symlink: /home/docker_user/ros2_ws_head/install/ti_mmwave_rospkg_msgs/share/ti_mmwave_rospkg_msgs/cmake/ti_mmwave_rospkg_msgsConfig.cmake
[1.425s] -- Up-to-date symlink: /home/docker_user/ros2_ws_head/install/ti_mmwave_rospkg_msgs/share/ti_mmwave_rospkg_msgs/cmake/ti_mmwave_rospkg_msgsConfig-version.cmake
[1.425s] -- Up-to-date symlink: /home/docker_user/ros2_ws_head/install/ti_mmwave_rospkg_msgs/share/ti_mmwave_rospkg_msgs/package.xml
[1.425s] -- Up-to-date: /home/docker_user/ros2_ws_head/install/ti_mmwave_rospkg_msgs/lib/libti_mmwave_rospkg_msgs__rosidl_generator_c.so
[1.425s] -- Up-to-date: /home/docker_user/ros2_ws_head/install/ti_mmwave_rospkg_msgs/lib/libti_mmwave_rospkg_msgs__rosidl_typesupport_fastrtps_c.so
[1.426s] -- Up-to-date: /home/docker_user/ros2_ws_head/install/ti_mmwave_rospkg_msgs/lib/libti_mmwave_rospkg_msgs__rosidl_typesupport_introspection_c.so
[1.427s] -- Up-to-date: /home/docker_user/ros2_ws_head/install/ti_mmwave_rospkg_msgs/lib/libti_mmwave_rospkg_msgs__rosidl_typesupport_c.so
[1.427s] -- Up-to-date: /home/docker_user/ros2_ws_head/install/ti_mmwave_rospkg_msgs/lib/libti_mmwave_rospkg_msgs__rosidl_typesupport_fastrtps_cpp.so
[1.427s] -- Up-to-date: /home/docker_user/ros2_ws_head/install/ti_mmwave_rospkg_msgs/lib/libti_mmwave_rospkg_msgs__rosidl_typesupport_introspection_cpp.so
[1.428s] -- Up-to-date: /home/docker_user/ros2_ws_head/install/ti_mmwave_rospkg_msgs/lib/libti_mmwave_rospkg_msgs__rosidl_typesupport_cpp.so
[1.454s] Listing '/home/docker_user/ros2_ws_head/install/ti_mmwave_rospkg_msgs/local/lib/python3.10/dist-packages/ti_mmwave_rospkg_msgs'...
[1.454s] Compiling '/home/docker_user/ros2_ws_head/install/ti_mmwave_rospkg_msgs/local/lib/python3.10/dist-packages/ti_mmwave_rospkg_msgs/__init__.py'...
[1.454s] Listing '/home/docker_user/ros2_ws_head/install/ti_mmwave_rospkg_msgs/local/lib/python3.10/dist-packages/ti_mmwave_rospkg_msgs/msg'...
[1.454s] Listing '/home/docker_user/ros2_ws_head/install/ti_mmwave_rospkg_msgs/local/lib/python3.10/dist-packages/ti_mmwave_rospkg_msgs/srv'...
[1.458s] -- Up-to-date: /home/docker_user/ros2_ws_head/install/ti_mmwave_rospkg_msgs/lib/libti_mmwave_rospkg_msgs__rosidl_generator_py.so
[1.458s] -- Up-to-date: /home/docker_user/ros2_ws_head/install/ti_mmwave_rospkg_msgs/share/ti_mmwave_rospkg_msgs/cmake/export_ti_mmwave_rospkg_msgs__rosidl_generator_cExport.cmake
[1.458s] -- Up-to-date: /home/docker_user/ros2_ws_head/install/ti_mmwave_rospkg_msgs/share/ti_mmwave_rospkg_msgs/cmake/export_ti_mmwave_rospkg_msgs__rosidl_generator_cExport-noconfig.cmake
[1.458s] -- Up-to-date: /home/docker_user/ros2_ws_head/install/ti_mmwave_rospkg_msgs/share/ti_mmwave_rospkg_msgs/cmake/export_ti_mmwave_rospkg_msgs__rosidl_typesupport_fastrtps_cExport.cmake
[1.458s] -- Up-to-date: /home/docker_user/ros2_ws_head/install/ti_mmwave_rospkg_msgs/share/ti_mmwave_rospkg_msgs/cmake/export_ti_mmwave_rospkg_msgs__rosidl_typesupport_fastrtps_cExport-noconfig.cmake
[1.458s] -- Up-to-date: /home/docker_user/ros2_ws_head/install/ti_mmwave_rospkg_msgs/share/ti_mmwave_rospkg_msgs/cmake/ti_mmwave_rospkg_msgs__rosidl_typesupport_introspection_cExport.cmake
[1.458s] -- Up-to-date: /home/docker_user/ros2_ws_head/install/ti_mmwave_rospkg_msgs/share/ti_mmwave_rospkg_msgs/cmake/ti_mmwave_rospkg_msgs__rosidl_typesupport_introspection_cExport-noconfig.cmake
[1.458s] -- Up-to-date: /home/docker_user/ros2_ws_head/install/ti_mmwave_rospkg_msgs/share/ti_mmwave_rospkg_msgs/cmake/ti_mmwave_rospkg_msgs__rosidl_typesupport_cExport.cmake
[1.458s] -- Up-to-date: /home/docker_user/ros2_ws_head/install/ti_mmwave_rospkg_msgs/share/ti_mmwave_rospkg_msgs/cmake/ti_mmwave_rospkg_msgs__rosidl_typesupport_cExport-noconfig.cmake
[1.458s] -- Up-to-date: /home/docker_user/ros2_ws_head/install/ti_mmwave_rospkg_msgs/share/ti_mmwave_rospkg_msgs/cmake/export_ti_mmwave_rospkg_msgs__rosidl_generator_cppExport.cmake
[1.459s] -- Up-to-date: /home/docker_user/ros2_ws_head/install/ti_mmwave_rospkg_msgs/share/ti_mmwave_rospkg_msgs/cmake/export_ti_mmwave_rospkg_msgs__rosidl_typesupport_fastrtps_cppExport.cmake
[1.459s] -- Up-to-date: /home/docker_user/ros2_ws_head/install/ti_mmwave_rospkg_msgs/share/ti_mmwave_rospkg_msgs/cmake/export_ti_mmwave_rospkg_msgs__rosidl_typesupport_fastrtps_cppExport-noconfig.cmake
[1.459s] -- Up-to-date: /home/docker_user/ros2_ws_head/install/ti_mmwave_rospkg_msgs/share/ti_mmwave_rospkg_msgs/cmake/ti_mmwave_rospkg_msgs__rosidl_typesupport_introspection_cppExport.cmake
[1.459s] -- Up-to-date: /home/docker_user/ros2_ws_head/install/ti_mmwave_rospkg_msgs/share/ti_mmwave_rospkg_msgs/cmake/ti_mmwave_rospkg_msgs__rosidl_typesupport_introspection_cppExport-noconfig.cmake
[1.459s] -- Up-to-date: /home/docker_user/ros2_ws_head/install/ti_mmwave_rospkg_msgs/share/ti_mmwave_rospkg_msgs/cmake/ti_mmwave_rospkg_msgs__rosidl_typesupport_cppExport.cmake
[1.459s] -- Up-to-date: /home/docker_user/ros2_ws_head/install/ti_mmwave_rospkg_msgs/share/ti_mmwave_rospkg_msgs/cmake/ti_mmwave_rospkg_msgs__rosidl_typesupport_cppExport-noconfig.cmake
[1.459s] -- Up-to-date: /home/docker_user/ros2_ws_head/install/ti_mmwave_rospkg_msgs/share/ti_mmwave_rospkg_msgs/cmake/export_ti_mmwave_rospkg_msgs__rosidl_generator_pyExport.cmake
[1.459s] -- Up-to-date: /home/docker_user/ros2_ws_head/install/ti_mmwave_rospkg_msgs/share/ti_mmwave_rospkg_msgs/cmake/export_ti_mmwave_rospkg_msgs__rosidl_generator_pyExport-noconfig.cmake
[1.461s] Invoked command in '/home/docker_user/ros2_ws_head/build/ti_mmwave_rospkg_msgs' returned '0': CMAKE_PREFIX_PATH=${CMAKE_PREFIX_PATH}:/home/docker_user/ros2_ws_head/install/face_tracker:/home/docker_user/ros2_ws_head/install/head_bringup:/home/docker_user/ros2_ws_head/install/actuators_bringup:/opt/ros/humble /usr/bin/cmake --install /home/docker_user/ros2_ws_head/build/ti_mmwave_rospkg_msgs
