/home/docker_user/ros2_ws_head/install/sensors_bringup/lib/python3.10/site-packages/sensors_bringup/camera_bringup.py
/home/docker_user/ros2_ws_head/install/sensors_bringup/lib/python3.10/site-packages/sensors_bringup/static_transform.py
/home/docker_user/ros2_ws_head/install/sensors_bringup/lib/python3.10/site-packages/sensors_bringup/undistort.py
/home/docker_user/ros2_ws_head/install/sensors_bringup/lib/python3.10/site-packages/sensors_bringup/person_detect.py
/home/docker_user/ros2_ws_head/install/sensors_bringup/lib/python3.10/site-packages/sensors_bringup/person_points.py
/home/docker_user/ros2_ws_head/install/sensors_bringup/lib/python3.10/site-packages/sensors_bringup/__init__.py
/home/docker_user/ros2_ws_head/install/sensors_bringup/lib/python3.10/site-packages/sensors_bringup/__pycache__/camera_bringup.cpython-310.pyc
/home/docker_user/ros2_ws_head/install/sensors_bringup/lib/python3.10/site-packages/sensors_bringup/__pycache__/static_transform.cpython-310.pyc
/home/docker_user/ros2_ws_head/install/sensors_bringup/lib/python3.10/site-packages/sensors_bringup/__pycache__/undistort.cpython-310.pyc
/home/docker_user/ros2_ws_head/install/sensors_bringup/lib/python3.10/site-packages/sensors_bringup/__pycache__/person_detect.cpython-310.pyc
/home/docker_user/ros2_ws_head/install/sensors_bringup/lib/python3.10/site-packages/sensors_bringup/__pycache__/person_points.cpython-310.pyc
/home/docker_user/ros2_ws_head/install/sensors_bringup/lib/python3.10/site-packages/sensors_bringup/__pycache__/__init__.cpython-310.pyc
/home/docker_user/ros2_ws_head/install/sensors_bringup/share/ament_index/resource_index/packages/sensors_bringup
/home/docker_user/ros2_ws_head/install/sensors_bringup/share/sensors_bringup/package.xml
/home/docker_user/ros2_ws_head/install/sensors_bringup/share/sensors_bringup/config/sensors_bringup_params.yaml
/home/docker_user/ros2_ws_head/install/sensors_bringup/share/sensors_bringup/launch/sensors_bringup_launch.py
/home/docker_user/ros2_ws_head/install/sensors_bringup/lib/python3.10/site-packages/sensors_bringup-0.0.0-py3.10.egg-info/zip-safe
/home/docker_user/ros2_ws_head/install/sensors_bringup/lib/python3.10/site-packages/sensors_bringup-0.0.0-py3.10.egg-info/PKG-INFO
/home/docker_user/ros2_ws_head/install/sensors_bringup/lib/python3.10/site-packages/sensors_bringup-0.0.0-py3.10.egg-info/requires.txt
/home/docker_user/ros2_ws_head/install/sensors_bringup/lib/python3.10/site-packages/sensors_bringup-0.0.0-py3.10.egg-info/top_level.txt
/home/docker_user/ros2_ws_head/install/sensors_bringup/lib/python3.10/site-packages/sensors_bringup-0.0.0-py3.10.egg-info/SOURCES.txt
/home/docker_user/ros2_ws_head/install/sensors_bringup/lib/python3.10/site-packages/sensors_bringup-0.0.0-py3.10.egg-info/dependency_links.txt
/home/docker_user/ros2_ws_head/install/sensors_bringup/lib/python3.10/site-packages/sensors_bringup-0.0.0-py3.10.egg-info/entry_points.txt
/home/docker_user/ros2_ws_head/install/sensors_bringup/lib/sensors_bringup/camera_bringup
/home/docker_user/ros2_ws_head/install/sensors_bringup/lib/sensors_bringup/person_detect
/home/docker_user/ros2_ws_head/install/sensors_bringup/lib/sensors_bringup/person_points
/home/docker_user/ros2_ws_head/install/sensors_bringup/lib/sensors_bringup/static_transform
/home/docker_user/ros2_ws_head/install/sensors_bringup/lib/sensors_bringup/undistort
