[0.009s] Invoking command in '/home/docker_user/ros2_ws_head/build/ti_mmwave_rospkg': AMENT_PREFIX_PATH=/home/docker_user/ros2_ws_head/install/ti_mmwave_rospkg_msgs:/home/docker_user/ros2_ws_head/install/serial:${AMENT_PREFIX_PATH} CMAKE_PREFIX_PATH=/home/docker_user/ros2_ws_head/install/ti_mmwave_rospkg_msgs:/home/docker_user/ros2_ws_head/install/serial:/opt/ros/humble LD_LIBRARY_PATH=/home/docker_user/ros2_ws_head/install/ti_mmwave_rospkg_msgs/lib:/home/docker_user/ros2_ws_head/install/serial/lib:${LD_LIBRARY_PATH} PYTHONPATH=/home/docker_user/ros2_ws_head/install/ti_mmwave_rospkg_msgs/local/lib/python3.10/dist-packages:${PYTHONPATH} /usr/bin/cmake /home/docker_user/ros2_ws_head/src/ros2_driver/src/ti_mmwave_rospkg -DAMENT_CMAKE_SYMLINK_INSTALL=1 -DCMAKE_INSTALL_PREFIX=/home/docker_user/ros2_ws_head/install/ti_mmwave_rospkg
[0.065s] -- The C compiler identification is GNU 11.4.0
[0.115s] -- The CXX compiler identification is GNU 11.4.0
[0.122s] -- Detecting C compiler ABI info
[0.188s] -- Detecting C compiler ABI info - done
[0.194s] -- Check for working C compiler: /usr/bin/cc - skipped
[0.194s] -- Detecting C compile features
[0.194s] -- Detecting C compile features - done
[0.197s] -- Detecting CXX compiler ABI info
[0.276s] -- Detecting CXX compiler ABI info - done
[0.282s] -- Check for working CXX compiler: /usr/bin/c++ - skipped
[0.283s] -- Detecting CXX compile features
[0.283s] -- Detecting CXX compile features - done
[0.285s] -- Found ament_cmake: 1.3.12 (/opt/ros/humble/share/ament_cmake/cmake)
[0.427s] -- Found Python3: /usr/bin/python3 (found version "3.10.12") found components: Interpreter 
[0.483s] -- Override CMake install command with custom implementation using symlinks instead of copying resources
[0.504s] -- Found rclcpp: 16.0.15 (/opt/ros/humble/share/rclcpp/cmake)
[0.544s] -- Found rosidl_generator_c: 3.1.7 (/opt/ros/humble/share/rosidl_generator_c/cmake)
[0.549s] -- Found rosidl_adapter: 3.1.7 (/opt/ros/humble/share/rosidl_adapter/cmake)
[0.561s] -- Found rosidl_generator_cpp: 3.1.7 (/opt/ros/humble/share/rosidl_generator_cpp/cmake)
[0.579s] -- Using all available rosidl_typesupport_c: rosidl_typesupport_fastrtps_c;rosidl_typesupport_introspection_c
[0.600s] -- Using all available rosidl_typesupport_cpp: rosidl_typesupport_fastrtps_cpp;rosidl_typesupport_introspection_cpp
[0.661s] -- Found rmw_implementation_cmake: 6.1.2 (/opt/ros/humble/share/rmw_implementation_cmake/cmake)
[0.664s] -- Found rmw_fastrtps_cpp: 6.2.9 (/opt/ros/humble/share/rmw_fastrtps_cpp/cmake)
[0.784s] -- Found OpenSSL: /usr/lib/x86_64-linux-gnu/libcrypto.so (found version "3.0.2")  
[0.853s] -- Found FastRTPS: /opt/ros/humble/include  
[0.921s] -- Using RMW implementation 'rmw_fastrtps_cpp' as default
[0.931s] -- Looking for pthread.h
[1.000s] -- Looking for pthread.h - found
[1.000s] -- Performing Test CMAKE_HAVE_LIBC_PTHREAD
[1.114s] -- Performing Test CMAKE_HAVE_LIBC_PTHREAD - Success
[1.118s] -- Found Threads: TRUE  
[1.180s] -- Found rclcpp_components: 16.0.15 (/opt/ros/humble/share/rclcpp_components/cmake)
[1.197s] -- Found sensor_msgs: 4.9.0 (/opt/ros/humble/share/sensor_msgs/cmake)
[1.219s] -- Found visualization_msgs: 4.9.0 (/opt/ros/humble/share/visualization_msgs/cmake)
[1.234s] -- Found tf2_geometry_msgs: 0.25.16 (/opt/ros/humble/share/tf2_geometry_msgs/cmake)
[1.244s] -- Found eigen3_cmake_module: 0.1.1 (/opt/ros/humble/share/eigen3_cmake_module/cmake)
[1.245s] -- Found Eigen3: TRUE (found version "3.4.0") 
[1.245s] -- Ensuring Eigen3 include directory is part of orocos-kdl CMake target
[1.299s] -- Found ti_mmwave_rospkg_msgs: 1.0.0 (/home/docker_user/ros2_ws_head/install/ti_mmwave_rospkg_msgs/share/ti_mmwave_rospkg_msgs/cmake)
[1.313s] -- Found serial: 1.2.1 (/home/docker_user/ros2_ws_head/install/serial/share/serial/cmake)
[1.315s] -- Found rosidl_default_generators: 1.2.0 (/opt/ros/humble/share/rosidl_default_generators/cmake)
[1.321s] -- Found pluginlib: 5.1.2 (/opt/ros/humble/share/pluginlib/cmake)
[1.337s] -- Found Boost: /usr/lib/x86_64-linux-gnu/cmake/Boost-1.74.0/BoostConfig.cmake (found version "1.74.0")  
[1.350s] -- Checking for module 'eigen3'
[1.362s] --   Found eigen3, version 3.4.0
[1.428s] -- Found Eigen: /usr/include/eigen3 (Required is at least version "3.1") 
[1.428s] -- Eigen found (include: /usr/include/eigen3, version: 3.4.0)
[1.466s] -- Found Boost: /usr/lib/x86_64-linux-gnu/cmake/Boost-1.74.0/BoostConfig.cmake (found suitable version "1.74.0", minimum required is "1.65.0") found components: system filesystem date_time iostreams serialization 
[1.502s] -- Checking for module 'flann'
[1.538s] --   Found flann, version 1.9.1
[1.620s] -- Found FLANN: /usr/lib/x86_64-linux-gnu/libflann_cpp.so  
[1.620s] -- FLANN found (include: /usr/include, lib: /usr/lib/x86_64-linux-gnu/libflann_cpp.so)
[1.697s] -- Found GLEW: /usr/lib/x86_64-linux-gnu/libGLEW.so  
[1.707s] -- Found OpenGL: /usr/lib/x86_64-linux-gnu/libOpenGL.so  found components: OpenGL GLX 
[1.923s] -- Found MPI_C: /usr/lib/x86_64-linux-gnu/libmpi.so (found version "3.1") 
[1.923s] -- Found MPI: TRUE (found version "3.1") found components: C 
[1.927s] -- Found JsonCpp: /usr/lib/x86_64-linux-gnu/libjsoncpp.so (found suitable version "1.9.5", minimum required is "0.7.0") 
[1.944s] -- Found ZLIB: /usr/lib/x86_64-linux-gnu/libz.so (found version "1.2.11") 
[1.979s] -- Found PNG: /usr/lib/x86_64-linux-gnu/libpng.so (found version "1.6.37") 
[2.008s] -- Found Eigen3: /usr/include/eigen3 (found version "3.4.0") 
[2.121s] -- Found X11: /usr/include   
[2.121s] -- Looking for XOpenDisplay in /usr/lib/x86_64-linux-gnu/libX11.so;/usr/lib/x86_64-linux-gnu/libXext.so
[2.225s] -- Looking for XOpenDisplay in /usr/lib/x86_64-linux-gnu/libX11.so;/usr/lib/x86_64-linux-gnu/libXext.so - found
[2.226s] -- Looking for gethostbyname
[2.364s] -- Looking for gethostbyname - found
[2.364s] -- Looking for connect
[2.525s] -- Looking for connect - found
[2.526s] -- Looking for remove
[2.685s] -- Looking for remove - found
[2.685s] -- Looking for shmat
[2.839s] -- Looking for shmat - found
[2.839s] -- Looking for IceConnectionNumber in ICE
[2.979s] -- Looking for IceConnectionNumber in ICE - found
[3.051s] -- Found EXPAT: /usr/lib/x86_64-linux-gnu/libexpat.so (found version "2.4.7") 
[3.052s] -- Found double-conversion: /usr/lib/x86_64-linux-gnu/libdouble-conversion.so  
[3.054s] -- Found LZ4: /usr/lib/x86_64-linux-gnu/liblz4.so (found version "1.9.3") 
[3.055s] -- Found LZMA: /usr/lib/x86_64-linux-gnu/liblzma.so (found version "5.2.5") 
[3.065s] -- Found JPEG: /usr/lib/x86_64-linux-gnu/libjpeg.so (found version "80") 
[3.070s] -- Found TIFF: /usr/lib/x86_64-linux-gnu/libtiff.so (found version "4.3.0")  
[3.075s] -- Found Freetype: /usr/lib/x86_64-linux-gnu/libfreetype.so (found version "2.11.1") 
[3.083s] -- Found utf8cpp: /usr/include/utf8cpp  
[3.244s] -- Checking for module 'libusb-1.0'
[3.280s] --   Found libusb-1.0, version 1.0.25
[3.356s] -- Found libusb: /usr/lib/x86_64-linux-gnu/libusb-1.0.so  
[3.360s] -- Found OpenNI: /usr/lib/libOpenNI.so;libusb::libusb (found version "1.5.4.0") 
[3.360s] -- OpenNI found (version: 1.5.4.0, include: /usr/include/ni, lib: /usr/lib/libOpenNI.so;libusb::libusb)
[3.480s] -- Found OpenNI2: /usr/lib/x86_64-linux-gnu/libOpenNI2.so;libusb::libusb (found version "2.2.0.33") 
[3.481s] -- OpenNI2 found (version: 2.2.0.33, include: /usr/include/openni2, lib: /usr/lib/x86_64-linux-gnu/libOpenNI2.so;libusb::libusb)
[3.481s] ** WARNING ** io features related to pcap will be disabled
[3.775s] -- Eigen found (include: /usr/include/eigen3, version: 3.4.0)
[3.792s] -- OpenNI found (version: 1.5.4.0, include: /usr/include/ni, lib: /usr/lib/libOpenNI.so;libusb::libusb)
[3.807s] -- OpenNI2 found (version: 2.2.0.33, include: /usr/include/openni2, lib: /usr/lib/x86_64-linux-gnu/libOpenNI2.so;libusb::libusb)
[4.112s] -- Found Qhull version 8.0.2
[4.345s] -- OpenNI found (version: 1.5.4.0, include: /usr/include/ni, lib: /usr/lib/libOpenNI.so;libusb::libusb)
[4.582s] -- looking for PCL_COMMON
[4.584s] -- Found PCL_COMMON: /usr/lib/x86_64-linux-gnu/libpcl_common.so  
[4.584s] -- looking for PCL_KDTREE
[4.585s] -- Found PCL_KDTREE: /usr/lib/x86_64-linux-gnu/libpcl_kdtree.so  
[4.586s] -- looking for PCL_OCTREE
[4.587s] -- Found PCL_OCTREE: /usr/lib/x86_64-linux-gnu/libpcl_octree.so  
[4.587s] -- looking for PCL_SEARCH
[4.589s] -- Found PCL_SEARCH: /usr/lib/x86_64-linux-gnu/libpcl_search.so  
[4.589s] -- looking for PCL_SAMPLE_CONSENSUS
[4.590s] -- Found PCL_SAMPLE_CONSENSUS: /usr/lib/x86_64-linux-gnu/libpcl_sample_consensus.so  
[4.590s] -- looking for PCL_FILTERS
[4.591s] -- Found PCL_FILTERS: /usr/lib/x86_64-linux-gnu/libpcl_filters.so  
[4.592s] -- looking for PCL_2D
[4.592s] -- Found PCL_2D: /usr/include/pcl-1.12  
[4.592s] -- looking for PCL_GEOMETRY
[4.593s] -- Found PCL_GEOMETRY: /usr/include/pcl-1.12  
[4.593s] -- looking for PCL_IO
[4.594s] -- Found PCL_IO: /usr/lib/x86_64-linux-gnu/libpcl_io.so  
[4.594s] -- looking for PCL_FEATURES
[4.594s] -- Found PCL_FEATURES: /usr/lib/x86_64-linux-gnu/libpcl_features.so  
[4.595s] -- looking for PCL_ML
[4.596s] -- Found PCL_ML: /usr/lib/x86_64-linux-gnu/libpcl_ml.so  
[4.596s] -- looking for PCL_SEGMENTATION
[4.597s] -- Found PCL_SEGMENTATION: /usr/lib/x86_64-linux-gnu/libpcl_segmentation.so  
[4.597s] -- looking for PCL_VISUALIZATION
[4.598s] -- Found PCL_VISUALIZATION: /usr/lib/x86_64-linux-gnu/libpcl_visualization.so  
[4.598s] -- looking for PCL_SURFACE
[4.599s] -- Found PCL_SURFACE: /usr/lib/x86_64-linux-gnu/libpcl_surface.so  
[4.599s] -- looking for PCL_REGISTRATION
[4.600s] -- Found PCL_REGISTRATION: /usr/lib/x86_64-linux-gnu/libpcl_registration.so  
[4.600s] -- looking for PCL_KEYPOINTS
[4.601s] -- Found PCL_KEYPOINTS: /usr/lib/x86_64-linux-gnu/libpcl_keypoints.so  
[4.601s] -- looking for PCL_TRACKING
[4.602s] -- Found PCL_TRACKING: /usr/lib/x86_64-linux-gnu/libpcl_tracking.so  
[4.602s] -- looking for PCL_RECOGNITION
[4.603s] -- Found PCL_RECOGNITION: /usr/lib/x86_64-linux-gnu/libpcl_recognition.so  
[4.603s] -- looking for PCL_STEREO
[4.604s] -- Found PCL_STEREO: /usr/lib/x86_64-linux-gnu/libpcl_stereo.so  
[4.604s] -- looking for PCL_APPS
[4.605s] -- Found PCL_APPS: /usr/lib/x86_64-linux-gnu/libpcl_apps.so  
[4.605s] -- looking for PCL_IN_HAND_SCANNER
[4.606s] -- Found PCL_IN_HAND_SCANNER: /usr/include/pcl-1.12  
[4.606s] -- looking for PCL_MODELER
[4.606s] -- Found PCL_MODELER: /usr/include/pcl-1.12  
[4.607s] -- looking for PCL_POINT_CLOUD_EDITOR
[4.607s] -- Found PCL_POINT_CLOUD_EDITOR: /usr/include/pcl-1.12  
[4.607s] -- looking for PCL_OUTOFCORE
[4.607s] -- Found PCL_OUTOFCORE: /usr/lib/x86_64-linux-gnu/libpcl_outofcore.so  
[4.607s] -- looking for PCL_PEOPLE
[4.608s] -- Found PCL_PEOPLE: /usr/lib/x86_64-linux-gnu/libpcl_people.so  
[4.609s] -- Found PCL: pcl_common;pcl_kdtree;pcl_octree;pcl_search;pcl_sample_consensus;pcl_filters;pcl_io;pcl_features;pcl_ml;pcl_segmentation;pcl_visualization;pcl_surface;pcl_registration;pcl_keypoints;pcl_tracking;pcl_recognition;pcl_stereo;pcl_apps;pcl_outofcore;pcl_people;Boost::system;Boost::filesystem;Boost::date_time;Boost::iostreams;Boost::serialization;/usr/lib/libOpenNI.so;libusb::libusb;/usr/lib/x86_64-linux-gnu/libOpenNI2.so;libusb::libusb;VTK::ChartsCore;VTK::CommonColor;VTK::CommonComputationalGeometry;VTK::CommonCore;VTK::CommonDataModel;VTK::CommonExecutionModel;VTK::CommonMath;VTK::CommonMisc;VTK::CommonTransforms;VTK::FiltersCore;VTK::FiltersExtraction;VTK::FiltersGeneral;VTK::FiltersGeometry;VTK::FiltersModeling;VTK::FiltersSources;VTK::ImagingCore;VTK::ImagingSources;VTK::InteractionImage;VTK::InteractionStyle;VTK::InteractionWidgets;VTK::IOCore;VTK::IOGeometry;VTK::IOImage;VTK::IOLegacy;VTK::IOPLY;VTK::RenderingAnnotation;VTK::RenderingCore;VTK::RenderingContext2D;VTK::RenderingLOD;VTK::RenderingFreeType;VTK::ViewsCore;VTK::ViewsContext2D;VTK::RenderingOpenGL2;VTK::GUISupportQt;FLANN::FLANN;QHULL::QHULL (Required is at least version "1.7.5") 
[4.611s] -- Found pcl_conversions: 2.4.5 (/opt/ros/humble/share/pcl_conversions/cmake)
[4.696s] -- Configuring done
[4.757s] -- Generating done
[4.783s] -- Build files have been written to: /home/docker_user/ros2_ws_head/build/ti_mmwave_rospkg
[4.801s] Invoked command in '/home/docker_user/ros2_ws_head/build/ti_mmwave_rospkg' returned '0': AMENT_PREFIX_PATH=/home/docker_user/ros2_ws_head/install/ti_mmwave_rospkg_msgs:/home/docker_user/ros2_ws_head/install/serial:${AMENT_PREFIX_PATH} CMAKE_PREFIX_PATH=/home/docker_user/ros2_ws_head/install/ti_mmwave_rospkg_msgs:/home/docker_user/ros2_ws_head/install/serial:/opt/ros/humble LD_LIBRARY_PATH=/home/docker_user/ros2_ws_head/install/ti_mmwave_rospkg_msgs/lib:/home/docker_user/ros2_ws_head/install/serial/lib:${LD_LIBRARY_PATH} PYTHONPATH=/home/docker_user/ros2_ws_head/install/ti_mmwave_rospkg_msgs/local/lib/python3.10/dist-packages:${PYTHONPATH} /usr/bin/cmake /home/docker_user/ros2_ws_head/src/ros2_driver/src/ti_mmwave_rospkg -DAMENT_CMAKE_SYMLINK_INSTALL=1 -DCMAKE_INSTALL_PREFIX=/home/docker_user/ros2_ws_head/install/ti_mmwave_rospkg
[4.802s] Invoking command in '/home/docker_user/ros2_ws_head/build/ti_mmwave_rospkg': AMENT_PREFIX_PATH=/home/docker_user/ros2_ws_head/install/ti_mmwave_rospkg_msgs:/home/docker_user/ros2_ws_head/install/serial:${AMENT_PREFIX_PATH} CMAKE_PREFIX_PATH=/home/docker_user/ros2_ws_head/install/ti_mmwave_rospkg_msgs:/home/docker_user/ros2_ws_head/install/serial:/opt/ros/humble LD_LIBRARY_PATH=/home/docker_user/ros2_ws_head/install/ti_mmwave_rospkg_msgs/lib:/home/docker_user/ros2_ws_head/install/serial/lib:${LD_LIBRARY_PATH} PYTHONPATH=/home/docker_user/ros2_ws_head/install/ti_mmwave_rospkg_msgs/local/lib/python3.10/dist-packages:${PYTHONPATH} /usr/bin/cmake --build /home/docker_user/ros2_ws_head/build/ti_mmwave_rospkg -- -j16 -l16
[4.867s] [ 16%] Building CXX object CMakeFiles/ConfigParameterServer.dir/src/ConfigParameterServer.cpp.o
[4.867s] [ 16%] Building CXX object CMakeFiles/mmwave.dir/src/ParameterParser.cpp.o
[7.017s] [ 25%] Linking CXX executable ConfigParameterServer
[7.131s] [ 25%] Built target ConfigParameterServer
[8.545s] [ 33%] Linking CXX shared library libmmwave.so
[8.718s] [ 33%] Built target mmwave
[8.735s] [ 41%] Building CXX object CMakeFiles/ParameterParser.dir/src/ParameterParser.cpp.o
[8.736s] [ 50%] Building CXX object CMakeFiles/mmWaveCommSrv.dir/src/mmWaveCommSrv.cpp.o
[8.739s] [ 58%] Building CXX object CMakeFiles/mmWaveQuickConfig.dir/src/mmWaveQuickConfig.cpp.o
[8.742s] [ 66%] Building CXX object CMakeFiles/DataHandlerClass.dir/src/DataHandlerClass.cpp.o
[11.801s] [ 75%] Linking CXX executable mmWaveCommSrv
[12.055s] [ 75%] Built target mmWaveCommSrv
[12.526s] [ 83%] Linking CXX executable ParameterParser
[12.711s] [ 83%] Built target ParameterParser
[14.150s] [ 91%] Linking CXX executable mmWaveQuickConfig
[14.364s] [ 91%] Built target mmWaveQuickConfig
[19.693s] [100%] Linking CXX executable DataHandlerClass
[20.136s] [100%] Built target DataHandlerClass
[20.149s] Invoked command in '/home/docker_user/ros2_ws_head/build/ti_mmwave_rospkg' returned '0': AMENT_PREFIX_PATH=/home/docker_user/ros2_ws_head/install/ti_mmwave_rospkg_msgs:/home/docker_user/ros2_ws_head/install/serial:${AMENT_PREFIX_PATH} CMAKE_PREFIX_PATH=/home/docker_user/ros2_ws_head/install/ti_mmwave_rospkg_msgs:/home/docker_user/ros2_ws_head/install/serial:/opt/ros/humble LD_LIBRARY_PATH=/home/docker_user/ros2_ws_head/install/ti_mmwave_rospkg_msgs/lib:/home/docker_user/ros2_ws_head/install/serial/lib:${LD_LIBRARY_PATH} PYTHONPATH=/home/docker_user/ros2_ws_head/install/ti_mmwave_rospkg_msgs/local/lib/python3.10/dist-packages:${PYTHONPATH} /usr/bin/cmake --build /home/docker_user/ros2_ws_head/build/ti_mmwave_rospkg -- -j16 -l16
[20.150s] Invoking command in '/home/docker_user/ros2_ws_head/build/ti_mmwave_rospkg': AMENT_PREFIX_PATH=/home/docker_user/ros2_ws_head/install/ti_mmwave_rospkg_msgs:/home/docker_user/ros2_ws_head/install/serial:${AMENT_PREFIX_PATH} CMAKE_PREFIX_PATH=/home/docker_user/ros2_ws_head/install/ti_mmwave_rospkg_msgs:/home/docker_user/ros2_ws_head/install/serial:/opt/ros/humble LD_LIBRARY_PATH=/home/docker_user/ros2_ws_head/install/ti_mmwave_rospkg_msgs/lib:/home/docker_user/ros2_ws_head/install/serial/lib:${LD_LIBRARY_PATH} PYTHONPATH=/home/docker_user/ros2_ws_head/install/ti_mmwave_rospkg_msgs/local/lib/python3.10/dist-packages:${PYTHONPATH} /usr/bin/cmake --install /home/docker_user/ros2_ws_head/build/ti_mmwave_rospkg
[20.158s] -- Install configuration: ""
[20.159s] -- Execute custom install script
[20.159s] -- Symlinking: /home/docker_user/ros2_ws_head/install/ti_mmwave_rospkg/share/ti_mmwave_rospkg/environment/library_path.sh
[20.167s] -- Symlinking: /home/docker_user/ros2_ws_head/install/ti_mmwave_rospkg/share/ti_mmwave_rospkg/environment/library_path.dsv
[20.176s] -- Symlinking: /home/docker_user/ros2_ws_head/install/ti_mmwave_rospkg/lib/libmmwave.so
[20.186s] -- Symlinking: /home/docker_user/ros2_ws_head/install/ti_mmwave_rospkg/lib/ti_mmwave_rospkg/ConfigParameterServer
[20.198s] -- Symlinking: /home/docker_user/ros2_ws_head/install/ti_mmwave_rospkg/share/ti_mmwave_rospkg/launch/1443_Standard.py
[20.207s] -- Symlinking: /home/docker_user/ros2_ws_head/install/ti_mmwave_rospkg/share/ti_mmwave_rospkg/launch/1642_Standard.py
[20.214s] -- Symlinking: /home/docker_user/ros2_ws_head/install/ti_mmwave_rospkg/share/ti_mmwave_rospkg/launch/1843_Standard.py
[20.223s] -- Symlinking: /home/docker_user/ros2_ws_head/install/ti_mmwave_rospkg/share/ti_mmwave_rospkg/launch/6432_Classification.py
[20.233s] -- Symlinking: /home/docker_user/ros2_ws_head/install/ti_mmwave_rospkg/share/ti_mmwave_rospkg/launch/6432_Standard.py
[20.241s] -- Symlinking: /home/docker_user/ros2_ws_head/install/ti_mmwave_rospkg/share/ti_mmwave_rospkg/launch/6843AOP_FineMotion.py
[20.251s] -- Symlinking: /home/docker_user/ros2_ws_head/install/ti_mmwave_rospkg/share/ti_mmwave_rospkg/launch/6843AOP_Standard.py
[20.259s] -- Symlinking: /home/docker_user/ros2_ws_head/install/ti_mmwave_rospkg/share/ti_mmwave_rospkg/launch/6843AOP_StaticTracking.py
[20.271s] -- Symlinking: /home/docker_user/ros2_ws_head/install/ti_mmwave_rospkg/share/ti_mmwave_rospkg/launch/6843AOP_Tracking.py
[20.281s] -- Symlinking: /home/docker_user/ros2_ws_head/install/ti_mmwave_rospkg/share/ti_mmwave_rospkg/launch/6843ISK_Occupancy.py
[20.291s] -- Symlinking: /home/docker_user/ros2_ws_head/install/ti_mmwave_rospkg/share/ti_mmwave_rospkg/launch/6843ISK_Standard.py
[20.301s] -- Symlinking: /home/docker_user/ros2_ws_head/install/ti_mmwave_rospkg/share/ti_mmwave_rospkg/launch/6843ISK_Tracking.py
[20.310s] -- Symlinking: /home/docker_user/ros2_ws_head/install/ti_mmwave_rospkg/share/ti_mmwave_rospkg/launch/IWR6843.py
[20.317s] -- Symlinking: /home/docker_user/ros2_ws_head/install/ti_mmwave_rospkg/share/ti_mmwave_rospkg/launch/rviz.rviz
[20.329s] -- Symlinking: /home/docker_user/ros2_ws_head/install/ti_mmwave_rospkg/share/ti_mmwave_rospkg/launch/rviz_launch.py
[20.340s] -- Symlinking: /home/docker_user/ros2_ws_head/install/ti_mmwave_rospkg/share/ti_mmwave_rospkg/launch/rviz_old.rviz
[20.348s] -- Symlinking: /home/docker_user/ros2_ws_head/install/ti_mmwave_rospkg/share/ti_mmwave_rospkg/config/global_params.yaml
[20.357s] -- Symlinking: /home/docker_user/ros2_ws_head/install/ti_mmwave_rospkg/share/ti_mmwave_rospkg/cfg/1443_Standard.cfg
[20.365s] -- Symlinking: /home/docker_user/ros2_ws_head/install/ti_mmwave_rospkg/share/ti_mmwave_rospkg/cfg/1642_Standard.cfg
[20.375s] -- Symlinking: /home/docker_user/ros2_ws_head/install/ti_mmwave_rospkg/share/ti_mmwave_rospkg/cfg/1843_3d_hw_trig.cfg
[20.385s] -- Symlinking: /home/docker_user/ros2_ws_head/install/ti_mmwave_rospkg/share/ti_mmwave_rospkg/cfg/1843_Standard.cfg
[20.394s] -- Symlinking: /home/docker_user/ros2_ws_head/install/ti_mmwave_rospkg/share/ti_mmwave_rospkg/cfg/6432_Classification.cfg
[20.406s] -- Symlinking: /home/docker_user/ros2_ws_head/install/ti_mmwave_rospkg/share/ti_mmwave_rospkg/cfg/6432_Standard_Uncompressed.cfg
[20.414s] -- Symlinking: /home/docker_user/ros2_ws_head/install/ti_mmwave_rospkg/share/ti_mmwave_rospkg/cfg/6843AOP_FineMotion.cfg
[20.424s] -- Symlinking: /home/docker_user/ros2_ws_head/install/ti_mmwave_rospkg/share/ti_mmwave_rospkg/cfg/6843AOP_Standard.cfg
[20.433s] -- Symlinking: /home/docker_user/ros2_ws_head/install/ti_mmwave_rospkg/share/ti_mmwave_rospkg/cfg/6843AOP_StaticTracking.cfg
[20.442s] -- Symlinking: /home/docker_user/ros2_ws_head/install/ti_mmwave_rospkg/share/ti_mmwave_rospkg/cfg/6843AOP_Tracking.cfg
[20.449s] -- Symlinking: /home/docker_user/ros2_ws_head/install/ti_mmwave_rospkg/share/ti_mmwave_rospkg/cfg/6843ISK_Occupancy.cfg
[20.460s] -- Symlinking: /home/docker_user/ros2_ws_head/install/ti_mmwave_rospkg/share/ti_mmwave_rospkg/cfg/6843ISK_Standard.cfg
[20.470s] -- Symlinking: /home/docker_user/ros2_ws_head/install/ti_mmwave_rospkg/share/ti_mmwave_rospkg/cfg/6843ISK_Tracking.cfg
[20.479s] -- Symlinking: /home/docker_user/ros2_ws_head/install/ti_mmwave_rospkg/lib/ti_mmwave_rospkg/mmWaveCommSrv
[20.490s] -- Symlinking: /home/docker_user/ros2_ws_head/install/ti_mmwave_rospkg/lib/ti_mmwave_rospkg/mmWaveQuickConfig
[20.501s] -- Symlinking: /home/docker_user/ros2_ws_head/install/ti_mmwave_rospkg/lib/ti_mmwave_rospkg/ParameterParser
[20.509s] -- Symlinking: /home/docker_user/ros2_ws_head/install/ti_mmwave_rospkg/lib/ti_mmwave_rospkg/DataHandlerClass
[20.518s] -- Symlinking: /home/docker_user/ros2_ws_head/install/ti_mmwave_rospkg/include//DataHandlerClass.h
[20.528s] -- Symlinking: /home/docker_user/ros2_ws_head/install/ti_mmwave_rospkg/include//mmWave.h
[20.537s] -- Symlinking: /home/docker_user/ros2_ws_head/install/ti_mmwave_rospkg/share/ament_index/resource_index/package_run_dependencies/ti_mmwave_rospkg
[20.546s] -- Symlinking: /home/docker_user/ros2_ws_head/install/ti_mmwave_rospkg/share/ament_index/resource_index/parent_prefix_path/ti_mmwave_rospkg
[20.556s] -- Symlinking: /home/docker_user/ros2_ws_head/install/ti_mmwave_rospkg/share/ti_mmwave_rospkg/environment/ament_prefix_path.sh
[20.564s] -- Symlinking: /home/docker_user/ros2_ws_head/install/ti_mmwave_rospkg/share/ti_mmwave_rospkg/environment/ament_prefix_path.dsv
[20.574s] -- Symlinking: /home/docker_user/ros2_ws_head/install/ti_mmwave_rospkg/share/ti_mmwave_rospkg/environment/path.sh
[20.582s] -- Symlinking: /home/docker_user/ros2_ws_head/install/ti_mmwave_rospkg/share/ti_mmwave_rospkg/environment/path.dsv
[20.589s] -- Symlinking: /home/docker_user/ros2_ws_head/install/ti_mmwave_rospkg/share/ti_mmwave_rospkg/local_setup.bash
[20.599s] -- Symlinking: /home/docker_user/ros2_ws_head/install/ti_mmwave_rospkg/share/ti_mmwave_rospkg/local_setup.sh
[20.609s] -- Symlinking: /home/docker_user/ros2_ws_head/install/ti_mmwave_rospkg/share/ti_mmwave_rospkg/local_setup.zsh
[20.616s] -- Symlinking: /home/docker_user/ros2_ws_head/install/ti_mmwave_rospkg/share/ti_mmwave_rospkg/local_setup.dsv
[20.625s] -- Symlinking: /home/docker_user/ros2_ws_head/install/ti_mmwave_rospkg/share/ti_mmwave_rospkg/package.dsv
[20.636s] -- Symlinking: /home/docker_user/ros2_ws_head/install/ti_mmwave_rospkg/share/ament_index/resource_index/packages/ti_mmwave_rospkg
[20.648s] -- Symlinking: /home/docker_user/ros2_ws_head/install/ti_mmwave_rospkg/share/ti_mmwave_rospkg/cmake/ament_cmake_export_dependencies-extras.cmake
[20.658s] -- Symlinking: /home/docker_user/ros2_ws_head/install/ti_mmwave_rospkg/share/ti_mmwave_rospkg/cmake/ament_cmake_export_include_directories-extras.cmake
[20.669s] -- Symlinking: /home/docker_user/ros2_ws_head/install/ti_mmwave_rospkg/share/ti_mmwave_rospkg/cmake/ament_cmake_export_libraries-extras.cmake
[20.680s] -- Symlinking: /home/docker_user/ros2_ws_head/install/ti_mmwave_rospkg/share/ti_mmwave_rospkg/cmake/ti_mmwave_rospkgConfig.cmake
[20.690s] -- Symlinking: /home/docker_user/ros2_ws_head/install/ti_mmwave_rospkg/share/ti_mmwave_rospkg/cmake/ti_mmwave_rospkgConfig-version.cmake
[20.701s] -- Symlinking: /home/docker_user/ros2_ws_head/install/ti_mmwave_rospkg/share/ti_mmwave_rospkg/package.xml
[20.712s] Invoked command in '/home/docker_user/ros2_ws_head/build/ti_mmwave_rospkg' returned '0': AMENT_PREFIX_PATH=/home/docker_user/ros2_ws_head/install/ti_mmwave_rospkg_msgs:/home/docker_user/ros2_ws_head/install/serial:${AMENT_PREFIX_PATH} CMAKE_PREFIX_PATH=/home/docker_user/ros2_ws_head/install/ti_mmwave_rospkg_msgs:/home/docker_user/ros2_ws_head/install/serial:/opt/ros/humble LD_LIBRARY_PATH=/home/docker_user/ros2_ws_head/install/ti_mmwave_rospkg_msgs/lib:/home/docker_user/ros2_ws_head/install/serial/lib:${LD_LIBRARY_PATH} PYTHONPATH=/home/docker_user/ros2_ws_head/install/ti_mmwave_rospkg_msgs/local/lib/python3.10/dist-packages:${PYTHONPATH} /usr/bin/cmake --install /home/docker_user/ros2_ws_head/build/ti_mmwave_rospkg
