running egg_info
creating ../../build/sensors_bringup/sensors_bringup.egg-info
writing ../../build/sensors_bringup/sensors_bringup.egg-info/PKG-INFO
writing dependency_links to ../../build/sensors_bringup/sensors_bringup.egg-info/dependency_links.txt
writing entry points to ../../build/sensors_bringup/sensors_bringup.egg-info/entry_points.txt
writing requirements to ../../build/sensors_bringup/sensors_bringup.egg-info/requires.txt
writing top-level names to ../../build/sensors_bringup/sensors_bringup.egg-info/top_level.txt
writing manifest file '../../build/sensors_bringup/sensors_bringup.egg-info/SOURCES.txt'
reading manifest file '../../build/sensors_bringup/sensors_bringup.egg-info/SOURCES.txt'
adding license file 'LICENSE'
writing manifest file '../../build/sensors_bringup/sensors_bringup.egg-info/SOURCES.txt'
running build
running build_py
creating /home/docker_user/ros2_ws_head/build/sensors_bringup/build
creating /home/docker_user/ros2_ws_head/build/sensors_bringup/build/lib
creating /home/docker_user/ros2_ws_head/build/sensors_bringup/build/lib/sensors_bringup
copying sensors_bringup/camera_bringup.py -> /home/docker_user/ros2_ws_head/build/sensors_bringup/build/lib/sensors_bringup
copying sensors_bringup/static_transform.py -> /home/docker_user/ros2_ws_head/build/sensors_bringup/build/lib/sensors_bringup
copying sensors_bringup/undistort.py -> /home/docker_user/ros2_ws_head/build/sensors_bringup/build/lib/sensors_bringup
copying sensors_bringup/person_detect.py -> /home/docker_user/ros2_ws_head/build/sensors_bringup/build/lib/sensors_bringup
copying sensors_bringup/person_points.py -> /home/docker_user/ros2_ws_head/build/sensors_bringup/build/lib/sensors_bringup
copying sensors_bringup/__init__.py -> /home/docker_user/ros2_ws_head/build/sensors_bringup/build/lib/sensors_bringup
running install
running install_lib
creating /home/docker_user/ros2_ws_head/install/sensors_bringup/lib/python3.10/site-packages/sensors_bringup
copying /home/docker_user/ros2_ws_head/build/sensors_bringup/build/lib/sensors_bringup/camera_bringup.py -> /home/docker_user/ros2_ws_head/install/sensors_bringup/lib/python3.10/site-packages/sensors_bringup
copying /home/docker_user/ros2_ws_head/build/sensors_bringup/build/lib/sensors_bringup/static_transform.py -> /home/docker_user/ros2_ws_head/install/sensors_bringup/lib/python3.10/site-packages/sensors_bringup
copying /home/docker_user/ros2_ws_head/build/sensors_bringup/build/lib/sensors_bringup/undistort.py -> /home/docker_user/ros2_ws_head/install/sensors_bringup/lib/python3.10/site-packages/sensors_bringup
copying /home/docker_user/ros2_ws_head/build/sensors_bringup/build/lib/sensors_bringup/person_detect.py -> /home/docker_user/ros2_ws_head/install/sensors_bringup/lib/python3.10/site-packages/sensors_bringup
copying /home/docker_user/ros2_ws_head/build/sensors_bringup/build/lib/sensors_bringup/person_points.py -> /home/docker_user/ros2_ws_head/install/sensors_bringup/lib/python3.10/site-packages/sensors_bringup
copying /home/docker_user/ros2_ws_head/build/sensors_bringup/build/lib/sensors_bringup/__init__.py -> /home/docker_user/ros2_ws_head/install/sensors_bringup/lib/python3.10/site-packages/sensors_bringup
byte-compiling /home/docker_user/ros2_ws_head/install/sensors_bringup/lib/python3.10/site-packages/sensors_bringup/camera_bringup.py to camera_bringup.cpython-310.pyc
byte-compiling /home/docker_user/ros2_ws_head/install/sensors_bringup/lib/python3.10/site-packages/sensors_bringup/static_transform.py to static_transform.cpython-310.pyc
byte-compiling /home/docker_user/ros2_ws_head/install/sensors_bringup/lib/python3.10/site-packages/sensors_bringup/undistort.py to undistort.cpython-310.pyc
byte-compiling /home/docker_user/ros2_ws_head/install/sensors_bringup/lib/python3.10/site-packages/sensors_bringup/person_detect.py to person_detect.cpython-310.pyc
byte-compiling /home/docker_user/ros2_ws_head/install/sensors_bringup/lib/python3.10/site-packages/sensors_bringup/person_points.py to person_points.cpython-310.pyc
byte-compiling /home/docker_user/ros2_ws_head/install/sensors_bringup/lib/python3.10/site-packages/sensors_bringup/__init__.py to __init__.cpython-310.pyc
running install_data
creating /home/docker_user/ros2_ws_head/install/sensors_bringup/share/ament_index
creating /home/docker_user/ros2_ws_head/install/sensors_bringup/share/ament_index/resource_index
creating /home/docker_user/ros2_ws_head/install/sensors_bringup/share/ament_index/resource_index/packages
copying resource/sensors_bringup -> /home/docker_user/ros2_ws_head/install/sensors_bringup/share/ament_index/resource_index/packages
copying package.xml -> /home/docker_user/ros2_ws_head/install/sensors_bringup/share/sensors_bringup
creating /home/docker_user/ros2_ws_head/install/sensors_bringup/share/sensors_bringup/config
copying config/sensors_bringup_params.yaml -> /home/docker_user/ros2_ws_head/install/sensors_bringup/share/sensors_bringup/config
creating /home/docker_user/ros2_ws_head/install/sensors_bringup/share/sensors_bringup/launch
copying launch/sensors_bringup_launch.py -> /home/docker_user/ros2_ws_head/install/sensors_bringup/share/sensors_bringup/launch
running install_egg_info
Copying ../../build/sensors_bringup/sensors_bringup.egg-info to /home/docker_user/ros2_ws_head/install/sensors_bringup/lib/python3.10/site-packages/sensors_bringup-0.0.0-py3.10.egg-info
running install_scripts
Installing camera_bringup script to /home/docker_user/ros2_ws_head/install/sensors_bringup/lib/sensors_bringup
Installing person_detect script to /home/docker_user/ros2_ws_head/install/sensors_bringup/lib/sensors_bringup
Installing person_points script to /home/docker_user/ros2_ws_head/install/sensors_bringup/lib/sensors_bringup
Installing static_transform script to /home/docker_user/ros2_ws_head/install/sensors_bringup/lib/sensors_bringup
Installing undistort script to /home/docker_user/ros2_ws_head/install/sensors_bringup/lib/sensors_bringup
writing list of installed files to '/home/docker_user/ros2_ws_head/build/sensors_bringup/install.log'
