running develop
Removing /home/docker_user/ros2_ws_head/install/actuators_bringup/lib/python3.10/site-packages/actuators-bringup.egg-link (link to .)
running egg_info
writing ../../build/actuators_bringup/actuators_bringup.egg-info/PKG-INFO
writing dependency_links to ../../build/actuators_bringup/actuators_bringup.egg-info/dependency_links.txt
writing entry points to ../../build/actuators_bringup/actuators_bringup.egg-info/entry_points.txt
writing requirements to ../../build/actuators_bringup/actuators_bringup.egg-info/requires.txt
writing top-level names to ../../build/actuators_bringup/actuators_bringup.egg-info/top_level.txt
reading manifest file '../../build/actuators_bringup/actuators_bringup.egg-info/SOURCES.txt'
adding license file 'LICENSE'
writing manifest file '../../build/actuators_bringup/actuators_bringup.egg-info/SOURCES.txt'
running build
running build_py
creating /home/docker_user/ros2_ws_head/build/actuators_bringup/build
creating /home/docker_user/ros2_ws_head/build/actuators_bringup/build/lib
creating /home/docker_user/ros2_ws_head/build/actuators_bringup/build/lib/actuators_bringup
copying actuators_bringup/actuators.py -> /home/docker_user/ros2_ws_head/build/actuators_bringup/build/lib/actuators_bringup
copying actuators_bringup/__init__.py -> /home/docker_user/ros2_ws_head/build/actuators_bringup/build/lib/actuators_bringup
running install
running install_lib
creating /home/docker_user/ros2_ws_head/install/actuators_bringup/lib/python3.10/site-packages/actuators_bringup
copying /home/docker_user/ros2_ws_head/build/actuators_bringup/build/lib/actuators_bringup/actuators.py -> /home/docker_user/ros2_ws_head/install/actuators_bringup/lib/python3.10/site-packages/actuators_bringup
copying /home/docker_user/ros2_ws_head/build/actuators_bringup/build/lib/actuators_bringup/__init__.py -> /home/docker_user/ros2_ws_head/install/actuators_bringup/lib/python3.10/site-packages/actuators_bringup
byte-compiling /home/docker_user/ros2_ws_head/install/actuators_bringup/lib/python3.10/site-packages/actuators_bringup/actuators.py to actuators.cpython-310.pyc
byte-compiling /home/docker_user/ros2_ws_head/install/actuators_bringup/lib/python3.10/site-packages/actuators_bringup/__init__.py to __init__.cpython-310.pyc
running install_data
copying resource/actuators_bringup -> /home/docker_user/ros2_ws_head/install/actuators_bringup/share/ament_index/resource_index/packages
copying package.xml -> /home/docker_user/ros2_ws_head/install/actuators_bringup/share/actuators_bringup
copying config/actuators_bringup_params.yaml -> /home/docker_user/ros2_ws_head/install/actuators_bringup/share/actuators_bringup/config
copying launch/actuators_bringup_launch.py -> /home/docker_user/ros2_ws_head/install/actuators_bringup/share/actuators_bringup/launch
running install_egg_info
Copying ../../build/actuators_bringup/actuators_bringup.egg-info to /home/docker_user/ros2_ws_head/install/actuators_bringup/lib/python3.10/site-packages/actuators_bringup-0.0.0-py3.10.egg-info
running install_scripts
Installing actuators script to /home/docker_user/ros2_ws_head/install/actuators_bringup/lib/actuators_bringup
writing list of installed files to '/home/docker_user/ros2_ws_head/build/actuators_bringup/install.log'
