[0.623s] Invoking command in '/home/docker_user/ros2_ws_head/build/actuators_bringup': PYTHONPATH=/home/docker_user/ros2_ws_head/build/actuators_bringup/prefix_override:/usr/lib/python3/dist-packages/colcon_core/task/python/colcon_distutils_commands:/home/docker_user/ros2_ws_head/install/actuators_bringup/lib/python3.10/site-packages:${PYTHONPATH} /usr/bin/python3 -W ignore:setup.py install is deprecated -W ignore:easy_install command is deprecated setup.py develop --uninstall --editable --build-directory /home/docker_user/ros2_ws_head/build/actuators_bringup/build
[0.774s] running develop
[0.823s] Removing /home/docker_user/ros2_ws_head/install/actuators_bringup/lib/python3.10/site-packages/actuators-bringup.egg-link (link to .)
[0.840s] Invoked command in '/home/docker_user/ros2_ws_head/build/actuators_bringup' returned '0': PYTHONPATH=/home/docker_user/ros2_ws_head/build/actuators_bringup/prefix_override:/usr/lib/python3/dist-packages/colcon_core/task/python/colcon_distutils_commands:/home/docker_user/ros2_ws_head/install/actuators_bringup/lib/python3.10/site-packages:${PYTHONPATH} /usr/bin/python3 -W ignore:setup.py install is deprecated -W ignore:easy_install command is deprecated setup.py develop --uninstall --editable --build-directory /home/docker_user/ros2_ws_head/build/actuators_bringup/build
[0.842s] Invoking command in '/home/docker_user/ros2_ws_head/src/actuators_bringup': PYTHONPATH=/home/docker_user/ros2_ws_head/build/actuators_bringup/prefix_override:/usr/lib/python3/dist-packages/colcon_core/task/python/colcon_distutils_commands:/home/docker_user/ros2_ws_head/install/actuators_bringup/lib/python3.10/site-packages:${PYTHONPATH} /usr/bin/python3 -W ignore:setup.py install is deprecated -W ignore:easy_install command is deprecated setup.py egg_info --egg-base ../../build/actuators_bringup build --build-base /home/docker_user/ros2_ws_head/build/actuators_bringup/build install --record /home/docker_user/ros2_ws_head/build/actuators_bringup/install.log --single-version-externally-managed install_data --force
[0.957s] running egg_info
[0.958s] writing ../../build/actuators_bringup/actuators_bringup.egg-info/PKG-INFO
[0.958s] writing dependency_links to ../../build/actuators_bringup/actuators_bringup.egg-info/dependency_links.txt
[0.958s] writing entry points to ../../build/actuators_bringup/actuators_bringup.egg-info/entry_points.txt
[0.958s] writing requirements to ../../build/actuators_bringup/actuators_bringup.egg-info/requires.txt
[0.958s] writing top-level names to ../../build/actuators_bringup/actuators_bringup.egg-info/top_level.txt
[0.959s] reading manifest file '../../build/actuators_bringup/actuators_bringup.egg-info/SOURCES.txt'
[0.960s] adding license file 'LICENSE'
[0.960s] writing manifest file '../../build/actuators_bringup/actuators_bringup.egg-info/SOURCES.txt'
[0.960s] running build
[0.960s] running build_py
[0.960s] creating /home/docker_user/ros2_ws_head/build/actuators_bringup/build
[0.961s] creating /home/docker_user/ros2_ws_head/build/actuators_bringup/build/lib
[0.961s] creating /home/docker_user/ros2_ws_head/build/actuators_bringup/build/lib/actuators_bringup
[0.961s] copying actuators_bringup/actuators.py -> /home/docker_user/ros2_ws_head/build/actuators_bringup/build/lib/actuators_bringup
[0.961s] copying actuators_bringup/__init__.py -> /home/docker_user/ros2_ws_head/build/actuators_bringup/build/lib/actuators_bringup
[0.961s] running install
[0.961s] running install_lib
[0.961s] creating /home/docker_user/ros2_ws_head/install/actuators_bringup/lib/python3.10/site-packages/actuators_bringup
[0.961s] copying /home/docker_user/ros2_ws_head/build/actuators_bringup/build/lib/actuators_bringup/actuators.py -> /home/docker_user/ros2_ws_head/install/actuators_bringup/lib/python3.10/site-packages/actuators_bringup
[0.961s] copying /home/docker_user/ros2_ws_head/build/actuators_bringup/build/lib/actuators_bringup/__init__.py -> /home/docker_user/ros2_ws_head/install/actuators_bringup/lib/python3.10/site-packages/actuators_bringup
[0.961s] byte-compiling /home/docker_user/ros2_ws_head/install/actuators_bringup/lib/python3.10/site-packages/actuators_bringup/actuators.py to actuators.cpython-310.pyc
[0.961s] byte-compiling /home/docker_user/ros2_ws_head/install/actuators_bringup/lib/python3.10/site-packages/actuators_bringup/__init__.py to __init__.cpython-310.pyc
[0.961s] running install_data
[0.961s] copying resource/actuators_bringup -> /home/docker_user/ros2_ws_head/install/actuators_bringup/share/ament_index/resource_index/packages
[0.962s] copying package.xml -> /home/docker_user/ros2_ws_head/install/actuators_bringup/share/actuators_bringup
[0.962s] copying config/actuators_bringup_params.yaml -> /home/docker_user/ros2_ws_head/install/actuators_bringup/share/actuators_bringup/config
[0.962s] copying launch/actuators_bringup_launch.py -> /home/docker_user/ros2_ws_head/install/actuators_bringup/share/actuators_bringup/launch
[0.962s] running install_egg_info
[0.963s] Copying ../../build/actuators_bringup/actuators_bringup.egg-info to /home/docker_user/ros2_ws_head/install/actuators_bringup/lib/python3.10/site-packages/actuators_bringup-0.0.0-py3.10.egg-info
[0.964s] running install_scripts
[0.977s] Installing actuators script to /home/docker_user/ros2_ws_head/install/actuators_bringup/lib/actuators_bringup
[0.977s] writing list of installed files to '/home/docker_user/ros2_ws_head/build/actuators_bringup/install.log'
[0.991s] Invoked command in '/home/docker_user/ros2_ws_head/src/actuators_bringup' returned '0': PYTHONPATH=/home/docker_user/ros2_ws_head/build/actuators_bringup/prefix_override:/usr/lib/python3/dist-packages/colcon_core/task/python/colcon_distutils_commands:/home/docker_user/ros2_ws_head/install/actuators_bringup/lib/python3.10/site-packages:${PYTHONPATH} /usr/bin/python3 -W ignore:setup.py install is deprecated -W ignore:easy_install command is deprecated setup.py egg_info --egg-base ../../build/actuators_bringup build --build-base /home/docker_user/ros2_ws_head/build/actuators_bringup/build install --record /home/docker_user/ros2_ws_head/build/actuators_bringup/install.log --single-version-externally-managed install_data --force
