-- The C compiler identification is GNU 11.4.0
-- The CXX compiler identification is GNU 11.4.0
-- Detecting C compiler ABI info
-- Detecting C compiler ABI info - done
-- Check for working C compiler: /usr/bin/cc - skipped
-- Detecting C compile features
-- Detecting C compile features - done
-- Detecting CXX compiler ABI info
-- Detecting CXX compiler ABI info - done
-- Check for working CXX compiler: /usr/bin/c++ - skipped
-- Detecting CXX compile features
-- Detecting CXX compile features - done
-- Found ament_cmake: 1.3.12 (/opt/ros/humble/share/ament_cmake/cmake)
-- Found Python3: /usr/bin/python3 (found version "3.10.12") found components: Interpreter 
-- Override CMake install command with custom implementation using symlinks instead of copying resources
-- Found rosidl_default_generators: 1.2.0 (/opt/ros/humble/share/rosidl_default_generators/cmake)
-- Using all available rosidl_typesupport_c: rosidl_typesupport_fastrtps_c;rosidl_typesupport_introspection_c
-- Found rosidl_adapter: 3.1.7 (/opt/ros/humble/share/rosidl_adapter/cmake)
-- Using all available rosidl_typesupport_cpp: rosidl_typesupport_fastrtps_cpp;rosidl_typesupport_introspection_cpp
-- Found ament_cmake_ros: 0.10.0 (/opt/ros/humble/share/ament_cmake_ros/cmake)
-- Using all available rosidl_typesupport_c: rosidl_typesupport_fastrtps_c;rosidl_typesupport_introspection_c
-- Using all available rosidl_typesupport_cpp: rosidl_typesupport_fastrtps_cpp;rosidl_typesupport_introspection_cpp
-- Found PythonInterp: /usr/bin/python3 (found suitable version "3.10.12", minimum required is "3.6") 
-- Found python_cmake_module: 0.10.0 (/opt/ros/humble/share/python_cmake_module/cmake)
-- Found PythonLibs: /usr/lib/x86_64-linux-gnu/libpython3.10.so (found suitable version "3.10.12", minimum required is "3.5") 
-- Using PYTHON_EXECUTABLE: /usr/bin/python3
-- Using PYTHON_INCLUDE_DIRS: /usr/include/python3.10
-- Using PYTHON_LIBRARIES: /usr/lib/x86_64-linux-gnu/libpython3.10.so
-- Found PythonExtra: .so  
-- Configuring done
-- Generating done
-- Build files have been written to: /home/docker_user/ros2_ws_head/build/posture_analysis_msgs
[  3%] Generating C code for ROS interfaces
[  3%] Built target ament_cmake_python_symlink_posture_analysis_msgs
[  6%] Generating C++ code for ROS interfaces
running egg_info
creating posture_analysis_msgs.egg-info
writing posture_analysis_msgs.egg-info/PKG-INFO
writing dependency_links to posture_analysis_msgs.egg-info/dependency_links.txt
writing top-level names to posture_analysis_msgs.egg-info/top_level.txt
writing manifest file 'posture_analysis_msgs.egg-info/SOURCES.txt'
reading manifest file 'posture_analysis_msgs.egg-info/SOURCES.txt'
writing manifest file 'posture_analysis_msgs.egg-info/SOURCES.txt'
[  6%] Built target ament_cmake_python_build_posture_analysis_msgs_egg
[  9%] Building C object CMakeFiles/posture_analysis_msgs__rosidl_generator_c.dir/rosidl_generator_c/posture_analysis_msgs/msg/detail/posture__functions.c.o
[ 12%] Linking C shared library libposture_analysis_msgs__rosidl_generator_c.so
[ 12%] Built target posture_analysis_msgs__cpp
[ 16%] Generating C++ type support for eProsima Fast-RTPS
[ 16%] Built target posture_analysis_msgs__rosidl_generator_c
[ 19%] Generating C++ type support dispatch for ROS interfaces
[ 22%] Generating C++ introspection for ROS interfaces
[ 25%] Generating C type support dispatch for ROS interfaces
[ 29%] Generating C type support for eProsima Fast-RTPS
[ 32%] Generating C introspection for ROS interfaces
[ 35%] Building CXX object CMakeFiles/posture_analysis_msgs__rosidl_typesupport_cpp.dir/rosidl_typesupport_cpp/posture_analysis_msgs/msg/posture__type_support.cpp.o
[ 38%] Building CXX object CMakeFiles/posture_analysis_msgs__rosidl_typesupport_introspection_cpp.dir/rosidl_typesupport_introspection_cpp/posture_analysis_msgs/msg/detail/posture__type_support.cpp.o
[ 41%] Building CXX object CMakeFiles/posture_analysis_msgs__rosidl_typesupport_fastrtps_cpp.dir/rosidl_typesupport_fastrtps_cpp/posture_analysis_msgs/msg/detail/dds_fastrtps/posture__type_support.cpp.o
[ 45%] Building CXX object CMakeFiles/posture_analysis_msgs__rosidl_typesupport_c.dir/rosidl_typesupport_c/posture_analysis_msgs/msg/posture__type_support.cpp.o
[ 48%] Building CXX object CMakeFiles/posture_analysis_msgs__rosidl_typesupport_fastrtps_c.dir/rosidl_typesupport_fastrtps_c/posture_analysis_msgs/msg/detail/posture__type_support_c.cpp.o
[ 51%] Building C object CMakeFiles/posture_analysis_msgs__rosidl_typesupport_introspection_c.dir/rosidl_typesupport_introspection_c/posture_analysis_msgs/msg/detail/posture__type_support.c.o
[ 54%] Linking CXX shared library libposture_analysis_msgs__rosidl_typesupport_c.so
[ 58%] Linking C shared library libposture_analysis_msgs__rosidl_typesupport_introspection_c.so
[ 58%] Built target posture_analysis_msgs__rosidl_typesupport_c
[ 61%] Linking CXX shared library libposture_analysis_msgs__rosidl_typesupport_cpp.so
[ 61%] Built target posture_analysis_msgs__rosidl_typesupport_introspection_c
[ 61%] Built target posture_analysis_msgs__rosidl_typesupport_cpp
[ 64%] Linking CXX shared library libposture_analysis_msgs__rosidl_typesupport_introspection_cpp.so
[ 64%] Built target posture_analysis_msgs__rosidl_typesupport_introspection_cpp
[ 67%] Linking CXX shared library libposture_analysis_msgs__rosidl_typesupport_fastrtps_c.so
[ 70%] Linking CXX shared library libposture_analysis_msgs__rosidl_typesupport_fastrtps_cpp.so
[ 70%] Built target posture_analysis_msgs__rosidl_typesupport_fastrtps_c
[ 70%] Built target posture_analysis_msgs__rosidl_typesupport_fastrtps_cpp
[ 70%] Built target posture_analysis_msgs
[ 74%] Generating Python code for ROS interfaces
[ 74%] Built target posture_analysis_msgs__py
[ 77%] Building C object CMakeFiles/posture_analysis_msgs__rosidl_generator_py.dir/rosidl_generator_py/posture_analysis_msgs/msg/_posture_s.c.o
[ 80%] Linking C shared library rosidl_generator_py/posture_analysis_msgs/libposture_analysis_msgs__rosidl_generator_py.so
[ 80%] Built target posture_analysis_msgs__rosidl_generator_py
[ 83%] Building C object CMakeFiles/posture_analysis_msgs__rosidl_typesupport_fastrtps_c__pyext.dir/rosidl_generator_py/posture_analysis_msgs/_posture_analysis_msgs_s.ep.rosidl_typesupport_fastrtps_c.c.o
[ 87%] Building C object CMakeFiles/posture_analysis_msgs__rosidl_typesupport_introspection_c__pyext.dir/rosidl_generator_py/posture_analysis_msgs/_posture_analysis_msgs_s.ep.rosidl_typesupport_introspection_c.c.o
[ 90%] Building C object CMakeFiles/posture_analysis_msgs__rosidl_typesupport_c__pyext.dir/rosidl_generator_py/posture_analysis_msgs/_posture_analysis_msgs_s.ep.rosidl_typesupport_c.c.o
[ 93%] Linking C shared library rosidl_generator_py/posture_analysis_msgs/posture_analysis_msgs_s__rosidl_typesupport_fastrtps_c.cpython-310-x86_64-linux-gnu.so
[ 96%] Linking C shared library rosidl_generator_py/posture_analysis_msgs/posture_analysis_msgs_s__rosidl_typesupport_introspection_c.cpython-310-x86_64-linux-gnu.so
[100%] Linking C shared library rosidl_generator_py/posture_analysis_msgs/posture_analysis_msgs_s__rosidl_typesupport_c.cpython-310-x86_64-linux-gnu.so
[100%] Built target posture_analysis_msgs__rosidl_typesupport_fastrtps_c__pyext
[100%] Built target posture_analysis_msgs__rosidl_typesupport_introspection_c__pyext
[100%] Built target posture_analysis_msgs__rosidl_typesupport_c__pyext
-- Install configuration: ""
-- Execute custom install script
-- Symlinking: /home/docker_user/ros2_ws_head/install/posture_analysis_msgs/share/ament_index/resource_index/rosidl_interfaces/posture_analysis_msgs
-- Symlinking: /home/docker_user/ros2_ws_head/install/posture_analysis_msgs/include/posture_analysis_msgs/posture_analysis_msgs/msg/detail/posture__functions.h
-- Symlinking: /home/docker_user/ros2_ws_head/install/posture_analysis_msgs/include/posture_analysis_msgs/posture_analysis_msgs/msg/detail/posture__struct.h
-- Symlinking: /home/docker_user/ros2_ws_head/install/posture_analysis_msgs/include/posture_analysis_msgs/posture_analysis_msgs/msg/detail/posture__type_support.h
-- Symlinking: /home/docker_user/ros2_ws_head/install/posture_analysis_msgs/include/posture_analysis_msgs/posture_analysis_msgs/msg/posture.h
-- Symlinking: /home/docker_user/ros2_ws_head/install/posture_analysis_msgs/include/posture_analysis_msgs/posture_analysis_msgs/msg/rosidl_generator_c__visibility_control.h
-- Symlinking: /home/docker_user/ros2_ws_head/install/posture_analysis_msgs/share/posture_analysis_msgs/environment/library_path.sh
-- Symlinking: /home/docker_user/ros2_ws_head/install/posture_analysis_msgs/share/posture_analysis_msgs/environment/library_path.dsv
-- Symlinking: /home/docker_user/ros2_ws_head/install/posture_analysis_msgs/include/posture_analysis_msgs/posture_analysis_msgs/msg/detail/posture__rosidl_typesupport_fastrtps_c.h
-- Symlinking: /home/docker_user/ros2_ws_head/install/posture_analysis_msgs/include/posture_analysis_msgs/posture_analysis_msgs/msg/rosidl_typesupport_fastrtps_c__visibility_control.h
-- Symlinking: /home/docker_user/ros2_ws_head/install/posture_analysis_msgs/include/posture_analysis_msgs/posture_analysis_msgs/msg/detail/posture__rosidl_typesupport_introspection_c.h
-- Symlinking: /home/docker_user/ros2_ws_head/install/posture_analysis_msgs/include/posture_analysis_msgs/posture_analysis_msgs/msg/rosidl_typesupport_introspection_c__visibility_control.h
-- Symlinking: /home/docker_user/ros2_ws_head/install/posture_analysis_msgs/include/posture_analysis_msgs/posture_analysis_msgs/msg/detail/posture__builder.hpp
-- Symlinking: /home/docker_user/ros2_ws_head/install/posture_analysis_msgs/include/posture_analysis_msgs/posture_analysis_msgs/msg/detail/posture__struct.hpp
-- Symlinking: /home/docker_user/ros2_ws_head/install/posture_analysis_msgs/include/posture_analysis_msgs/posture_analysis_msgs/msg/detail/posture__traits.hpp
-- Symlinking: /home/docker_user/ros2_ws_head/install/posture_analysis_msgs/include/posture_analysis_msgs/posture_analysis_msgs/msg/detail/posture__type_support.hpp
-- Symlinking: /home/docker_user/ros2_ws_head/install/posture_analysis_msgs/include/posture_analysis_msgs/posture_analysis_msgs/msg/posture.hpp
-- Symlinking: /home/docker_user/ros2_ws_head/install/posture_analysis_msgs/include/posture_analysis_msgs/posture_analysis_msgs/msg/rosidl_generator_cpp__visibility_control.hpp
-- Symlinking: /home/docker_user/ros2_ws_head/install/posture_analysis_msgs/include/posture_analysis_msgs/posture_analysis_msgs/msg/detail/posture__rosidl_typesupport_fastrtps_cpp.hpp
-- Symlinking: /home/docker_user/ros2_ws_head/install/posture_analysis_msgs/include/posture_analysis_msgs/posture_analysis_msgs/msg/rosidl_typesupport_fastrtps_cpp__visibility_control.h
-- Symlinking: /home/docker_user/ros2_ws_head/install/posture_analysis_msgs/include/posture_analysis_msgs/posture_analysis_msgs/msg/detail/posture__rosidl_typesupport_introspection_cpp.hpp
-- Symlinking: /home/docker_user/ros2_ws_head/install/posture_analysis_msgs/share/posture_analysis_msgs/environment/pythonpath.sh
-- Symlinking: /home/docker_user/ros2_ws_head/install/posture_analysis_msgs/share/posture_analysis_msgs/environment/pythonpath.dsv
-- Symlinking: /home/docker_user/ros2_ws_head/install/posture_analysis_msgs/local/lib/python3.10/dist-packages/posture_analysis_msgs-0.0.0-py3.10.egg-info/PKG-INFO
-- Symlinking: /home/docker_user/ros2_ws_head/install/posture_analysis_msgs/local/lib/python3.10/dist-packages/posture_analysis_msgs-0.0.0-py3.10.egg-info/SOURCES.txt
-- Symlinking: /home/docker_user/ros2_ws_head/install/posture_analysis_msgs/local/lib/python3.10/dist-packages/posture_analysis_msgs-0.0.0-py3.10.egg-info/dependency_links.txt
-- Symlinking: /home/docker_user/ros2_ws_head/install/posture_analysis_msgs/local/lib/python3.10/dist-packages/posture_analysis_msgs-0.0.0-py3.10.egg-info/top_level.txt
-- Symlinking: /home/docker_user/ros2_ws_head/install/posture_analysis_msgs/local/lib/python3.10/dist-packages/posture_analysis_msgs/__init__.py
-- Symlinking: /home/docker_user/ros2_ws_head/install/posture_analysis_msgs/local/lib/python3.10/dist-packages/posture_analysis_msgs/_posture_analysis_msgs_s.ep.rosidl_typesupport_c.c
-- Symlinking: /home/docker_user/ros2_ws_head/install/posture_analysis_msgs/local/lib/python3.10/dist-packages/posture_analysis_msgs/_posture_analysis_msgs_s.ep.rosidl_typesupport_fastrtps_c.c
-- Symlinking: /home/docker_user/ros2_ws_head/install/posture_analysis_msgs/local/lib/python3.10/dist-packages/posture_analysis_msgs/_posture_analysis_msgs_s.ep.rosidl_typesupport_introspection_c.c
-- Symlinking: /home/docker_user/ros2_ws_head/install/posture_analysis_msgs/local/lib/python3.10/dist-packages/posture_analysis_msgs/libposture_analysis_msgs__rosidl_generator_py.so
-- Symlinking: /home/docker_user/ros2_ws_head/install/posture_analysis_msgs/local/lib/python3.10/dist-packages/posture_analysis_msgs/msg/__init__.py
-- Symlinking: /home/docker_user/ros2_ws_head/install/posture_analysis_msgs/local/lib/python3.10/dist-packages/posture_analysis_msgs/msg/_posture.py
-- Symlinking: /home/docker_user/ros2_ws_head/install/posture_analysis_msgs/local/lib/python3.10/dist-packages/posture_analysis_msgs/msg/_posture_s.c
-- Symlinking: /home/docker_user/ros2_ws_head/install/posture_analysis_msgs/local/lib/python3.10/dist-packages/posture_analysis_msgs/posture_analysis_msgs_s__rosidl_typesupport_c.cpython-310-x86_64-linux-gnu.so
-- Symlinking: /home/docker_user/ros2_ws_head/install/posture_analysis_msgs/local/lib/python3.10/dist-packages/posture_analysis_msgs/posture_analysis_msgs_s__rosidl_typesupport_fastrtps_c.cpython-310-x86_64-linux-gnu.so
-- Symlinking: /home/docker_user/ros2_ws_head/install/posture_analysis_msgs/local/lib/python3.10/dist-packages/posture_analysis_msgs/posture_analysis_msgs_s__rosidl_typesupport_introspection_c.cpython-310-x86_64-linux-gnu.so
-- Up-to-date symlink: /home/docker_user/ros2_ws_head/install/posture_analysis_msgs/local/lib/python3.10/dist-packages/posture_analysis_msgs/posture_analysis_msgs_s__rosidl_typesupport_fastrtps_c.cpython-310-x86_64-linux-gnu.so
-- Up-to-date symlink: /home/docker_user/ros2_ws_head/install/posture_analysis_msgs/local/lib/python3.10/dist-packages/posture_analysis_msgs/posture_analysis_msgs_s__rosidl_typesupport_introspection_c.cpython-310-x86_64-linux-gnu.so
-- Up-to-date symlink: /home/docker_user/ros2_ws_head/install/posture_analysis_msgs/local/lib/python3.10/dist-packages/posture_analysis_msgs/posture_analysis_msgs_s__rosidl_typesupport_c.cpython-310-x86_64-linux-gnu.so
-- Symlinking: /home/docker_user/ros2_ws_head/install/posture_analysis_msgs/share/posture_analysis_msgs/msg/Posture.idl
-- Symlinking: /home/docker_user/ros2_ws_head/install/posture_analysis_msgs/share/posture_analysis_msgs/msg/Posture.msg
-- Symlinking: /home/docker_user/ros2_ws_head/install/posture_analysis_msgs/share/ament_index/resource_index/package_run_dependencies/posture_analysis_msgs
-- Symlinking: /home/docker_user/ros2_ws_head/install/posture_analysis_msgs/share/ament_index/resource_index/parent_prefix_path/posture_analysis_msgs
-- Symlinking: /home/docker_user/ros2_ws_head/install/posture_analysis_msgs/share/posture_analysis_msgs/environment/ament_prefix_path.sh
-- Symlinking: /home/docker_user/ros2_ws_head/install/posture_analysis_msgs/share/posture_analysis_msgs/environment/ament_prefix_path.dsv
-- Symlinking: /home/docker_user/ros2_ws_head/install/posture_analysis_msgs/share/posture_analysis_msgs/environment/path.sh
-- Symlinking: /home/docker_user/ros2_ws_head/install/posture_analysis_msgs/share/posture_analysis_msgs/environment/path.dsv
-- Symlinking: /home/docker_user/ros2_ws_head/install/posture_analysis_msgs/share/posture_analysis_msgs/local_setup.bash
-- Symlinking: /home/docker_user/ros2_ws_head/install/posture_analysis_msgs/share/posture_analysis_msgs/local_setup.sh
-- Symlinking: /home/docker_user/ros2_ws_head/install/posture_analysis_msgs/share/posture_analysis_msgs/local_setup.zsh
-- Symlinking: /home/docker_user/ros2_ws_head/install/posture_analysis_msgs/share/posture_analysis_msgs/local_setup.dsv
-- Symlinking: /home/docker_user/ros2_ws_head/install/posture_analysis_msgs/share/posture_analysis_msgs/package.dsv
-- Symlinking: /home/docker_user/ros2_ws_head/install/posture_analysis_msgs/share/ament_index/resource_index/packages/posture_analysis_msgs
-- Symlinking: /home/docker_user/ros2_ws_head/install/posture_analysis_msgs/share/posture_analysis_msgs/cmake/rosidl_cmake-extras.cmake
-- Symlinking: /home/docker_user/ros2_ws_head/install/posture_analysis_msgs/share/posture_analysis_msgs/cmake/ament_cmake_export_include_directories-extras.cmake
-- Symlinking: /home/docker_user/ros2_ws_head/install/posture_analysis_msgs/share/posture_analysis_msgs/cmake/ament_cmake_export_libraries-extras.cmake
-- Symlinking: /home/docker_user/ros2_ws_head/install/posture_analysis_msgs/share/posture_analysis_msgs/cmake/ament_cmake_export_targets-extras.cmake
-- Symlinking: /home/docker_user/ros2_ws_head/install/posture_analysis_msgs/share/posture_analysis_msgs/cmake/rosidl_cmake_export_typesupport_targets-extras.cmake
-- Symlinking: /home/docker_user/ros2_ws_head/install/posture_analysis_msgs/share/posture_analysis_msgs/cmake/ament_cmake_export_dependencies-extras.cmake
-- Symlinking: /home/docker_user/ros2_ws_head/install/posture_analysis_msgs/share/posture_analysis_msgs/cmake/rosidl_cmake_export_typesupport_libraries-extras.cmake
-- Symlinking: /home/docker_user/ros2_ws_head/install/posture_analysis_msgs/share/posture_analysis_msgs/cmake/posture_analysis_msgsConfig.cmake
-- Symlinking: /home/docker_user/ros2_ws_head/install/posture_analysis_msgs/share/posture_analysis_msgs/cmake/posture_analysis_msgsConfig-version.cmake
-- Symlinking: /home/docker_user/ros2_ws_head/install/posture_analysis_msgs/share/posture_analysis_msgs/package.xml
-- Installing: /home/docker_user/ros2_ws_head/install/posture_analysis_msgs/lib/libposture_analysis_msgs__rosidl_generator_c.so
-- Set runtime path of "/home/docker_user/ros2_ws_head/install/posture_analysis_msgs/lib/libposture_analysis_msgs__rosidl_generator_c.so" to ""
-- Installing: /home/docker_user/ros2_ws_head/install/posture_analysis_msgs/lib/libposture_analysis_msgs__rosidl_typesupport_fastrtps_c.so
-- Set runtime path of "/home/docker_user/ros2_ws_head/install/posture_analysis_msgs/lib/libposture_analysis_msgs__rosidl_typesupport_fastrtps_c.so" to ""
-- Installing: /home/docker_user/ros2_ws_head/install/posture_analysis_msgs/lib/libposture_analysis_msgs__rosidl_typesupport_introspection_c.so
-- Set runtime path of "/home/docker_user/ros2_ws_head/install/posture_analysis_msgs/lib/libposture_analysis_msgs__rosidl_typesupport_introspection_c.so" to ""
-- Installing: /home/docker_user/ros2_ws_head/install/posture_analysis_msgs/lib/libposture_analysis_msgs__rosidl_typesupport_c.so
-- Set runtime path of "/home/docker_user/ros2_ws_head/install/posture_analysis_msgs/lib/libposture_analysis_msgs__rosidl_typesupport_c.so" to ""
-- Installing: /home/docker_user/ros2_ws_head/install/posture_analysis_msgs/lib/libposture_analysis_msgs__rosidl_typesupport_fastrtps_cpp.so
-- Set runtime path of "/home/docker_user/ros2_ws_head/install/posture_analysis_msgs/lib/libposture_analysis_msgs__rosidl_typesupport_fastrtps_cpp.so" to ""
-- Installing: /home/docker_user/ros2_ws_head/install/posture_analysis_msgs/lib/libposture_analysis_msgs__rosidl_typesupport_introspection_cpp.so
-- Set runtime path of "/home/docker_user/ros2_ws_head/install/posture_analysis_msgs/lib/libposture_analysis_msgs__rosidl_typesupport_introspection_cpp.so" to ""
-- Installing: /home/docker_user/ros2_ws_head/install/posture_analysis_msgs/lib/libposture_analysis_msgs__rosidl_typesupport_cpp.so
-- Set runtime path of "/home/docker_user/ros2_ws_head/install/posture_analysis_msgs/lib/libposture_analysis_msgs__rosidl_typesupport_cpp.so" to ""
Listing '/home/docker_user/ros2_ws_head/install/posture_analysis_msgs/local/lib/python3.10/dist-packages/posture_analysis_msgs'...
Compiling '/home/docker_user/ros2_ws_head/install/posture_analysis_msgs/local/lib/python3.10/dist-packages/posture_analysis_msgs/__init__.py'...
Listing '/home/docker_user/ros2_ws_head/install/posture_analysis_msgs/local/lib/python3.10/dist-packages/posture_analysis_msgs/msg'...
Compiling '/home/docker_user/ros2_ws_head/install/posture_analysis_msgs/local/lib/python3.10/dist-packages/posture_analysis_msgs/msg/__init__.py'...
Compiling '/home/docker_user/ros2_ws_head/install/posture_analysis_msgs/local/lib/python3.10/dist-packages/posture_analysis_msgs/msg/_posture.py'...
-- Installing: /home/docker_user/ros2_ws_head/install/posture_analysis_msgs/lib/libposture_analysis_msgs__rosidl_generator_py.so
-- Set runtime path of "/home/docker_user/ros2_ws_head/install/posture_analysis_msgs/lib/libposture_analysis_msgs__rosidl_generator_py.so" to ""
-- Installing: /home/docker_user/ros2_ws_head/install/posture_analysis_msgs/share/posture_analysis_msgs/cmake/export_posture_analysis_msgs__rosidl_generator_cExport.cmake
-- Installing: /home/docker_user/ros2_ws_head/install/posture_analysis_msgs/share/posture_analysis_msgs/cmake/export_posture_analysis_msgs__rosidl_generator_cExport-noconfig.cmake
-- Installing: /home/docker_user/ros2_ws_head/install/posture_analysis_msgs/share/posture_analysis_msgs/cmake/export_posture_analysis_msgs__rosidl_typesupport_fastrtps_cExport.cmake
-- Installing: /home/docker_user/ros2_ws_head/install/posture_analysis_msgs/share/posture_analysis_msgs/cmake/export_posture_analysis_msgs__rosidl_typesupport_fastrtps_cExport-noconfig.cmake
-- Installing: /home/docker_user/ros2_ws_head/install/posture_analysis_msgs/share/posture_analysis_msgs/cmake/posture_analysis_msgs__rosidl_typesupport_introspection_cExport.cmake
-- Installing: /home/docker_user/ros2_ws_head/install/posture_analysis_msgs/share/posture_analysis_msgs/cmake/posture_analysis_msgs__rosidl_typesupport_introspection_cExport-noconfig.cmake
-- Installing: /home/docker_user/ros2_ws_head/install/posture_analysis_msgs/share/posture_analysis_msgs/cmake/posture_analysis_msgs__rosidl_typesupport_cExport.cmake
-- Installing: /home/docker_user/ros2_ws_head/install/posture_analysis_msgs/share/posture_analysis_msgs/cmake/posture_analysis_msgs__rosidl_typesupport_cExport-noconfig.cmake
-- Installing: /home/docker_user/ros2_ws_head/install/posture_analysis_msgs/share/posture_analysis_msgs/cmake/export_posture_analysis_msgs__rosidl_generator_cppExport.cmake
-- Installing: /home/docker_user/ros2_ws_head/install/posture_analysis_msgs/share/posture_analysis_msgs/cmake/export_posture_analysis_msgs__rosidl_typesupport_fastrtps_cppExport.cmake
-- Installing: /home/docker_user/ros2_ws_head/install/posture_analysis_msgs/share/posture_analysis_msgs/cmake/export_posture_analysis_msgs__rosidl_typesupport_fastrtps_cppExport-noconfig.cmake
-- Installing: /home/docker_user/ros2_ws_head/install/posture_analysis_msgs/share/posture_analysis_msgs/cmake/posture_analysis_msgs__rosidl_typesupport_introspection_cppExport.cmake
-- Installing: /home/docker_user/ros2_ws_head/install/posture_analysis_msgs/share/posture_analysis_msgs/cmake/posture_analysis_msgs__rosidl_typesupport_introspection_cppExport-noconfig.cmake
-- Installing: /home/docker_user/ros2_ws_head/install/posture_analysis_msgs/share/posture_analysis_msgs/cmake/posture_analysis_msgs__rosidl_typesupport_cppExport.cmake
-- Installing: /home/docker_user/ros2_ws_head/install/posture_analysis_msgs/share/posture_analysis_msgs/cmake/posture_analysis_msgs__rosidl_typesupport_cppExport-noconfig.cmake
-- Installing: /home/docker_user/ros2_ws_head/install/posture_analysis_msgs/share/posture_analysis_msgs/cmake/export_posture_analysis_msgs__rosidl_generator_pyExport.cmake
-- Installing: /home/docker_user/ros2_ws_head/install/posture_analysis_msgs/share/posture_analysis_msgs/cmake/export_posture_analysis_msgs__rosidl_generator_pyExport-noconfig.cmake
