[0.026s] Invoking command in '/home/docker_user/ros2_ws_head/build/posture_analysis_msgs': CMAKE_PREFIX_PATH=/opt/ros/humble /usr/bin/cmake /home/docker_user/ros2_ws_head/src/posture_analysis_msgs -DAMENT_CMAKE_SYMLINK_INSTALL=1 -DCMAKE_INSTALL_PREFIX=/home/docker_user/ros2_ws_head/install/posture_analysis_msgs
[0.260s] -- The C compiler identification is GNU 11.4.0
[0.260s] -- The CXX compiler identification is GNU 11.4.0
[0.260s] -- Detecting C compiler ABI info
[0.404s] -- Detecting C compiler ABI info - done
[0.405s] -- Check for working C compiler: /usr/bin/cc - skipped
[0.405s] -- Detecting C compile features
[0.405s] -- Detecting C compile features - done
[0.405s] -- Detecting CXX compiler ABI info
[0.405s] -- Detecting CXX compiler ABI info - done
[0.405s] -- Check for working CXX compiler: /usr/bin/c++ - skipped
[0.405s] -- Detecting CXX compile features
[0.405s] -- Detecting CXX compile features - done
[0.405s] -- Found ament_cmake: 1.3.12 (/opt/ros/humble/share/ament_cmake/cmake)
[0.448s] -- Found Python3: /usr/bin/python3 (found version "3.10.12") found components: Interpreter 
[0.501s] -- Override CMake install command with custom implementation using symlinks instead of copying resources
[0.534s] -- Found rosidl_default_generators: 1.2.0 (/opt/ros/humble/share/rosidl_default_generators/cmake)
[0.536s] -- Using all available rosidl_typesupport_c: rosidl_typesupport_fastrtps_c;rosidl_typesupport_introspection_c
[0.540s] -- Found rosidl_adapter: 3.1.7 (/opt/ros/humble/share/rosidl_adapter/cmake)
[0.569s] -- Using all available rosidl_typesupport_cpp: rosidl_typesupport_fastrtps_cpp;rosidl_typesupport_introspection_cpp
[0.814s] -- Found ament_cmake_ros: 0.10.0 (/opt/ros/humble/share/ament_cmake_ros/cmake)
[0.974s] -- Using all available rosidl_typesupport_c: rosidl_typesupport_fastrtps_c;rosidl_typesupport_introspection_c
[1.163s] -- Using all available rosidl_typesupport_cpp: rosidl_typesupport_fastrtps_cpp;rosidl_typesupport_introspection_cpp
[1.182s] -- Found PythonInterp: /usr/bin/python3 (found suitable version "3.10.12", minimum required is "3.6") 
[1.184s] -- Found python_cmake_module: 0.10.0 (/opt/ros/humble/share/python_cmake_module/cmake)
[1.204s] -- Found PythonLibs: /usr/lib/x86_64-linux-gnu/libpython3.10.so (found suitable version "3.10.12", minimum required is "3.5") 
[1.204s] -- Using PYTHON_EXECUTABLE: /usr/bin/python3
[1.204s] -- Using PYTHON_INCLUDE_DIRS: /usr/include/python3.10
[1.204s] -- Using PYTHON_LIBRARIES: /usr/lib/x86_64-linux-gnu/libpython3.10.so
[1.217s] -- Found PythonExtra: .so  
[1.253s] -- Configuring done
[1.332s] -- Generating done
[1.346s] -- Build files have been written to: /home/docker_user/ros2_ws_head/build/posture_analysis_msgs
[1.357s] Invoked command in '/home/docker_user/ros2_ws_head/build/posture_analysis_msgs' returned '0': CMAKE_PREFIX_PATH=/opt/ros/humble /usr/bin/cmake /home/docker_user/ros2_ws_head/src/posture_analysis_msgs -DAMENT_CMAKE_SYMLINK_INSTALL=1 -DCMAKE_INSTALL_PREFIX=/home/docker_user/ros2_ws_head/install/posture_analysis_msgs
[1.357s] Invoking command in '/home/docker_user/ros2_ws_head/build/posture_analysis_msgs': CMAKE_PREFIX_PATH=/opt/ros/humble /usr/bin/cmake --build /home/docker_user/ros2_ws_head/build/posture_analysis_msgs -- -j16 -l16
[1.416s] [  3%] Generating C code for ROS interfaces
[1.441s] [  3%] Built target ament_cmake_python_symlink_posture_analysis_msgs
[1.446s] [  6%] Generating C++ code for ROS interfaces
[1.618s] running egg_info
[1.618s] creating posture_analysis_msgs.egg-info
[1.619s] writing posture_analysis_msgs.egg-info/PKG-INFO
[1.619s] writing dependency_links to posture_analysis_msgs.egg-info/dependency_links.txt
[1.619s] writing top-level names to posture_analysis_msgs.egg-info/top_level.txt
[1.619s] writing manifest file 'posture_analysis_msgs.egg-info/SOURCES.txt'
[1.620s] reading manifest file 'posture_analysis_msgs.egg-info/SOURCES.txt'
[1.621s] writing manifest file 'posture_analysis_msgs.egg-info/SOURCES.txt'
[1.644s] [  6%] Built target ament_cmake_python_build_posture_analysis_msgs_egg
[1.719s] [  9%] Building C object CMakeFiles/posture_analysis_msgs__rosidl_generator_c.dir/rosidl_generator_c/posture_analysis_msgs/msg/detail/posture__functions.c.o
[1.772s] [ 12%] Linking C shared library libposture_analysis_msgs__rosidl_generator_c.so
[1.801s] [ 12%] Built target posture_analysis_msgs__cpp
[1.809s] [ 16%] Generating C++ type support for eProsima Fast-RTPS
[1.811s] [ 16%] Built target posture_analysis_msgs__rosidl_generator_c
[1.811s] [ 19%] Generating C++ type support dispatch for ROS interfaces
[1.812s] [ 22%] Generating C++ introspection for ROS interfaces
[1.819s] [ 25%] Generating C type support dispatch for ROS interfaces
[1.819s] [ 29%] Generating C type support for eProsima Fast-RTPS
[1.822s] [ 32%] Generating C introspection for ROS interfaces
[2.043s] [ 35%] Building CXX object CMakeFiles/posture_analysis_msgs__rosidl_typesupport_cpp.dir/rosidl_typesupport_cpp/posture_analysis_msgs/msg/posture__type_support.cpp.o
[2.060s] [ 38%] Building CXX object CMakeFiles/posture_analysis_msgs__rosidl_typesupport_introspection_cpp.dir/rosidl_typesupport_introspection_cpp/posture_analysis_msgs/msg/detail/posture__type_support.cpp.o
[2.071s] [ 41%] Building CXX object CMakeFiles/posture_analysis_msgs__rosidl_typesupport_fastrtps_cpp.dir/rosidl_typesupport_fastrtps_cpp/posture_analysis_msgs/msg/detail/dds_fastrtps/posture__type_support.cpp.o
[2.170s] [ 45%] Building CXX object CMakeFiles/posture_analysis_msgs__rosidl_typesupport_c.dir/rosidl_typesupport_c/posture_analysis_msgs/msg/posture__type_support.cpp.o
[2.177s] [ 48%] Building CXX object CMakeFiles/posture_analysis_msgs__rosidl_typesupport_fastrtps_c.dir/rosidl_typesupport_fastrtps_c/posture_analysis_msgs/msg/detail/posture__type_support_c.cpp.o
[2.181s] [ 51%] Building C object CMakeFiles/posture_analysis_msgs__rosidl_typesupport_introspection_c.dir/rosidl_typesupport_introspection_c/posture_analysis_msgs/msg/detail/posture__type_support.c.o
[2.194s] [ 54%] Linking CXX shared library libposture_analysis_msgs__rosidl_typesupport_c.so
[2.220s] [ 58%] Linking C shared library libposture_analysis_msgs__rosidl_typesupport_introspection_c.so
[2.229s] [ 58%] Built target posture_analysis_msgs__rosidl_typesupport_c
[2.243s] [ 61%] Linking CXX shared library libposture_analysis_msgs__rosidl_typesupport_cpp.so
[2.246s] [ 61%] Built target posture_analysis_msgs__rosidl_typesupport_introspection_c
[2.286s] [ 61%] Built target posture_analysis_msgs__rosidl_typesupport_cpp
[2.349s] [ 64%] Linking CXX shared library libposture_analysis_msgs__rosidl_typesupport_introspection_cpp.so
[2.388s] [ 64%] Built target posture_analysis_msgs__rosidl_typesupport_introspection_cpp
[2.407s] [ 67%] Linking CXX shared library libposture_analysis_msgs__rosidl_typesupport_fastrtps_c.so
[2.462s] [ 70%] Linking CXX shared library libposture_analysis_msgs__rosidl_typesupport_fastrtps_cpp.so
[2.474s] [ 70%] Built target posture_analysis_msgs__rosidl_typesupport_fastrtps_c
[2.552s] [ 70%] Built target posture_analysis_msgs__rosidl_typesupport_fastrtps_cpp
[2.583s] [ 70%] Built target posture_analysis_msgs
[2.609s] [ 74%] Generating Python code for ROS interfaces
[2.961s] [ 74%] Built target posture_analysis_msgs__py
[2.984s] [ 77%] Building C object CMakeFiles/posture_analysis_msgs__rosidl_generator_py.dir/rosidl_generator_py/posture_analysis_msgs/msg/_posture_s.c.o
[3.112s] [ 80%] Linking C shared library rosidl_generator_py/posture_analysis_msgs/libposture_analysis_msgs__rosidl_generator_py.so
[3.155s] [ 80%] Built target posture_analysis_msgs__rosidl_generator_py
[3.185s] [ 83%] Building C object CMakeFiles/posture_analysis_msgs__rosidl_typesupport_fastrtps_c__pyext.dir/rosidl_generator_py/posture_analysis_msgs/_posture_analysis_msgs_s.ep.rosidl_typesupport_fastrtps_c.c.o
[3.187s] [ 87%] Building C object CMakeFiles/posture_analysis_msgs__rosidl_typesupport_introspection_c__pyext.dir/rosidl_generator_py/posture_analysis_msgs/_posture_analysis_msgs_s.ep.rosidl_typesupport_introspection_c.c.o
[3.188s] [ 90%] Building C object CMakeFiles/posture_analysis_msgs__rosidl_typesupport_c__pyext.dir/rosidl_generator_py/posture_analysis_msgs/_posture_analysis_msgs_s.ep.rosidl_typesupport_c.c.o
[3.312s] [ 93%] Linking C shared library rosidl_generator_py/posture_analysis_msgs/posture_analysis_msgs_s__rosidl_typesupport_fastrtps_c.cpython-310-x86_64-linux-gnu.so
[3.314s] [ 96%] Linking C shared library rosidl_generator_py/posture_analysis_msgs/posture_analysis_msgs_s__rosidl_typesupport_introspection_c.cpython-310-x86_64-linux-gnu.so
[3.337s] [100%] Linking C shared library rosidl_generator_py/posture_analysis_msgs/posture_analysis_msgs_s__rosidl_typesupport_c.cpython-310-x86_64-linux-gnu.so
[3.363s] [100%] Built target posture_analysis_msgs__rosidl_typesupport_fastrtps_c__pyext
[3.363s] [100%] Built target posture_analysis_msgs__rosidl_typesupport_introspection_c__pyext
[3.380s] [100%] Built target posture_analysis_msgs__rosidl_typesupport_c__pyext
[3.390s] Invoked command in '/home/docker_user/ros2_ws_head/build/posture_analysis_msgs' returned '0': CMAKE_PREFIX_PATH=/opt/ros/humble /usr/bin/cmake --build /home/docker_user/ros2_ws_head/build/posture_analysis_msgs -- -j16 -l16
[3.391s] Invoking command in '/home/docker_user/ros2_ws_head/build/posture_analysis_msgs': CMAKE_PREFIX_PATH=/opt/ros/humble /usr/bin/cmake --install /home/docker_user/ros2_ws_head/build/posture_analysis_msgs
[3.400s] -- Install configuration: ""
[3.401s] -- Execute custom install script
[3.402s] -- Symlinking: /home/docker_user/ros2_ws_head/install/posture_analysis_msgs/share/ament_index/resource_index/rosidl_interfaces/posture_analysis_msgs
[3.413s] -- Symlinking: /home/docker_user/ros2_ws_head/install/posture_analysis_msgs/include/posture_analysis_msgs/posture_analysis_msgs/msg/detail/posture__functions.h
[3.423s] -- Symlinking: /home/docker_user/ros2_ws_head/install/posture_analysis_msgs/include/posture_analysis_msgs/posture_analysis_msgs/msg/detail/posture__struct.h
[3.434s] -- Symlinking: /home/docker_user/ros2_ws_head/install/posture_analysis_msgs/include/posture_analysis_msgs/posture_analysis_msgs/msg/detail/posture__type_support.h
[3.441s] -- Symlinking: /home/docker_user/ros2_ws_head/install/posture_analysis_msgs/include/posture_analysis_msgs/posture_analysis_msgs/msg/posture.h
[3.451s] -- Symlinking: /home/docker_user/ros2_ws_head/install/posture_analysis_msgs/include/posture_analysis_msgs/posture_analysis_msgs/msg/rosidl_generator_c__visibility_control.h
[3.461s] -- Symlinking: /home/docker_user/ros2_ws_head/install/posture_analysis_msgs/share/posture_analysis_msgs/environment/library_path.sh
[3.468s] -- Symlinking: /home/docker_user/ros2_ws_head/install/posture_analysis_msgs/share/posture_analysis_msgs/environment/library_path.dsv
[3.475s] -- Symlinking: /home/docker_user/ros2_ws_head/install/posture_analysis_msgs/include/posture_analysis_msgs/posture_analysis_msgs/msg/detail/posture__rosidl_typesupport_fastrtps_c.h
[3.482s] -- Symlinking: /home/docker_user/ros2_ws_head/install/posture_analysis_msgs/include/posture_analysis_msgs/posture_analysis_msgs/msg/rosidl_typesupport_fastrtps_c__visibility_control.h
[3.490s] -- Symlinking: /home/docker_user/ros2_ws_head/install/posture_analysis_msgs/include/posture_analysis_msgs/posture_analysis_msgs/msg/detail/posture__rosidl_typesupport_introspection_c.h
[3.498s] -- Symlinking: /home/docker_user/ros2_ws_head/install/posture_analysis_msgs/include/posture_analysis_msgs/posture_analysis_msgs/msg/rosidl_typesupport_introspection_c__visibility_control.h
[3.505s] -- Symlinking: /home/docker_user/ros2_ws_head/install/posture_analysis_msgs/include/posture_analysis_msgs/posture_analysis_msgs/msg/detail/posture__builder.hpp
[3.516s] -- Symlinking: /home/docker_user/ros2_ws_head/install/posture_analysis_msgs/include/posture_analysis_msgs/posture_analysis_msgs/msg/detail/posture__struct.hpp
[3.526s] -- Symlinking: /home/docker_user/ros2_ws_head/install/posture_analysis_msgs/include/posture_analysis_msgs/posture_analysis_msgs/msg/detail/posture__traits.hpp
[3.536s] -- Symlinking: /home/docker_user/ros2_ws_head/install/posture_analysis_msgs/include/posture_analysis_msgs/posture_analysis_msgs/msg/detail/posture__type_support.hpp
[3.548s] -- Symlinking: /home/docker_user/ros2_ws_head/install/posture_analysis_msgs/include/posture_analysis_msgs/posture_analysis_msgs/msg/posture.hpp
[3.557s] -- Symlinking: /home/docker_user/ros2_ws_head/install/posture_analysis_msgs/include/posture_analysis_msgs/posture_analysis_msgs/msg/rosidl_generator_cpp__visibility_control.hpp
[3.568s] -- Symlinking: /home/docker_user/ros2_ws_head/install/posture_analysis_msgs/include/posture_analysis_msgs/posture_analysis_msgs/msg/detail/posture__rosidl_typesupport_fastrtps_cpp.hpp
[3.578s] -- Symlinking: /home/docker_user/ros2_ws_head/install/posture_analysis_msgs/include/posture_analysis_msgs/posture_analysis_msgs/msg/rosidl_typesupport_fastrtps_cpp__visibility_control.h
[3.590s] -- Symlinking: /home/docker_user/ros2_ws_head/install/posture_analysis_msgs/include/posture_analysis_msgs/posture_analysis_msgs/msg/detail/posture__rosidl_typesupport_introspection_cpp.hpp
[3.601s] -- Symlinking: /home/docker_user/ros2_ws_head/install/posture_analysis_msgs/share/posture_analysis_msgs/environment/pythonpath.sh
[3.615s] -- Symlinking: /home/docker_user/ros2_ws_head/install/posture_analysis_msgs/share/posture_analysis_msgs/environment/pythonpath.dsv
[3.625s] -- Symlinking: /home/docker_user/ros2_ws_head/install/posture_analysis_msgs/local/lib/python3.10/dist-packages/posture_analysis_msgs-0.0.0-py3.10.egg-info/PKG-INFO
[3.635s] -- Symlinking: /home/docker_user/ros2_ws_head/install/posture_analysis_msgs/local/lib/python3.10/dist-packages/posture_analysis_msgs-0.0.0-py3.10.egg-info/SOURCES.txt
[3.644s] -- Symlinking: /home/docker_user/ros2_ws_head/install/posture_analysis_msgs/local/lib/python3.10/dist-packages/posture_analysis_msgs-0.0.0-py3.10.egg-info/dependency_links.txt
[3.659s] -- Symlinking: /home/docker_user/ros2_ws_head/install/posture_analysis_msgs/local/lib/python3.10/dist-packages/posture_analysis_msgs-0.0.0-py3.10.egg-info/top_level.txt
[3.672s] -- Symlinking: /home/docker_user/ros2_ws_head/install/posture_analysis_msgs/local/lib/python3.10/dist-packages/posture_analysis_msgs/__init__.py
[3.684s] -- Symlinking: /home/docker_user/ros2_ws_head/install/posture_analysis_msgs/local/lib/python3.10/dist-packages/posture_analysis_msgs/_posture_analysis_msgs_s.ep.rosidl_typesupport_c.c
[3.697s] -- Symlinking: /home/docker_user/ros2_ws_head/install/posture_analysis_msgs/local/lib/python3.10/dist-packages/posture_analysis_msgs/_posture_analysis_msgs_s.ep.rosidl_typesupport_fastrtps_c.c
[3.709s] -- Symlinking: /home/docker_user/ros2_ws_head/install/posture_analysis_msgs/local/lib/python3.10/dist-packages/posture_analysis_msgs/_posture_analysis_msgs_s.ep.rosidl_typesupport_introspection_c.c
[3.721s] -- Symlinking: /home/docker_user/ros2_ws_head/install/posture_analysis_msgs/local/lib/python3.10/dist-packages/posture_analysis_msgs/libposture_analysis_msgs__rosidl_generator_py.so
[3.733s] -- Symlinking: /home/docker_user/ros2_ws_head/install/posture_analysis_msgs/local/lib/python3.10/dist-packages/posture_analysis_msgs/msg/__init__.py
[3.740s] -- Symlinking: /home/docker_user/ros2_ws_head/install/posture_analysis_msgs/local/lib/python3.10/dist-packages/posture_analysis_msgs/msg/_posture.py
[3.751s] -- Symlinking: /home/docker_user/ros2_ws_head/install/posture_analysis_msgs/local/lib/python3.10/dist-packages/posture_analysis_msgs/msg/_posture_s.c
[3.758s] -- Symlinking: /home/docker_user/ros2_ws_head/install/posture_analysis_msgs/local/lib/python3.10/dist-packages/posture_analysis_msgs/posture_analysis_msgs_s__rosidl_typesupport_c.cpython-310-x86_64-linux-gnu.so
[3.766s] -- Symlinking: /home/docker_user/ros2_ws_head/install/posture_analysis_msgs/local/lib/python3.10/dist-packages/posture_analysis_msgs/posture_analysis_msgs_s__rosidl_typesupport_fastrtps_c.cpython-310-x86_64-linux-gnu.so
[3.774s] -- Symlinking: /home/docker_user/ros2_ws_head/install/posture_analysis_msgs/local/lib/python3.10/dist-packages/posture_analysis_msgs/posture_analysis_msgs_s__rosidl_typesupport_introspection_c.cpython-310-x86_64-linux-gnu.so
[3.784s] -- Up-to-date symlink: /home/docker_user/ros2_ws_head/install/posture_analysis_msgs/local/lib/python3.10/dist-packages/posture_analysis_msgs/posture_analysis_msgs_s__rosidl_typesupport_fastrtps_c.cpython-310-x86_64-linux-gnu.so
[3.784s] -- Up-to-date symlink: /home/docker_user/ros2_ws_head/install/posture_analysis_msgs/local/lib/python3.10/dist-packages/posture_analysis_msgs/posture_analysis_msgs_s__rosidl_typesupport_introspection_c.cpython-310-x86_64-linux-gnu.so
[3.785s] -- Up-to-date symlink: /home/docker_user/ros2_ws_head/install/posture_analysis_msgs/local/lib/python3.10/dist-packages/posture_analysis_msgs/posture_analysis_msgs_s__rosidl_typesupport_c.cpython-310-x86_64-linux-gnu.so
[3.785s] -- Symlinking: /home/docker_user/ros2_ws_head/install/posture_analysis_msgs/share/posture_analysis_msgs/msg/Posture.idl
[3.795s] -- Symlinking: /home/docker_user/ros2_ws_head/install/posture_analysis_msgs/share/posture_analysis_msgs/msg/Posture.msg
[3.803s] -- Symlinking: /home/docker_user/ros2_ws_head/install/posture_analysis_msgs/share/ament_index/resource_index/package_run_dependencies/posture_analysis_msgs
[3.814s] -- Symlinking: /home/docker_user/ros2_ws_head/install/posture_analysis_msgs/share/ament_index/resource_index/parent_prefix_path/posture_analysis_msgs
[3.822s] -- Symlinking: /home/docker_user/ros2_ws_head/install/posture_analysis_msgs/share/posture_analysis_msgs/environment/ament_prefix_path.sh
[3.831s] -- Symlinking: /home/docker_user/ros2_ws_head/install/posture_analysis_msgs/share/posture_analysis_msgs/environment/ament_prefix_path.dsv
[3.841s] -- Symlinking: /home/docker_user/ros2_ws_head/install/posture_analysis_msgs/share/posture_analysis_msgs/environment/path.sh
[3.851s] -- Symlinking: /home/docker_user/ros2_ws_head/install/posture_analysis_msgs/share/posture_analysis_msgs/environment/path.dsv
[3.862s] -- Symlinking: /home/docker_user/ros2_ws_head/install/posture_analysis_msgs/share/posture_analysis_msgs/local_setup.bash
[3.874s] -- Symlinking: /home/docker_user/ros2_ws_head/install/posture_analysis_msgs/share/posture_analysis_msgs/local_setup.sh
[3.892s] -- Symlinking: /home/docker_user/ros2_ws_head/install/posture_analysis_msgs/share/posture_analysis_msgs/local_setup.zsh
[3.900s] -- Symlinking: /home/docker_user/ros2_ws_head/install/posture_analysis_msgs/share/posture_analysis_msgs/local_setup.dsv
[3.923s] -- Symlinking: /home/docker_user/ros2_ws_head/install/posture_analysis_msgs/share/posture_analysis_msgs/package.dsv
[3.946s] -- Symlinking: /home/docker_user/ros2_ws_head/install/posture_analysis_msgs/share/ament_index/resource_index/packages/posture_analysis_msgs
[3.971s] -- Symlinking: /home/docker_user/ros2_ws_head/install/posture_analysis_msgs/share/posture_analysis_msgs/cmake/rosidl_cmake-extras.cmake
[4.015s] -- Symlinking: /home/docker_user/ros2_ws_head/install/posture_analysis_msgs/share/posture_analysis_msgs/cmake/ament_cmake_export_include_directories-extras.cmake
[4.030s] -- Symlinking: /home/docker_user/ros2_ws_head/install/posture_analysis_msgs/share/posture_analysis_msgs/cmake/ament_cmake_export_libraries-extras.cmake
[4.044s] -- Symlinking: /home/docker_user/ros2_ws_head/install/posture_analysis_msgs/share/posture_analysis_msgs/cmake/ament_cmake_export_targets-extras.cmake
[4.067s] -- Symlinking: /home/docker_user/ros2_ws_head/install/posture_analysis_msgs/share/posture_analysis_msgs/cmake/rosidl_cmake_export_typesupport_targets-extras.cmake
[4.081s] -- Symlinking: /home/docker_user/ros2_ws_head/install/posture_analysis_msgs/share/posture_analysis_msgs/cmake/ament_cmake_export_dependencies-extras.cmake
[4.093s] -- Symlinking: /home/docker_user/ros2_ws_head/install/posture_analysis_msgs/share/posture_analysis_msgs/cmake/rosidl_cmake_export_typesupport_libraries-extras.cmake
[4.105s] -- Symlinking: /home/docker_user/ros2_ws_head/install/posture_analysis_msgs/share/posture_analysis_msgs/cmake/posture_analysis_msgsConfig.cmake
[4.118s] -- Symlinking: /home/docker_user/ros2_ws_head/install/posture_analysis_msgs/share/posture_analysis_msgs/cmake/posture_analysis_msgsConfig-version.cmake
[4.132s] -- Symlinking: /home/docker_user/ros2_ws_head/install/posture_analysis_msgs/share/posture_analysis_msgs/package.xml
[4.144s] -- Installing: /home/docker_user/ros2_ws_head/install/posture_analysis_msgs/lib/libposture_analysis_msgs__rosidl_generator_c.so
[4.148s] -- Set runtime path of "/home/docker_user/ros2_ws_head/install/posture_analysis_msgs/lib/libposture_analysis_msgs__rosidl_generator_c.so" to ""
[4.148s] -- Installing: /home/docker_user/ros2_ws_head/install/posture_analysis_msgs/lib/libposture_analysis_msgs__rosidl_typesupport_fastrtps_c.so
[4.153s] -- Set runtime path of "/home/docker_user/ros2_ws_head/install/posture_analysis_msgs/lib/libposture_analysis_msgs__rosidl_typesupport_fastrtps_c.so" to ""
[4.153s] -- Installing: /home/docker_user/ros2_ws_head/install/posture_analysis_msgs/lib/libposture_analysis_msgs__rosidl_typesupport_introspection_c.so
[4.156s] -- Set runtime path of "/home/docker_user/ros2_ws_head/install/posture_analysis_msgs/lib/libposture_analysis_msgs__rosidl_typesupport_introspection_c.so" to ""
[4.156s] -- Installing: /home/docker_user/ros2_ws_head/install/posture_analysis_msgs/lib/libposture_analysis_msgs__rosidl_typesupport_c.so
[4.162s] -- Set runtime path of "/home/docker_user/ros2_ws_head/install/posture_analysis_msgs/lib/libposture_analysis_msgs__rosidl_typesupport_c.so" to ""
[4.162s] -- Installing: /home/docker_user/ros2_ws_head/install/posture_analysis_msgs/lib/libposture_analysis_msgs__rosidl_typesupport_fastrtps_cpp.so
[4.162s] -- Set runtime path of "/home/docker_user/ros2_ws_head/install/posture_analysis_msgs/lib/libposture_analysis_msgs__rosidl_typesupport_fastrtps_cpp.so" to ""
[4.163s] -- Installing: /home/docker_user/ros2_ws_head/install/posture_analysis_msgs/lib/libposture_analysis_msgs__rosidl_typesupport_introspection_cpp.so
[4.166s] -- Set runtime path of "/home/docker_user/ros2_ws_head/install/posture_analysis_msgs/lib/libposture_analysis_msgs__rosidl_typesupport_introspection_cpp.so" to ""
[4.170s] -- Installing: /home/docker_user/ros2_ws_head/install/posture_analysis_msgs/lib/libposture_analysis_msgs__rosidl_typesupport_cpp.so
[4.173s] -- Set runtime path of "/home/docker_user/ros2_ws_head/install/posture_analysis_msgs/lib/libposture_analysis_msgs__rosidl_typesupport_cpp.so" to ""
[4.257s] Listing '/home/docker_user/ros2_ws_head/install/posture_analysis_msgs/local/lib/python3.10/dist-packages/posture_analysis_msgs'...
[4.257s] Compiling '/home/docker_user/ros2_ws_head/install/posture_analysis_msgs/local/lib/python3.10/dist-packages/posture_analysis_msgs/__init__.py'...
[4.257s] Listing '/home/docker_user/ros2_ws_head/install/posture_analysis_msgs/local/lib/python3.10/dist-packages/posture_analysis_msgs/msg'...
[4.257s] Compiling '/home/docker_user/ros2_ws_head/install/posture_analysis_msgs/local/lib/python3.10/dist-packages/posture_analysis_msgs/msg/__init__.py'...
[4.258s] Compiling '/home/docker_user/ros2_ws_head/install/posture_analysis_msgs/local/lib/python3.10/dist-packages/posture_analysis_msgs/msg/_posture.py'...
[4.274s] -- Installing: /home/docker_user/ros2_ws_head/install/posture_analysis_msgs/lib/libposture_analysis_msgs__rosidl_generator_py.so
[4.274s] -- Set runtime path of "/home/docker_user/ros2_ws_head/install/posture_analysis_msgs/lib/libposture_analysis_msgs__rosidl_generator_py.so" to ""
[4.274s] -- Installing: /home/docker_user/ros2_ws_head/install/posture_analysis_msgs/share/posture_analysis_msgs/cmake/export_posture_analysis_msgs__rosidl_generator_cExport.cmake
[4.274s] -- Installing: /home/docker_user/ros2_ws_head/install/posture_analysis_msgs/share/posture_analysis_msgs/cmake/export_posture_analysis_msgs__rosidl_generator_cExport-noconfig.cmake
[4.274s] -- Installing: /home/docker_user/ros2_ws_head/install/posture_analysis_msgs/share/posture_analysis_msgs/cmake/export_posture_analysis_msgs__rosidl_typesupport_fastrtps_cExport.cmake
[4.274s] -- Installing: /home/docker_user/ros2_ws_head/install/posture_analysis_msgs/share/posture_analysis_msgs/cmake/export_posture_analysis_msgs__rosidl_typesupport_fastrtps_cExport-noconfig.cmake
[4.274s] -- Installing: /home/docker_user/ros2_ws_head/install/posture_analysis_msgs/share/posture_analysis_msgs/cmake/posture_analysis_msgs__rosidl_typesupport_introspection_cExport.cmake
[4.274s] -- Installing: /home/docker_user/ros2_ws_head/install/posture_analysis_msgs/share/posture_analysis_msgs/cmake/posture_analysis_msgs__rosidl_typesupport_introspection_cExport-noconfig.cmake
[4.274s] -- Installing: /home/docker_user/ros2_ws_head/install/posture_analysis_msgs/share/posture_analysis_msgs/cmake/posture_analysis_msgs__rosidl_typesupport_cExport.cmake
[4.275s] -- Installing: /home/docker_user/ros2_ws_head/install/posture_analysis_msgs/share/posture_analysis_msgs/cmake/posture_analysis_msgs__rosidl_typesupport_cExport-noconfig.cmake
[4.275s] -- Installing: /home/docker_user/ros2_ws_head/install/posture_analysis_msgs/share/posture_analysis_msgs/cmake/export_posture_analysis_msgs__rosidl_generator_cppExport.cmake
[4.275s] -- Installing: /home/docker_user/ros2_ws_head/install/posture_analysis_msgs/share/posture_analysis_msgs/cmake/export_posture_analysis_msgs__rosidl_typesupport_fastrtps_cppExport.cmake
[4.275s] -- Installing: /home/docker_user/ros2_ws_head/install/posture_analysis_msgs/share/posture_analysis_msgs/cmake/export_posture_analysis_msgs__rosidl_typesupport_fastrtps_cppExport-noconfig.cmake
[4.275s] -- Installing: /home/docker_user/ros2_ws_head/install/posture_analysis_msgs/share/posture_analysis_msgs/cmake/posture_analysis_msgs__rosidl_typesupport_introspection_cppExport.cmake
[4.275s] -- Installing: /home/docker_user/ros2_ws_head/install/posture_analysis_msgs/share/posture_analysis_msgs/cmake/posture_analysis_msgs__rosidl_typesupport_introspection_cppExport-noconfig.cmake
[4.275s] -- Installing: /home/docker_user/ros2_ws_head/install/posture_analysis_msgs/share/posture_analysis_msgs/cmake/posture_analysis_msgs__rosidl_typesupport_cppExport.cmake
[4.282s] -- Installing: /home/docker_user/ros2_ws_head/install/posture_analysis_msgs/share/posture_analysis_msgs/cmake/posture_analysis_msgs__rosidl_typesupport_cppExport-noconfig.cmake
[4.282s] -- Installing: /home/docker_user/ros2_ws_head/install/posture_analysis_msgs/share/posture_analysis_msgs/cmake/export_posture_analysis_msgs__rosidl_generator_pyExport.cmake
[4.282s] -- Installing: /home/docker_user/ros2_ws_head/install/posture_analysis_msgs/share/posture_analysis_msgs/cmake/export_posture_analysis_msgs__rosidl_generator_pyExport-noconfig.cmake
[4.289s] Invoked command in '/home/docker_user/ros2_ws_head/build/posture_analysis_msgs' returned '0': CMAKE_PREFIX_PATH=/opt/ros/humble /usr/bin/cmake --install /home/docker_user/ros2_ws_head/build/posture_analysis_msgs
