[0.116s] DEBUG:colcon:Command line arguments: ['/usr/bin/colcon', 'build', '--symlink-install']
[0.116s] DEBUG:colcon:Parsed command line arguments: Namespace(log_base=None, log_level=None, verb_name='build', build_base='build', install_base='install', merge_install=False, symlink_install=True, test_result_base=None, continue_on_error=False, executor='parallel', parallel_workers=16, event_handlers=None, ignore_user_meta=False, metas=['./colcon.meta'], base_paths=['.'], packages_ignore=None, packages_ignore_regex=None, paths=None, packages_up_to=None, packages_up_to_regex=None, packages_above=None, packages_above_and_dependencies=None, packages_above_depth=None, packages_select_by_dep=None, packages_skip_by_dep=None, packages_skip_up_to=None, packages_select_build_failed=False, packages_skip_build_finished=False, packages_select_test_failures=False, packages_skip_test_passed=False, packages_select=None, packages_skip=None, packages_select_regex=None, packages_skip_regex=None, packages_start=None, packages_end=None, cmake_args=None, cmake_target=None, cmake_target_skip_unavailable=False, cmake_clean_cache=False, cmake_clean_first=False, cmake_force_configure=False, ament_cmake_args=None, catkin_cmake_args=None, catkin_skip_building_tests=False, mixin_files=None, mixin=None, verb_parser=<colcon_mixin.mixin.mixin_argument.MixinArgumentDecorator object at 0x7cb5396b9de0>, verb_extension=<colcon_core.verb.build.BuildVerb object at 0x7cb5396b9810>, main=<bound method BuildVerb.main of <colcon_core.verb.build.BuildVerb object at 0x7cb5396b9810>>, mixin_verb=('build',))
[0.216s] Level 1:colcon.colcon_core.package_discovery:discover_packages(colcon_meta) check parameters
[0.216s] Level 1:colcon.colcon_core.package_discovery:discover_packages(recursive) check parameters
[0.216s] Level 1:colcon.colcon_core.package_discovery:discover_packages(ignore) check parameters
[0.216s] Level 1:colcon.colcon_core.package_discovery:discover_packages(path) check parameters
[0.216s] Level 1:colcon.colcon_core.package_discovery:discover_packages(colcon_meta) discover
[0.216s] Level 1:colcon.colcon_core.package_discovery:discover_packages(recursive) discover
[0.216s] INFO:colcon.colcon_core.package_discovery:Crawling recursively for packages in '/home/docker_user/ros2_ws_head'
[0.216s] Level 1:colcon.colcon_core.package_identification:_identify(.) by extensions ['ignore', 'ignore_ament_install']
[0.217s] Level 1:colcon.colcon_core.package_identification:_identify(.) by extension 'ignore'
[0.217s] Level 1:colcon.colcon_core.package_identification:_identify(.) by extension 'ignore_ament_install'
[0.217s] Level 1:colcon.colcon_core.package_identification:_identify(.) by extensions ['colcon_pkg']
[0.217s] Level 1:colcon.colcon_core.package_identification:_identify(.) by extension 'colcon_pkg'
[0.217s] Level 1:colcon.colcon_core.package_identification:_identify(.) by extensions ['colcon_meta']
[0.217s] Level 1:colcon.colcon_core.package_identification:_identify(.) by extension 'colcon_meta'
[0.217s] Level 1:colcon.colcon_core.package_identification:_identify(.) by extensions ['ros']
[0.217s] Level 1:colcon.colcon_core.package_identification:_identify(.) by extension 'ros'
[0.224s] Level 1:colcon.colcon_core.package_identification:_identify(.) by extensions ['cmake', 'python']
[0.224s] Level 1:colcon.colcon_core.package_identification:_identify(.) by extension 'cmake'
[0.224s] Level 1:colcon.colcon_core.package_identification:_identify(.) by extension 'python'
[0.224s] Level 1:colcon.colcon_core.package_identification:_identify(.) by extensions ['python_setup_py']
[0.224s] Level 1:colcon.colcon_core.package_identification:_identify(.) by extension 'python_setup_py'
[0.224s] Level 1:colcon.colcon_core.package_identification:_identify(build) by extensions ['ignore', 'ignore_ament_install']
[0.224s] Level 1:colcon.colcon_core.package_identification:_identify(build) by extension 'ignore'
[0.224s] Level 1:colcon.colcon_core.package_identification:_identify(build) ignored
[0.224s] Level 1:colcon.colcon_core.package_identification:_identify(install) by extensions ['ignore', 'ignore_ament_install']
[0.224s] Level 1:colcon.colcon_core.package_identification:_identify(install) by extension 'ignore'
[0.224s] Level 1:colcon.colcon_core.package_identification:_identify(install) ignored
[0.224s] Level 1:colcon.colcon_core.package_identification:_identify(log) by extensions ['ignore', 'ignore_ament_install']
[0.224s] Level 1:colcon.colcon_core.package_identification:_identify(log) by extension 'ignore'
[0.224s] Level 1:colcon.colcon_core.package_identification:_identify(log) ignored
[0.225s] Level 1:colcon.colcon_core.package_identification:_identify(src) by extensions ['ignore', 'ignore_ament_install']
[0.225s] Level 1:colcon.colcon_core.package_identification:_identify(src) by extension 'ignore'
[0.225s] Level 1:colcon.colcon_core.package_identification:_identify(src) by extension 'ignore_ament_install'
[0.225s] Level 1:colcon.colcon_core.package_identification:_identify(src) by extensions ['colcon_pkg']
[0.225s] Level 1:colcon.colcon_core.package_identification:_identify(src) by extension 'colcon_pkg'
[0.225s] Level 1:colcon.colcon_core.package_identification:_identify(src) by extensions ['colcon_meta']
[0.225s] Level 1:colcon.colcon_core.package_identification:_identify(src) by extension 'colcon_meta'
[0.225s] Level 1:colcon.colcon_core.package_identification:_identify(src) by extensions ['ros']
[0.225s] Level 1:colcon.colcon_core.package_identification:_identify(src) by extension 'ros'
[0.225s] Level 1:colcon.colcon_core.package_identification:_identify(src) by extensions ['cmake', 'python']
[0.225s] Level 1:colcon.colcon_core.package_identification:_identify(src) by extension 'cmake'
[0.225s] Level 1:colcon.colcon_core.package_identification:_identify(src) by extension 'python'
[0.225s] Level 1:colcon.colcon_core.package_identification:_identify(src) by extensions ['python_setup_py']
[0.225s] Level 1:colcon.colcon_core.package_identification:_identify(src) by extension 'python_setup_py'
[0.225s] Level 1:colcon.colcon_core.package_identification:_identify(src/actuators_bringup) by extensions ['ignore', 'ignore_ament_install']
[0.225s] Level 1:colcon.colcon_core.package_identification:_identify(src/actuators_bringup) by extension 'ignore'
[0.225s] Level 1:colcon.colcon_core.package_identification:_identify(src/actuators_bringup) by extension 'ignore_ament_install'
[0.225s] Level 1:colcon.colcon_core.package_identification:_identify(src/actuators_bringup) by extensions ['colcon_pkg']
[0.225s] Level 1:colcon.colcon_core.package_identification:_identify(src/actuators_bringup) by extension 'colcon_pkg'
[0.225s] Level 1:colcon.colcon_core.package_identification:_identify(src/actuators_bringup) by extensions ['colcon_meta']
[0.225s] Level 1:colcon.colcon_core.package_identification:_identify(src/actuators_bringup) by extension 'colcon_meta'
[0.225s] Level 1:colcon.colcon_core.package_identification:_identify(src/actuators_bringup) by extensions ['ros']
[0.225s] Level 1:colcon.colcon_core.package_identification:_identify(src/actuators_bringup) by extension 'ros'
[0.227s] DEBUG:colcon.colcon_core.package_identification:Package 'src/actuators_bringup' with type 'ros.ament_python' and name 'actuators_bringup'
[0.227s] Level 1:colcon.colcon_core.package_identification:_identify(src/face_tracker) by extensions ['ignore', 'ignore_ament_install']
[0.227s] Level 1:colcon.colcon_core.package_identification:_identify(src/face_tracker) by extension 'ignore'
[0.227s] Level 1:colcon.colcon_core.package_identification:_identify(src/face_tracker) by extension 'ignore_ament_install'
[0.227s] Level 1:colcon.colcon_core.package_identification:_identify(src/face_tracker) by extensions ['colcon_pkg']
[0.227s] Level 1:colcon.colcon_core.package_identification:_identify(src/face_tracker) by extension 'colcon_pkg'
[0.227s] Level 1:colcon.colcon_core.package_identification:_identify(src/face_tracker) by extensions ['colcon_meta']
[0.227s] Level 1:colcon.colcon_core.package_identification:_identify(src/face_tracker) by extension 'colcon_meta'
[0.227s] Level 1:colcon.colcon_core.package_identification:_identify(src/face_tracker) by extensions ['ros']
[0.227s] Level 1:colcon.colcon_core.package_identification:_identify(src/face_tracker) by extension 'ros'
[0.228s] DEBUG:colcon.colcon_core.package_identification:Package 'src/face_tracker' with type 'ros.ament_python' and name 'face_tracker'
[0.228s] Level 1:colcon.colcon_core.package_identification:_identify(src/head_bringup) by extensions ['ignore', 'ignore_ament_install']
[0.228s] Level 1:colcon.colcon_core.package_identification:_identify(src/head_bringup) by extension 'ignore'
[0.228s] Level 1:colcon.colcon_core.package_identification:_identify(src/head_bringup) by extension 'ignore_ament_install'
[0.228s] Level 1:colcon.colcon_core.package_identification:_identify(src/head_bringup) by extensions ['colcon_pkg']
[0.228s] Level 1:colcon.colcon_core.package_identification:_identify(src/head_bringup) by extension 'colcon_pkg'
[0.228s] Level 1:colcon.colcon_core.package_identification:_identify(src/head_bringup) by extensions ['colcon_meta']
[0.228s] Level 1:colcon.colcon_core.package_identification:_identify(src/head_bringup) by extension 'colcon_meta'
[0.228s] Level 1:colcon.colcon_core.package_identification:_identify(src/head_bringup) by extensions ['ros']
[0.228s] Level 1:colcon.colcon_core.package_identification:_identify(src/head_bringup) by extension 'ros'
[0.228s] DEBUG:colcon.colcon_core.package_identification:Package 'src/head_bringup' with type 'ros.ament_python' and name 'head_bringup'
[0.228s] Level 1:colcon.colcon_core.package_identification:_identify(src/posture_analysis_msgs) by extensions ['ignore', 'ignore_ament_install']
[0.228s] Level 1:colcon.colcon_core.package_identification:_identify(src/posture_analysis_msgs) by extension 'ignore'
[0.228s] Level 1:colcon.colcon_core.package_identification:_identify(src/posture_analysis_msgs) by extension 'ignore_ament_install'
[0.228s] Level 1:colcon.colcon_core.package_identification:_identify(src/posture_analysis_msgs) by extensions ['colcon_pkg']
[0.228s] Level 1:colcon.colcon_core.package_identification:_identify(src/posture_analysis_msgs) by extension 'colcon_pkg'
[0.228s] Level 1:colcon.colcon_core.package_identification:_identify(src/posture_analysis_msgs) by extensions ['colcon_meta']
[0.228s] Level 1:colcon.colcon_core.package_identification:_identify(src/posture_analysis_msgs) by extension 'colcon_meta'
[0.228s] Level 1:colcon.colcon_core.package_identification:_identify(src/posture_analysis_msgs) by extensions ['ros']
[0.228s] Level 1:colcon.colcon_core.package_identification:_identify(src/posture_analysis_msgs) by extension 'ros'
[0.229s] DEBUG:colcon.colcon_core.package_identification:Package 'src/posture_analysis_msgs' with type 'ros.ament_cmake' and name 'posture_analysis_msgs'
[0.229s] Level 1:colcon.colcon_core.package_identification:_identify(src/ros2_driver) by extensions ['ignore', 'ignore_ament_install']
[0.229s] Level 1:colcon.colcon_core.package_identification:_identify(src/ros2_driver) by extension 'ignore'
[0.229s] Level 1:colcon.colcon_core.package_identification:_identify(src/ros2_driver) by extension 'ignore_ament_install'
[0.229s] Level 1:colcon.colcon_core.package_identification:_identify(src/ros2_driver) by extensions ['colcon_pkg']
[0.229s] Level 1:colcon.colcon_core.package_identification:_identify(src/ros2_driver) by extension 'colcon_pkg'
[0.229s] Level 1:colcon.colcon_core.package_identification:_identify(src/ros2_driver) by extensions ['colcon_meta']
[0.229s] Level 1:colcon.colcon_core.package_identification:_identify(src/ros2_driver) by extension 'colcon_meta'
[0.229s] Level 1:colcon.colcon_core.package_identification:_identify(src/ros2_driver) by extensions ['ros']
[0.229s] Level 1:colcon.colcon_core.package_identification:_identify(src/ros2_driver) by extension 'ros'
[0.229s] Level 1:colcon.colcon_core.package_identification:_identify(src/ros2_driver) by extensions ['cmake', 'python']
[0.229s] Level 1:colcon.colcon_core.package_identification:_identify(src/ros2_driver) by extension 'cmake'
[0.229s] Level 1:colcon.colcon_core.package_identification:_identify(src/ros2_driver) by extension 'python'
[0.229s] Level 1:colcon.colcon_core.package_identification:_identify(src/ros2_driver) by extensions ['python_setup_py']
[0.229s] Level 1:colcon.colcon_core.package_identification:_identify(src/ros2_driver) by extension 'python_setup_py'
[0.229s] Level 1:colcon.colcon_core.package_identification:_identify(src/ros2_driver/src) by extensions ['ignore', 'ignore_ament_install']
[0.229s] Level 1:colcon.colcon_core.package_identification:_identify(src/ros2_driver/src) by extension 'ignore'
[0.229s] Level 1:colcon.colcon_core.package_identification:_identify(src/ros2_driver/src) by extension 'ignore_ament_install'
[0.229s] Level 1:colcon.colcon_core.package_identification:_identify(src/ros2_driver/src) by extensions ['colcon_pkg']
[0.229s] Level 1:colcon.colcon_core.package_identification:_identify(src/ros2_driver/src) by extension 'colcon_pkg'
[0.229s] Level 1:colcon.colcon_core.package_identification:_identify(src/ros2_driver/src) by extensions ['colcon_meta']
[0.229s] Level 1:colcon.colcon_core.package_identification:_identify(src/ros2_driver/src) by extension 'colcon_meta'
[0.229s] Level 1:colcon.colcon_core.package_identification:_identify(src/ros2_driver/src) by extensions ['ros']
[0.230s] Level 1:colcon.colcon_core.package_identification:_identify(src/ros2_driver/src) by extension 'ros'
[0.230s] Level 1:colcon.colcon_core.package_identification:_identify(src/ros2_driver/src) by extensions ['cmake', 'python']
[0.230s] Level 1:colcon.colcon_core.package_identification:_identify(src/ros2_driver/src) by extension 'cmake'
[0.230s] Level 1:colcon.colcon_core.package_identification:_identify(src/ros2_driver/src) by extension 'python'
[0.230s] Level 1:colcon.colcon_core.package_identification:_identify(src/ros2_driver/src) by extensions ['python_setup_py']
[0.230s] Level 1:colcon.colcon_core.package_identification:_identify(src/ros2_driver/src) by extension 'python_setup_py'
[0.230s] Level 1:colcon.colcon_core.package_identification:_identify(src/ros2_driver/src/serial-ros2-master) by extensions ['ignore', 'ignore_ament_install']
[0.230s] Level 1:colcon.colcon_core.package_identification:_identify(src/ros2_driver/src/serial-ros2-master) by extension 'ignore'
[0.230s] Level 1:colcon.colcon_core.package_identification:_identify(src/ros2_driver/src/serial-ros2-master) by extension 'ignore_ament_install'
[0.230s] Level 1:colcon.colcon_core.package_identification:_identify(src/ros2_driver/src/serial-ros2-master) by extensions ['colcon_pkg']
[0.230s] Level 1:colcon.colcon_core.package_identification:_identify(src/ros2_driver/src/serial-ros2-master) by extension 'colcon_pkg'
[0.230s] Level 1:colcon.colcon_core.package_identification:_identify(src/ros2_driver/src/serial-ros2-master) by extensions ['colcon_meta']
[0.230s] Level 1:colcon.colcon_core.package_identification:_identify(src/ros2_driver/src/serial-ros2-master) by extension 'colcon_meta'
[0.230s] Level 1:colcon.colcon_core.package_identification:_identify(src/ros2_driver/src/serial-ros2-master) by extensions ['ros']
[0.230s] Level 1:colcon.colcon_core.package_identification:_identify(src/ros2_driver/src/serial-ros2-master) by extension 'ros'
[0.230s] DEBUG:colcon.colcon_core.package_identification:Package 'src/ros2_driver/src/serial-ros2-master' with type 'ros.ament_cmake' and name 'serial'
[0.230s] Level 1:colcon.colcon_core.package_identification:_identify(src/ros2_driver/src/ti_mmwave_rospkg) by extensions ['ignore', 'ignore_ament_install']
[0.230s] Level 1:colcon.colcon_core.package_identification:_identify(src/ros2_driver/src/ti_mmwave_rospkg) by extension 'ignore'
[0.230s] Level 1:colcon.colcon_core.package_identification:_identify(src/ros2_driver/src/ti_mmwave_rospkg) by extension 'ignore_ament_install'
[0.230s] Level 1:colcon.colcon_core.package_identification:_identify(src/ros2_driver/src/ti_mmwave_rospkg) by extensions ['colcon_pkg']
[0.230s] Level 1:colcon.colcon_core.package_identification:_identify(src/ros2_driver/src/ti_mmwave_rospkg) by extension 'colcon_pkg'
[0.230s] Level 1:colcon.colcon_core.package_identification:_identify(src/ros2_driver/src/ti_mmwave_rospkg) by extensions ['colcon_meta']
[0.230s] Level 1:colcon.colcon_core.package_identification:_identify(src/ros2_driver/src/ti_mmwave_rospkg) by extension 'colcon_meta'
[0.230s] Level 1:colcon.colcon_core.package_identification:_identify(src/ros2_driver/src/ti_mmwave_rospkg) by extensions ['ros']
[0.230s] Level 1:colcon.colcon_core.package_identification:_identify(src/ros2_driver/src/ti_mmwave_rospkg) by extension 'ros'
[0.231s] DEBUG:colcon.colcon_core.package_identification:Package 'src/ros2_driver/src/ti_mmwave_rospkg' with type 'ros.ament_cmake' and name 'ti_mmwave_rospkg'
[0.231s] Level 1:colcon.colcon_core.package_identification:_identify(src/ros2_driver/src/ti_mmwave_rospkg_msgs) by extensions ['ignore', 'ignore_ament_install']
[0.231s] Level 1:colcon.colcon_core.package_identification:_identify(src/ros2_driver/src/ti_mmwave_rospkg_msgs) by extension 'ignore'
[0.231s] Level 1:colcon.colcon_core.package_identification:_identify(src/ros2_driver/src/ti_mmwave_rospkg_msgs) by extension 'ignore_ament_install'
[0.231s] Level 1:colcon.colcon_core.package_identification:_identify(src/ros2_driver/src/ti_mmwave_rospkg_msgs) by extensions ['colcon_pkg']
[0.231s] Level 1:colcon.colcon_core.package_identification:_identify(src/ros2_driver/src/ti_mmwave_rospkg_msgs) by extension 'colcon_pkg'
[0.231s] Level 1:colcon.colcon_core.package_identification:_identify(src/ros2_driver/src/ti_mmwave_rospkg_msgs) by extensions ['colcon_meta']
[0.231s] Level 1:colcon.colcon_core.package_identification:_identify(src/ros2_driver/src/ti_mmwave_rospkg_msgs) by extension 'colcon_meta'
[0.231s] Level 1:colcon.colcon_core.package_identification:_identify(src/ros2_driver/src/ti_mmwave_rospkg_msgs) by extensions ['ros']
[0.231s] Level 1:colcon.colcon_core.package_identification:_identify(src/ros2_driver/src/ti_mmwave_rospkg_msgs) by extension 'ros'
[0.232s] DEBUG:colcon.colcon_core.package_identification:Package 'src/ros2_driver/src/ti_mmwave_rospkg_msgs' with type 'ros.ament_cmake' and name 'ti_mmwave_rospkg_msgs'
[0.232s] Level 1:colcon.colcon_core.package_discovery:discover_packages(recursive) using defaults
[0.232s] Level 1:colcon.colcon_core.package_discovery:discover_packages(ignore) discover
[0.232s] Level 1:colcon.colcon_core.package_discovery:discover_packages(ignore) using defaults
[0.232s] Level 1:colcon.colcon_core.package_discovery:discover_packages(path) discover
[0.232s] Level 1:colcon.colcon_core.package_discovery:discover_packages(path) using defaults
[0.249s] Level 5:colcon.colcon_core.verb:set package 'actuators_bringup' build argument 'cmake_args' from command line to 'None'
[0.249s] Level 5:colcon.colcon_core.verb:set package 'actuators_bringup' build argument 'cmake_target' from command line to 'None'
[0.249s] Level 5:colcon.colcon_core.verb:set package 'actuators_bringup' build argument 'cmake_target_skip_unavailable' from command line to 'False'
[0.249s] Level 5:colcon.colcon_core.verb:set package 'actuators_bringup' build argument 'cmake_clean_cache' from command line to 'False'
[0.249s] Level 5:colcon.colcon_core.verb:set package 'actuators_bringup' build argument 'cmake_clean_first' from command line to 'False'
[0.249s] Level 5:colcon.colcon_core.verb:set package 'actuators_bringup' build argument 'cmake_force_configure' from command line to 'False'
[0.249s] Level 5:colcon.colcon_core.verb:set package 'actuators_bringup' build argument 'ament_cmake_args' from command line to 'None'
[0.249s] Level 5:colcon.colcon_core.verb:set package 'actuators_bringup' build argument 'catkin_cmake_args' from command line to 'None'
[0.249s] Level 5:colcon.colcon_core.verb:set package 'actuators_bringup' build argument 'catkin_skip_building_tests' from command line to 'False'
[0.249s] DEBUG:colcon.colcon_core.verb:Building package 'actuators_bringup' with the following arguments: {'ament_cmake_args': None, 'build_base': '/home/docker_user/ros2_ws_head/build/actuators_bringup', 'catkin_cmake_args': None, 'catkin_skip_building_tests': False, 'cmake_args': None, 'cmake_clean_cache': False, 'cmake_clean_first': False, 'cmake_force_configure': False, 'cmake_target': None, 'cmake_target_skip_unavailable': False, 'install_base': '/home/docker_user/ros2_ws_head/install/actuators_bringup', 'merge_install': False, 'path': '/home/docker_user/ros2_ws_head/src/actuators_bringup', 'symlink_install': True, 'test_result_base': None}
[0.249s] Level 5:colcon.colcon_core.verb:set package 'head_bringup' build argument 'cmake_args' from command line to 'None'
[0.249s] Level 5:colcon.colcon_core.verb:set package 'head_bringup' build argument 'cmake_target' from command line to 'None'
[0.249s] Level 5:colcon.colcon_core.verb:set package 'head_bringup' build argument 'cmake_target_skip_unavailable' from command line to 'False'
[0.249s] Level 5:colcon.colcon_core.verb:set package 'head_bringup' build argument 'cmake_clean_cache' from command line to 'False'
[0.249s] Level 5:colcon.colcon_core.verb:set package 'head_bringup' build argument 'cmake_clean_first' from command line to 'False'
[0.249s] Level 5:colcon.colcon_core.verb:set package 'head_bringup' build argument 'cmake_force_configure' from command line to 'False'
[0.249s] Level 5:colcon.colcon_core.verb:set package 'head_bringup' build argument 'ament_cmake_args' from command line to 'None'
[0.249s] Level 5:colcon.colcon_core.verb:set package 'head_bringup' build argument 'catkin_cmake_args' from command line to 'None'
[0.249s] Level 5:colcon.colcon_core.verb:set package 'head_bringup' build argument 'catkin_skip_building_tests' from command line to 'False'
[0.249s] DEBUG:colcon.colcon_core.verb:Building package 'head_bringup' with the following arguments: {'ament_cmake_args': None, 'build_base': '/home/docker_user/ros2_ws_head/build/head_bringup', 'catkin_cmake_args': None, 'catkin_skip_building_tests': False, 'cmake_args': None, 'cmake_clean_cache': False, 'cmake_clean_first': False, 'cmake_force_configure': False, 'cmake_target': None, 'cmake_target_skip_unavailable': False, 'install_base': '/home/docker_user/ros2_ws_head/install/head_bringup', 'merge_install': False, 'path': '/home/docker_user/ros2_ws_head/src/head_bringup', 'symlink_install': True, 'test_result_base': None}
[0.249s] Level 5:colcon.colcon_core.verb:set package 'posture_analysis_msgs' build argument 'cmake_args' from command line to 'None'
[0.249s] Level 5:colcon.colcon_core.verb:set package 'posture_analysis_msgs' build argument 'cmake_target' from command line to 'None'
[0.249s] Level 5:colcon.colcon_core.verb:set package 'posture_analysis_msgs' build argument 'cmake_target_skip_unavailable' from command line to 'False'
[0.249s] Level 5:colcon.colcon_core.verb:set package 'posture_analysis_msgs' build argument 'cmake_clean_cache' from command line to 'False'
[0.249s] Level 5:colcon.colcon_core.verb:set package 'posture_analysis_msgs' build argument 'cmake_clean_first' from command line to 'False'
[0.249s] Level 5:colcon.colcon_core.verb:set package 'posture_analysis_msgs' build argument 'cmake_force_configure' from command line to 'False'
[0.249s] Level 5:colcon.colcon_core.verb:set package 'posture_analysis_msgs' build argument 'ament_cmake_args' from command line to 'None'
[0.249s] Level 5:colcon.colcon_core.verb:set package 'posture_analysis_msgs' build argument 'catkin_cmake_args' from command line to 'None'
[0.249s] Level 5:colcon.colcon_core.verb:set package 'posture_analysis_msgs' build argument 'catkin_skip_building_tests' from command line to 'False'
[0.250s] DEBUG:colcon.colcon_core.verb:Building package 'posture_analysis_msgs' with the following arguments: {'ament_cmake_args': None, 'build_base': '/home/docker_user/ros2_ws_head/build/posture_analysis_msgs', 'catkin_cmake_args': None, 'catkin_skip_building_tests': False, 'cmake_args': None, 'cmake_clean_cache': False, 'cmake_clean_first': False, 'cmake_force_configure': False, 'cmake_target': None, 'cmake_target_skip_unavailable': False, 'install_base': '/home/docker_user/ros2_ws_head/install/posture_analysis_msgs', 'merge_install': False, 'path': '/home/docker_user/ros2_ws_head/src/posture_analysis_msgs', 'symlink_install': True, 'test_result_base': None}
[0.250s] Level 5:colcon.colcon_core.verb:set package 'serial' build argument 'cmake_args' from command line to 'None'
[0.250s] Level 5:colcon.colcon_core.verb:set package 'serial' build argument 'cmake_target' from command line to 'None'
[0.250s] Level 5:colcon.colcon_core.verb:set package 'serial' build argument 'cmake_target_skip_unavailable' from command line to 'False'
[0.250s] Level 5:colcon.colcon_core.verb:set package 'serial' build argument 'cmake_clean_cache' from command line to 'False'
[0.250s] Level 5:colcon.colcon_core.verb:set package 'serial' build argument 'cmake_clean_first' from command line to 'False'
[0.250s] Level 5:colcon.colcon_core.verb:set package 'serial' build argument 'cmake_force_configure' from command line to 'False'
[0.250s] Level 5:colcon.colcon_core.verb:set package 'serial' build argument 'ament_cmake_args' from command line to 'None'
[0.250s] Level 5:colcon.colcon_core.verb:set package 'serial' build argument 'catkin_cmake_args' from command line to 'None'
[0.250s] Level 5:colcon.colcon_core.verb:set package 'serial' build argument 'catkin_skip_building_tests' from command line to 'False'
[0.250s] DEBUG:colcon.colcon_core.verb:Building package 'serial' with the following arguments: {'ament_cmake_args': None, 'build_base': '/home/docker_user/ros2_ws_head/build/serial', 'catkin_cmake_args': None, 'catkin_skip_building_tests': False, 'cmake_args': None, 'cmake_clean_cache': False, 'cmake_clean_first': False, 'cmake_force_configure': False, 'cmake_target': None, 'cmake_target_skip_unavailable': False, 'install_base': '/home/docker_user/ros2_ws_head/install/serial', 'merge_install': False, 'path': '/home/docker_user/ros2_ws_head/src/ros2_driver/src/serial-ros2-master', 'symlink_install': True, 'test_result_base': None}
[0.250s] Level 5:colcon.colcon_core.verb:set package 'ti_mmwave_rospkg_msgs' build argument 'cmake_args' from command line to 'None'
[0.250s] Level 5:colcon.colcon_core.verb:set package 'ti_mmwave_rospkg_msgs' build argument 'cmake_target' from command line to 'None'
[0.250s] Level 5:colcon.colcon_core.verb:set package 'ti_mmwave_rospkg_msgs' build argument 'cmake_target_skip_unavailable' from command line to 'False'
[0.250s] Level 5:colcon.colcon_core.verb:set package 'ti_mmwave_rospkg_msgs' build argument 'cmake_clean_cache' from command line to 'False'
[0.250s] Level 5:colcon.colcon_core.verb:set package 'ti_mmwave_rospkg_msgs' build argument 'cmake_clean_first' from command line to 'False'
[0.250s] Level 5:colcon.colcon_core.verb:set package 'ti_mmwave_rospkg_msgs' build argument 'cmake_force_configure' from command line to 'False'
[0.250s] Level 5:colcon.colcon_core.verb:set package 'ti_mmwave_rospkg_msgs' build argument 'ament_cmake_args' from command line to 'None'
[0.250s] Level 5:colcon.colcon_core.verb:set package 'ti_mmwave_rospkg_msgs' build argument 'catkin_cmake_args' from command line to 'None'
[0.250s] Level 5:colcon.colcon_core.verb:set package 'ti_mmwave_rospkg_msgs' build argument 'catkin_skip_building_tests' from command line to 'False'
[0.250s] DEBUG:colcon.colcon_core.verb:Building package 'ti_mmwave_rospkg_msgs' with the following arguments: {'ament_cmake_args': None, 'build_base': '/home/docker_user/ros2_ws_head/build/ti_mmwave_rospkg_msgs', 'catkin_cmake_args': None, 'catkin_skip_building_tests': False, 'cmake_args': None, 'cmake_clean_cache': False, 'cmake_clean_first': False, 'cmake_force_configure': False, 'cmake_target': None, 'cmake_target_skip_unavailable': False, 'install_base': '/home/docker_user/ros2_ws_head/install/ti_mmwave_rospkg_msgs', 'merge_install': False, 'path': '/home/docker_user/ros2_ws_head/src/ros2_driver/src/ti_mmwave_rospkg_msgs', 'symlink_install': True, 'test_result_base': None}
[0.250s] Level 5:colcon.colcon_core.verb:set package 'face_tracker' build argument 'cmake_args' from command line to 'None'
[0.250s] Level 5:colcon.colcon_core.verb:set package 'face_tracker' build argument 'cmake_target' from command line to 'None'
[0.250s] Level 5:colcon.colcon_core.verb:set package 'face_tracker' build argument 'cmake_target_skip_unavailable' from command line to 'False'
[0.250s] Level 5:colcon.colcon_core.verb:set package 'face_tracker' build argument 'cmake_clean_cache' from command line to 'False'
[0.250s] Level 5:colcon.colcon_core.verb:set package 'face_tracker' build argument 'cmake_clean_first' from command line to 'False'
[0.250s] Level 5:colcon.colcon_core.verb:set package 'face_tracker' build argument 'cmake_force_configure' from command line to 'False'
[0.250s] Level 5:colcon.colcon_core.verb:set package 'face_tracker' build argument 'ament_cmake_args' from command line to 'None'
[0.250s] Level 5:colcon.colcon_core.verb:set package 'face_tracker' build argument 'catkin_cmake_args' from command line to 'None'
[0.250s] Level 5:colcon.colcon_core.verb:set package 'face_tracker' build argument 'catkin_skip_building_tests' from command line to 'False'
[0.250s] DEBUG:colcon.colcon_core.verb:Building package 'face_tracker' with the following arguments: {'ament_cmake_args': None, 'build_base': '/home/docker_user/ros2_ws_head/build/face_tracker', 'catkin_cmake_args': None, 'catkin_skip_building_tests': False, 'cmake_args': None, 'cmake_clean_cache': False, 'cmake_clean_first': False, 'cmake_force_configure': False, 'cmake_target': None, 'cmake_target_skip_unavailable': False, 'install_base': '/home/docker_user/ros2_ws_head/install/face_tracker', 'merge_install': False, 'path': '/home/docker_user/ros2_ws_head/src/face_tracker', 'symlink_install': True, 'test_result_base': None}
[0.251s] Level 5:colcon.colcon_core.verb:set package 'ti_mmwave_rospkg' build argument 'cmake_args' from command line to 'None'
[0.251s] Level 5:colcon.colcon_core.verb:set package 'ti_mmwave_rospkg' build argument 'cmake_target' from command line to 'None'
[0.251s] Level 5:colcon.colcon_core.verb:set package 'ti_mmwave_rospkg' build argument 'cmake_target_skip_unavailable' from command line to 'False'
[0.251s] Level 5:colcon.colcon_core.verb:set package 'ti_mmwave_rospkg' build argument 'cmake_clean_cache' from command line to 'False'
[0.251s] Level 5:colcon.colcon_core.verb:set package 'ti_mmwave_rospkg' build argument 'cmake_clean_first' from command line to 'False'
[0.251s] Level 5:colcon.colcon_core.verb:set package 'ti_mmwave_rospkg' build argument 'cmake_force_configure' from command line to 'False'
[0.251s] Level 5:colcon.colcon_core.verb:set package 'ti_mmwave_rospkg' build argument 'ament_cmake_args' from command line to 'None'
[0.251s] Level 5:colcon.colcon_core.verb:set package 'ti_mmwave_rospkg' build argument 'catkin_cmake_args' from command line to 'None'
[0.251s] Level 5:colcon.colcon_core.verb:set package 'ti_mmwave_rospkg' build argument 'catkin_skip_building_tests' from command line to 'False'
[0.251s] DEBUG:colcon.colcon_core.verb:Building package 'ti_mmwave_rospkg' with the following arguments: {'ament_cmake_args': None, 'build_base': '/home/docker_user/ros2_ws_head/build/ti_mmwave_rospkg', 'catkin_cmake_args': None, 'catkin_skip_building_tests': False, 'cmake_args': None, 'cmake_clean_cache': False, 'cmake_clean_first': False, 'cmake_force_configure': False, 'cmake_target': None, 'cmake_target_skip_unavailable': False, 'install_base': '/home/docker_user/ros2_ws_head/install/ti_mmwave_rospkg', 'merge_install': False, 'path': '/home/docker_user/ros2_ws_head/src/ros2_driver/src/ti_mmwave_rospkg', 'symlink_install': True, 'test_result_base': None}
[0.251s] INFO:colcon.colcon_core.executor:Executing jobs using 'parallel' executor
[0.251s] DEBUG:colcon.colcon_parallel_executor.executor.parallel:run_until_complete
[0.252s] INFO:colcon.colcon_ros.task.ament_cmake.build:Building ROS package in '/home/docker_user/ros2_ws_head/src/posture_analysis_msgs' with build type 'ament_cmake'
[0.252s] INFO:colcon.colcon_cmake.task.cmake.build:Building CMake package in '/home/docker_user/ros2_ws_head/src/posture_analysis_msgs'
[0.254s] INFO:colcon.colcon_core.plugin_system:Skipping extension 'colcon_core.shell.bat': Not used on non-Windows systems
[0.254s] INFO:colcon.colcon_core.shell:Skip shell extension 'powershell' for command environment: Not usable outside of PowerShell
[0.254s] DEBUG:colcon.colcon_core.shell:Skip shell extension 'dsv' for command environment
[0.257s] INFO:colcon.colcon_ros.task.ament_cmake.build:Building ROS package in '/home/docker_user/ros2_ws_head/src/ros2_driver/src/serial-ros2-master' with build type 'ament_cmake'
[0.257s] INFO:colcon.colcon_cmake.task.cmake.build:Building CMake package in '/home/docker_user/ros2_ws_head/src/ros2_driver/src/serial-ros2-master'
[0.258s] INFO:colcon.colcon_core.shell:Skip shell extension 'powershell' for command environment: Not usable outside of PowerShell
[0.258s] DEBUG:colcon.colcon_core.shell:Skip shell extension 'dsv' for command environment
[0.260s] INFO:colcon.colcon_ros.task.ament_cmake.build:Building ROS package in '/home/docker_user/ros2_ws_head/src/ros2_driver/src/ti_mmwave_rospkg_msgs' with build type 'ament_cmake'
[0.260s] INFO:colcon.colcon_cmake.task.cmake.build:Building CMake package in '/home/docker_user/ros2_ws_head/src/ros2_driver/src/ti_mmwave_rospkg_msgs'
[0.261s] INFO:colcon.colcon_core.shell:Skip shell extension 'powershell' for command environment: Not usable outside of PowerShell
[0.261s] DEBUG:colcon.colcon_core.shell:Skip shell extension 'dsv' for command environment
[0.262s] INFO:colcon.colcon_ros.task.ament_python.build:Building ROS package in '/home/docker_user/ros2_ws_head/src/actuators_bringup' with build type 'ament_python'
[0.263s] Level 1:colcon.colcon_core.shell:create_environment_hook('actuators_bringup', 'ament_prefix_path')
[0.263s] INFO:colcon.colcon_core.shell:Creating environment hook '/home/docker_user/ros2_ws_head/install/actuators_bringup/share/actuators_bringup/hook/ament_prefix_path.ps1'
[0.264s] INFO:colcon.colcon_core.shell:Creating environment descriptor '/home/docker_user/ros2_ws_head/install/actuators_bringup/share/actuators_bringup/hook/ament_prefix_path.dsv'
[0.264s] INFO:colcon.colcon_core.shell:Creating environment hook '/home/docker_user/ros2_ws_head/install/actuators_bringup/share/actuators_bringup/hook/ament_prefix_path.sh'
[0.265s] INFO:colcon.colcon_core.shell:Skip shell extension 'powershell' for command environment: Not usable outside of PowerShell
[0.265s] DEBUG:colcon.colcon_core.shell:Skip shell extension 'dsv' for command environment
[0.267s] INFO:colcon.colcon_ros.task.ament_python.build:Building ROS package in '/home/docker_user/ros2_ws_head/src/head_bringup' with build type 'ament_python'
[0.267s] Level 1:colcon.colcon_core.shell:create_environment_hook('head_bringup', 'ament_prefix_path')
[0.268s] INFO:colcon.colcon_core.shell:Creating environment hook '/home/docker_user/ros2_ws_head/install/head_bringup/share/head_bringup/hook/ament_prefix_path.ps1'
[0.268s] INFO:colcon.colcon_core.shell:Creating environment descriptor '/home/docker_user/ros2_ws_head/install/head_bringup/share/head_bringup/hook/ament_prefix_path.dsv'
[0.269s] INFO:colcon.colcon_core.shell:Creating environment hook '/home/docker_user/ros2_ws_head/install/head_bringup/share/head_bringup/hook/ament_prefix_path.sh'
[0.270s] INFO:colcon.colcon_core.shell:Skip shell extension 'powershell' for command environment: Not usable outside of PowerShell
[0.270s] DEBUG:colcon.colcon_core.shell:Skip shell extension 'dsv' for command environment
[0.278s] DEBUG:colcon.colcon_core.event_handler.log_command:Invoking command in '/home/docker_user/ros2_ws_head/build/posture_analysis_msgs': CMAKE_PREFIX_PATH=/opt/ros/humble /usr/bin/cmake /home/docker_user/ros2_ws_head/src/posture_analysis_msgs -DAMENT_CMAKE_SYMLINK_INSTALL=1 -DCMAKE_INSTALL_PREFIX=/home/docker_user/ros2_ws_head/install/posture_analysis_msgs
[0.282s] DEBUG:colcon.colcon_core.event_handler.log_command:Invoking command in '/home/docker_user/ros2_ws_head/build/serial': CMAKE_PREFIX_PATH=/opt/ros/humble /usr/bin/cmake /home/docker_user/ros2_ws_head/src/ros2_driver/src/serial-ros2-master -DAMENT_CMAKE_SYMLINK_INSTALL=1 -DCMAKE_INSTALL_PREFIX=/home/docker_user/ros2_ws_head/install/serial
[0.286s] DEBUG:colcon.colcon_core.event_handler.log_command:Invoking command in '/home/docker_user/ros2_ws_head/build/ti_mmwave_rospkg_msgs': CMAKE_PREFIX_PATH=/opt/ros/humble /usr/bin/cmake /home/docker_user/ros2_ws_head/src/ros2_driver/src/ti_mmwave_rospkg_msgs -DAMENT_CMAKE_SYMLINK_INSTALL=1 -DCMAKE_INSTALL_PREFIX=/home/docker_user/ros2_ws_head/install/ti_mmwave_rospkg_msgs
[0.508s] INFO:colcon.colcon_core.task.python.build:Building Python package in '/home/docker_user/ros2_ws_head/src/actuators_bringup'
[0.508s] INFO:colcon.colcon_core.shell:Skip shell extension 'powershell' for command environment: Not usable outside of PowerShell
[0.508s] DEBUG:colcon.colcon_core.shell:Skip shell extension 'dsv' for command environment
[0.653s] INFO:colcon.colcon_core.task.python.build:Building Python package in '/home/docker_user/ros2_ws_head/src/head_bringup'
[0.653s] INFO:colcon.colcon_core.shell:Skip shell extension 'powershell' for command environment: Not usable outside of PowerShell
[0.653s] DEBUG:colcon.colcon_core.shell:Skip shell extension 'dsv' for command environment
[0.884s] DEBUG:colcon.colcon_core.event_handler.log_command:Invoked command in '/home/docker_user/ros2_ws_head/build/serial' returned '0': CMAKE_PREFIX_PATH=/opt/ros/humble /usr/bin/cmake /home/docker_user/ros2_ws_head/src/ros2_driver/src/serial-ros2-master -DAMENT_CMAKE_SYMLINK_INSTALL=1 -DCMAKE_INSTALL_PREFIX=/home/docker_user/ros2_ws_head/install/serial
[0.886s] DEBUG:colcon.colcon_core.event_handler.log_command:Invoking command in '/home/docker_user/ros2_ws_head/build/serial': CMAKE_PREFIX_PATH=/opt/ros/humble /usr/bin/cmake --build /home/docker_user/ros2_ws_head/build/serial -- -j16 -l16
[0.949s] DEBUG:colcon.colcon_core.event_handler.log_command:Invoking command in '/home/docker_user/ros2_ws_head/build/actuators_bringup': PYTHONPATH=/home/docker_user/ros2_ws_head/build/actuators_bringup/prefix_override:/usr/lib/python3/dist-packages/colcon_core/task/python/colcon_distutils_commands:/home/docker_user/ros2_ws_head/install/actuators_bringup/lib/python3.10/site-packages:${PYTHONPATH} /usr/bin/python3 -W ignore:setup.py install is deprecated -W ignore:easy_install command is deprecated setup.py develop --editable --build-directory /home/docker_user/ros2_ws_head/build/actuators_bringup/build --no-deps symlink_data
[0.951s] DEBUG:colcon.colcon_core.event_handler.log_command:Invoking command in '/home/docker_user/ros2_ws_head/build/head_bringup': PYTHONPATH=/home/docker_user/ros2_ws_head/build/head_bringup/prefix_override:/usr/lib/python3/dist-packages/colcon_core/task/python/colcon_distutils_commands:/home/docker_user/ros2_ws_head/install/head_bringup/lib/python3.10/site-packages:${PYTHONPATH} /usr/bin/python3 -W ignore:setup.py install is deprecated -W ignore:easy_install command is deprecated setup.py develop --editable --build-directory /home/docker_user/ros2_ws_head/build/head_bringup/build --no-deps symlink_data
[1.210s] Level 1:colcon.colcon_core.shell:create_environment_hook('head_bringup', 'pythonpath_develop')
[1.211s] INFO:colcon.colcon_core.shell:Creating environment hook '/home/docker_user/ros2_ws_head/build/head_bringup/share/head_bringup/hook/pythonpath_develop.ps1'
[1.211s] DEBUG:colcon.colcon_core.event_handler.log_command:Invoked command in '/home/docker_user/ros2_ws_head/build/head_bringup' returned '0': PYTHONPATH=/home/docker_user/ros2_ws_head/build/head_bringup/prefix_override:/usr/lib/python3/dist-packages/colcon_core/task/python/colcon_distutils_commands:/home/docker_user/ros2_ws_head/install/head_bringup/lib/python3.10/site-packages:${PYTHONPATH} /usr/bin/python3 -W ignore:setup.py install is deprecated -W ignore:easy_install command is deprecated setup.py develop --editable --build-directory /home/docker_user/ros2_ws_head/build/head_bringup/build --no-deps symlink_data
[1.212s] INFO:colcon.colcon_core.shell:Creating environment descriptor '/home/docker_user/ros2_ws_head/build/head_bringup/share/head_bringup/hook/pythonpath_develop.dsv'
[1.212s] INFO:colcon.colcon_core.shell:Creating environment hook '/home/docker_user/ros2_ws_head/build/head_bringup/share/head_bringup/hook/pythonpath_develop.sh'
[1.218s] Level 1:colcon.colcon_core.environment:checking '/home/docker_user/ros2_ws_head/install/head_bringup' for CMake module files
[1.219s] Level 1:colcon.colcon_core.environment:checking '/home/docker_user/ros2_ws_head/install/head_bringup' for CMake config files
[1.220s] Level 1:colcon.colcon_core.environment:checking '/home/docker_user/ros2_ws_head/install/head_bringup/lib'
[1.220s] Level 1:colcon.colcon_core.environment:checking '/home/docker_user/ros2_ws_head/install/head_bringup/bin'
[1.220s] Level 1:colcon.colcon_core.environment:checking '/home/docker_user/ros2_ws_head/install/head_bringup/lib/pkgconfig/head_bringup.pc'
[1.220s] Level 1:colcon.colcon_core.environment:checking '/home/docker_user/ros2_ws_head/install/head_bringup/lib/python3.10/site-packages'
[1.220s] Level 1:colcon.colcon_core.shell:create_environment_hook('head_bringup', 'pythonpath')
[1.221s] INFO:colcon.colcon_core.shell:Creating environment hook '/home/docker_user/ros2_ws_head/install/head_bringup/share/head_bringup/hook/pythonpath.ps1'
[1.221s] INFO:colcon.colcon_core.shell:Creating environment descriptor '/home/docker_user/ros2_ws_head/install/head_bringup/share/head_bringup/hook/pythonpath.dsv'
[1.221s] INFO:colcon.colcon_core.shell:Creating environment hook '/home/docker_user/ros2_ws_head/install/head_bringup/share/head_bringup/hook/pythonpath.sh'
[1.222s] Level 1:colcon.colcon_core.environment:checking '/home/docker_user/ros2_ws_head/install/head_bringup/bin'
[1.222s] Level 1:colcon.colcon_core.environment:create_environment_scripts_only(head_bringup)
[1.222s] INFO:colcon.colcon_core.shell:Creating package script '/home/docker_user/ros2_ws_head/install/head_bringup/share/head_bringup/package.ps1'
[1.223s] INFO:colcon.colcon_core.shell:Creating package descriptor '/home/docker_user/ros2_ws_head/install/head_bringup/share/head_bringup/package.dsv'
[1.223s] INFO:colcon.colcon_core.shell:Creating package script '/home/docker_user/ros2_ws_head/install/head_bringup/share/head_bringup/package.sh'
[1.224s] INFO:colcon.colcon_core.shell:Creating package script '/home/docker_user/ros2_ws_head/install/head_bringup/share/head_bringup/package.bash'
[1.224s] INFO:colcon.colcon_core.shell:Creating package script '/home/docker_user/ros2_ws_head/install/head_bringup/share/head_bringup/package.zsh'
[1.224s] Level 1:colcon.colcon_core.environment:create_file_with_runtime_dependencies(/home/docker_user/ros2_ws_head/install/head_bringup/share/colcon-core/packages/head_bringup)
[1.225s] Level 1:colcon.colcon_core.shell:create_environment_hook('actuators_bringup', 'pythonpath_develop')
[1.226s] INFO:colcon.colcon_core.shell:Creating environment hook '/home/docker_user/ros2_ws_head/build/actuators_bringup/share/actuators_bringup/hook/pythonpath_develop.ps1'
[1.227s] DEBUG:colcon.colcon_core.event_handler.log_command:Invoked command in '/home/docker_user/ros2_ws_head/build/actuators_bringup' returned '0': PYTHONPATH=/home/docker_user/ros2_ws_head/build/actuators_bringup/prefix_override:/usr/lib/python3/dist-packages/colcon_core/task/python/colcon_distutils_commands:/home/docker_user/ros2_ws_head/install/actuators_bringup/lib/python3.10/site-packages:${PYTHONPATH} /usr/bin/python3 -W ignore:setup.py install is deprecated -W ignore:easy_install command is deprecated setup.py develop --editable --build-directory /home/docker_user/ros2_ws_head/build/actuators_bringup/build --no-deps symlink_data
[1.227s] INFO:colcon.colcon_core.shell:Creating environment descriptor '/home/docker_user/ros2_ws_head/build/actuators_bringup/share/actuators_bringup/hook/pythonpath_develop.dsv'
[1.227s] INFO:colcon.colcon_core.shell:Creating environment hook '/home/docker_user/ros2_ws_head/build/actuators_bringup/share/actuators_bringup/hook/pythonpath_develop.sh'
[1.228s] Level 1:colcon.colcon_core.environment:checking '/home/docker_user/ros2_ws_head/install/actuators_bringup' for CMake module files
[1.228s] Level 1:colcon.colcon_core.environment:checking '/home/docker_user/ros2_ws_head/install/actuators_bringup' for CMake config files
[1.228s] Level 1:colcon.colcon_core.environment:checking '/home/docker_user/ros2_ws_head/install/actuators_bringup/lib'
[1.228s] Level 1:colcon.colcon_core.environment:checking '/home/docker_user/ros2_ws_head/install/actuators_bringup/bin'
[1.228s] Level 1:colcon.colcon_core.environment:checking '/home/docker_user/ros2_ws_head/install/actuators_bringup/lib/pkgconfig/actuators_bringup.pc'
[1.229s] Level 1:colcon.colcon_core.environment:checking '/home/docker_user/ros2_ws_head/install/actuators_bringup/lib/python3.10/site-packages'
[1.229s] Level 1:colcon.colcon_core.shell:create_environment_hook('actuators_bringup', 'pythonpath')
[1.229s] INFO:colcon.colcon_core.shell:Creating environment hook '/home/docker_user/ros2_ws_head/install/actuators_bringup/share/actuators_bringup/hook/pythonpath.ps1'
[1.229s] INFO:colcon.colcon_core.shell:Creating environment descriptor '/home/docker_user/ros2_ws_head/install/actuators_bringup/share/actuators_bringup/hook/pythonpath.dsv'
[1.229s] INFO:colcon.colcon_core.shell:Creating environment hook '/home/docker_user/ros2_ws_head/install/actuators_bringup/share/actuators_bringup/hook/pythonpath.sh'
[1.230s] Level 1:colcon.colcon_core.environment:checking '/home/docker_user/ros2_ws_head/install/actuators_bringup/bin'
[1.230s] Level 1:colcon.colcon_core.environment:create_environment_scripts_only(actuators_bringup)
[1.230s] INFO:colcon.colcon_core.shell:Creating package script '/home/docker_user/ros2_ws_head/install/actuators_bringup/share/actuators_bringup/package.ps1'
[1.230s] INFO:colcon.colcon_core.shell:Creating package descriptor '/home/docker_user/ros2_ws_head/install/actuators_bringup/share/actuators_bringup/package.dsv'
[1.231s] INFO:colcon.colcon_core.shell:Creating package script '/home/docker_user/ros2_ws_head/install/actuators_bringup/share/actuators_bringup/package.sh'
[1.231s] INFO:colcon.colcon_core.shell:Creating package script '/home/docker_user/ros2_ws_head/install/actuators_bringup/share/actuators_bringup/package.bash'
[1.231s] INFO:colcon.colcon_core.shell:Creating package script '/home/docker_user/ros2_ws_head/install/actuators_bringup/share/actuators_bringup/package.zsh'
[1.231s] Level 1:colcon.colcon_core.environment:create_file_with_runtime_dependencies(/home/docker_user/ros2_ws_head/install/actuators_bringup/share/colcon-core/packages/actuators_bringup)
[1.609s] DEBUG:colcon.colcon_core.event_handler.log_command:Invoked command in '/home/docker_user/ros2_ws_head/build/posture_analysis_msgs' returned '0': CMAKE_PREFIX_PATH=/opt/ros/humble /usr/bin/cmake /home/docker_user/ros2_ws_head/src/posture_analysis_msgs -DAMENT_CMAKE_SYMLINK_INSTALL=1 -DCMAKE_INSTALL_PREFIX=/home/docker_user/ros2_ws_head/install/posture_analysis_msgs
[1.609s] DEBUG:colcon.colcon_core.event_handler.log_command:Invoking command in '/home/docker_user/ros2_ws_head/build/posture_analysis_msgs': CMAKE_PREFIX_PATH=/opt/ros/humble /usr/bin/cmake --build /home/docker_user/ros2_ws_head/build/posture_analysis_msgs -- -j16 -l16
[1.656s] DEBUG:colcon.colcon_core.event_handler.log_command:Invoked command in '/home/docker_user/ros2_ws_head/build/serial' returned '0': CMAKE_PREFIX_PATH=/opt/ros/humble /usr/bin/cmake --build /home/docker_user/ros2_ws_head/build/serial -- -j16 -l16
[1.667s] DEBUG:colcon.colcon_core.event_handler.log_command:Invoking command in '/home/docker_user/ros2_ws_head/build/serial': CMAKE_PREFIX_PATH=/opt/ros/humble /usr/bin/cmake --install /home/docker_user/ros2_ws_head/build/serial
[1.898s] Level 1:colcon.colcon_core.environment:create_environment_scripts_only(serial)
[1.899s] Level 1:colcon.colcon_core.environment:checking '/home/docker_user/ros2_ws_head/install/serial' for CMake module files
[1.899s] DEBUG:colcon.colcon_core.event_handler.log_command:Invoked command in '/home/docker_user/ros2_ws_head/build/serial' returned '0': CMAKE_PREFIX_PATH=/opt/ros/humble /usr/bin/cmake --install /home/docker_user/ros2_ws_head/build/serial
[1.900s] Level 1:colcon.colcon_core.environment:checking '/home/docker_user/ros2_ws_head/install/serial' for CMake config files
[1.900s] Level 1:colcon.colcon_core.shell:create_environment_hook('serial', 'cmake_prefix_path')
[1.901s] INFO:colcon.colcon_core.shell:Creating environment hook '/home/docker_user/ros2_ws_head/install/serial/share/serial/hook/cmake_prefix_path.ps1'
[1.901s] INFO:colcon.colcon_core.shell:Creating environment descriptor '/home/docker_user/ros2_ws_head/install/serial/share/serial/hook/cmake_prefix_path.dsv'
[1.902s] INFO:colcon.colcon_core.shell:Creating environment hook '/home/docker_user/ros2_ws_head/install/serial/share/serial/hook/cmake_prefix_path.sh'
[1.903s] Level 1:colcon.colcon_core.environment:checking '/home/docker_user/ros2_ws_head/install/serial/lib'
[1.903s] Level 1:colcon.colcon_core.shell:create_environment_hook('serial', 'ld_library_path_lib')
[1.903s] INFO:colcon.colcon_core.shell:Creating environment hook '/home/docker_user/ros2_ws_head/install/serial/share/serial/hook/ld_library_path_lib.ps1'
[1.904s] INFO:colcon.colcon_core.shell:Creating environment descriptor '/home/docker_user/ros2_ws_head/install/serial/share/serial/hook/ld_library_path_lib.dsv'
[1.904s] INFO:colcon.colcon_core.shell:Creating environment hook '/home/docker_user/ros2_ws_head/install/serial/share/serial/hook/ld_library_path_lib.sh'
[1.904s] Level 1:colcon.colcon_core.environment:checking '/home/docker_user/ros2_ws_head/install/serial/bin'
[1.905s] Level 1:colcon.colcon_core.environment:checking '/home/docker_user/ros2_ws_head/install/serial/lib/pkgconfig/serial.pc'
[1.905s] Level 1:colcon.colcon_core.environment:checking '/home/docker_user/ros2_ws_head/install/serial/lib/python3.10/site-packages'
[1.905s] Level 1:colcon.colcon_core.environment:checking '/home/docker_user/ros2_ws_head/install/serial/bin'
[1.906s] INFO:colcon.colcon_core.shell:Creating package script '/home/docker_user/ros2_ws_head/install/serial/share/serial/package.ps1'
[1.907s] INFO:colcon.colcon_core.shell:Creating package descriptor '/home/docker_user/ros2_ws_head/install/serial/share/serial/package.dsv'
[1.907s] INFO:colcon.colcon_core.shell:Creating package script '/home/docker_user/ros2_ws_head/install/serial/share/serial/package.sh'
[1.908s] INFO:colcon.colcon_core.shell:Creating package script '/home/docker_user/ros2_ws_head/install/serial/share/serial/package.bash'
[1.908s] INFO:colcon.colcon_core.shell:Creating package script '/home/docker_user/ros2_ws_head/install/serial/share/serial/package.zsh'
[1.909s] Level 1:colcon.colcon_core.environment:create_file_with_runtime_dependencies(/home/docker_user/ros2_ws_head/install/serial/share/colcon-core/packages/serial)
[1.909s] Level 1:colcon.colcon_core.environment:create_environment_scripts_only(serial)
[1.910s] Level 1:colcon.colcon_core.environment:checking '/home/docker_user/ros2_ws_head/install/serial' for CMake module files
[1.910s] Level 1:colcon.colcon_core.environment:checking '/home/docker_user/ros2_ws_head/install/serial' for CMake config files
[1.911s] Level 1:colcon.colcon_core.shell:create_environment_hook('serial', 'cmake_prefix_path')
[1.911s] INFO:colcon.colcon_core.shell:Creating environment hook '/home/docker_user/ros2_ws_head/install/serial/share/serial/hook/cmake_prefix_path.ps1'
[1.912s] INFO:colcon.colcon_core.shell:Creating environment descriptor '/home/docker_user/ros2_ws_head/install/serial/share/serial/hook/cmake_prefix_path.dsv'
[1.912s] INFO:colcon.colcon_core.shell:Creating environment hook '/home/docker_user/ros2_ws_head/install/serial/share/serial/hook/cmake_prefix_path.sh'
[1.913s] Level 1:colcon.colcon_core.environment:checking '/home/docker_user/ros2_ws_head/install/serial/lib'
[1.913s] Level 1:colcon.colcon_core.shell:create_environment_hook('serial', 'ld_library_path_lib')
[1.913s] INFO:colcon.colcon_core.shell:Creating environment hook '/home/docker_user/ros2_ws_head/install/serial/share/serial/hook/ld_library_path_lib.ps1'
[1.914s] INFO:colcon.colcon_core.shell:Creating environment descriptor '/home/docker_user/ros2_ws_head/install/serial/share/serial/hook/ld_library_path_lib.dsv'
[1.914s] INFO:colcon.colcon_core.shell:Creating environment hook '/home/docker_user/ros2_ws_head/install/serial/share/serial/hook/ld_library_path_lib.sh'
[1.915s] Level 1:colcon.colcon_core.environment:checking '/home/docker_user/ros2_ws_head/install/serial/bin'
[1.915s] Level 1:colcon.colcon_core.environment:checking '/home/docker_user/ros2_ws_head/install/serial/lib/pkgconfig/serial.pc'
[1.915s] Level 1:colcon.colcon_core.environment:checking '/home/docker_user/ros2_ws_head/install/serial/lib/python3.10/site-packages'
[1.916s] Level 1:colcon.colcon_core.environment:checking '/home/docker_user/ros2_ws_head/install/serial/bin'
[1.916s] INFO:colcon.colcon_core.shell:Creating package script '/home/docker_user/ros2_ws_head/install/serial/share/serial/package.ps1'
[1.917s] INFO:colcon.colcon_core.shell:Creating package descriptor '/home/docker_user/ros2_ws_head/install/serial/share/serial/package.dsv'
[1.918s] INFO:colcon.colcon_core.shell:Creating package script '/home/docker_user/ros2_ws_head/install/serial/share/serial/package.sh'
[1.918s] INFO:colcon.colcon_core.shell:Creating package script '/home/docker_user/ros2_ws_head/install/serial/share/serial/package.bash'
[1.919s] INFO:colcon.colcon_core.shell:Creating package script '/home/docker_user/ros2_ws_head/install/serial/share/serial/package.zsh'
[1.919s] Level 1:colcon.colcon_core.environment:create_file_with_runtime_dependencies(/home/docker_user/ros2_ws_head/install/serial/share/colcon-core/packages/serial)
[2.720s] DEBUG:colcon.colcon_core.event_handler.log_command:Invoked command in '/home/docker_user/ros2_ws_head/build/ti_mmwave_rospkg_msgs' returned '0': CMAKE_PREFIX_PATH=/opt/ros/humble /usr/bin/cmake /home/docker_user/ros2_ws_head/src/ros2_driver/src/ti_mmwave_rospkg_msgs -DAMENT_CMAKE_SYMLINK_INSTALL=1 -DCMAKE_INSTALL_PREFIX=/home/docker_user/ros2_ws_head/install/ti_mmwave_rospkg_msgs
[2.721s] DEBUG:colcon.colcon_core.event_handler.log_command:Invoking command in '/home/docker_user/ros2_ws_head/build/ti_mmwave_rospkg_msgs': CMAKE_PREFIX_PATH=/opt/ros/humble /usr/bin/cmake --build /home/docker_user/ros2_ws_head/build/ti_mmwave_rospkg_msgs -- -j16 -l16
[3.642s] DEBUG:colcon.colcon_core.event_handler.log_command:Invoked command in '/home/docker_user/ros2_ws_head/build/posture_analysis_msgs' returned '0': CMAKE_PREFIX_PATH=/opt/ros/humble /usr/bin/cmake --build /home/docker_user/ros2_ws_head/build/posture_analysis_msgs -- -j16 -l16
[3.643s] DEBUG:colcon.colcon_core.event_handler.log_command:Invoking command in '/home/docker_user/ros2_ws_head/build/posture_analysis_msgs': CMAKE_PREFIX_PATH=/opt/ros/humble /usr/bin/cmake --install /home/docker_user/ros2_ws_head/build/posture_analysis_msgs
[4.539s] Level 1:colcon.colcon_core.environment:create_environment_scripts_only(posture_analysis_msgs)
[4.539s] Level 1:colcon.colcon_core.environment:checking '/home/docker_user/ros2_ws_head/install/posture_analysis_msgs' for CMake module files
[4.541s] DEBUG:colcon.colcon_core.event_handler.log_command:Invoked command in '/home/docker_user/ros2_ws_head/build/posture_analysis_msgs' returned '0': CMAKE_PREFIX_PATH=/opt/ros/humble /usr/bin/cmake --install /home/docker_user/ros2_ws_head/build/posture_analysis_msgs
[4.542s] Level 1:colcon.colcon_core.environment:checking '/home/docker_user/ros2_ws_head/install/posture_analysis_msgs' for CMake config files
[4.544s] Level 1:colcon.colcon_core.shell:create_environment_hook('posture_analysis_msgs', 'cmake_prefix_path')
[4.544s] INFO:colcon.colcon_core.shell:Creating environment hook '/home/docker_user/ros2_ws_head/install/posture_analysis_msgs/share/posture_analysis_msgs/hook/cmake_prefix_path.ps1'
[4.545s] INFO:colcon.colcon_core.shell:Creating environment descriptor '/home/docker_user/ros2_ws_head/install/posture_analysis_msgs/share/posture_analysis_msgs/hook/cmake_prefix_path.dsv'
[4.546s] INFO:colcon.colcon_core.shell:Creating environment hook '/home/docker_user/ros2_ws_head/install/posture_analysis_msgs/share/posture_analysis_msgs/hook/cmake_prefix_path.sh'
[4.546s] Level 1:colcon.colcon_core.environment:checking '/home/docker_user/ros2_ws_head/install/posture_analysis_msgs/lib'
[4.547s] Level 1:colcon.colcon_core.shell:create_environment_hook('posture_analysis_msgs', 'ld_library_path_lib')
[4.547s] INFO:colcon.colcon_core.shell:Creating environment hook '/home/docker_user/ros2_ws_head/install/posture_analysis_msgs/share/posture_analysis_msgs/hook/ld_library_path_lib.ps1'
[4.548s] INFO:colcon.colcon_core.shell:Creating environment descriptor '/home/docker_user/ros2_ws_head/install/posture_analysis_msgs/share/posture_analysis_msgs/hook/ld_library_path_lib.dsv'
[4.548s] INFO:colcon.colcon_core.shell:Creating environment hook '/home/docker_user/ros2_ws_head/install/posture_analysis_msgs/share/posture_analysis_msgs/hook/ld_library_path_lib.sh'
[4.549s] Level 1:colcon.colcon_core.environment:checking '/home/docker_user/ros2_ws_head/install/posture_analysis_msgs/bin'
[4.549s] Level 1:colcon.colcon_core.environment:checking '/home/docker_user/ros2_ws_head/install/posture_analysis_msgs/lib/pkgconfig/posture_analysis_msgs.pc'
[4.550s] Level 1:colcon.colcon_core.environment:checking '/home/docker_user/ros2_ws_head/install/posture_analysis_msgs/lib/python3.10/site-packages'
[4.550s] Level 1:colcon.colcon_core.environment:checking '/home/docker_user/ros2_ws_head/install/posture_analysis_msgs/bin'
[4.551s] INFO:colcon.colcon_core.shell:Creating package script '/home/docker_user/ros2_ws_head/install/posture_analysis_msgs/share/posture_analysis_msgs/package.ps1'
[4.552s] INFO:colcon.colcon_core.shell:Creating package descriptor '/home/docker_user/ros2_ws_head/install/posture_analysis_msgs/share/posture_analysis_msgs/package.dsv'
[4.553s] INFO:colcon.colcon_core.shell:Creating package script '/home/docker_user/ros2_ws_head/install/posture_analysis_msgs/share/posture_analysis_msgs/package.sh'
[4.553s] INFO:colcon.colcon_core.shell:Creating package script '/home/docker_user/ros2_ws_head/install/posture_analysis_msgs/share/posture_analysis_msgs/package.bash'
[4.554s] INFO:colcon.colcon_core.shell:Creating package script '/home/docker_user/ros2_ws_head/install/posture_analysis_msgs/share/posture_analysis_msgs/package.zsh'
[4.554s] Level 1:colcon.colcon_core.environment:create_file_with_runtime_dependencies(/home/docker_user/ros2_ws_head/install/posture_analysis_msgs/share/colcon-core/packages/posture_analysis_msgs)
[4.556s] Level 1:colcon.colcon_core.environment:create_environment_scripts_only(posture_analysis_msgs)
[4.556s] Level 1:colcon.colcon_core.environment:checking '/home/docker_user/ros2_ws_head/install/posture_analysis_msgs' for CMake module files
[4.557s] Level 1:colcon.colcon_core.environment:checking '/home/docker_user/ros2_ws_head/install/posture_analysis_msgs' for CMake config files
[4.559s] Level 1:colcon.colcon_core.shell:create_environment_hook('posture_analysis_msgs', 'cmake_prefix_path')
[4.559s] INFO:colcon.colcon_core.shell:Creating environment hook '/home/docker_user/ros2_ws_head/install/posture_analysis_msgs/share/posture_analysis_msgs/hook/cmake_prefix_path.ps1'
[4.560s] INFO:colcon.colcon_core.shell:Creating environment descriptor '/home/docker_user/ros2_ws_head/install/posture_analysis_msgs/share/posture_analysis_msgs/hook/cmake_prefix_path.dsv'
[4.560s] INFO:colcon.colcon_core.shell:Creating environment hook '/home/docker_user/ros2_ws_head/install/posture_analysis_msgs/share/posture_analysis_msgs/hook/cmake_prefix_path.sh'
[4.562s] Level 1:colcon.colcon_core.environment:checking '/home/docker_user/ros2_ws_head/install/posture_analysis_msgs/lib'
[4.562s] Level 1:colcon.colcon_core.shell:create_environment_hook('posture_analysis_msgs', 'ld_library_path_lib')
[4.562s] INFO:colcon.colcon_core.shell:Creating environment hook '/home/docker_user/ros2_ws_head/install/posture_analysis_msgs/share/posture_analysis_msgs/hook/ld_library_path_lib.ps1'
[4.563s] INFO:colcon.colcon_core.shell:Creating environment descriptor '/home/docker_user/ros2_ws_head/install/posture_analysis_msgs/share/posture_analysis_msgs/hook/ld_library_path_lib.dsv'
[4.564s] INFO:colcon.colcon_core.shell:Creating environment hook '/home/docker_user/ros2_ws_head/install/posture_analysis_msgs/share/posture_analysis_msgs/hook/ld_library_path_lib.sh'
[4.565s] Level 1:colcon.colcon_core.environment:checking '/home/docker_user/ros2_ws_head/install/posture_analysis_msgs/bin'
[4.565s] Level 1:colcon.colcon_core.environment:checking '/home/docker_user/ros2_ws_head/install/posture_analysis_msgs/lib/pkgconfig/posture_analysis_msgs.pc'
[4.565s] Level 1:colcon.colcon_core.environment:checking '/home/docker_user/ros2_ws_head/install/posture_analysis_msgs/lib/python3.10/site-packages'
[4.566s] Level 1:colcon.colcon_core.environment:checking '/home/docker_user/ros2_ws_head/install/posture_analysis_msgs/bin'
[4.567s] INFO:colcon.colcon_core.shell:Creating package script '/home/docker_user/ros2_ws_head/install/posture_analysis_msgs/share/posture_analysis_msgs/package.ps1'
[4.568s] INFO:colcon.colcon_core.shell:Creating package descriptor '/home/docker_user/ros2_ws_head/install/posture_analysis_msgs/share/posture_analysis_msgs/package.dsv'
[4.573s] INFO:colcon.colcon_core.shell:Creating package script '/home/docker_user/ros2_ws_head/install/posture_analysis_msgs/share/posture_analysis_msgs/package.sh'
[4.585s] INFO:colcon.colcon_core.shell:Creating package script '/home/docker_user/ros2_ws_head/install/posture_analysis_msgs/share/posture_analysis_msgs/package.bash'
[4.588s] INFO:colcon.colcon_core.shell:Creating package script '/home/docker_user/ros2_ws_head/install/posture_analysis_msgs/share/posture_analysis_msgs/package.zsh'
[4.588s] Level 1:colcon.colcon_core.environment:create_file_with_runtime_dependencies(/home/docker_user/ros2_ws_head/install/posture_analysis_msgs/share/colcon-core/packages/posture_analysis_msgs)
[4.589s] INFO:colcon.colcon_ros.task.ament_python.build:Building ROS package in '/home/docker_user/ros2_ws_head/src/face_tracker' with build type 'ament_python'
[4.589s] Level 1:colcon.colcon_core.shell:create_environment_hook('face_tracker', 'ament_prefix_path')
[4.593s] INFO:colcon.colcon_core.shell:Creating environment hook '/home/docker_user/ros2_ws_head/install/face_tracker/share/face_tracker/hook/ament_prefix_path.ps1'
[4.597s] INFO:colcon.colcon_core.shell:Creating environment descriptor '/home/docker_user/ros2_ws_head/install/face_tracker/share/face_tracker/hook/ament_prefix_path.dsv'
[4.598s] INFO:colcon.colcon_core.shell:Creating environment hook '/home/docker_user/ros2_ws_head/install/face_tracker/share/face_tracker/hook/ament_prefix_path.sh'
[4.601s] INFO:colcon.colcon_core.shell:Skip shell extension 'powershell' for command environment: Not usable outside of PowerShell
[4.601s] DEBUG:colcon.colcon_core.shell:Skip shell extension 'dsv' for command environment
[5.197s] INFO:colcon.colcon_core.task.python.build:Building Python package in '/home/docker_user/ros2_ws_head/src/face_tracker'
[5.197s] INFO:colcon.colcon_core.shell:Skip shell extension 'powershell' for command environment: Not usable outside of PowerShell
[5.199s] DEBUG:colcon.colcon_core.shell:Skip shell extension 'dsv' for command environment
[6.294s] DEBUG:colcon.colcon_core.event_handler.log_command:Invoking command in '/home/docker_user/ros2_ws_head/build/face_tracker': AMENT_PREFIX_PATH=/home/docker_user/ros2_ws_head/install/posture_analysis_msgs:${AMENT_PREFIX_PATH} CMAKE_PREFIX_PATH=/home/docker_user/ros2_ws_head/install/posture_analysis_msgs LD_LIBRARY_PATH=/home/docker_user/ros2_ws_head/install/posture_analysis_msgs/lib:${LD_LIBRARY_PATH} PYTHONPATH=/home/docker_user/ros2_ws_head/build/face_tracker/prefix_override:/usr/lib/python3/dist-packages/colcon_core/task/python/colcon_distutils_commands:/home/docker_user/ros2_ws_head/install/face_tracker/lib/python3.10/site-packages:/home/docker_user/ros2_ws_head/install/posture_analysis_msgs/local/lib/python3.10/dist-packages:${PYTHONPATH} /usr/bin/python3 -W ignore:setup.py install is deprecated -W ignore:easy_install command is deprecated setup.py develop --editable --build-directory /home/docker_user/ros2_ws_head/build/face_tracker/build --no-deps symlink_data
[7.147s] Level 1:colcon.colcon_core.shell:create_environment_hook('face_tracker', 'pythonpath_develop')
[7.147s] DEBUG:colcon.colcon_core.event_handler.log_command:Invoked command in '/home/docker_user/ros2_ws_head/build/face_tracker' returned '0': AMENT_PREFIX_PATH=/home/docker_user/ros2_ws_head/install/posture_analysis_msgs:${AMENT_PREFIX_PATH} CMAKE_PREFIX_PATH=/home/docker_user/ros2_ws_head/install/posture_analysis_msgs LD_LIBRARY_PATH=/home/docker_user/ros2_ws_head/install/posture_analysis_msgs/lib:${LD_LIBRARY_PATH} PYTHONPATH=/home/docker_user/ros2_ws_head/build/face_tracker/prefix_override:/usr/lib/python3/dist-packages/colcon_core/task/python/colcon_distutils_commands:/home/docker_user/ros2_ws_head/install/face_tracker/lib/python3.10/site-packages:/home/docker_user/ros2_ws_head/install/posture_analysis_msgs/local/lib/python3.10/dist-packages:${PYTHONPATH} /usr/bin/python3 -W ignore:setup.py install is deprecated -W ignore:easy_install command is deprecated setup.py develop --editable --build-directory /home/docker_user/ros2_ws_head/build/face_tracker/build --no-deps symlink_data
[7.148s] INFO:colcon.colcon_core.shell:Creating environment hook '/home/docker_user/ros2_ws_head/build/face_tracker/share/face_tracker/hook/pythonpath_develop.ps1'
[7.150s] INFO:colcon.colcon_core.shell:Creating environment descriptor '/home/docker_user/ros2_ws_head/build/face_tracker/share/face_tracker/hook/pythonpath_develop.dsv'
[7.151s] INFO:colcon.colcon_core.shell:Creating environment hook '/home/docker_user/ros2_ws_head/build/face_tracker/share/face_tracker/hook/pythonpath_develop.sh'
[7.153s] Level 1:colcon.colcon_core.environment:checking '/home/docker_user/ros2_ws_head/install/face_tracker' for CMake module files
[7.154s] Level 1:colcon.colcon_core.environment:checking '/home/docker_user/ros2_ws_head/install/face_tracker' for CMake config files
[7.155s] Level 1:colcon.colcon_core.environment:checking '/home/docker_user/ros2_ws_head/install/face_tracker/lib'
[7.155s] Level 1:colcon.colcon_core.environment:checking '/home/docker_user/ros2_ws_head/install/face_tracker/bin'
[7.155s] Level 1:colcon.colcon_core.environment:checking '/home/docker_user/ros2_ws_head/install/face_tracker/lib/pkgconfig/face_tracker.pc'
[7.155s] Level 1:colcon.colcon_core.environment:checking '/home/docker_user/ros2_ws_head/install/face_tracker/lib/python3.10/site-packages'
[7.155s] Level 1:colcon.colcon_core.shell:create_environment_hook('face_tracker', 'pythonpath')
[7.156s] INFO:colcon.colcon_core.shell:Creating environment hook '/home/docker_user/ros2_ws_head/install/face_tracker/share/face_tracker/hook/pythonpath.ps1'
[7.157s] INFO:colcon.colcon_core.shell:Creating environment descriptor '/home/docker_user/ros2_ws_head/install/face_tracker/share/face_tracker/hook/pythonpath.dsv'
[7.158s] INFO:colcon.colcon_core.shell:Creating environment hook '/home/docker_user/ros2_ws_head/install/face_tracker/share/face_tracker/hook/pythonpath.sh'
[7.160s] Level 1:colcon.colcon_core.environment:checking '/home/docker_user/ros2_ws_head/install/face_tracker/bin'
[7.160s] Level 1:colcon.colcon_core.environment:create_environment_scripts_only(face_tracker)
[7.160s] INFO:colcon.colcon_core.shell:Creating package script '/home/docker_user/ros2_ws_head/install/face_tracker/share/face_tracker/package.ps1'
[7.162s] INFO:colcon.colcon_core.shell:Creating package descriptor '/home/docker_user/ros2_ws_head/install/face_tracker/share/face_tracker/package.dsv'
[7.163s] INFO:colcon.colcon_core.shell:Creating package script '/home/docker_user/ros2_ws_head/install/face_tracker/share/face_tracker/package.sh'
[7.164s] INFO:colcon.colcon_core.shell:Creating package script '/home/docker_user/ros2_ws_head/install/face_tracker/share/face_tracker/package.bash'
[7.165s] INFO:colcon.colcon_core.shell:Creating package script '/home/docker_user/ros2_ws_head/install/face_tracker/share/face_tracker/package.zsh'
[7.166s] Level 1:colcon.colcon_core.environment:create_file_with_runtime_dependencies(/home/docker_user/ros2_ws_head/install/face_tracker/share/colcon-core/packages/face_tracker)
[9.726s] DEBUG:colcon.colcon_core.event_handler.log_command:Invoked command in '/home/docker_user/ros2_ws_head/build/ti_mmwave_rospkg_msgs' returned '0': CMAKE_PREFIX_PATH=/opt/ros/humble /usr/bin/cmake --build /home/docker_user/ros2_ws_head/build/ti_mmwave_rospkg_msgs -- -j16 -l16
[9.727s] DEBUG:colcon.colcon_core.event_handler.log_command:Invoking command in '/home/docker_user/ros2_ws_head/build/ti_mmwave_rospkg_msgs': CMAKE_PREFIX_PATH=/opt/ros/humble /usr/bin/cmake --install /home/docker_user/ros2_ws_head/build/ti_mmwave_rospkg_msgs
[12.542s] Level 1:colcon.colcon_core.environment:create_environment_scripts_only(ti_mmwave_rospkg_msgs)
[12.543s] Level 1:colcon.colcon_core.environment:checking '/home/docker_user/ros2_ws_head/install/ti_mmwave_rospkg_msgs' for CMake module files
[12.543s] DEBUG:colcon.colcon_core.event_handler.log_command:Invoked command in '/home/docker_user/ros2_ws_head/build/ti_mmwave_rospkg_msgs' returned '0': CMAKE_PREFIX_PATH=/opt/ros/humble /usr/bin/cmake --install /home/docker_user/ros2_ws_head/build/ti_mmwave_rospkg_msgs
[12.544s] Level 1:colcon.colcon_core.environment:checking '/home/docker_user/ros2_ws_head/install/ti_mmwave_rospkg_msgs' for CMake config files
[12.547s] Level 1:colcon.colcon_core.shell:create_environment_hook('ti_mmwave_rospkg_msgs', 'cmake_prefix_path')
[12.547s] INFO:colcon.colcon_core.shell:Creating environment hook '/home/docker_user/ros2_ws_head/install/ti_mmwave_rospkg_msgs/share/ti_mmwave_rospkg_msgs/hook/cmake_prefix_path.ps1'
[12.548s] INFO:colcon.colcon_core.shell:Creating environment descriptor '/home/docker_user/ros2_ws_head/install/ti_mmwave_rospkg_msgs/share/ti_mmwave_rospkg_msgs/hook/cmake_prefix_path.dsv'
[12.548s] INFO:colcon.colcon_core.shell:Creating environment hook '/home/docker_user/ros2_ws_head/install/ti_mmwave_rospkg_msgs/share/ti_mmwave_rospkg_msgs/hook/cmake_prefix_path.sh'
[12.549s] Level 1:colcon.colcon_core.environment:checking '/home/docker_user/ros2_ws_head/install/ti_mmwave_rospkg_msgs/lib'
[12.549s] Level 1:colcon.colcon_core.shell:create_environment_hook('ti_mmwave_rospkg_msgs', 'ld_library_path_lib')
[12.550s] INFO:colcon.colcon_core.shell:Creating environment hook '/home/docker_user/ros2_ws_head/install/ti_mmwave_rospkg_msgs/share/ti_mmwave_rospkg_msgs/hook/ld_library_path_lib.ps1'
[12.550s] INFO:colcon.colcon_core.shell:Creating environment descriptor '/home/docker_user/ros2_ws_head/install/ti_mmwave_rospkg_msgs/share/ti_mmwave_rospkg_msgs/hook/ld_library_path_lib.dsv'
[12.550s] INFO:colcon.colcon_core.shell:Creating environment hook '/home/docker_user/ros2_ws_head/install/ti_mmwave_rospkg_msgs/share/ti_mmwave_rospkg_msgs/hook/ld_library_path_lib.sh'
[12.551s] Level 1:colcon.colcon_core.environment:checking '/home/docker_user/ros2_ws_head/install/ti_mmwave_rospkg_msgs/bin'
[12.551s] Level 1:colcon.colcon_core.environment:checking '/home/docker_user/ros2_ws_head/install/ti_mmwave_rospkg_msgs/lib/pkgconfig/ti_mmwave_rospkg_msgs.pc'
[12.551s] Level 1:colcon.colcon_core.environment:checking '/home/docker_user/ros2_ws_head/install/ti_mmwave_rospkg_msgs/lib/python3.10/site-packages'
[12.552s] Level 1:colcon.colcon_core.environment:checking '/home/docker_user/ros2_ws_head/install/ti_mmwave_rospkg_msgs/bin'
[12.553s] INFO:colcon.colcon_core.shell:Creating package script '/home/docker_user/ros2_ws_head/install/ti_mmwave_rospkg_msgs/share/ti_mmwave_rospkg_msgs/package.ps1'
[12.553s] INFO:colcon.colcon_core.shell:Creating package descriptor '/home/docker_user/ros2_ws_head/install/ti_mmwave_rospkg_msgs/share/ti_mmwave_rospkg_msgs/package.dsv'
[12.554s] INFO:colcon.colcon_core.shell:Creating package script '/home/docker_user/ros2_ws_head/install/ti_mmwave_rospkg_msgs/share/ti_mmwave_rospkg_msgs/package.sh'
[12.554s] INFO:colcon.colcon_core.shell:Creating package script '/home/docker_user/ros2_ws_head/install/ti_mmwave_rospkg_msgs/share/ti_mmwave_rospkg_msgs/package.bash'
[12.555s] INFO:colcon.colcon_core.shell:Creating package script '/home/docker_user/ros2_ws_head/install/ti_mmwave_rospkg_msgs/share/ti_mmwave_rospkg_msgs/package.zsh'
[12.555s] Level 1:colcon.colcon_core.environment:create_file_with_runtime_dependencies(/home/docker_user/ros2_ws_head/install/ti_mmwave_rospkg_msgs/share/colcon-core/packages/ti_mmwave_rospkg_msgs)
[12.556s] Level 1:colcon.colcon_core.environment:create_environment_scripts_only(ti_mmwave_rospkg_msgs)
[12.556s] Level 1:colcon.colcon_core.environment:checking '/home/docker_user/ros2_ws_head/install/ti_mmwave_rospkg_msgs' for CMake module files
[12.557s] Level 1:colcon.colcon_core.environment:checking '/home/docker_user/ros2_ws_head/install/ti_mmwave_rospkg_msgs' for CMake config files
[12.560s] Level 1:colcon.colcon_core.shell:create_environment_hook('ti_mmwave_rospkg_msgs', 'cmake_prefix_path')
[12.560s] INFO:colcon.colcon_core.shell:Creating environment hook '/home/docker_user/ros2_ws_head/install/ti_mmwave_rospkg_msgs/share/ti_mmwave_rospkg_msgs/hook/cmake_prefix_path.ps1'
[12.560s] INFO:colcon.colcon_core.shell:Creating environment descriptor '/home/docker_user/ros2_ws_head/install/ti_mmwave_rospkg_msgs/share/ti_mmwave_rospkg_msgs/hook/cmake_prefix_path.dsv'
[12.561s] INFO:colcon.colcon_core.shell:Creating environment hook '/home/docker_user/ros2_ws_head/install/ti_mmwave_rospkg_msgs/share/ti_mmwave_rospkg_msgs/hook/cmake_prefix_path.sh'
[12.562s] Level 1:colcon.colcon_core.environment:checking '/home/docker_user/ros2_ws_head/install/ti_mmwave_rospkg_msgs/lib'
[12.562s] Level 1:colcon.colcon_core.shell:create_environment_hook('ti_mmwave_rospkg_msgs', 'ld_library_path_lib')
[12.562s] INFO:colcon.colcon_core.shell:Creating environment hook '/home/docker_user/ros2_ws_head/install/ti_mmwave_rospkg_msgs/share/ti_mmwave_rospkg_msgs/hook/ld_library_path_lib.ps1'
[12.562s] INFO:colcon.colcon_core.shell:Creating environment descriptor '/home/docker_user/ros2_ws_head/install/ti_mmwave_rospkg_msgs/share/ti_mmwave_rospkg_msgs/hook/ld_library_path_lib.dsv'
[12.562s] INFO:colcon.colcon_core.shell:Creating environment hook '/home/docker_user/ros2_ws_head/install/ti_mmwave_rospkg_msgs/share/ti_mmwave_rospkg_msgs/hook/ld_library_path_lib.sh'
[12.563s] Level 1:colcon.colcon_core.environment:checking '/home/docker_user/ros2_ws_head/install/ti_mmwave_rospkg_msgs/bin'
[12.563s] Level 1:colcon.colcon_core.environment:checking '/home/docker_user/ros2_ws_head/install/ti_mmwave_rospkg_msgs/lib/pkgconfig/ti_mmwave_rospkg_msgs.pc'
[12.563s] Level 1:colcon.colcon_core.environment:checking '/home/docker_user/ros2_ws_head/install/ti_mmwave_rospkg_msgs/lib/python3.10/site-packages'
[12.563s] Level 1:colcon.colcon_core.environment:checking '/home/docker_user/ros2_ws_head/install/ti_mmwave_rospkg_msgs/bin'
[12.563s] INFO:colcon.colcon_core.shell:Creating package script '/home/docker_user/ros2_ws_head/install/ti_mmwave_rospkg_msgs/share/ti_mmwave_rospkg_msgs/package.ps1'
[12.564s] INFO:colcon.colcon_core.shell:Creating package descriptor '/home/docker_user/ros2_ws_head/install/ti_mmwave_rospkg_msgs/share/ti_mmwave_rospkg_msgs/package.dsv'
[12.564s] INFO:colcon.colcon_core.shell:Creating package script '/home/docker_user/ros2_ws_head/install/ti_mmwave_rospkg_msgs/share/ti_mmwave_rospkg_msgs/package.sh'
[12.564s] INFO:colcon.colcon_core.shell:Creating package script '/home/docker_user/ros2_ws_head/install/ti_mmwave_rospkg_msgs/share/ti_mmwave_rospkg_msgs/package.bash'
[12.565s] INFO:colcon.colcon_core.shell:Creating package script '/home/docker_user/ros2_ws_head/install/ti_mmwave_rospkg_msgs/share/ti_mmwave_rospkg_msgs/package.zsh'
[12.565s] Level 1:colcon.colcon_core.environment:create_file_with_runtime_dependencies(/home/docker_user/ros2_ws_head/install/ti_mmwave_rospkg_msgs/share/colcon-core/packages/ti_mmwave_rospkg_msgs)
[12.565s] INFO:colcon.colcon_ros.task.ament_cmake.build:Building ROS package in '/home/docker_user/ros2_ws_head/src/ros2_driver/src/ti_mmwave_rospkg' with build type 'ament_cmake'
[12.565s] INFO:colcon.colcon_cmake.task.cmake.build:Building CMake package in '/home/docker_user/ros2_ws_head/src/ros2_driver/src/ti_mmwave_rospkg'
[12.565s] INFO:colcon.colcon_core.shell:Skip shell extension 'powershell' for command environment: Not usable outside of PowerShell
[12.565s] DEBUG:colcon.colcon_core.shell:Skip shell extension 'dsv' for command environment
[12.576s] DEBUG:colcon.colcon_core.event_handler.log_command:Invoking command in '/home/docker_user/ros2_ws_head/build/ti_mmwave_rospkg': AMENT_PREFIX_PATH=/home/docker_user/ros2_ws_head/install/ti_mmwave_rospkg_msgs:/home/docker_user/ros2_ws_head/install/serial:${AMENT_PREFIX_PATH} CMAKE_PREFIX_PATH=/home/docker_user/ros2_ws_head/install/ti_mmwave_rospkg_msgs:/home/docker_user/ros2_ws_head/install/serial:/opt/ros/humble LD_LIBRARY_PATH=/home/docker_user/ros2_ws_head/install/ti_mmwave_rospkg_msgs/lib:/home/docker_user/ros2_ws_head/install/serial/lib:${LD_LIBRARY_PATH} PYTHONPATH=/home/docker_user/ros2_ws_head/install/ti_mmwave_rospkg_msgs/local/lib/python3.10/dist-packages:${PYTHONPATH} /usr/bin/cmake /home/docker_user/ros2_ws_head/src/ros2_driver/src/ti_mmwave_rospkg -DAMENT_CMAKE_SYMLINK_INSTALL=1 -DCMAKE_INSTALL_PREFIX=/home/docker_user/ros2_ws_head/install/ti_mmwave_rospkg
[17.368s] DEBUG:colcon.colcon_core.event_handler.log_command:Invoked command in '/home/docker_user/ros2_ws_head/build/ti_mmwave_rospkg' returned '0': AMENT_PREFIX_PATH=/home/docker_user/ros2_ws_head/install/ti_mmwave_rospkg_msgs:/home/docker_user/ros2_ws_head/install/serial:${AMENT_PREFIX_PATH} CMAKE_PREFIX_PATH=/home/docker_user/ros2_ws_head/install/ti_mmwave_rospkg_msgs:/home/docker_user/ros2_ws_head/install/serial:/opt/ros/humble LD_LIBRARY_PATH=/home/docker_user/ros2_ws_head/install/ti_mmwave_rospkg_msgs/lib:/home/docker_user/ros2_ws_head/install/serial/lib:${LD_LIBRARY_PATH} PYTHONPATH=/home/docker_user/ros2_ws_head/install/ti_mmwave_rospkg_msgs/local/lib/python3.10/dist-packages:${PYTHONPATH} /usr/bin/cmake /home/docker_user/ros2_ws_head/src/ros2_driver/src/ti_mmwave_rospkg -DAMENT_CMAKE_SYMLINK_INSTALL=1 -DCMAKE_INSTALL_PREFIX=/home/docker_user/ros2_ws_head/install/ti_mmwave_rospkg
[17.369s] DEBUG:colcon.colcon_core.event_handler.log_command:Invoking command in '/home/docker_user/ros2_ws_head/build/ti_mmwave_rospkg': AMENT_PREFIX_PATH=/home/docker_user/ros2_ws_head/install/ti_mmwave_rospkg_msgs:/home/docker_user/ros2_ws_head/install/serial:${AMENT_PREFIX_PATH} CMAKE_PREFIX_PATH=/home/docker_user/ros2_ws_head/install/ti_mmwave_rospkg_msgs:/home/docker_user/ros2_ws_head/install/serial:/opt/ros/humble LD_LIBRARY_PATH=/home/docker_user/ros2_ws_head/install/ti_mmwave_rospkg_msgs/lib:/home/docker_user/ros2_ws_head/install/serial/lib:${LD_LIBRARY_PATH} PYTHONPATH=/home/docker_user/ros2_ws_head/install/ti_mmwave_rospkg_msgs/local/lib/python3.10/dist-packages:${PYTHONPATH} /usr/bin/cmake --build /home/docker_user/ros2_ws_head/build/ti_mmwave_rospkg -- -j16 -l16
[32.715s] DEBUG:colcon.colcon_core.event_handler.log_command:Invoked command in '/home/docker_user/ros2_ws_head/build/ti_mmwave_rospkg' returned '0': AMENT_PREFIX_PATH=/home/docker_user/ros2_ws_head/install/ti_mmwave_rospkg_msgs:/home/docker_user/ros2_ws_head/install/serial:${AMENT_PREFIX_PATH} CMAKE_PREFIX_PATH=/home/docker_user/ros2_ws_head/install/ti_mmwave_rospkg_msgs:/home/docker_user/ros2_ws_head/install/serial:/opt/ros/humble LD_LIBRARY_PATH=/home/docker_user/ros2_ws_head/install/ti_mmwave_rospkg_msgs/lib:/home/docker_user/ros2_ws_head/install/serial/lib:${LD_LIBRARY_PATH} PYTHONPATH=/home/docker_user/ros2_ws_head/install/ti_mmwave_rospkg_msgs/local/lib/python3.10/dist-packages:${PYTHONPATH} /usr/bin/cmake --build /home/docker_user/ros2_ws_head/build/ti_mmwave_rospkg -- -j16 -l16
[32.717s] DEBUG:colcon.colcon_core.event_handler.log_command:Invoking command in '/home/docker_user/ros2_ws_head/build/ti_mmwave_rospkg': AMENT_PREFIX_PATH=/home/docker_user/ros2_ws_head/install/ti_mmwave_rospkg_msgs:/home/docker_user/ros2_ws_head/install/serial:${AMENT_PREFIX_PATH} CMAKE_PREFIX_PATH=/home/docker_user/ros2_ws_head/install/ti_mmwave_rospkg_msgs:/home/docker_user/ros2_ws_head/install/serial:/opt/ros/humble LD_LIBRARY_PATH=/home/docker_user/ros2_ws_head/install/ti_mmwave_rospkg_msgs/lib:/home/docker_user/ros2_ws_head/install/serial/lib:${LD_LIBRARY_PATH} PYTHONPATH=/home/docker_user/ros2_ws_head/install/ti_mmwave_rospkg_msgs/local/lib/python3.10/dist-packages:${PYTHONPATH} /usr/bin/cmake --install /home/docker_user/ros2_ws_head/build/ti_mmwave_rospkg
[33.277s] Level 1:colcon.colcon_core.environment:create_environment_scripts_only(ti_mmwave_rospkg)
[33.278s] Level 1:colcon.colcon_core.environment:checking '/home/docker_user/ros2_ws_head/install/ti_mmwave_rospkg' for CMake module files
[33.278s] DEBUG:colcon.colcon_core.event_handler.log_command:Invoked command in '/home/docker_user/ros2_ws_head/build/ti_mmwave_rospkg' returned '0': AMENT_PREFIX_PATH=/home/docker_user/ros2_ws_head/install/ti_mmwave_rospkg_msgs:/home/docker_user/ros2_ws_head/install/serial:${AMENT_PREFIX_PATH} CMAKE_PREFIX_PATH=/home/docker_user/ros2_ws_head/install/ti_mmwave_rospkg_msgs:/home/docker_user/ros2_ws_head/install/serial:/opt/ros/humble LD_LIBRARY_PATH=/home/docker_user/ros2_ws_head/install/ti_mmwave_rospkg_msgs/lib:/home/docker_user/ros2_ws_head/install/serial/lib:${LD_LIBRARY_PATH} PYTHONPATH=/home/docker_user/ros2_ws_head/install/ti_mmwave_rospkg_msgs/local/lib/python3.10/dist-packages:${PYTHONPATH} /usr/bin/cmake --install /home/docker_user/ros2_ws_head/build/ti_mmwave_rospkg
[33.279s] Level 1:colcon.colcon_core.environment:checking '/home/docker_user/ros2_ws_head/install/ti_mmwave_rospkg' for CMake config files
[33.280s] Level 1:colcon.colcon_core.shell:create_environment_hook('ti_mmwave_rospkg', 'cmake_prefix_path')
[33.280s] INFO:colcon.colcon_core.shell:Creating environment hook '/home/docker_user/ros2_ws_head/install/ti_mmwave_rospkg/share/ti_mmwave_rospkg/hook/cmake_prefix_path.ps1'
[33.282s] INFO:colcon.colcon_core.shell:Creating environment descriptor '/home/docker_user/ros2_ws_head/install/ti_mmwave_rospkg/share/ti_mmwave_rospkg/hook/cmake_prefix_path.dsv'
[33.283s] INFO:colcon.colcon_core.shell:Creating environment hook '/home/docker_user/ros2_ws_head/install/ti_mmwave_rospkg/share/ti_mmwave_rospkg/hook/cmake_prefix_path.sh'
[33.283s] Level 1:colcon.colcon_core.environment:checking '/home/docker_user/ros2_ws_head/install/ti_mmwave_rospkg/lib'
[33.284s] Level 1:colcon.colcon_core.shell:create_environment_hook('ti_mmwave_rospkg', 'ld_library_path_lib')
[33.284s] INFO:colcon.colcon_core.shell:Creating environment hook '/home/docker_user/ros2_ws_head/install/ti_mmwave_rospkg/share/ti_mmwave_rospkg/hook/ld_library_path_lib.ps1'
[33.284s] INFO:colcon.colcon_core.shell:Creating environment descriptor '/home/docker_user/ros2_ws_head/install/ti_mmwave_rospkg/share/ti_mmwave_rospkg/hook/ld_library_path_lib.dsv'
[33.285s] INFO:colcon.colcon_core.shell:Creating environment hook '/home/docker_user/ros2_ws_head/install/ti_mmwave_rospkg/share/ti_mmwave_rospkg/hook/ld_library_path_lib.sh'
[33.285s] Level 1:colcon.colcon_core.environment:checking '/home/docker_user/ros2_ws_head/install/ti_mmwave_rospkg/bin'
[33.285s] Level 1:colcon.colcon_core.environment:checking '/home/docker_user/ros2_ws_head/install/ti_mmwave_rospkg/lib/pkgconfig/ti_mmwave_rospkg.pc'
[33.285s] Level 1:colcon.colcon_core.environment:checking '/home/docker_user/ros2_ws_head/install/ti_mmwave_rospkg/lib/python3.10/site-packages'
[33.285s] Level 1:colcon.colcon_core.environment:checking '/home/docker_user/ros2_ws_head/install/ti_mmwave_rospkg/bin'
[33.286s] INFO:colcon.colcon_core.shell:Creating package script '/home/docker_user/ros2_ws_head/install/ti_mmwave_rospkg/share/ti_mmwave_rospkg/package.ps1'
[33.286s] INFO:colcon.colcon_core.shell:Creating package descriptor '/home/docker_user/ros2_ws_head/install/ti_mmwave_rospkg/share/ti_mmwave_rospkg/package.dsv'
[33.287s] INFO:colcon.colcon_core.shell:Creating package script '/home/docker_user/ros2_ws_head/install/ti_mmwave_rospkg/share/ti_mmwave_rospkg/package.sh'
[33.287s] INFO:colcon.colcon_core.shell:Creating package script '/home/docker_user/ros2_ws_head/install/ti_mmwave_rospkg/share/ti_mmwave_rospkg/package.bash'
[33.287s] INFO:colcon.colcon_core.shell:Creating package script '/home/docker_user/ros2_ws_head/install/ti_mmwave_rospkg/share/ti_mmwave_rospkg/package.zsh'
[33.288s] Level 1:colcon.colcon_core.environment:create_file_with_runtime_dependencies(/home/docker_user/ros2_ws_head/install/ti_mmwave_rospkg/share/colcon-core/packages/ti_mmwave_rospkg)
[33.288s] Level 1:colcon.colcon_core.environment:create_environment_scripts_only(ti_mmwave_rospkg)
[33.288s] Level 1:colcon.colcon_core.environment:checking '/home/docker_user/ros2_ws_head/install/ti_mmwave_rospkg' for CMake module files
[33.289s] Level 1:colcon.colcon_core.environment:checking '/home/docker_user/ros2_ws_head/install/ti_mmwave_rospkg' for CMake config files
[33.289s] Level 1:colcon.colcon_core.shell:create_environment_hook('ti_mmwave_rospkg', 'cmake_prefix_path')
[33.289s] INFO:colcon.colcon_core.shell:Creating environment hook '/home/docker_user/ros2_ws_head/install/ti_mmwave_rospkg/share/ti_mmwave_rospkg/hook/cmake_prefix_path.ps1'
[33.290s] INFO:colcon.colcon_core.shell:Creating environment descriptor '/home/docker_user/ros2_ws_head/install/ti_mmwave_rospkg/share/ti_mmwave_rospkg/hook/cmake_prefix_path.dsv'
[33.290s] INFO:colcon.colcon_core.shell:Creating environment hook '/home/docker_user/ros2_ws_head/install/ti_mmwave_rospkg/share/ti_mmwave_rospkg/hook/cmake_prefix_path.sh'
[33.291s] Level 1:colcon.colcon_core.environment:checking '/home/docker_user/ros2_ws_head/install/ti_mmwave_rospkg/lib'
[33.291s] Level 1:colcon.colcon_core.shell:create_environment_hook('ti_mmwave_rospkg', 'ld_library_path_lib')
[33.291s] INFO:colcon.colcon_core.shell:Creating environment hook '/home/docker_user/ros2_ws_head/install/ti_mmwave_rospkg/share/ti_mmwave_rospkg/hook/ld_library_path_lib.ps1'
[33.291s] INFO:colcon.colcon_core.shell:Creating environment descriptor '/home/docker_user/ros2_ws_head/install/ti_mmwave_rospkg/share/ti_mmwave_rospkg/hook/ld_library_path_lib.dsv'
[33.291s] INFO:colcon.colcon_core.shell:Creating environment hook '/home/docker_user/ros2_ws_head/install/ti_mmwave_rospkg/share/ti_mmwave_rospkg/hook/ld_library_path_lib.sh'
[33.292s] Level 1:colcon.colcon_core.environment:checking '/home/docker_user/ros2_ws_head/install/ti_mmwave_rospkg/bin'
[33.292s] Level 1:colcon.colcon_core.environment:checking '/home/docker_user/ros2_ws_head/install/ti_mmwave_rospkg/lib/pkgconfig/ti_mmwave_rospkg.pc'
[33.292s] Level 1:colcon.colcon_core.environment:checking '/home/docker_user/ros2_ws_head/install/ti_mmwave_rospkg/lib/python3.10/site-packages'
[33.292s] Level 1:colcon.colcon_core.environment:checking '/home/docker_user/ros2_ws_head/install/ti_mmwave_rospkg/bin'
[33.293s] INFO:colcon.colcon_core.shell:Creating package script '/home/docker_user/ros2_ws_head/install/ti_mmwave_rospkg/share/ti_mmwave_rospkg/package.ps1'
[33.293s] INFO:colcon.colcon_core.shell:Creating package descriptor '/home/docker_user/ros2_ws_head/install/ti_mmwave_rospkg/share/ti_mmwave_rospkg/package.dsv'
[33.293s] INFO:colcon.colcon_core.shell:Creating package script '/home/docker_user/ros2_ws_head/install/ti_mmwave_rospkg/share/ti_mmwave_rospkg/package.sh'
[33.294s] INFO:colcon.colcon_core.shell:Creating package script '/home/docker_user/ros2_ws_head/install/ti_mmwave_rospkg/share/ti_mmwave_rospkg/package.bash'
[33.294s] INFO:colcon.colcon_core.shell:Creating package script '/home/docker_user/ros2_ws_head/install/ti_mmwave_rospkg/share/ti_mmwave_rospkg/package.zsh'
[33.295s] Level 1:colcon.colcon_core.environment:create_file_with_runtime_dependencies(/home/docker_user/ros2_ws_head/install/ti_mmwave_rospkg/share/colcon-core/packages/ti_mmwave_rospkg)
[33.296s] DEBUG:colcon.colcon_parallel_executor.executor.parallel:closing loop
[33.296s] DEBUG:colcon.colcon_parallel_executor.executor.parallel:loop closed
[33.296s] DEBUG:colcon.colcon_parallel_executor.executor.parallel:run_until_complete finished with '0'
[33.296s] DEBUG:colcon.colcon_core.event_reactor:joining thread
[33.306s] INFO:colcon.colcon_core.plugin_system:Skipping extension 'colcon_notification.desktop_notification.notify_send': Could not find 'notify-send'
[33.306s] INFO:colcon.colcon_core.plugin_system:Skipping extension 'colcon_notification.desktop_notification.terminal_notifier': Not used on non-Darwin systems
[33.307s] INFO:colcon.colcon_core.plugin_system:Skipping extension 'colcon_notification.desktop_notification.win32': Not used on non-Windows systems
[33.307s] INFO:colcon.colcon_notification.desktop_notification:Sending desktop notification using 'notify2'
[33.309s] DEBUG:colcon.colcon_notification.desktop_notification.notify2:Failed to initialize notify2: org.freedesktop.DBus.Error.Spawn.ExecFailed: /usr/bin/dbus-launch terminated abnormally without any error message
[33.309s] DEBUG:colcon.colcon_core.event_reactor:joined thread
[33.310s] INFO:colcon.colcon_core.shell:Creating prefix script '/home/docker_user/ros2_ws_head/install/local_setup.ps1'
[33.311s] INFO:colcon.colcon_core.shell:Creating prefix util module '/home/docker_user/ros2_ws_head/install/_local_setup_util_ps1.py'
[33.312s] INFO:colcon.colcon_core.shell:Creating prefix chain script '/home/docker_user/ros2_ws_head/install/setup.ps1'
[33.314s] INFO:colcon.colcon_core.shell:Creating prefix script '/home/docker_user/ros2_ws_head/install/local_setup.sh'
[33.314s] INFO:colcon.colcon_core.shell:Creating prefix util module '/home/docker_user/ros2_ws_head/install/_local_setup_util_sh.py'
[33.314s] INFO:colcon.colcon_core.shell:Creating prefix chain script '/home/docker_user/ros2_ws_head/install/setup.sh'
[33.315s] INFO:colcon.colcon_core.shell:Creating prefix script '/home/docker_user/ros2_ws_head/install/local_setup.bash'
[33.328s] INFO:colcon.colcon_core.shell:Creating prefix chain script '/home/docker_user/ros2_ws_head/install/setup.bash'
[33.329s] INFO:colcon.colcon_core.shell:Creating prefix script '/home/docker_user/ros2_ws_head/install/local_setup.zsh'
[33.329s] INFO:colcon.colcon_core.shell:Creating prefix chain script '/home/docker_user/ros2_ws_head/install/setup.zsh'
