[0.017s] Invoking command in '/home/docker_user/ros2_ws_head/build/serial': CMAKE_PREFIX_PATH=${CMAKE_PREFIX_PATH}:/home/docker_user/ros2_ws_head/install/face_tracker:/home/docker_user/ros2_ws_head/install/head_bringup:/home/docker_user/ros2_ws_head/install/actuators_bringup:/opt/ros/humble /usr/bin/cmake /home/docker_user/ros2_ws_head/src/ros2_driver/src/serial-ros2-master -DCMAKE_INSTALL_PREFIX=/home/docker_user/ros2_ws_head/install/serial
[0.285s] [33mCMake Warning (dev) at CMakeLists.txt:26 (target_sources):
[0.285s]   Policy CMP0076 is not set: target_sources() command converts relative paths
[0.285s]   to absolute.  Run "cmake --help-policy CMP0076" for policy details.  Use
[0.285s]   the cmake_policy command to set the policy and suppress this warning.
[0.285s] 
[0.285s]   An interface source of target "serial" has a relative path.
[0.285s] This warning is for project developers.  Use -Wno-dev to suppress it.
[0.285s] [0m
[0.285s] -- Found ament_cmake: 1.3.12 (/opt/ros/humble/share/ament_cmake/cmake)
[0.285s] -- Override CMake install command with custom implementation using symlinks instead of copying resources
[0.285s] -- Configuring done
[0.285s] -- Generating done
[0.285s] -- Build files have been written to: /home/docker_user/ros2_ws_head/build/serial
[0.416s] Invoked command in '/home/docker_user/ros2_ws_head/build/serial' returned '0': CMAKE_PREFIX_PATH=${CMAKE_PREFIX_PATH}:/home/docker_user/ros2_ws_head/install/face_tracker:/home/docker_user/ros2_ws_head/install/head_bringup:/home/docker_user/ros2_ws_head/install/actuators_bringup:/opt/ros/humble /usr/bin/cmake /home/docker_user/ros2_ws_head/src/ros2_driver/src/serial-ros2-master -DCMAKE_INSTALL_PREFIX=/home/docker_user/ros2_ws_head/install/serial
[0.417s] Invoking command in '/home/docker_user/ros2_ws_head/build/serial': CMAKE_PREFIX_PATH=${CMAKE_PREFIX_PATH}:/home/docker_user/ros2_ws_head/install/face_tracker:/home/docker_user/ros2_ws_head/install/head_bringup:/home/docker_user/ros2_ws_head/install/actuators_bringup:/opt/ros/humble /usr/bin/cmake --build /home/docker_user/ros2_ws_head/build/serial -- -j28 -l28
[0.447s] [35m[1mConsolidate compiler generated dependencies of target serial[0m
[0.463s] [100%] Built target serial
[0.472s] Invoked command in '/home/docker_user/ros2_ws_head/build/serial' returned '0': CMAKE_PREFIX_PATH=${CMAKE_PREFIX_PATH}:/home/docker_user/ros2_ws_head/install/face_tracker:/home/docker_user/ros2_ws_head/install/head_bringup:/home/docker_user/ros2_ws_head/install/actuators_bringup:/opt/ros/humble /usr/bin/cmake --build /home/docker_user/ros2_ws_head/build/serial -- -j28 -l28
[0.481s] Invoking command in '/home/docker_user/ros2_ws_head/build/serial': CMAKE_PREFIX_PATH=${CMAKE_PREFIX_PATH}:/home/docker_user/ros2_ws_head/install/face_tracker:/home/docker_user/ros2_ws_head/install/head_bringup:/home/docker_user/ros2_ws_head/install/actuators_bringup:/opt/ros/humble /usr/bin/cmake --install /home/docker_user/ros2_ws_head/build/serial
[0.485s] -- Install configuration: ""
[0.485s] -- Execute custom install script
[0.486s] -- Up-to-date symlink: /home/docker_user/ros2_ws_head/install/serial/share/serial/environment/library_path.sh
[0.486s] -- Up-to-date symlink: /home/docker_user/ros2_ws_head/install/serial/share/serial/environment/library_path.dsv
[0.486s] -- Up-to-date symlink: /home/docker_user/ros2_ws_head/install/serial/lib/libserial.so
[0.486s] -- Up-to-date symlink: /home/docker_user/ros2_ws_head/install/serial/include/serial/serial.h
[0.486s] -- Up-to-date symlink: /home/docker_user/ros2_ws_head/install/serial/include/serial/v8stdint.h
[0.486s] -- Up-to-date symlink: /home/docker_user/ros2_ws_head/install/serial/share/ament_index/resource_index/package_run_dependencies/serial
[0.486s] -- Up-to-date symlink: /home/docker_user/ros2_ws_head/install/serial/share/ament_index/resource_index/parent_prefix_path/serial
[0.487s] -- Up-to-date symlink: /home/docker_user/ros2_ws_head/install/serial/share/serial/environment/ament_prefix_path.sh
[0.487s] -- Up-to-date symlink: /home/docker_user/ros2_ws_head/install/serial/share/serial/environment/ament_prefix_path.dsv
[0.487s] -- Up-to-date symlink: /home/docker_user/ros2_ws_head/install/serial/share/serial/environment/path.sh
[0.487s] -- Up-to-date symlink: /home/docker_user/ros2_ws_head/install/serial/share/serial/environment/path.dsv
[0.487s] -- Up-to-date symlink: /home/docker_user/ros2_ws_head/install/serial/share/serial/local_setup.bash
[0.487s] -- Up-to-date symlink: /home/docker_user/ros2_ws_head/install/serial/share/serial/local_setup.sh
[0.487s] -- Up-to-date symlink: /home/docker_user/ros2_ws_head/install/serial/share/serial/local_setup.zsh
[0.487s] -- Up-to-date symlink: /home/docker_user/ros2_ws_head/install/serial/share/serial/local_setup.dsv
[0.487s] -- Symlinking: /home/docker_user/ros2_ws_head/install/serial/share/serial/package.dsv
[0.493s] -- Up-to-date symlink: /home/docker_user/ros2_ws_head/install/serial/share/ament_index/resource_index/packages/serial
[0.493s] -- Up-to-date symlink: /home/docker_user/ros2_ws_head/install/serial/share/serial/cmake/ament_cmake_export_include_directories-extras.cmake
[0.493s] -- Up-to-date symlink: /home/docker_user/ros2_ws_head/install/serial/share/serial/cmake/ament_cmake_export_libraries-extras.cmake
[0.493s] -- Up-to-date symlink: /home/docker_user/ros2_ws_head/install/serial/share/serial/cmake/serialConfig.cmake
[0.494s] -- Up-to-date symlink: /home/docker_user/ros2_ws_head/install/serial/share/serial/cmake/serialConfig-version.cmake
[0.494s] -- Up-to-date symlink: /home/docker_user/ros2_ws_head/install/serial/share/serial/package.xml
[0.495s] Invoked command in '/home/docker_user/ros2_ws_head/build/serial' returned '0': CMAKE_PREFIX_PATH=${CMAKE_PREFIX_PATH}:/home/docker_user/ros2_ws_head/install/face_tracker:/home/docker_user/ros2_ws_head/install/head_bringup:/home/docker_user/ros2_ws_head/install/actuators_bringup:/opt/ros/humble /usr/bin/cmake --install /home/docker_user/ros2_ws_head/build/serial
