running develop
running egg_info
creating face_tracker.egg-info
writing face_tracker.egg-info/PKG-INFO
writing dependency_links to face_tracker.egg-info/dependency_links.txt
writing entry points to face_tracker.egg-info/entry_points.txt
writing requirements to face_tracker.egg-info/requires.txt
writing top-level names to face_tracker.egg-info/top_level.txt
writing manifest file 'face_tracker.egg-info/SOURCES.txt'
reading manifest file 'face_tracker.egg-info/SOURCES.txt'
writing manifest file 'face_tracker.egg-info/SOURCES.txt'
running build_ext
Creating /home/docker_user/ros2_ws_head/install/face_tracker/lib/python3.10/site-packages/face-tracker.egg-link (link to .)
Installing dl_tracker script to /home/docker_user/ros2_ws_head/install/face_tracker/lib/face_tracker
Installing face_tracker script to /home/docker_user/ros2_ws_head/install/face_tracker/lib/face_tracker
Installing thermal_tracker script to /home/docker_user/ros2_ws_head/install/face_tracker/lib/face_tracker
Installing tracker script to /home/docker_user/ros2_ws_head/install/face_tracker/lib/face_tracker
Installing tracker_radar script to /home/docker_user/ros2_ws_head/install/face_tracker/lib/face_tracker

Installed /home/docker_user/ros2_ws_head/build/face_tracker
running symlink_data
creating /home/docker_user/ros2_ws_head/install/face_tracker/share/ament_index
creating /home/docker_user/ros2_ws_head/install/face_tracker/share/ament_index/resource_index
creating /home/docker_user/ros2_ws_head/install/face_tracker/share/ament_index/resource_index/packages
symbolically linking /home/docker_user/ros2_ws_head/build/face_tracker/resource/face_tracker -> /home/docker_user/ros2_ws_head/install/face_tracker/share/ament_index/resource_index/packages
symbolically linking /home/docker_user/ros2_ws_head/build/face_tracker/package.xml -> /home/docker_user/ros2_ws_head/install/face_tracker/share/face_tracker
creating /home/docker_user/ros2_ws_head/install/face_tracker/share/face_tracker/config
symbolically linking /home/docker_user/ros2_ws_head/build/face_tracker/config/face_tracker_params.yaml -> /home/docker_user/ros2_ws_head/install/face_tracker/share/face_tracker/config
creating /home/docker_user/ros2_ws_head/install/face_tracker/share/face_tracker/launch
symbolically linking /home/docker_user/ros2_ws_head/build/face_tracker/launch/face_tracker_launch.py -> /home/docker_user/ros2_ws_head/install/face_tracker/share/face_tracker/launch
