[1.698s] Invoking command in '/home/docker_user/ros2_ws_head/build/face_tracker': AMENT_PREFIX_PATH=/home/docker_user/ros2_ws_head/install/posture_analysis_msgs:${AMENT_PREFIX_PATH} CMAKE_PREFIX_PATH=/home/docker_user/ros2_ws_head/install/posture_analysis_msgs LD_LIBRARY_PATH=/home/docker_user/ros2_ws_head/install/posture_analysis_msgs/lib:${LD_LIBRARY_PATH} PYTHONPATH=/home/docker_user/ros2_ws_head/build/face_tracker/prefix_override:/usr/lib/python3/dist-packages/colcon_core/task/python/colcon_distutils_commands:/home/docker_user/ros2_ws_head/install/face_tracker/lib/python3.10/site-packages:/home/docker_user/ros2_ws_head/install/posture_analysis_msgs/local/lib/python3.10/dist-packages:${PYTHONPATH} /usr/bin/python3 -W ignore:setup.py install is deprecated -W ignore:easy_install command is deprecated setup.py develop --editable --build-directory /home/docker_user/ros2_ws_head/build/face_tracker/build --no-deps symlink_data
[2.190s] running develop
[2.425s] running egg_info
[2.427s] creating face_tracker.egg-info
[2.431s] writing face_tracker.egg-info/PKG-INFO
[2.431s] writing dependency_links to face_tracker.egg-info/dependency_links.txt
[2.431s] writing entry points to face_tracker.egg-info/entry_points.txt
[2.431s] writing requirements to face_tracker.egg-info/requires.txt
[2.432s] writing top-level names to face_tracker.egg-info/top_level.txt
[2.432s] writing manifest file 'face_tracker.egg-info/SOURCES.txt'
[2.439s] reading manifest file 'face_tracker.egg-info/SOURCES.txt'
[2.439s] writing manifest file 'face_tracker.egg-info/SOURCES.txt'
[2.442s] running build_ext
[2.445s] Creating /home/docker_user/ros2_ws_head/install/face_tracker/lib/python3.10/site-packages/face-tracker.egg-link (link to .)
[2.455s] Installing dl_tracker script to /home/docker_user/ros2_ws_head/install/face_tracker/lib/face_tracker
[2.455s] Installing face_tracker script to /home/docker_user/ros2_ws_head/install/face_tracker/lib/face_tracker
[2.455s] Installing thermal_tracker script to /home/docker_user/ros2_ws_head/install/face_tracker/lib/face_tracker
[2.455s] Installing tracker script to /home/docker_user/ros2_ws_head/install/face_tracker/lib/face_tracker
[2.455s] Installing tracker_radar script to /home/docker_user/ros2_ws_head/install/face_tracker/lib/face_tracker
[2.455s] 
[2.455s] Installed /home/docker_user/ros2_ws_head/build/face_tracker
[2.456s] running symlink_data
[2.456s] creating /home/docker_user/ros2_ws_head/install/face_tracker/share/ament_index
[2.456s] creating /home/docker_user/ros2_ws_head/install/face_tracker/share/ament_index/resource_index
[2.456s] creating /home/docker_user/ros2_ws_head/install/face_tracker/share/ament_index/resource_index/packages
[2.456s] symbolically linking /home/docker_user/ros2_ws_head/build/face_tracker/resource/face_tracker -> /home/docker_user/ros2_ws_head/install/face_tracker/share/ament_index/resource_index/packages
[2.456s] symbolically linking /home/docker_user/ros2_ws_head/build/face_tracker/package.xml -> /home/docker_user/ros2_ws_head/install/face_tracker/share/face_tracker
[2.456s] creating /home/docker_user/ros2_ws_head/install/face_tracker/share/face_tracker/config
[2.456s] symbolically linking /home/docker_user/ros2_ws_head/build/face_tracker/config/face_tracker_params.yaml -> /home/docker_user/ros2_ws_head/install/face_tracker/share/face_tracker/config
[2.456s] creating /home/docker_user/ros2_ws_head/install/face_tracker/share/face_tracker/launch
[2.470s] symbolically linking /home/docker_user/ros2_ws_head/build/face_tracker/launch/face_tracker_launch.py -> /home/docker_user/ros2_ws_head/install/face_tracker/share/face_tracker/launch
[2.552s] Invoked command in '/home/docker_user/ros2_ws_head/build/face_tracker' returned '0': AMENT_PREFIX_PATH=/home/docker_user/ros2_ws_head/install/posture_analysis_msgs:${AMENT_PREFIX_PATH} CMAKE_PREFIX_PATH=/home/docker_user/ros2_ws_head/install/posture_analysis_msgs LD_LIBRARY_PATH=/home/docker_user/ros2_ws_head/install/posture_analysis_msgs/lib:${LD_LIBRARY_PATH} PYTHONPATH=/home/docker_user/ros2_ws_head/build/face_tracker/prefix_override:/usr/lib/python3/dist-packages/colcon_core/task/python/colcon_distutils_commands:/home/docker_user/ros2_ws_head/install/face_tracker/lib/python3.10/site-packages:/home/docker_user/ros2_ws_head/install/posture_analysis_msgs/local/lib/python3.10/dist-packages:${PYTHONPATH} /usr/bin/python3 -W ignore:setup.py install is deprecated -W ignore:easy_install command is deprecated setup.py develop --editable --build-directory /home/docker_user/ros2_ws_head/build/face_tracker/build --no-deps symlink_data
