running develop
Removing /home/docker_user/ros2_ws_head/install/head_bringup/lib/python3.10/site-packages/head-bringup.egg-link (link to .)
running egg_info
writing ../../build/head_bringup/head_bringup.egg-info/PKG-INFO
writing dependency_links to ../../build/head_bringup/head_bringup.egg-info/dependency_links.txt
writing entry points to ../../build/head_bringup/head_bringup.egg-info/entry_points.txt
writing requirements to ../../build/head_bringup/head_bringup.egg-info/requires.txt
writing top-level names to ../../build/head_bringup/head_bringup.egg-info/top_level.txt
reading manifest file '../../build/head_bringup/head_bringup.egg-info/SOURCES.txt'
adding license file 'LICENSE'
writing manifest file '../../build/head_bringup/head_bringup.egg-info/SOURCES.txt'
running build
running build_py
creating /home/docker_user/ros2_ws_head/build/head_bringup/build
creating /home/docker_user/ros2_ws_head/build/head_bringup/build/lib
creating /home/docker_user/ros2_ws_head/build/head_bringup/build/lib/head_bringup
copying head_bringup/face.py -> /home/docker_user/ros2_ws_head/build/head_bringup/build/lib/head_bringup
copying head_bringup/__init__.py -> /home/docker_user/ros2_ws_head/build/head_bringup/build/lib/head_bringup
running install
running install_lib
creating /home/docker_user/ros2_ws_head/install/head_bringup/lib/python3.10/site-packages/head_bringup
copying /home/docker_user/ros2_ws_head/build/head_bringup/build/lib/head_bringup/face.py -> /home/docker_user/ros2_ws_head/install/head_bringup/lib/python3.10/site-packages/head_bringup
copying /home/docker_user/ros2_ws_head/build/head_bringup/build/lib/head_bringup/__init__.py -> /home/docker_user/ros2_ws_head/install/head_bringup/lib/python3.10/site-packages/head_bringup
byte-compiling /home/docker_user/ros2_ws_head/install/head_bringup/lib/python3.10/site-packages/head_bringup/face.py to face.cpython-310.pyc
byte-compiling /home/docker_user/ros2_ws_head/install/head_bringup/lib/python3.10/site-packages/head_bringup/__init__.py to __init__.cpython-310.pyc
running install_data
copying resource/head_bringup -> /home/docker_user/ros2_ws_head/install/head_bringup/share/ament_index/resource_index/packages
copying package.xml -> /home/docker_user/ros2_ws_head/install/head_bringup/share/head_bringup
copying launch/head_bringup_launch.py -> /home/docker_user/ros2_ws_head/install/head_bringup/share/head_bringup/launch
running install_egg_info
Copying ../../build/head_bringup/head_bringup.egg-info to /home/docker_user/ros2_ws_head/install/head_bringup/lib/python3.10/site-packages/head_bringup-0.0.0-py3.10.egg-info
running install_scripts
Installing face script to /home/docker_user/ros2_ws_head/install/head_bringup/lib/head_bringup
writing list of installed files to '/home/docker_user/ros2_ws_head/build/head_bringup/install.log'
