[0.622s] Invoking command in '/home/docker_user/ros2_ws_head/build/head_bringup': PYTHONPATH=/home/docker_user/ros2_ws_head/build/head_bringup/prefix_override:/usr/lib/python3/dist-packages/colcon_core/task/python/colcon_distutils_commands:/home/docker_user/ros2_ws_head/install/head_bringup/lib/python3.10/site-packages:${PYTHONPATH} /usr/bin/python3 -W ignore:setup.py install is deprecated -W ignore:easy_install command is deprecated setup.py develop --uninstall --editable --build-directory /home/docker_user/ros2_ws_head/build/head_bringup/build
[0.762s] running develop
[0.818s] Removing /home/docker_user/ros2_ws_head/install/head_bringup/lib/python3.10/site-packages/head-bringup.egg-link (link to .)
[0.834s] Invoked command in '/home/docker_user/ros2_ws_head/build/head_bringup' returned '0': PYTHONPATH=/home/docker_user/ros2_ws_head/build/head_bringup/prefix_override:/usr/lib/python3/dist-packages/colcon_core/task/python/colcon_distutils_commands:/home/docker_user/ros2_ws_head/install/head_bringup/lib/python3.10/site-packages:${PYTHONPATH} /usr/bin/python3 -W ignore:setup.py install is deprecated -W ignore:easy_install command is deprecated setup.py develop --uninstall --editable --build-directory /home/docker_user/ros2_ws_head/build/head_bringup/build
[0.836s] Invoking command in '/home/docker_user/ros2_ws_head/src/head_bringup': PYTHONPATH=/home/docker_user/ros2_ws_head/build/head_bringup/prefix_override:/usr/lib/python3/dist-packages/colcon_core/task/python/colcon_distutils_commands:/home/docker_user/ros2_ws_head/install/head_bringup/lib/python3.10/site-packages:${PYTHONPATH} /usr/bin/python3 -W ignore:setup.py install is deprecated -W ignore:easy_install command is deprecated setup.py egg_info --egg-base ../../build/head_bringup build --build-base /home/docker_user/ros2_ws_head/build/head_bringup/build install --record /home/docker_user/ros2_ws_head/build/head_bringup/install.log --single-version-externally-managed install_data --force
[0.965s] running egg_info
[0.965s] writing ../../build/head_bringup/head_bringup.egg-info/PKG-INFO
[0.966s] writing dependency_links to ../../build/head_bringup/head_bringup.egg-info/dependency_links.txt
[0.966s] writing entry points to ../../build/head_bringup/head_bringup.egg-info/entry_points.txt
[0.966s] writing requirements to ../../build/head_bringup/head_bringup.egg-info/requires.txt
[0.966s] writing top-level names to ../../build/head_bringup/head_bringup.egg-info/top_level.txt
[0.967s] reading manifest file '../../build/head_bringup/head_bringup.egg-info/SOURCES.txt'
[0.967s] adding license file 'LICENSE'
[0.968s] writing manifest file '../../build/head_bringup/head_bringup.egg-info/SOURCES.txt'
[0.968s] running build
[0.968s] running build_py
[0.968s] creating /home/docker_user/ros2_ws_head/build/head_bringup/build
[0.968s] creating /home/docker_user/ros2_ws_head/build/head_bringup/build/lib
[0.968s] creating /home/docker_user/ros2_ws_head/build/head_bringup/build/lib/head_bringup
[0.968s] copying head_bringup/face.py -> /home/docker_user/ros2_ws_head/build/head_bringup/build/lib/head_bringup
[0.968s] copying head_bringup/__init__.py -> /home/docker_user/ros2_ws_head/build/head_bringup/build/lib/head_bringup
[0.969s] running install
[0.969s] running install_lib
[0.969s] creating /home/docker_user/ros2_ws_head/install/head_bringup/lib/python3.10/site-packages/head_bringup
[0.969s] copying /home/docker_user/ros2_ws_head/build/head_bringup/build/lib/head_bringup/face.py -> /home/docker_user/ros2_ws_head/install/head_bringup/lib/python3.10/site-packages/head_bringup
[0.969s] copying /home/docker_user/ros2_ws_head/build/head_bringup/build/lib/head_bringup/__init__.py -> /home/docker_user/ros2_ws_head/install/head_bringup/lib/python3.10/site-packages/head_bringup
[0.970s] byte-compiling /home/docker_user/ros2_ws_head/install/head_bringup/lib/python3.10/site-packages/head_bringup/face.py to face.cpython-310.pyc
[0.970s] byte-compiling /home/docker_user/ros2_ws_head/install/head_bringup/lib/python3.10/site-packages/head_bringup/__init__.py to __init__.cpython-310.pyc
[0.970s] running install_data
[0.970s] copying resource/head_bringup -> /home/docker_user/ros2_ws_head/install/head_bringup/share/ament_index/resource_index/packages
[0.970s] copying package.xml -> /home/docker_user/ros2_ws_head/install/head_bringup/share/head_bringup
[0.970s] copying launch/head_bringup_launch.py -> /home/docker_user/ros2_ws_head/install/head_bringup/share/head_bringup/launch
[0.970s] running install_egg_info
[0.971s] Copying ../../build/head_bringup/head_bringup.egg-info to /home/docker_user/ros2_ws_head/install/head_bringup/lib/python3.10/site-packages/head_bringup-0.0.0-py3.10.egg-info
[0.971s] running install_scripts
[0.984s] Installing face script to /home/docker_user/ros2_ws_head/install/head_bringup/lib/head_bringup
[0.984s] writing list of installed files to '/home/docker_user/ros2_ws_head/build/head_bringup/install.log'
[0.998s] Invoked command in '/home/docker_user/ros2_ws_head/src/head_bringup' returned '0': PYTHONPATH=/home/docker_user/ros2_ws_head/build/head_bringup/prefix_override:/usr/lib/python3/dist-packages/colcon_core/task/python/colcon_distutils_commands:/home/docker_user/ros2_ws_head/install/head_bringup/lib/python3.10/site-packages:${PYTHONPATH} /usr/bin/python3 -W ignore:setup.py install is deprecated -W ignore:easy_install command is deprecated setup.py egg_info --egg-base ../../build/head_bringup build --build-base /home/docker_user/ros2_ws_head/build/head_bringup/build install --record /home/docker_user/ros2_ws_head/build/head_bringup/install.log --single-version-externally-managed install_data --force
