running develop
running egg_info
creating head_bringup.egg-info
writing head_bringup.egg-info/PKG-INFO
writing dependency_links to head_bringup.egg-info/dependency_links.txt
writing entry points to head_bringup.egg-info/entry_points.txt
writing requirements to head_bringup.egg-info/requires.txt
writing top-level names to head_bringup.egg-info/top_level.txt
writing manifest file 'head_bringup.egg-info/SOURCES.txt'
reading manifest file 'head_bringup.egg-info/SOURCES.txt'
writing manifest file 'head_bringup.egg-info/SOURCES.txt'
running build_ext
Creating /home/docker_user/ros2_ws_head/install/head_bringup/lib/python3.10/site-packages/head-bringup.egg-link (link to .)
Installing face script to /home/docker_user/ros2_ws_head/install/head_bringup/lib/head_bringup

Installed /home/docker_user/ros2_ws_head/build/head_bringup
running symlink_data
creating /home/docker_user/ros2_ws_head/install/head_bringup/share/ament_index
creating /home/docker_user/ros2_ws_head/install/head_bringup/share/ament_index/resource_index
creating /home/docker_user/ros2_ws_head/install/head_bringup/share/ament_index/resource_index/packages
symbolically linking /home/docker_user/ros2_ws_head/build/head_bringup/resource/head_bringup -> /home/docker_user/ros2_ws_head/install/head_bringup/share/ament_index/resource_index/packages
symbolically linking /home/docker_user/ros2_ws_head/build/head_bringup/package.xml -> /home/docker_user/ros2_ws_head/install/head_bringup/share/head_bringup
creating /home/docker_user/ros2_ws_head/install/head_bringup/share/head_bringup/launch
symbolically linking /home/docker_user/ros2_ws_head/build/head_bringup/launch/head_bringup_launch.py -> /home/docker_user/ros2_ws_head/install/head_bringup/share/head_bringup/launch
